Number ranks: 32
Partitioning based on number neurons would be: Rank 0: my_num_neurons: 6000 [start_id,end_id]: [0,5999]

[INFO:Rank 0]  START: Fri Jul 26 15:25:36 2019

** PARAMETERS **

num_neurons                  : 192000
frac_neurons_exc             : 0.8
simulation_time              : 1
x_0                          : 0.05
tau_x                        : 5
k                            : 0.03
tau_C                        : 5000
beta                         : 0.001
C_target                     : 0.5
refrac_time                  : 4
h                            : 10
eta_A                        : 0
eta_D_ex                     : 0
eta_D_in                     : 0
nu                           : 1e-05
vacant_retract_ratio         : 0
accept_criterion (BH)        : 0.3
sigma (BH)                   : 750
naive_method (BH)            : 0
num_log_files                : 9
log_start_neuron             : 0
mpi_rma_mem_size (Byte)      : 314572800
max_num_pending_vacant_axons : 1000

[INFO:Rank 0]  Simulation box length          : 1508 (height = width = depth)
[INFO:Rank 0]  Subdomain length               : 377 (height = width = depth)
[INFO:Rank 0]  Total number subdomains        : 64
[INFO:Rank 0]  Number subdomains per dimension: 4
[INFO:Rank 0]  My number of neurons   : 6000
[INFO:Rank 0]  My number of subdomains: 2
[INFO:Rank 0]  My subdomain ids       : [ 0 , 1 ]
[INFO:Rank 0]  Subdomain: 0
[INFO:Rank 0]      num_neurons: 3000
[INFO:Rank 0]      index_1d   : 0
[INFO:Rank 0]      index_3d   : ( 0 , 0 , 0 )
[INFO:Rank 0]      xyz_min    : ( 0 , 0 , 0 )
[INFO:Rank 0]      xyz_max    : ( 377 , 377 , 377 )

[INFO:Rank 0]  Subdomain: 1
[INFO:Rank 0]      num_neurons: 3000
[INFO:Rank 0]      index_1d   : 1
[INFO:Rank 0]      index_3d   : ( 1 , 0 , 0 )
[INFO:Rank 0]      xyz_min    : ( 377 , 0 , 0 )
[INFO:Rank 0]      xyz_max    : ( 754 , 377 , 377 )

[INFO:Rank 0]  init_free_object_list: max_num_objects: 1572800  sizeof(OctreeNode): 200
[INFO:Rank 0]  Neurons created
[INFO:Rank 0]  Neurons inserted into subdomains
[INFO:Rank 0]  Subdomains inserted into global tree
[INFO:Rank 0]  Network graph created
[INFO:Rank 0]  Synaptic elements initialized 

** STATE AFTER: 1 of 1 msec ** [Fri Jul 26 15:25:36 2019]
** UPDATE CONNECTIVITY AFTER: 1 of 1 msec ** [Fri Jul 26 15:25:36 2019]

[INFO:Rank 0]  Sum (all processes) number synapses deleted: 0
[INFO:Rank 0]  Sum (all processes) number synapses created: 137760

======== TIMERS GLOBAL OVER ALL RANKS ========
                                                (    min      |     avg      |     max     ) sec.
TIMERS: main()
  main()                                       : 26.6765      | 26.6796      | 26.682      
  Initialization                               : 0.305181     | 0.308376     | 0.310967    
  Simulation loop                              : 26.3705      | 26.3709      | 26.3713     
    Update electrical activity                 : 2.8e-08      | 3.46563e-08  | 3.7e-08     
    Update #synaptic elements delta            : 2.5e-08      | 3.37188e-08  | 3.6e-08     
    Connectivity update                        : 26.3702      | 26.3707      | 26.3713     
      Update #synaptic elements + del synapses : 0            | 0            | 0           
      Update local trees                       : 0.000839756  | 0.000866438  | 0.00103409  
      Exchange branch nodes (w/ Allgather)     : 2.8201e-05   | 0.00052613   | 0.00110657  
      Insert branch nodes into global tree     : 3.683e-06    | 3.96363e-06  | 4.406e-06   
      Update global tree                       : 1.88e-06     | 2.08778e-06  | 2.44e-06    
      Find target neurons (w/ RMA)             : 4.54018      | 13.1228      | 26.288      
      Empty remote nodes cache                 : 0.0163954    | 0.0186773    | 0.0233095   
      Create synapses (w/ Alltoall)            : 0.057764     | 13.2278      | 21.8125     

======== RMA MEMORY ALLOCATOR RANK 0 ========
Min num objects available: 1514223

[INFO:Rank 0]  END: Fri Jul 26 15:26:02 2019

Number ranks: 32
Partitioning based on number neurons would be: Rank 0: my_num_neurons: 6000 [start_id,end_id]: [0,5999]

[INFO:Rank 0]  START: Fri Jul 26 15:26:03 2019

** PARAMETERS **

num_neurons                  : 192000
frac_neurons_exc             : 0.8
simulation_time              : 1
x_0                          : 0.05
tau_x                        : 5
k                            : 0.03
tau_C                        : 5000
beta                         : 0.001
C_target                     : 0.5
refrac_time                  : 4
h                            : 10
eta_A                        : 0
eta_D_ex                     : 0
eta_D_in                     : 0
nu                           : 1e-05
vacant_retract_ratio         : 0
accept_criterion (BH)        : 0.3
sigma (BH)                   : 750
naive_method (BH)            : 0
num_log_files                : 9
log_start_neuron             : 0
mpi_rma_mem_size (Byte)      : 314572800
max_num_pending_vacant_axons : 1000

[INFO:Rank 0]  Simulation box length          : 1508 (height = width = depth)
[INFO:Rank 0]  Subdomain length               : 377 (height = width = depth)
[INFO:Rank 0]  Total number subdomains        : 64
[INFO:Rank 0]  Number subdomains per dimension: 4
[INFO:Rank 0]  My number of neurons   : 6000
[INFO:Rank 0]  My number of subdomains: 2
[INFO:Rank 0]  My subdomain ids       : [ 0 , 1 ]
[INFO:Rank 0]  Subdomain: 0
[INFO:Rank 0]      num_neurons: 3000
[INFO:Rank 0]      index_1d   : 0
[INFO:Rank 0]      index_3d   : ( 0 , 0 , 0 )
[INFO:Rank 0]      xyz_min    : ( 0 , 0 , 0 )
[INFO:Rank 0]      xyz_max    : ( 377 , 377 , 377 )

[INFO:Rank 0]  Subdomain: 1
[INFO:Rank 0]      num_neurons: 3000
[INFO:Rank 0]      index_1d   : 1
[INFO:Rank 0]      index_3d   : ( 1 , 0 , 0 )
[INFO:Rank 0]      xyz_min    : ( 377 , 0 , 0 )
[INFO:Rank 0]      xyz_max    : ( 754 , 377 , 377 )

[INFO:Rank 0]  init_free_object_list: max_num_objects: 1572800  sizeof(OctreeNode): 200
[INFO:Rank 0]  Neurons created
[INFO:Rank 0]  Neurons inserted into subdomains
[INFO:Rank 0]  Subdomains inserted into global tree
[INFO:Rank 0]  Network graph created
[INFO:Rank 0]  Synaptic elements initialized 

** STATE AFTER: 1 of 1 msec ** [Fri Jul 26 15:26:03 2019]
** UPDATE CONNECTIVITY AFTER: 1 of 1 msec ** [Fri Jul 26 15:26:03 2019]

[INFO:Rank 0]  Sum (all processes) number synapses deleted: 0
[INFO:Rank 0]  Sum (all processes) number synapses created: 137760

======== TIMERS GLOBAL OVER ALL RANKS ========
                                                (    min      |     avg      |     max     ) sec.
TIMERS: main()
  main()                                       : 26.9234      | 26.9264      | 26.928      
  Initialization                               : 0.305138     | 0.308383     | 0.310068    
  Simulation loop                              : 26.6162      | 26.6177      | 26.6187     
    Update electrical activity                 : 2.7e-08      | 3.49688e-08  | 3.8e-08     
    Update #synaptic elements delta            : 2.7e-08      | 3.41562e-08  | 4e-08       
    Connectivity update                        : 26.6161      | 26.6176      | 26.6186     
      Update #synaptic elements + del synapses : 0            | 0            | 0           
      Update local trees                       : 0.00083388   | 0.000869407  | 0.00103251  
      Exchange branch nodes (w/ Allgather)     : 3.7864e-05   | 0.00162557   | 0.00250565  
      Insert branch nodes into global tree     : 3.597e-06    | 4.12544e-06  | 7.419e-06   
      Update global tree                       : 1.853e-06    | 2.14531e-06  | 2.528e-06   
      Find target neurons (w/ RMA)             : 4.46631      | 13.1421      | 26.5356     
      Empty remote nodes cache                 : 0.0153019    | 0.0186529    | 0.0211312   
      Create synapses (w/ Alltoall)            : 0.0586092    | 13.4542      | 22.132      

======== RMA MEMORY ALLOCATOR RANK 0 ========
Min num objects available: 1514223

[INFO:Rank 0]  END: Fri Jul 26 15:26:30 2019

