Number ranks: 32
Partitioning based on number neurons would be: Rank 0: my_num_neurons: 9000 [start_id,end_id]: [0,8999]

[INFO:Rank 0]  START: Fri Jul 26 15:42:17 2019

** PARAMETERS **

num_neurons                  : 288000
frac_neurons_exc             : 0.8
simulation_time              : 1
x_0                          : 0.05
tau_x                        : 5
k                            : 0.03
tau_C                        : 5000
beta                         : 0.001
C_target                     : 0.5
refrac_time                  : 4
h                            : 10
eta_A                        : 0
eta_D_ex                     : 0
eta_D_in                     : 0
nu                           : 1e-05
vacant_retract_ratio         : 0
accept_criterion (BH)        : 0.5
sigma (BH)                   : 750
naive_method (BH)            : 0
num_log_files                : 9
log_start_neuron             : 0
mpi_rma_mem_size (Byte)      : 314572800
max_num_pending_vacant_axons : 1000

[INFO:Rank 0]  Simulation box length          : 1742 (height = width = depth)
[INFO:Rank 0]  Subdomain length               : 435.5 (height = width = depth)
[INFO:Rank 0]  Total number subdomains        : 64
[INFO:Rank 0]  Number subdomains per dimension: 4
[INFO:Rank 0]  My number of neurons   : 9000
[INFO:Rank 0]  My number of subdomains: 2
[INFO:Rank 0]  My subdomain ids       : [ 0 , 1 ]
[INFO:Rank 0]  Subdomain: 0
[INFO:Rank 0]      num_neurons: 4500
[INFO:Rank 0]      index_1d   : 0
[INFO:Rank 0]      index_3d   : ( 0 , 0 , 0 )
[INFO:Rank 0]      xyz_min    : ( 0 , 0 , 0 )
[INFO:Rank 0]      xyz_max    : ( 435.5 , 435.5 , 435.5 )

[INFO:Rank 0]  Subdomain: 1
[INFO:Rank 0]      num_neurons: 4500
[INFO:Rank 0]      index_1d   : 1
[INFO:Rank 0]      index_3d   : ( 1 , 0 , 0 )
[INFO:Rank 0]      xyz_min    : ( 435.5 , 0 , 0 )
[INFO:Rank 0]      xyz_max    : ( 871 , 435.5 , 435.5 )

[INFO:Rank 0]  init_free_object_list: max_num_objects: 1572800  sizeof(OctreeNode): 200
[INFO:Rank 0]  Neurons created
[INFO:Rank 0]  Neurons inserted into subdomains
[INFO:Rank 0]  Subdomains inserted into global tree
[INFO:Rank 0]  Network graph created
[INFO:Rank 0]  Synaptic elements initialized 

** STATE AFTER: 1 of 1 msec ** [Fri Jul 26 15:42:17 2019]
** UPDATE CONNECTIVITY AFTER: 1 of 1 msec ** [Fri Jul 26 15:42:17 2019]

[INFO:Rank 0]  Sum (all processes) number synapses deleted: 0
[INFO:Rank 0]  Sum (all processes) number synapses created: 206315

======== TIMERS GLOBAL OVER ALL RANKS ========
                                                (    min      |     avg      |     max     ) sec.
TIMERS: main()
  main()                                       : 9.86864      | 9.87145      | 9.87306     
  Initialization                               : 0.305284     | 0.308303     | 0.310553    
  Simulation loop                              : 9.56066      | 9.5625       | 9.56322     
    Update electrical activity                 : 2.6e-08      | 3.52813e-08  | 4.4e-08     
    Update #synaptic elements delta            : 2.7e-08      | 3.40313e-08  | 3.8e-08     
    Connectivity update                        : 9.5606       | 9.56238      | 9.56317     
      Update #synaptic elements + del synapses : 0            | 0            | 0           
      Update local trees                       : 0.00125695   | 0.00129769   | 0.00143238  
      Exchange branch nodes (w/ Allgather)     : 3.7555e-05   | 0.0017704    | 0.00244816  
      Insert branch nodes into global tree     : 3.644e-06    | 4.72812e-06  | 1.5244e-05  
      Update global tree                       : 1.908e-06    | 2.15106e-06  | 2.47e-06    
      Find target neurons (w/ RMA)             : 1.99289      | 5.06407      | 9.47004     
      Empty remote nodes cache                 : 0.021346     | 0.0252355    | 0.0290213   
      Create synapses (w/ Alltoall)            : 0.0601978    | 4.46988      | 7.54375     

======== RMA MEMORY ALLOCATOR RANK 0 ========
Min num objects available: 1495450

[INFO:Rank 0]  END: Fri Jul 26 15:42:27 2019

Number ranks: 32
Partitioning based on number neurons would be: Rank 0: my_num_neurons: 9000 [start_id,end_id]: [0,8999]

[INFO:Rank 0]  START: Fri Jul 26 15:42:28 2019

** PARAMETERS **

num_neurons                  : 288000
frac_neurons_exc             : 0.8
simulation_time              : 1
x_0                          : 0.05
tau_x                        : 5
k                            : 0.03
tau_C                        : 5000
beta                         : 0.001
C_target                     : 0.5
refrac_time                  : 4
h                            : 10
eta_A                        : 0
eta_D_ex                     : 0
eta_D_in                     : 0
nu                           : 1e-05
vacant_retract_ratio         : 0
accept_criterion (BH)        : 0.5
sigma (BH)                   : 750
naive_method (BH)            : 0
num_log_files                : 9
log_start_neuron             : 0
mpi_rma_mem_size (Byte)      : 314572800
max_num_pending_vacant_axons : 1000

[INFO:Rank 0]  Simulation box length          : 1742 (height = width = depth)
[INFO:Rank 0]  Subdomain length               : 435.5 (height = width = depth)
[INFO:Rank 0]  Total number subdomains        : 64
[INFO:Rank 0]  Number subdomains per dimension: 4
[INFO:Rank 0]  My number of neurons   : 9000
[INFO:Rank 0]  My number of subdomains: 2
[INFO:Rank 0]  My subdomain ids       : [ 0 , 1 ]
[INFO:Rank 0]  Subdomain: 0
[INFO:Rank 0]      num_neurons: 4500
[INFO:Rank 0]      index_1d   : 0
[INFO:Rank 0]      index_3d   : ( 0 , 0 , 0 )
[INFO:Rank 0]      xyz_min    : ( 0 , 0 , 0 )
[INFO:Rank 0]      xyz_max    : ( 435.5 , 435.5 , 435.5 )

[INFO:Rank 0]  Subdomain: 1
[INFO:Rank 0]      num_neurons: 4500
[INFO:Rank 0]      index_1d   : 1
[INFO:Rank 0]      index_3d   : ( 1 , 0 , 0 )
[INFO:Rank 0]      xyz_min    : ( 435.5 , 0 , 0 )
[INFO:Rank 0]      xyz_max    : ( 871 , 435.5 , 435.5 )

[INFO:Rank 0]  init_free_object_list: max_num_objects: 1572800  sizeof(OctreeNode): 200
[INFO:Rank 0]  Neurons created
[INFO:Rank 0]  Neurons inserted into subdomains
[INFO:Rank 0]  Subdomains inserted into global tree
[INFO:Rank 0]  Network graph created
[INFO:Rank 0]  Synaptic elements initialized 

** STATE AFTER: 1 of 1 msec ** [Fri Jul 26 15:42:28 2019]
** UPDATE CONNECTIVITY AFTER: 1 of 1 msec ** [Fri Jul 26 15:42:28 2019]

[INFO:Rank 0]  Sum (all processes) number synapses deleted: 0
[INFO:Rank 0]  Sum (all processes) number synapses created: 206315

======== TIMERS GLOBAL OVER ALL RANKS ========
                                                (    min      |     avg      |     max     ) sec.
TIMERS: main()
  main()                                       : 9.88938      | 9.89304      | 9.8951      
  Initialization                               : 0.304162     | 0.30899      | 0.313521    
  Simulation loop                              : 9.58061      | 9.58363      | 9.58496     
    Update electrical activity                 : 2.7e-08      | 3.43437e-08  | 3.7e-08     
    Update #synaptic elements delta            : 2.5e-08      | 3.4125e-08   | 3.7e-08     
    Connectivity update                        : 9.58053      | 9.58353      | 9.58491     
      Update #synaptic elements + del synapses : 0            | 0            | 0           
      Update local trees                       : 0.00125491   | 0.00128726   | 0.00133194  
      Exchange branch nodes (w/ Allgather)     : 2.877e-05    | 0.00298488   | 0.00443173  
      Insert branch nodes into global tree     : 3.545e-06    | 4.056e-06    | 7.335e-06   
      Update global tree                       : 1.918e-06    | 2.17619e-06  | 2.723e-06   
      Find target neurons (w/ RMA)             : 2.04864      | 5.07279      | 9.48552     
      Empty remote nodes cache                 : 0.0215596    | 0.0252475    | 0.0290005   
      Create synapses (w/ Alltoall)            : 0.0651842    | 4.48108      | 7.50724     

======== RMA MEMORY ALLOCATOR RANK 0 ========
Min num objects available: 1495450

[INFO:Rank 0]  END: Fri Jul 26 15:42:38 2019

