Number ranks: 32
Partitioning based on number neurons would be: Rank 0: my_num_neurons: 8000 [start_id,end_id]: [0,7999]

[INFO:Rank 0]  START: Fri Jul 26 15:37:36 2019

** PARAMETERS **

num_neurons                  : 256000
frac_neurons_exc             : 0.8
simulation_time              : 1
x_0                          : 0.05
tau_x                        : 5
k                            : 0.03
tau_C                        : 5000
beta                         : 0.001
C_target                     : 0.5
refrac_time                  : 4
h                            : 10
eta_A                        : 0
eta_D_ex                     : 0
eta_D_in                     : 0
nu                           : 1e-05
vacant_retract_ratio         : 0
accept_criterion (BH)        : 0.4
sigma (BH)                   : 750
naive_method (BH)            : 0
num_log_files                : 9
log_start_neuron             : 0
mpi_rma_mem_size (Byte)      : 314572800
max_num_pending_vacant_axons : 1000

[INFO:Rank 0]  Simulation box length          : 1664 (height = width = depth)
[INFO:Rank 0]  Subdomain length               : 416 (height = width = depth)
[INFO:Rank 0]  Total number subdomains        : 64
[INFO:Rank 0]  Number subdomains per dimension: 4
[INFO:Rank 0]  My number of neurons   : 8000
[INFO:Rank 0]  My number of subdomains: 2
[INFO:Rank 0]  My subdomain ids       : [ 0 , 1 ]
[INFO:Rank 0]  Subdomain: 0
[INFO:Rank 0]      num_neurons: 4000
[INFO:Rank 0]      index_1d   : 0
[INFO:Rank 0]      index_3d   : ( 0 , 0 , 0 )
[INFO:Rank 0]      xyz_min    : ( 0 , 0 , 0 )
[INFO:Rank 0]      xyz_max    : ( 416 , 416 , 416 )

[INFO:Rank 0]  Subdomain: 1
[INFO:Rank 0]      num_neurons: 4000
[INFO:Rank 0]      index_1d   : 1
[INFO:Rank 0]      index_3d   : ( 1 , 0 , 0 )
[INFO:Rank 0]      xyz_min    : ( 416 , 0 , 0 )
[INFO:Rank 0]      xyz_max    : ( 832 , 416 , 416 )

[INFO:Rank 0]  init_free_object_list: max_num_objects: 1572800  sizeof(OctreeNode): 200
[INFO:Rank 0]  Neurons created
[INFO:Rank 0]  Neurons inserted into subdomains
[INFO:Rank 0]  Subdomains inserted into global tree
[INFO:Rank 0]  Network graph created
[INFO:Rank 0]  Synaptic elements initialized 

** STATE AFTER: 1 of 1 msec ** [Fri Jul 26 15:37:37 2019]
** UPDATE CONNECTIVITY AFTER: 1 of 1 msec ** [Fri Jul 26 15:37:37 2019]

[INFO:Rank 0]  Sum (all processes) number synapses deleted: 0
[INFO:Rank 0]  Sum (all processes) number synapses created: 184113

======== TIMERS GLOBAL OVER ALL RANKS ========
                                                (    min      |     avg      |     max     ) sec.
TIMERS: main()
  main()                                       : 16.3424      | 16.3461      | 16.3478     
  Initialization                               : 0.302724     | 0.306555     | 0.308793    
  Simulation loop                              : 16.0366      | 16.0391      | 16.0401     
    Update electrical activity                 : 2.9e-08      | 3.47812e-08  | 4.4e-08     
    Update #synaptic elements delta            : 2.7e-08      | 3.3875e-08   | 3.6e-08     
    Connectivity update                        : 16.0366      | 16.039       | 16.0401     
      Update #synaptic elements + del synapses : 0            | 0            | 0           
      Update local trees                       : 0.00111223   | 0.0011403    | 0.00117629  
      Exchange branch nodes (w/ Allgather)     : 4.1036e-05   | 0.002165     | 0.00283173  
      Insert branch nodes into global tree     : 3.491e-06    | 3.84578e-06  | 4.536e-06   
      Update global tree                       : 2.17e-06     | 2.67203e-06  | 3.574e-06   
      Find target neurons (w/ RMA)             : 3.03123      | 8.17903      | 15.9487     
      Empty remote nodes cache                 : 0.0201984    | 0.023417     | 0.0307974   
      Create synapses (w/ Alltoall)            : 0.0605731    | 7.83317      | 12.9837     

======== RMA MEMORY ALLOCATOR RANK 0 ========
Min num objects available: 1501795

[INFO:Rank 0]  END: Fri Jul 26 15:37:53 2019

Number ranks: 32
Partitioning based on number neurons would be: Rank 0: my_num_neurons: 8000 [start_id,end_id]: [0,7999]

[INFO:Rank 0]  START: Fri Jul 26 15:37:53 2019

** PARAMETERS **

num_neurons                  : 256000
frac_neurons_exc             : 0.8
simulation_time              : 1
x_0                          : 0.05
tau_x                        : 5
k                            : 0.03
tau_C                        : 5000
beta                         : 0.001
C_target                     : 0.5
refrac_time                  : 4
h                            : 10
eta_A                        : 0
eta_D_ex                     : 0
eta_D_in                     : 0
nu                           : 1e-05
vacant_retract_ratio         : 0
accept_criterion (BH)        : 0.4
sigma (BH)                   : 750
naive_method (BH)            : 0
num_log_files                : 9
log_start_neuron             : 0
mpi_rma_mem_size (Byte)      : 314572800
max_num_pending_vacant_axons : 1000

[INFO:Rank 0]  Simulation box length          : 1664 (height = width = depth)
[INFO:Rank 0]  Subdomain length               : 416 (height = width = depth)
[INFO:Rank 0]  Total number subdomains        : 64
[INFO:Rank 0]  Number subdomains per dimension: 4
[INFO:Rank 0]  My number of neurons   : 8000
[INFO:Rank 0]  My number of subdomains: 2
[INFO:Rank 0]  My subdomain ids       : [ 0 , 1 ]
[INFO:Rank 0]  Subdomain: 0
[INFO:Rank 0]      num_neurons: 4000
[INFO:Rank 0]      index_1d   : 0
[INFO:Rank 0]      index_3d   : ( 0 , 0 , 0 )
[INFO:Rank 0]      xyz_min    : ( 0 , 0 , 0 )
[INFO:Rank 0]      xyz_max    : ( 416 , 416 , 416 )

[INFO:Rank 0]  Subdomain: 1
[INFO:Rank 0]      num_neurons: 4000
[INFO:Rank 0]      index_1d   : 1
[INFO:Rank 0]      index_3d   : ( 1 , 0 , 0 )
[INFO:Rank 0]      xyz_min    : ( 416 , 0 , 0 )
[INFO:Rank 0]      xyz_max    : ( 832 , 416 , 416 )

[INFO:Rank 0]  init_free_object_list: max_num_objects: 1572800  sizeof(OctreeNode): 200
[INFO:Rank 0]  Neurons created
[INFO:Rank 0]  Neurons inserted into subdomains
[INFO:Rank 0]  Subdomains inserted into global tree
[INFO:Rank 0]  Network graph created
[INFO:Rank 0]  Synaptic elements initialized 

** STATE AFTER: 1 of 1 msec ** [Fri Jul 26 15:37:54 2019]
** UPDATE CONNECTIVITY AFTER: 1 of 1 msec ** [Fri Jul 26 15:37:54 2019]

[INFO:Rank 0]  Sum (all processes) number synapses deleted: 0
[INFO:Rank 0]  Sum (all processes) number synapses created: 184113

======== TIMERS GLOBAL OVER ALL RANKS ========
                                                (    min      |     avg      |     max     ) sec.
TIMERS: main()
  main()                                       : 16.5019      | 16.5043      | 16.5059     
  Initialization                               : 0.304385     | 0.30694      | 0.310581    
  Simulation loop                              : 16.1947      | 16.197       | 16.1978     
    Update electrical activity                 : 3.3e-08      | 3.54688e-08  | 3.8e-08     
    Update #synaptic elements delta            : 3.2e-08      | 3.54375e-08  | 5.5e-08     
    Connectivity update                        : 16.1946      | 16.1969      | 16.1978     
      Update #synaptic elements + del synapses : 0            | 0            | 0           
      Update local trees                       : 0.00110922   | 0.00113866   | 0.00117418  
      Exchange branch nodes (w/ Allgather)     : 3.5122e-05   | 0.00210748   | 0.00312216  
      Insert branch nodes into global tree     : 3.462e-06    | 3.91616e-06  | 4.528e-06   
      Update global tree                       : 2.107e-06    | 2.71788e-06  | 3.272e-06   
      Find target neurons (w/ RMA)             : 3.05558      | 8.19384      | 16.1069     
      Empty remote nodes cache                 : 0.0202938    | 0.0234349    | 0.0264751   
      Create synapses (w/ Alltoall)            : 0.0604384    | 7.97625      | 13.117      

======== RMA MEMORY ALLOCATOR RANK 0 ========
Min num objects available: 1501795

[INFO:Rank 0]  END: Fri Jul 26 15:38:10 2019

