Number ranks: 256
Partitioning based on number neurons would be: Rank 0: my_num_neurons: 7000 [start_id,end_id]: [0,6999]

[INFO:Rank 0]  START: Fri Jul 26 18:16:17 2019

** PARAMETERS **

num_neurons                  : 1792000
frac_neurons_exc             : 0.8
simulation_time              : 1
x_0                          : 0.05
tau_x                        : 5
k                            : 0.03
tau_C                        : 5000
beta                         : 0.001
C_target                     : 0.5
refrac_time                  : 4
h                            : 10
eta_A                        : 0
eta_D_ex                     : 0
eta_D_in                     : 0
nu                           : 1e-05
vacant_retract_ratio         : 0
accept_criterion (BH)        : 0.4
sigma (BH)                   : 750
naive_method (BH)            : 0
num_log_files                : 9
log_start_neuron             : 0
mpi_rma_mem_size (Byte)      : 314572800
max_num_pending_vacant_axons : 1000

[INFO:Rank 0]  Simulation box length          : 3172 (height = width = depth)
[INFO:Rank 0]  Subdomain length               : 396.5 (height = width = depth)
[INFO:Rank 0]  Total number subdomains        : 512
[INFO:Rank 0]  Number subdomains per dimension: 8
[INFO:Rank 0]  My number of neurons   : 7000
[INFO:Rank 0]  My number of subdomains: 2
[INFO:Rank 0]  My subdomain ids       : [ 0 , 1 ]
[INFO:Rank 0]  Subdomain: 0
[INFO:Rank 0]      num_neurons: 3500
[INFO:Rank 0]      index_1d   : 0
[INFO:Rank 0]      index_3d   : ( 0 , 0 , 0 )
[INFO:Rank 0]      xyz_min    : ( 0 , 0 , 0 )
[INFO:Rank 0]      xyz_max    : ( 396.5 , 396.5 , 396.5 )

[INFO:Rank 0]  Subdomain: 1
[INFO:Rank 0]      num_neurons: 3500
[INFO:Rank 0]      index_1d   : 1
[INFO:Rank 0]      index_3d   : ( 1 , 0 , 0 )
[INFO:Rank 0]      xyz_min    : ( 396.5 , 0 , 0 )
[INFO:Rank 0]      xyz_max    : ( 793 , 396.5 , 396.5 )

[INFO:Rank 0]  init_free_object_list: max_num_objects: 1572352  sizeof(OctreeNode): 200
[INFO:Rank 0]  Neurons created
[INFO:Rank 0]  Neurons inserted into subdomains
[INFO:Rank 0]  Subdomains inserted into global tree
[INFO:Rank 0]  Network graph created
[INFO:Rank 0]  Synaptic elements initialized 

** STATE AFTER: 1 of 1 msec ** [Fri Jul 26 18:16:18 2019]
** UPDATE CONNECTIVITY AFTER: 1 of 1 msec ** [Fri Jul 26 18:16:18 2019]

[INFO:Rank 0]  Sum (all processes) number synapses deleted: 0
[INFO:Rank 0]  Sum (all processes) number synapses created: 1.29577e+06

======== TIMERS GLOBAL OVER ALL RANKS ========
                                                (    min      |     avg      |     max     ) sec.
TIMERS: main()
  main()                                       : 28.3272      | 28.3293      | 28.3308     
  Initialization                               : 0.955728     | 0.958265     | 0.965813    
  Simulation loop                              : 27.3627      | 27.3704      | 27.3721     
    Update electrical activity                 : 2.5e-08      | 3.53047e-08  | 5.6e-08     
    Update #synaptic elements delta            : 2.5e-08      | 3.40742e-08  | 4.2e-08     
    Connectivity update                        : 27.3627      | 27.3704      | 27.3721     
      Update #synaptic elements + del synapses : 0            | 0            | 0           
      Update local trees                       : 0.000973433  | 0.00102293   | 0.00201949  
      Exchange branch nodes (w/ Allgather)     : 0.000154304  | 0.00776085   | 0.00949023  
      Insert branch nodes into global tree     : 2.6203e-05   | 2.89646e-05  | 4.2909e-05  
      Update global tree                       : 1.111e-05    | 1.15965e-05  | 1.2846e-05  
      Find target neurons (w/ RMA)             : 2.83414      | 13.301       | 26.8527     
      Empty remote nodes cache                 : 0.0193778    | 0.0283694    | 0.0360899   
      Create synapses (w/ Alltoall)            : 0.473303     | 14.0318      | 24.5069     

======== RMA MEMORY ALLOCATOR RANK 0 ========
Min num objects available: 1503939

[INFO:Rank 0]  END: Fri Jul 26 18:16:46 2019

Number ranks: 256
Partitioning based on number neurons would be: Rank 0: my_num_neurons: 7000 [start_id,end_id]: [0,6999]

[INFO:Rank 0]  START: Fri Jul 26 18:16:47 2019

** PARAMETERS **

num_neurons                  : 1792000
frac_neurons_exc             : 0.8
simulation_time              : 1
x_0                          : 0.05
tau_x                        : 5
k                            : 0.03
tau_C                        : 5000
beta                         : 0.001
C_target                     : 0.5
refrac_time                  : 4
h                            : 10
eta_A                        : 0
eta_D_ex                     : 0
eta_D_in                     : 0
nu                           : 1e-05
vacant_retract_ratio         : 0
accept_criterion (BH)        : 0.4
sigma (BH)                   : 750
naive_method (BH)            : 0
num_log_files                : 9
log_start_neuron             : 0
mpi_rma_mem_size (Byte)      : 314572800
max_num_pending_vacant_axons : 1000

[INFO:Rank 0]  Simulation box length          : 3172 (height = width = depth)
[INFO:Rank 0]  Subdomain length               : 396.5 (height = width = depth)
[INFO:Rank 0]  Total number subdomains        : 512
[INFO:Rank 0]  Number subdomains per dimension: 8
[INFO:Rank 0]  My number of neurons   : 7000
[INFO:Rank 0]  My number of subdomains: 2
[INFO:Rank 0]  My subdomain ids       : [ 0 , 1 ]
[INFO:Rank 0]  Subdomain: 0
[INFO:Rank 0]      num_neurons: 3500
[INFO:Rank 0]      index_1d   : 0
[INFO:Rank 0]      index_3d   : ( 0 , 0 , 0 )
[INFO:Rank 0]      xyz_min    : ( 0 , 0 , 0 )
[INFO:Rank 0]      xyz_max    : ( 396.5 , 396.5 , 396.5 )

[INFO:Rank 0]  Subdomain: 1
[INFO:Rank 0]      num_neurons: 3500
[INFO:Rank 0]      index_1d   : 1
[INFO:Rank 0]      index_3d   : ( 1 , 0 , 0 )
[INFO:Rank 0]      xyz_min    : ( 396.5 , 0 , 0 )
[INFO:Rank 0]      xyz_max    : ( 793 , 396.5 , 396.5 )

[INFO:Rank 0]  init_free_object_list: max_num_objects: 1572352  sizeof(OctreeNode): 200
[INFO:Rank 0]  Neurons created
[INFO:Rank 0]  Neurons inserted into subdomains
[INFO:Rank 0]  Subdomains inserted into global tree
[INFO:Rank 0]  Network graph created
[INFO:Rank 0]  Synaptic elements initialized 

** STATE AFTER: 1 of 1 msec ** [Fri Jul 26 18:16:48 2019]
** UPDATE CONNECTIVITY AFTER: 1 of 1 msec ** [Fri Jul 26 18:16:48 2019]

[INFO:Rank 0]  Sum (all processes) number synapses deleted: 0
[INFO:Rank 0]  Sum (all processes) number synapses created: 1.29577e+06

======== TIMERS GLOBAL OVER ALL RANKS ========
                                                (    min      |     avg      |     max     ) sec.
TIMERS: main()
  main()                                       : 28.1277      | 28.1302      | 28.132      
  Initialization                               : 0.953591     | 0.956736     | 0.95964     
  Simulation loop                              : 27.1693      | 27.1727      | 27.1739     
    Update electrical activity                 : 2.7e-08      | 3.55586e-08  | 6.8e-08     
    Update #synaptic elements delta            : 2.5e-08      | 3.42305e-08  | 4.7e-08     
    Connectivity update                        : 27.1692      | 27.1726      | 27.1739     
      Update #synaptic elements + del synapses : 0            | 0            | 0           
      Update local trees                       : 0.000971492  | 0.00113323   | 0.00228632  
      Exchange branch nodes (w/ Allgather)     : 0.000266632  | 0.00311082   | 0.00500248  
      Insert branch nodes into global tree     : 2.4978e-05   | 3.28474e-05  | 5.6717e-05  
      Update global tree                       : 1.1163e-05   | 1.41289e-05  | 0.000574515 
      Find target neurons (w/ RMA)             : 2.87331      | 13.3104      | 26.7275     
      Empty remote nodes cache                 : 0.0190469    | 0.0284707    | 0.036289    
      Create synapses (w/ Alltoall)            : 0.404444     | 13.8283      | 24.2729     

======== RMA MEMORY ALLOCATOR RANK 0 ========
Min num objects available: 1503939

[INFO:Rank 0]  END: Fri Jul 26 18:17:15 2019

