Number ranks: 32
Partitioning based on number neurons would be: Rank 0: my_num_neurons: 7000 [start_id,end_id]: [0,6999]

[INFO:Rank 0]  START: Fri Jul 26 15:31:33 2019

** PARAMETERS **

num_neurons                  : 224000
frac_neurons_exc             : 0.8
simulation_time              : 1
x_0                          : 0.05
tau_x                        : 5
k                            : 0.03
tau_C                        : 5000
beta                         : 0.001
C_target                     : 0.5
refrac_time                  : 4
h                            : 10
eta_A                        : 0
eta_D_ex                     : 0
eta_D_in                     : 0
nu                           : 1e-05
vacant_retract_ratio         : 0
accept_criterion (BH)        : 0.2
sigma (BH)                   : 750
naive_method (BH)            : 0
num_log_files                : 9
log_start_neuron             : 0
mpi_rma_mem_size (Byte)      : 314572800
max_num_pending_vacant_axons : 1000

[INFO:Rank 0]  Simulation box length          : 1586 (height = width = depth)
[INFO:Rank 0]  Subdomain length               : 396.5 (height = width = depth)
[INFO:Rank 0]  Total number subdomains        : 64
[INFO:Rank 0]  Number subdomains per dimension: 4
[INFO:Rank 0]  My number of neurons   : 7000
[INFO:Rank 0]  My number of subdomains: 2
[INFO:Rank 0]  My subdomain ids       : [ 0 , 1 ]
[INFO:Rank 0]  Subdomain: 0
[INFO:Rank 0]      num_neurons: 3500
[INFO:Rank 0]      index_1d   : 0
[INFO:Rank 0]      index_3d   : ( 0 , 0 , 0 )
[INFO:Rank 0]      xyz_min    : ( 0 , 0 , 0 )
[INFO:Rank 0]      xyz_max    : ( 396.5 , 396.5 , 396.5 )

[INFO:Rank 0]  Subdomain: 1
[INFO:Rank 0]      num_neurons: 3500
[INFO:Rank 0]      index_1d   : 1
[INFO:Rank 0]      index_3d   : ( 1 , 0 , 0 )
[INFO:Rank 0]      xyz_min    : ( 396.5 , 0 , 0 )
[INFO:Rank 0]      xyz_max    : ( 793 , 396.5 , 396.5 )

[INFO:Rank 0]  init_free_object_list: max_num_objects: 1572800  sizeof(OctreeNode): 200
[INFO:Rank 0]  Neurons created
[INFO:Rank 0]  Neurons inserted into subdomains
[INFO:Rank 0]  Subdomains inserted into global tree
[INFO:Rank 0]  Network graph created
[INFO:Rank 0]  Synaptic elements initialized 

** STATE AFTER: 1 of 1 msec ** [Fri Jul 26 15:31:34 2019]
** UPDATE CONNECTIVITY AFTER: 1 of 1 msec ** [Fri Jul 26 15:31:34 2019]

[INFO:Rank 0]  Sum (all processes) number synapses deleted: 0
[INFO:Rank 0]  Sum (all processes) number synapses created: 161425

======== TIMERS GLOBAL OVER ALL RANKS ========
                                                (    min      |     avg      |     max     ) sec.
TIMERS: main()
  main()                                       : 94.4495      | 94.4531      | 94.4548     
  Initialization                               : 0.305926     | 0.309929     | 0.312312    
  Simulation loop                              : 94.1423      | 94.1428      | 94.1433     
    Update electrical activity                 : 2.7e-08      | 3.47188e-08  | 3.9e-08     
    Update #synaptic elements delta            : 2.5e-08      | 3.375e-08    | 3.7e-08     
    Connectivity update                        : 94.142       | 94.1427      | 94.1432     
      Update #synaptic elements + del synapses : 0            | 0            | 0           
      Update local trees                       : 0.0009812    | 0.0010094    | 0.00118503  
      Exchange branch nodes (w/ Allgather)     : 4.3123e-05   | 0.000735952  | 0.00126647  
      Insert branch nodes into global tree     : 3.407e-06    | 3.78688e-06  | 4.163e-06   
      Update global tree                       : 1.84e-06     | 2.10237e-06  | 2.823e-06   
      Find target neurons (w/ RMA)             : 14.2444      | 45.4118      | 94.0525     
      Empty remote nodes cache                 : 0.0186788    | 0.0233039    | 0.0288654   
      Create synapses (w/ Alltoall)            : 0.0625531    | 48.7057      | 79.8751     

======== RMA MEMORY ALLOCATOR RANK 0 ========
Min num objects available: 1502678

[INFO:Rank 0]  END: Fri Jul 26 15:33:08 2019

Number ranks: 32
Partitioning based on number neurons would be: Rank 0: my_num_neurons: 7000 [start_id,end_id]: [0,6999]

[INFO:Rank 0]  START: Fri Jul 26 15:33:09 2019

** PARAMETERS **

num_neurons                  : 224000
frac_neurons_exc             : 0.8
simulation_time              : 1
x_0                          : 0.05
tau_x                        : 5
k                            : 0.03
tau_C                        : 5000
beta                         : 0.001
C_target                     : 0.5
refrac_time                  : 4
h                            : 10
eta_A                        : 0
eta_D_ex                     : 0
eta_D_in                     : 0
nu                           : 1e-05
vacant_retract_ratio         : 0
accept_criterion (BH)        : 0.2
sigma (BH)                   : 750
naive_method (BH)            : 0
num_log_files                : 9
log_start_neuron             : 0
mpi_rma_mem_size (Byte)      : 314572800
max_num_pending_vacant_axons : 1000

[INFO:Rank 0]  Simulation box length          : 1586 (height = width = depth)
[INFO:Rank 0]  Subdomain length               : 396.5 (height = width = depth)
[INFO:Rank 0]  Total number subdomains        : 64
[INFO:Rank 0]  Number subdomains per dimension: 4
[INFO:Rank 0]  My number of neurons   : 7000
[INFO:Rank 0]  My number of subdomains: 2
[INFO:Rank 0]  My subdomain ids       : [ 0 , 1 ]
[INFO:Rank 0]  Subdomain: 0
[INFO:Rank 0]      num_neurons: 3500
[INFO:Rank 0]      index_1d   : 0
[INFO:Rank 0]      index_3d   : ( 0 , 0 , 0 )
[INFO:Rank 0]      xyz_min    : ( 0 , 0 , 0 )
[INFO:Rank 0]      xyz_max    : ( 396.5 , 396.5 , 396.5 )

[INFO:Rank 0]  Subdomain: 1
[INFO:Rank 0]      num_neurons: 3500
[INFO:Rank 0]      index_1d   : 1
[INFO:Rank 0]      index_3d   : ( 1 , 0 , 0 )
[INFO:Rank 0]      xyz_min    : ( 396.5 , 0 , 0 )
[INFO:Rank 0]      xyz_max    : ( 793 , 396.5 , 396.5 )

[INFO:Rank 0]  init_free_object_list: max_num_objects: 1572800  sizeof(OctreeNode): 200
[INFO:Rank 0]  Neurons created
[INFO:Rank 0]  Neurons inserted into subdomains
[INFO:Rank 0]  Subdomains inserted into global tree
[INFO:Rank 0]  Network graph created
[INFO:Rank 0]  Synaptic elements initialized 

** STATE AFTER: 1 of 1 msec ** [Fri Jul 26 15:33:09 2019]
** UPDATE CONNECTIVITY AFTER: 1 of 1 msec ** [Fri Jul 26 15:33:09 2019]

[INFO:Rank 0]  Sum (all processes) number synapses deleted: 0
[INFO:Rank 0]  Sum (all processes) number synapses created: 161425

======== TIMERS GLOBAL OVER ALL RANKS ========
                                                (    min      |     avg      |     max     ) sec.
TIMERS: main()
  main()                                       : 94.3765      | 94.382       | 94.3851     
  Initialization                               : 0.305485     | 0.311329     | 0.316527    
  Simulation loop                              : 94.0673      | 94.0703      | 94.0714     
    Update electrical activity                 : 2.8e-08      | 3.5875e-08   | 7e-08       
    Update #synaptic elements delta            : 2.7e-08      | 3.39375e-08  | 3.6e-08     
    Connectivity update                        : 94.0673      | 94.0702      | 94.0713     
      Update #synaptic elements + del synapses : 0            | 0            | 0           
      Update local trees                       : 0.000972635  | 0.000996673  | 0.00102807  
      Exchange branch nodes (w/ Allgather)     : 2.8004e-05   | 0.0029443    | 0.00412506  
      Insert branch nodes into global tree     : 3.591e-06    | 3.87806e-06  | 4.423e-06   
      Update global tree                       : 1.849e-06    | 2.15031e-06  | 2.83e-06    
      Find target neurons (w/ RMA)             : 14.2187      | 45.3615      | 93.9789     
      Empty remote nodes cache                 : 0.018633     | 0.023281     | 0.0289153   
      Create synapses (w/ Alltoall)            : 0.0612767    | 48.6814      | 79.8261     

======== RMA MEMORY ALLOCATOR RANK 0 ========
Min num objects available: 1502678

[INFO:Rank 0]  END: Fri Jul 26 15:34:43 2019

