Number ranks: 256
Partitioning based on number neurons would be: Rank 0: my_num_neurons: 6000 [start_id,end_id]: [0,5999]

[INFO:Rank 0]  START: Fri Jul 26 18:02:40 2019

** PARAMETERS **

num_neurons                  : 1536000
frac_neurons_exc             : 0.8
simulation_time              : 1
x_0                          : 0.05
tau_x                        : 5
k                            : 0.03
tau_C                        : 5000
beta                         : 0.001
C_target                     : 0.5
refrac_time                  : 4
h                            : 10
eta_A                        : 0
eta_D_ex                     : 0
eta_D_in                     : 0
nu                           : 1e-05
vacant_retract_ratio         : 0
accept_criterion (BH)        : 0.5
sigma (BH)                   : 750
naive_method (BH)            : 0
num_log_files                : 9
log_start_neuron             : 0
mpi_rma_mem_size (Byte)      : 314572800
max_num_pending_vacant_axons : 1000

[INFO:Rank 0]  Simulation box length          : 3016 (height = width = depth)
[INFO:Rank 0]  Subdomain length               : 377 (height = width = depth)
[INFO:Rank 0]  Total number subdomains        : 512
[INFO:Rank 0]  Number subdomains per dimension: 8
[INFO:Rank 0]  My number of neurons   : 6000
[INFO:Rank 0]  My number of subdomains: 2
[INFO:Rank 0]  My subdomain ids       : [ 0 , 1 ]
[INFO:Rank 0]  Subdomain: 0
[INFO:Rank 0]      num_neurons: 3000
[INFO:Rank 0]      index_1d   : 0
[INFO:Rank 0]      index_3d   : ( 0 , 0 , 0 )
[INFO:Rank 0]      xyz_min    : ( 0 , 0 , 0 )
[INFO:Rank 0]      xyz_max    : ( 377 , 377 , 377 )

[INFO:Rank 0]  Subdomain: 1
[INFO:Rank 0]      num_neurons: 3000
[INFO:Rank 0]      index_1d   : 1
[INFO:Rank 0]      index_3d   : ( 1 , 0 , 0 )
[INFO:Rank 0]      xyz_min    : ( 377 , 0 , 0 )
[INFO:Rank 0]      xyz_max    : ( 754 , 377 , 377 )

[INFO:Rank 0]  init_free_object_list: max_num_objects: 1572352  sizeof(OctreeNode): 200
[INFO:Rank 0]  Neurons created
[INFO:Rank 0]  Neurons inserted into subdomains
[INFO:Rank 0]  Subdomains inserted into global tree
[INFO:Rank 0]  Network graph created
[INFO:Rank 0]  Synaptic elements initialized 

** STATE AFTER: 1 of 1 msec ** [Fri Jul 26 18:02:41 2019]
** UPDATE CONNECTIVITY AFTER: 1 of 1 msec ** [Fri Jul 26 18:02:41 2019]

[INFO:Rank 0]  Sum (all processes) number synapses deleted: 0
[INFO:Rank 0]  Sum (all processes) number synapses created: 1.10554e+06

======== TIMERS GLOBAL OVER ALL RANKS ========
                                                (    min      |     avg      |     max     ) sec.
TIMERS: main()
  main()                                       : 13.8665      | 13.8693      | 13.8709     
  Initialization                               : 0.949665     | 0.953017     | 0.959337    
  Simulation loop                              : 12.9063      | 12.9144      | 12.9169     
    Update electrical activity                 : 2.6e-08      | 3.49414e-08  | 5.1e-08     
    Update #synaptic elements delta            : 2.6e-08      | 3.38828e-08  | 4.1e-08     
    Connectivity update                        : 12.9063      | 12.9142      | 12.9167     
      Update #synaptic elements + del synapses : 0            | 0            | 0           
      Update local trees                       : 0.000834537  | 0.000875013  | 0.00172587  
      Exchange branch nodes (w/ Allgather)     : 0.000123395  | 0.00812641   | 0.0100325   
      Insert branch nodes into global tree     : 2.5342e-05   | 3.15848e-05  | 6.1406e-05  
      Update global tree                       : 1.1224e-05   | 1.17413e-05  | 2.6447e-05  
      Find target neurons (w/ RMA)             : 1.36082      | 6.73311      | 12.471      
      Empty remote nodes cache                 : 0.0162115    | 0.0238244    | 0.0305305   
      Create synapses (w/ Alltoall)            : 0.404577     | 6.14794      | 11.5267     

======== RMA MEMORY ALLOCATOR RANK 0 ========
Min num objects available: 1512704

[INFO:Rank 0]  END: Fri Jul 26 18:02:54 2019

Number ranks: 256
Partitioning based on number neurons would be: Rank 0: my_num_neurons: 6000 [start_id,end_id]: [0,5999]

[INFO:Rank 0]  START: Fri Jul 26 18:02:55 2019

** PARAMETERS **

num_neurons                  : 1536000
frac_neurons_exc             : 0.8
simulation_time              : 1
x_0                          : 0.05
tau_x                        : 5
k                            : 0.03
tau_C                        : 5000
beta                         : 0.001
C_target                     : 0.5
refrac_time                  : 4
h                            : 10
eta_A                        : 0
eta_D_ex                     : 0
eta_D_in                     : 0
nu                           : 1e-05
vacant_retract_ratio         : 0
accept_criterion (BH)        : 0.5
sigma (BH)                   : 750
naive_method (BH)            : 0
num_log_files                : 9
log_start_neuron             : 0
mpi_rma_mem_size (Byte)      : 314572800
max_num_pending_vacant_axons : 1000

[INFO:Rank 0]  Simulation box length          : 3016 (height = width = depth)
[INFO:Rank 0]  Subdomain length               : 377 (height = width = depth)
[INFO:Rank 0]  Total number subdomains        : 512
[INFO:Rank 0]  Number subdomains per dimension: 8
[INFO:Rank 0]  My number of neurons   : 6000
[INFO:Rank 0]  My number of subdomains: 2
[INFO:Rank 0]  My subdomain ids       : [ 0 , 1 ]
[INFO:Rank 0]  Subdomain: 0
[INFO:Rank 0]      num_neurons: 3000
[INFO:Rank 0]      index_1d   : 0
[INFO:Rank 0]      index_3d   : ( 0 , 0 , 0 )
[INFO:Rank 0]      xyz_min    : ( 0 , 0 , 0 )
[INFO:Rank 0]      xyz_max    : ( 377 , 377 , 377 )

[INFO:Rank 0]  Subdomain: 1
[INFO:Rank 0]      num_neurons: 3000
[INFO:Rank 0]      index_1d   : 1
[INFO:Rank 0]      index_3d   : ( 1 , 0 , 0 )
[INFO:Rank 0]      xyz_min    : ( 377 , 0 , 0 )
[INFO:Rank 0]      xyz_max    : ( 754 , 377 , 377 )

[INFO:Rank 0]  init_free_object_list: max_num_objects: 1572352  sizeof(OctreeNode): 200
[INFO:Rank 0]  Neurons created
[INFO:Rank 0]  Neurons inserted into subdomains
[INFO:Rank 0]  Subdomains inserted into global tree
[INFO:Rank 0]  Network graph created
[INFO:Rank 0]  Synaptic elements initialized 

** STATE AFTER: 1 of 1 msec ** [Fri Jul 26 18:02:56 2019]
** UPDATE CONNECTIVITY AFTER: 1 of 1 msec ** [Fri Jul 26 18:02:56 2019]

[INFO:Rank 0]  Sum (all processes) number synapses deleted: 0
[INFO:Rank 0]  Sum (all processes) number synapses created: 1.10554e+06

======== TIMERS GLOBAL OVER ALL RANKS ========
                                                (    min      |     avg      |     max     ) sec.
TIMERS: main()
  main()                                       : 13.9393      | 13.944       | 13.9458     
  Initialization                               : 0.950534     | 0.956096     | 0.965514    
  Simulation loop                              : 12.9784      | 12.987       | 12.9883     
    Update electrical activity                 : 2.6e-08      | 3.53711e-08  | 5.4e-08     
    Update #synaptic elements delta            : 2.5e-08      | 3.43047e-08  | 4.8e-08     
    Connectivity update                        : 12.9778      | 12.9868      | 12.9883     
      Update #synaptic elements + del synapses : 0            | 0            | 0           
      Update local trees                       : 0.000833082  | 0.000973085  | 0.00197431  
      Exchange branch nodes (w/ Allgather)     : 0.000154376  | 0.00880347   | 0.0103905   
      Insert branch nodes into global tree     : 2.5111e-05   | 4.06733e-05  | 5.539e-05   
      Update global tree                       : 1.1199e-05   | 1.2387e-05   | 2.696e-05   
      Find target neurons (w/ RMA)             : 1.41091      | 6.74558      | 12.5442     
      Empty remote nodes cache                 : 0.0162641    | 0.0239225    | 0.0327681   
      Create synapses (w/ Alltoall)            : 0.402889     | 6.20668      | 11.5486     

======== RMA MEMORY ALLOCATOR RANK 0 ========
Min num objects available: 1512704

[INFO:Rank 0]  END: Fri Jul 26 18:03:09 2019

