Number ranks: 128
Partitioning based on number neurons would be: Rank 0: my_num_neurons: 5000 [start_id,end_id]: [0,4999]

[INFO:Rank 0]  START: Fri Jul 26 16:38:12 2019

** PARAMETERS **

num_neurons                  : 640000
frac_neurons_exc             : 0.8
simulation_time              : 1
x_0                          : 0.05
tau_x                        : 5
k                            : 0.03
tau_C                        : 5000
beta                         : 0.001
C_target                     : 0.5
refrac_time                  : 4
h                            : 10
eta_A                        : 0
eta_D_ex                     : 0
eta_D_in                     : 0
nu                           : 1e-05
vacant_retract_ratio         : 0
accept_criterion (BH)        : 0.5
sigma (BH)                   : 750
naive_method (BH)            : 0
num_log_files                : 9
log_start_neuron             : 0
mpi_rma_mem_size (Byte)      : 314572800
max_num_pending_vacant_axons : 1000

[INFO:Rank 0]  Simulation box length          : 2262 (height = width = depth)
[INFO:Rank 0]  Subdomain length               : 282.75 (height = width = depth)
[INFO:Rank 0]  Total number subdomains        : 512
[INFO:Rank 0]  Number subdomains per dimension: 8
[INFO:Rank 0]  My number of neurons   : 5000
[INFO:Rank 0]  My number of subdomains: 4
[INFO:Rank 0]  My subdomain ids       : [ 0 , 3 ]
[INFO:Rank 0]  Subdomain: 0
[INFO:Rank 0]      num_neurons: 1250
[INFO:Rank 0]      index_1d   : 0
[INFO:Rank 0]      index_3d   : ( 0 , 0 , 0 )
[INFO:Rank 0]      xyz_min    : ( 0 , 0 , 0 )
[INFO:Rank 0]      xyz_max    : ( 282.75 , 282.75 , 282.75 )

[INFO:Rank 0]  Subdomain: 1
[INFO:Rank 0]      num_neurons: 1250
[INFO:Rank 0]      index_1d   : 1
[INFO:Rank 0]      index_3d   : ( 1 , 0 , 0 )
[INFO:Rank 0]      xyz_min    : ( 282.75 , 0 , 0 )
[INFO:Rank 0]      xyz_max    : ( 565.5 , 282.75 , 282.75 )

[INFO:Rank 0]  Subdomain: 2
[INFO:Rank 0]      num_neurons: 1250
[INFO:Rank 0]      index_1d   : 2
[INFO:Rank 0]      index_3d   : ( 0 , 1 , 0 )
[INFO:Rank 0]      xyz_min    : ( 0 , 282.75 , 0 )
[INFO:Rank 0]      xyz_max    : ( 282.75 , 565.5 , 282.75 )

[INFO:Rank 0]  Subdomain: 3
[INFO:Rank 0]      num_neurons: 1250
[INFO:Rank 0]      index_1d   : 3
[INFO:Rank 0]      index_3d   : ( 1 , 1 , 0 )
[INFO:Rank 0]      xyz_min    : ( 282.75 , 282.75 , 0 )
[INFO:Rank 0]      xyz_max    : ( 565.5 , 565.5 , 282.75 )

[INFO:Rank 0]  init_free_object_list: max_num_objects: 1572352  sizeof(OctreeNode): 200
[INFO:Rank 0]  Neurons created
[INFO:Rank 0]  Neurons inserted into subdomains
[INFO:Rank 0]  Subdomains inserted into global tree
[INFO:Rank 0]  Network graph created
[INFO:Rank 0]  Synaptic elements initialized 

** STATE AFTER: 1 of 1 msec ** [Fri Jul 26 16:38:13 2019]
** UPDATE CONNECTIVITY AFTER: 1 of 1 msec ** [Fri Jul 26 16:38:13 2019]

[INFO:Rank 0]  Sum (all processes) number synapses deleted: 0
[INFO:Rank 0]  Sum (all processes) number synapses created: 457668

======== TIMERS GLOBAL OVER ALL RANKS ========
                                                (    min      |     avg      |     max     ) sec.
TIMERS: main()
  main()                                       : 9.3642       | 9.36611      | 9.36792     
  Initialization                               : 0.577465     | 0.580187     | 0.58242     
  Simulation loop                              : 8.78333      | 8.78558      | 8.7864      
    Update electrical activity                 : 2.7e-08      | 3.4875e-08   | 4.1e-08     
    Update #synaptic elements delta            : 2.6e-08      | 3.39609e-08  | 4.2e-08     
    Connectivity update                        : 8.78328      | 8.78551      | 8.78632     
      Update #synaptic elements + del synapses : 0            | 0            | 0           
      Update local trees                       : 0.000690922  | 0.00071117   | 0.000737066 
      Exchange branch nodes (w/ Allgather)     : 0.000151443  | 0.00234568   | 0.00324615  
      Insert branch nodes into global tree     : 2.4654e-05   | 2.6439e-05   | 4.0138e-05  
      Update global tree                       : 1.1205e-05   | 1.21678e-05  | 2.0047e-05  
      Find target neurons (w/ RMA)             : 1.08112      | 4.81146      | 8.5287      
      Empty remote nodes cache                 : 0.0139193    | 0.0184794    | 0.0228851   
      Create synapses (w/ Alltoall)            : 0.231491     | 3.95221      | 7.68706     

======== RMA MEMORY ALLOCATOR RANK 0 ========
Min num objects available: 1519397

[INFO:Rank 0]  END: Fri Jul 26 16:38:22 2019

Number ranks: 128
Partitioning based on number neurons would be: Rank 0: my_num_neurons: 5000 [start_id,end_id]: [0,4999]

[INFO:Rank 0]  START: Fri Jul 26 16:38:23 2019

** PARAMETERS **

num_neurons                  : 640000
frac_neurons_exc             : 0.8
simulation_time              : 1
x_0                          : 0.05
tau_x                        : 5
k                            : 0.03
tau_C                        : 5000
beta                         : 0.001
C_target                     : 0.5
refrac_time                  : 4
h                            : 10
eta_A                        : 0
eta_D_ex                     : 0
eta_D_in                     : 0
nu                           : 1e-05
vacant_retract_ratio         : 0
accept_criterion (BH)        : 0.5
sigma (BH)                   : 750
naive_method (BH)            : 0
num_log_files                : 9
log_start_neuron             : 0
mpi_rma_mem_size (Byte)      : 314572800
max_num_pending_vacant_axons : 1000

[INFO:Rank 0]  Simulation box length          : 2262 (height = width = depth)
[INFO:Rank 0]  Subdomain length               : 282.75 (height = width = depth)
[INFO:Rank 0]  Total number subdomains        : 512
[INFO:Rank 0]  Number subdomains per dimension: 8
[INFO:Rank 0]  My number of neurons   : 5000
[INFO:Rank 0]  My number of subdomains: 4
[INFO:Rank 0]  My subdomain ids       : [ 0 , 3 ]
[INFO:Rank 0]  Subdomain: 0
[INFO:Rank 0]      num_neurons: 1250
[INFO:Rank 0]      index_1d   : 0
[INFO:Rank 0]      index_3d   : ( 0 , 0 , 0 )
[INFO:Rank 0]      xyz_min    : ( 0 , 0 , 0 )
[INFO:Rank 0]      xyz_max    : ( 282.75 , 282.75 , 282.75 )

[INFO:Rank 0]  Subdomain: 1
[INFO:Rank 0]      num_neurons: 1250
[INFO:Rank 0]      index_1d   : 1
[INFO:Rank 0]      index_3d   : ( 1 , 0 , 0 )
[INFO:Rank 0]      xyz_min    : ( 282.75 , 0 , 0 )
[INFO:Rank 0]      xyz_max    : ( 565.5 , 282.75 , 282.75 )

[INFO:Rank 0]  Subdomain: 2
[INFO:Rank 0]      num_neurons: 1250
[INFO:Rank 0]      index_1d   : 2
[INFO:Rank 0]      index_3d   : ( 0 , 1 , 0 )
[INFO:Rank 0]      xyz_min    : ( 0 , 282.75 , 0 )
[INFO:Rank 0]      xyz_max    : ( 282.75 , 565.5 , 282.75 )

[INFO:Rank 0]  Subdomain: 3
[INFO:Rank 0]      num_neurons: 1250
[INFO:Rank 0]      index_1d   : 3
[INFO:Rank 0]      index_3d   : ( 1 , 1 , 0 )
[INFO:Rank 0]      xyz_min    : ( 282.75 , 282.75 , 0 )
[INFO:Rank 0]      xyz_max    : ( 565.5 , 565.5 , 282.75 )

[INFO:Rank 0]  init_free_object_list: max_num_objects: 1572352  sizeof(OctreeNode): 200
[INFO:Rank 0]  Neurons created
[INFO:Rank 0]  Neurons inserted into subdomains
[INFO:Rank 0]  Subdomains inserted into global tree
[INFO:Rank 0]  Network graph created
[INFO:Rank 0]  Synaptic elements initialized 

** STATE AFTER: 1 of 1 msec ** [Fri Jul 26 16:38:23 2019]
** UPDATE CONNECTIVITY AFTER: 1 of 1 msec ** [Fri Jul 26 16:38:23 2019]

[INFO:Rank 0]  Sum (all processes) number synapses deleted: 0
[INFO:Rank 0]  Sum (all processes) number synapses created: 457668

======== TIMERS GLOBAL OVER ALL RANKS ========
                                                (    min      |     avg      |     max     ) sec.
TIMERS: main()
  main()                                       : 9.40025      | 9.40151      | 9.40275     
  Initialization                               : 0.579324     | 0.580831     | 0.58887     
  Simulation loop                              : 8.81198      | 8.82035      | 8.82116     
    Update electrical activity                 : 2.4e-08      | 3.5375e-08   | 5.9e-08     
    Update #synaptic elements delta            : 2.6e-08      | 3.43672e-08  | 5.2e-08     
    Connectivity update                        : 8.8119       | 8.82026      | 8.82111     
      Update #synaptic elements + del synapses : 0            | 0            | 0           
      Update local trees                       : 0.000694361  | 0.000715833  | 0.000850765 
      Exchange branch nodes (w/ Allgather)     : 8.9489e-05   | 0.00836277   | 0.00942141  
      Insert branch nodes into global tree     : 2.4746e-05   | 2.66983e-05  | 3.6825e-05  
      Update global tree                       : 1.1049e-05   | 1.21275e-05  | 1.9927e-05  
      Find target neurons (w/ RMA)             : 1.06547      | 4.82568      | 8.55842     
      Empty remote nodes cache                 : 0.0134624    | 0.0185518    | 0.0245764   
      Create synapses (w/ Alltoall)            : 0.231397     | 3.96665      | 7.73124     

======== RMA MEMORY ALLOCATOR RANK 0 ========
Min num objects available: 1519397

[INFO:Rank 0]  END: Fri Jul 26 16:38:32 2019

