Number ranks: 256
Partitioning based on number neurons would be: Rank 0: my_num_neurons: 9000 [start_id,end_id]: [0,8999]

[INFO:Rank 0]  START: Fri Jul 26 19:15:01 2019

** PARAMETERS **

num_neurons                  : 2304000
frac_neurons_exc             : 0.8
simulation_time              : 1
x_0                          : 0.05
tau_x                        : 5
k                            : 0.03
tau_C                        : 5000
beta                         : 0.001
C_target                     : 0.5
refrac_time                  : 4
h                            : 10
eta_A                        : 0
eta_D_ex                     : 0
eta_D_in                     : 0
nu                           : 1e-05
vacant_retract_ratio         : 0
accept_criterion (BH)        : 0.5
sigma (BH)                   : 750
naive_method (BH)            : 0
num_log_files                : 9
log_start_neuron             : 0
mpi_rma_mem_size (Byte)      : 314572800
max_num_pending_vacant_axons : 1000

[INFO:Rank 0]  Simulation box length          : 3458 (height = width = depth)
[INFO:Rank 0]  Subdomain length               : 432.25 (height = width = depth)
[INFO:Rank 0]  Total number subdomains        : 512
[INFO:Rank 0]  Number subdomains per dimension: 8
[INFO:Rank 0]  My number of neurons   : 9000
[INFO:Rank 0]  My number of subdomains: 2
[INFO:Rank 0]  My subdomain ids       : [ 0 , 1 ]
[INFO:Rank 0]  Subdomain: 0
[INFO:Rank 0]      num_neurons: 4500
[INFO:Rank 0]      index_1d   : 0
[INFO:Rank 0]      index_3d   : ( 0 , 0 , 0 )
[INFO:Rank 0]      xyz_min    : ( 0 , 0 , 0 )
[INFO:Rank 0]      xyz_max    : ( 432.25 , 432.25 , 432.25 )

[INFO:Rank 0]  Subdomain: 1
[INFO:Rank 0]      num_neurons: 4500
[INFO:Rank 0]      index_1d   : 1
[INFO:Rank 0]      index_3d   : ( 1 , 0 , 0 )
[INFO:Rank 0]      xyz_min    : ( 432.25 , 0 , 0 )
[INFO:Rank 0]      xyz_max    : ( 864.5 , 432.25 , 432.25 )

[INFO:Rank 0]  init_free_object_list: max_num_objects: 1572352  sizeof(OctreeNode): 200
[INFO:Rank 0]  Neurons created
[INFO:Rank 0]  Neurons inserted into subdomains
[INFO:Rank 0]  Subdomains inserted into global tree
[INFO:Rank 0]  Network graph created
[INFO:Rank 0]  Synaptic elements initialized 

** STATE AFTER: 1 of 1 msec ** [Fri Jul 26 19:15:02 2019]
** UPDATE CONNECTIVITY AFTER: 1 of 1 msec ** [Fri Jul 26 19:15:02 2019]

[INFO:Rank 0]  Sum (all processes) number synapses deleted: 0
[INFO:Rank 0]  Sum (all processes) number synapses created: 1.66608e+06

======== TIMERS GLOBAL OVER ALL RANKS ========
                                                (    min      |     avg      |     max     ) sec.
TIMERS: main()
  main()                                       : 18.9486      | 18.9501      | 18.9514     
  Initialization                               : 0.950514     | 0.952225     | 0.959997    
  Simulation loop                              : 17.989       | 17.9963      | 17.9989     
    Update electrical activity                 : 2.6e-08      | 3.50234e-08  | 5.5e-08     
    Update #synaptic elements delta            : 2.4e-08      | 3.38125e-08  | 3.9e-08     
    Connectivity update                        : 17.9873      | 17.996       | 17.9984     
      Update #synaptic elements + del synapses : 0            | 0            | 0           
      Update local trees                       : 0.00124549   | 0.00142904   | 0.00267455  
      Exchange branch nodes (w/ Allgather)     : 0.000115572  | 0.00828224   | 0.0101474   
      Insert branch nodes into global tree     : 2.4753e-05   | 3.70999e-05  | 6.9432e-05  
      Update global tree                       : 1.1171e-05   | 1.21235e-05  | 2.1925e-05  
      Find target neurons (w/ RMA)             : 2.18827      | 9.15493      | 17.5791     
      Empty remote nodes cache                 : 0.0228736    | 0.0341843    | 0.0448626   
      Create synapses (w/ Alltoall)            : 0.366869     | 8.7967       | 15.7736     

======== RMA MEMORY ALLOCATOR RANK 0 ========
Min num objects available: 1492009

[INFO:Rank 0]  END: Fri Jul 26 19:15:20 2019

Number ranks: 256
Partitioning based on number neurons would be: Rank 0: my_num_neurons: 9000 [start_id,end_id]: [0,8999]

[INFO:Rank 0]  START: Fri Jul 26 19:15:21 2019

** PARAMETERS **

num_neurons                  : 2304000
frac_neurons_exc             : 0.8
simulation_time              : 1
x_0                          : 0.05
tau_x                        : 5
k                            : 0.03
tau_C                        : 5000
beta                         : 0.001
C_target                     : 0.5
refrac_time                  : 4
h                            : 10
eta_A                        : 0
eta_D_ex                     : 0
eta_D_in                     : 0
nu                           : 1e-05
vacant_retract_ratio         : 0
accept_criterion (BH)        : 0.5
sigma (BH)                   : 750
naive_method (BH)            : 0
num_log_files                : 9
log_start_neuron             : 0
mpi_rma_mem_size (Byte)      : 314572800
max_num_pending_vacant_axons : 1000

[INFO:Rank 0]  Simulation box length          : 3458 (height = width = depth)
[INFO:Rank 0]  Subdomain length               : 432.25 (height = width = depth)
[INFO:Rank 0]  Total number subdomains        : 512
[INFO:Rank 0]  Number subdomains per dimension: 8
[INFO:Rank 0]  My number of neurons   : 9000
[INFO:Rank 0]  My number of subdomains: 2
[INFO:Rank 0]  My subdomain ids       : [ 0 , 1 ]
[INFO:Rank 0]  Subdomain: 0
[INFO:Rank 0]      num_neurons: 4500
[INFO:Rank 0]      index_1d   : 0
[INFO:Rank 0]      index_3d   : ( 0 , 0 , 0 )
[INFO:Rank 0]      xyz_min    : ( 0 , 0 , 0 )
[INFO:Rank 0]      xyz_max    : ( 432.25 , 432.25 , 432.25 )

[INFO:Rank 0]  Subdomain: 1
[INFO:Rank 0]      num_neurons: 4500
[INFO:Rank 0]      index_1d   : 1
[INFO:Rank 0]      index_3d   : ( 1 , 0 , 0 )
[INFO:Rank 0]      xyz_min    : ( 432.25 , 0 , 0 )
[INFO:Rank 0]      xyz_max    : ( 864.5 , 432.25 , 432.25 )

[INFO:Rank 0]  init_free_object_list: max_num_objects: 1572352  sizeof(OctreeNode): 200
[INFO:Rank 0]  Neurons created
[INFO:Rank 0]  Neurons inserted into subdomains
[INFO:Rank 0]  Subdomains inserted into global tree
[INFO:Rank 0]  Network graph created
[INFO:Rank 0]  Synaptic elements initialized 

** STATE AFTER: 1 of 1 msec ** [Fri Jul 26 19:15:22 2019]
** UPDATE CONNECTIVITY AFTER: 1 of 1 msec ** [Fri Jul 26 19:15:22 2019]

[INFO:Rank 0]  Sum (all processes) number synapses deleted: 0
[INFO:Rank 0]  Sum (all processes) number synapses created: 1.66608e+06

======== TIMERS GLOBAL OVER ALL RANKS ========
                                                (    min      |     avg      |     max     ) sec.
TIMERS: main()
  main()                                       : 18.854       | 18.8549      | 18.8563     
  Initialization                               : 0.952926     | 0.95493      | 0.96323     
  Simulation loop                              : 17.8909      | 17.8993      | 17.9007     
    Update electrical activity                 : 2.5e-08      | 3.51914e-08  | 6.4e-08     
    Update #synaptic elements delta            : 2.4e-08      | 3.40664e-08  | 4.2e-08     
    Connectivity update                        : 17.8908      | 17.8992      | 17.9006     
      Update #synaptic elements + del synapses : 0            | 0            | 0           
      Update local trees                       : 0.00125149   | 0.00141499   | 0.00274244  
      Exchange branch nodes (w/ Allgather)     : 0.000126827  | 0.00880372   | 0.0104893   
      Insert branch nodes into global tree     : 2.4818e-05   | 4.36847e-05  | 7.2118e-05  
      Update global tree                       : 1.1271e-05   | 1.26091e-05  | 2.87e-05    
      Find target neurons (w/ RMA)             : 2.2353       | 9.16521      | 17.484      
      Empty remote nodes cache                 : 0.0227214    | 0.0342945    | 0.0467438   
      Create synapses (w/ Alltoall)            : 0.362665     | 8.68845      | 15.6292     

======== RMA MEMORY ALLOCATOR RANK 0 ========
Min num objects available: 1492009

[INFO:Rank 0]  END: Fri Jul 26 19:15:40 2019

