Number ranks: 64
Partitioning based on number neurons would be: Rank 0: my_num_neurons: 5000 [start_id,end_id]: [0,4999]

[INFO:Rank 0]  START: Fri Jul 26 15:50:24 2019

** PARAMETERS **

num_neurons                  : 320000
frac_neurons_exc             : 0.8
simulation_time              : 1
x_0                          : 0.05
tau_x                        : 5
k                            : 0.03
tau_C                        : 5000
beta                         : 0.001
C_target                     : 0.5
refrac_time                  : 4
h                            : 10
eta_A                        : 0
eta_D_ex                     : 0
eta_D_in                     : 0
nu                           : 1e-05
vacant_retract_ratio         : 0
accept_criterion (BH)        : 0.3
sigma (BH)                   : 750
naive_method (BH)            : 0
num_log_files                : 9
log_start_neuron             : 0
mpi_rma_mem_size (Byte)      : 314572800
max_num_pending_vacant_axons : 1000

[INFO:Rank 0]  Simulation box length          : 1794 (height = width = depth)
[INFO:Rank 0]  Subdomain length               : 448.5 (height = width = depth)
[INFO:Rank 0]  Total number subdomains        : 64
[INFO:Rank 0]  Number subdomains per dimension: 4
[INFO:Rank 0]  My number of neurons   : 5000
[INFO:Rank 0]  My number of subdomains: 1
[INFO:Rank 0]  My subdomain ids       : [ 0 , 0 ]
[INFO:Rank 0]  Subdomain: 0
[INFO:Rank 0]      num_neurons: 5000
[INFO:Rank 0]      index_1d   : 0
[INFO:Rank 0]      index_3d   : ( 0 , 0 , 0 )
[INFO:Rank 0]      xyz_min    : ( 0 , 0 , 0 )
[INFO:Rank 0]      xyz_max    : ( 448.5 , 448.5 , 448.5 )

[INFO:Rank 0]  init_free_object_list: max_num_objects: 1572800  sizeof(OctreeNode): 200
[INFO:Rank 0]  Neurons created
[INFO:Rank 0]  Neurons inserted into subdomains
[INFO:Rank 0]  Subdomains inserted into global tree
[INFO:Rank 0]  Network graph created
[INFO:Rank 0]  Synaptic elements initialized 

** STATE AFTER: 1 of 1 msec ** [Fri Jul 26 15:50:24 2019]
** UPDATE CONNECTIVITY AFTER: 1 of 1 msec ** [Fri Jul 26 15:50:24 2019]

[INFO:Rank 0]  Sum (all processes) number synapses deleted: 0
[INFO:Rank 0]  Sum (all processes) number synapses created: 229787

======== TIMERS GLOBAL OVER ALL RANKS ========
                                                (    min      |     avg      |     max     ) sec.
TIMERS: main()
  main()                                       : 28.6104      | 28.6161      | 28.619      
  Initialization                               : 0.395355     | 0.40118      | 0.405879    
  Simulation loop                              : 28.2115      | 28.2146      | 28.2152     
    Update electrical activity                 : 2.6e-08      | 3.49844e-08  | 4.6e-08     
    Update #synaptic elements delta            : 2.5e-08      | 3.38125e-08  | 3.9e-08     
    Connectivity update                        : 28.2114      | 28.2145      | 28.2151     
      Update #synaptic elements + del synapses : 0            | 0            | 0           
      Update local trees                       : 0.000695139  | 0.000719828  | 0.000770876 
      Exchange branch nodes (w/ Allgather)     : 4.0904e-05   | 0.00298914   | 0.00355992  
      Insert branch nodes into global tree     : 3.382e-06    | 3.75598e-06  | 4.156e-06   
      Update global tree                       : 1.942e-06    | 2.60378e-06  | 3.034e-06   
      Find target neurons (w/ RMA)             : 3.92827      | 13.0213      | 28.069      
      Empty remote nodes cache                 : 0.0142979    | 0.0188643    | 0.0248826   
      Create synapses (w/ Alltoall)            : 0.119159     | 15.1704      | 24.2666     

======== RMA MEMORY ALLOCATOR RANK 0 ========
Min num objects available: 1518468

[INFO:Rank 0]  END: Fri Jul 26 15:50:52 2019

Number ranks: 64
Partitioning based on number neurons would be: Rank 0: my_num_neurons: 5000 [start_id,end_id]: [0,4999]

[INFO:Rank 0]  START: Fri Jul 26 15:50:54 2019

** PARAMETERS **

num_neurons                  : 320000
frac_neurons_exc             : 0.8
simulation_time              : 1
x_0                          : 0.05
tau_x                        : 5
k                            : 0.03
tau_C                        : 5000
beta                         : 0.001
C_target                     : 0.5
refrac_time                  : 4
h                            : 10
eta_A                        : 0
eta_D_ex                     : 0
eta_D_in                     : 0
nu                           : 1e-05
vacant_retract_ratio         : 0
accept_criterion (BH)        : 0.3
sigma (BH)                   : 750
naive_method (BH)            : 0
num_log_files                : 9
log_start_neuron             : 0
mpi_rma_mem_size (Byte)      : 314572800
max_num_pending_vacant_axons : 1000

[INFO:Rank 0]  Simulation box length          : 1794 (height = width = depth)
[INFO:Rank 0]  Subdomain length               : 448.5 (height = width = depth)
[INFO:Rank 0]  Total number subdomains        : 64
[INFO:Rank 0]  Number subdomains per dimension: 4
[INFO:Rank 0]  My number of neurons   : 5000
[INFO:Rank 0]  My number of subdomains: 1
[INFO:Rank 0]  My subdomain ids       : [ 0 , 0 ]
[INFO:Rank 0]  Subdomain: 0
[INFO:Rank 0]      num_neurons: 5000
[INFO:Rank 0]      index_1d   : 0
[INFO:Rank 0]      index_3d   : ( 0 , 0 , 0 )
[INFO:Rank 0]      xyz_min    : ( 0 , 0 , 0 )
[INFO:Rank 0]      xyz_max    : ( 448.5 , 448.5 , 448.5 )

[INFO:Rank 0]  init_free_object_list: max_num_objects: 1572800  sizeof(OctreeNode): 200
[INFO:Rank 0]  Neurons created
[INFO:Rank 0]  Neurons inserted into subdomains
[INFO:Rank 0]  Subdomains inserted into global tree
[INFO:Rank 0]  Network graph created
[INFO:Rank 0]  Synaptic elements initialized 

** STATE AFTER: 1 of 1 msec ** [Fri Jul 26 15:50:54 2019]
** UPDATE CONNECTIVITY AFTER: 1 of 1 msec ** [Fri Jul 26 15:50:54 2019]

[INFO:Rank 0]  Sum (all processes) number synapses deleted: 0
[INFO:Rank 0]  Sum (all processes) number synapses created: 229787

======== TIMERS GLOBAL OVER ALL RANKS ========
                                                (    min      |     avg      |     max     ) sec.
TIMERS: main()
  main()                                       : 28.5803      | 28.5834      | 28.5862     
  Initialization                               : 0.394287     | 0.397292     | 0.400634    
  Simulation loop                              : 28.1845      | 28.1857      | 28.1864     
    Update electrical activity                 : 2.7e-08      | 3.57187e-08  | 4.8e-08     
    Update #synaptic elements delta            : 2.7e-08      | 3.41094e-08  | 3.8e-08     
    Connectivity update                        : 28.1844      | 28.1856      | 28.1864     
      Update #synaptic elements + del synapses : 0            | 0            | 0           
      Update local trees                       : 0.0006993    | 0.000725177  | 0.000887387 
      Exchange branch nodes (w/ Allgather)     : 4.894e-05    | 0.00130933   | 0.0019725   
      Insert branch nodes into global tree     : 3.415e-06    | 3.87688e-06  | 1.1704e-05  
      Update global tree                       : 2.041e-06    | 2.63894e-06  | 3.108e-06   
      Find target neurons (w/ RMA)             : 4.01563      | 13.0453      | 28.0363     
      Empty remote nodes cache                 : 0.014103     | 0.0190214    | 0.0239347   
      Create synapses (w/ Alltoall)            : 0.126079     | 15.1191      | 24.152      

======== RMA MEMORY ALLOCATOR RANK 0 ========
Min num objects available: 1518468

[INFO:Rank 0]  END: Fri Jul 26 15:51:22 2019

