Number ranks: 512
Partitioning based on number neurons would be: Rank 0: my_num_neurons: 9000 [start_id,end_id]: [0,8999]

[INFO:Rank 0]  START: Fri Jul 26 23:47:44 2019

** PARAMETERS **

num_neurons                  : 4608000
frac_neurons_exc             : 0.8
simulation_time              : 1
x_0                          : 0.05
tau_x                        : 5
k                            : 0.03
tau_C                        : 5000
beta                         : 0.001
C_target                     : 0.5
refrac_time                  : 4
h                            : 10
eta_A                        : 0
eta_D_ex                     : 0
eta_D_in                     : 0
nu                           : 1e-05
vacant_retract_ratio         : 0
accept_criterion (BH)        : 0.1
sigma (BH)                   : 750
naive_method (BH)            : 0
num_log_files                : 9
log_start_neuron             : 0
mpi_rma_mem_size (Byte)      : 314572800
max_num_pending_vacant_axons : 1000

[INFO:Rank 0]  Simulation box length          : 4342 (height = width = depth)
[INFO:Rank 0]  Subdomain length               : 542.75 (height = width = depth)
[INFO:Rank 0]  Total number subdomains        : 512
[INFO:Rank 0]  Number subdomains per dimension: 8
[INFO:Rank 0]  My number of neurons   : 9000
[INFO:Rank 0]  My number of subdomains: 1
[INFO:Rank 0]  My subdomain ids       : [ 0 , 0 ]
[INFO:Rank 0]  Subdomain: 0
[INFO:Rank 0]      num_neurons: 9000
[INFO:Rank 0]      index_1d   : 0
[INFO:Rank 0]      index_3d   : ( 0 , 0 , 0 )
[INFO:Rank 0]      xyz_min    : ( 0 , 0 , 0 )
[INFO:Rank 0]      xyz_max    : ( 542.75 , 542.75 , 542.75 )

[INFO:Rank 0]  init_free_object_list: max_num_objects: 1572352  sizeof(OctreeNode): 200
[INFO:Rank 0]  Neurons created
[INFO:Rank 0]  Neurons inserted into subdomains
[INFO:Rank 0]  Subdomains inserted into global tree
[INFO:Rank 0]  Network graph created
[INFO:Rank 0]  Synaptic elements initialized 

** STATE AFTER: 1 of 1 msec ** [Fri Jul 26 23:47:46 2019]
** UPDATE CONNECTIVITY AFTER: 1 of 1 msec ** [Fri Jul 26 23:47:46 2019]

[INFO:Rank 0]  Sum (all processes) number synapses deleted: 0
[INFO:Rank 0]  Sum (all processes) number synapses created: 3.3519e+06

======== TIMERS GLOBAL OVER ALL RANKS ========
                                                (    min      |     avg      |     max     ) sec.
TIMERS: main()
  main()                                       : 2536.65      | 2536.66      | 2536.75     
  Initialization                               : 1.69955      | 1.70176      | 1.7089      
  Simulation loop                              : 2534.95      | 2534.96      | 2535.05     
    Update electrical activity                 : 2.4e-08      | 3.50586e-08  | 5.6e-08     
    Update #synaptic elements delta            : 2.5e-08      | 3.39453e-08  | 4.7e-08     
    Connectivity update                        : 2534.95      | 2534.96      | 2535.05     
      Update #synaptic elements + del synapses : 0            | 0            | 0           
      Update local trees                       : 0.00126443   | 0.00131015   | 0.00163392  
      Exchange branch nodes (w/ Allgather)     : 0.000104318  | 0.00775865   | 0.0090483   
      Insert branch nodes into global tree     : 2.4812e-05   | 2.63313e-05  | 4.4627e-05  
      Update global tree                       : 1.1082e-05   | 1.16738e-05  | 2.7939e-05  
      Find target neurons (w/ RMA)             : 192.409      | 1116.98      | 2534.31     
      Empty remote nodes cache                 : 0.0396945    | 0.084638     | 0.150156    
      Create synapses (w/ Alltoall)            : 0.545387     | 1417.89      | 2342.5      

======== RMA MEMORY ALLOCATOR RANK 0 ========
Min num objects available: 1453121

[INFO:Rank 0]  END: Sat Jul 27 00:30:01 2019

Number ranks: 512
Partitioning based on number neurons would be: Rank 0: my_num_neurons: 9000 [start_id,end_id]: [0,8999]

[INFO:Rank 0]  START: Sat Jul 27 00:30:20 2019

** PARAMETERS **

num_neurons                  : 4608000
frac_neurons_exc             : 0.8
simulation_time              : 1
x_0                          : 0.05
tau_x                        : 5
k                            : 0.03
tau_C                        : 5000
beta                         : 0.001
C_target                     : 0.5
refrac_time                  : 4
h                            : 10
eta_A                        : 0
eta_D_ex                     : 0
eta_D_in                     : 0
nu                           : 1e-05
vacant_retract_ratio         : 0
accept_criterion (BH)        : 0.1
sigma (BH)                   : 750
naive_method (BH)            : 0
num_log_files                : 9
log_start_neuron             : 0
mpi_rma_mem_size (Byte)      : 314572800
max_num_pending_vacant_axons : 1000

[INFO:Rank 0]  Simulation box length          : 4342 (height = width = depth)
[INFO:Rank 0]  Subdomain length               : 542.75 (height = width = depth)
[INFO:Rank 0]  Total number subdomains        : 512
[INFO:Rank 0]  Number subdomains per dimension: 8
[INFO:Rank 0]  My number of neurons   : 9000
[INFO:Rank 0]  My number of subdomains: 1
[INFO:Rank 0]  My subdomain ids       : [ 0 , 0 ]
[INFO:Rank 0]  Subdomain: 0
[INFO:Rank 0]      num_neurons: 9000
[INFO:Rank 0]      index_1d   : 0
[INFO:Rank 0]      index_3d   : ( 0 , 0 , 0 )
[INFO:Rank 0]      xyz_min    : ( 0 , 0 , 0 )
[INFO:Rank 0]      xyz_max    : ( 542.75 , 542.75 , 542.75 )

[INFO:Rank 0]  init_free_object_list: max_num_objects: 1572352  sizeof(OctreeNode): 200
[INFO:Rank 0]  Neurons created
[INFO:Rank 0]  Neurons inserted into subdomains
[INFO:Rank 0]  Subdomains inserted into global tree
[INFO:Rank 0]  Network graph created
[INFO:Rank 0]  Synaptic elements initialized 

** STATE AFTER: 1 of 1 msec ** [Sat Jul 27 00:30:22 2019]
** UPDATE CONNECTIVITY AFTER: 1 of 1 msec ** [Sat Jul 27 00:30:22 2019]
------------------------------------------------------------
A process or daemon was unable to complete a TCP connection
to another process:
  Local host:    hpa0162
  Remote host:   hpa0172
This is usually caused by a firewall on the remote host. Please
check that any firewall (e.g., iptables) has been disabled and
try again.
------------------------------------------------------------
