Number ranks: 256
Partitioning based on number neurons would be: Rank 0: my_num_neurons: 7000 [start_id,end_id]: [0,6999]

[INFO:Rank 0]  START: Fri Jul 26 18:04:41 2019

** PARAMETERS **

num_neurons                  : 1792000
frac_neurons_exc             : 0.8
simulation_time              : 1
x_0                          : 0.05
tau_x                        : 5
k                            : 0.03
tau_C                        : 5000
beta                         : 0.001
C_target                     : 0.5
refrac_time                  : 4
h                            : 10
eta_A                        : 0
eta_D_ex                     : 0
eta_D_in                     : 0
nu                           : 1e-05
vacant_retract_ratio         : 0
accept_criterion (BH)        : 0.2
sigma (BH)                   : 750
naive_method (BH)            : 0
num_log_files                : 9
log_start_neuron             : 0
mpi_rma_mem_size (Byte)      : 314572800
max_num_pending_vacant_axons : 1000

[INFO:Rank 0]  Simulation box length          : 3172 (height = width = depth)
[INFO:Rank 0]  Subdomain length               : 396.5 (height = width = depth)
[INFO:Rank 0]  Total number subdomains        : 512
[INFO:Rank 0]  Number subdomains per dimension: 8
[INFO:Rank 0]  My number of neurons   : 7000
[INFO:Rank 0]  My number of subdomains: 2
[INFO:Rank 0]  My subdomain ids       : [ 0 , 1 ]
[INFO:Rank 0]  Subdomain: 0
[INFO:Rank 0]      num_neurons: 3500
[INFO:Rank 0]      index_1d   : 0
[INFO:Rank 0]      index_3d   : ( 0 , 0 , 0 )
[INFO:Rank 0]      xyz_min    : ( 0 , 0 , 0 )
[INFO:Rank 0]      xyz_max    : ( 396.5 , 396.5 , 396.5 )

[INFO:Rank 0]  Subdomain: 1
[INFO:Rank 0]      num_neurons: 3500
[INFO:Rank 0]      index_1d   : 1
[INFO:Rank 0]      index_3d   : ( 1 , 0 , 0 )
[INFO:Rank 0]      xyz_min    : ( 396.5 , 0 , 0 )
[INFO:Rank 0]      xyz_max    : ( 793 , 396.5 , 396.5 )

[INFO:Rank 0]  init_free_object_list: max_num_objects: 1572352  sizeof(OctreeNode): 200
[INFO:Rank 0]  Neurons created
[INFO:Rank 0]  Neurons inserted into subdomains
[INFO:Rank 0]  Subdomains inserted into global tree
[INFO:Rank 0]  Network graph created
[INFO:Rank 0]  Synaptic elements initialized 

** STATE AFTER: 1 of 1 msec ** [Fri Jul 26 18:04:42 2019]
** UPDATE CONNECTIVITY AFTER: 1 of 1 msec ** [Fri Jul 26 18:04:42 2019]

[INFO:Rank 0]  Sum (all processes) number synapses deleted: 0
[INFO:Rank 0]  Sum (all processes) number synapses created: 1.29977e+06

======== TIMERS GLOBAL OVER ALL RANKS ========
                                                (    min      |     avg      |     max     ) sec.
TIMERS: main()
  main()                                       : 228.671      | 228.673      | 228.675     
  Initialization                               : 0.957748     | 0.961876     | 0.965819    
  Simulation loop                              : 227.708      | 227.711      | 227.713     
    Update electrical activity                 : 2.5e-08      | 3.48867e-08  | 4.5e-08     
    Update #synaptic elements delta            : 2.4e-08      | 3.39766e-08  | 4.3e-08     
    Connectivity update                        : 227.708      | 227.71       | 227.713     
      Update #synaptic elements + del synapses : 0            | 0            | 0           
      Update local trees                       : 0.00096871   | 0.0010183    | 0.0015054   
      Exchange branch nodes (w/ Allgather)     : 0.000158459  | 0.00398635   | 0.00590379  
      Insert branch nodes into global tree     : 2.4852e-05   | 2.87814e-05  | 5.3089e-05  
      Update global tree                       : 1.1175e-05   | 1.16894e-05  | 2.0348e-05  
      Find target neurons (w/ RMA)             : 16.2938      | 95.5815      | 227.24      
      Empty remote nodes cache                 : 0.0200008    | 0.0357165    | 0.0539906   
      Create synapses (w/ Alltoall)            : 0.417629     | 132.088      | 211.39      

======== RMA MEMORY ALLOCATOR RANK 0 ========
Min num objects available: 1497933

[INFO:Rank 0]  END: Fri Jul 26 18:08:30 2019

Number ranks: 256
Partitioning based on number neurons would be: Rank 0: my_num_neurons: 7000 [start_id,end_id]: [0,6999]

[INFO:Rank 0]  START: Fri Jul 26 18:08:31 2019

** PARAMETERS **

num_neurons                  : 1792000
frac_neurons_exc             : 0.8
simulation_time              : 1
x_0                          : 0.05
tau_x                        : 5
k                            : 0.03
tau_C                        : 5000
beta                         : 0.001
C_target                     : 0.5
refrac_time                  : 4
h                            : 10
eta_A                        : 0
eta_D_ex                     : 0
eta_D_in                     : 0
nu                           : 1e-05
vacant_retract_ratio         : 0
accept_criterion (BH)        : 0.2
sigma (BH)                   : 750
naive_method (BH)            : 0
num_log_files                : 9
log_start_neuron             : 0
mpi_rma_mem_size (Byte)      : 314572800
max_num_pending_vacant_axons : 1000

[INFO:Rank 0]  Simulation box length          : 3172 (height = width = depth)
[INFO:Rank 0]  Subdomain length               : 396.5 (height = width = depth)
[INFO:Rank 0]  Total number subdomains        : 512
[INFO:Rank 0]  Number subdomains per dimension: 8
[INFO:Rank 0]  My number of neurons   : 7000
[INFO:Rank 0]  My number of subdomains: 2
[INFO:Rank 0]  My subdomain ids       : [ 0 , 1 ]
[INFO:Rank 0]  Subdomain: 0
[INFO:Rank 0]      num_neurons: 3500
[INFO:Rank 0]      index_1d   : 0
[INFO:Rank 0]      index_3d   : ( 0 , 0 , 0 )
[INFO:Rank 0]      xyz_min    : ( 0 , 0 , 0 )
[INFO:Rank 0]      xyz_max    : ( 396.5 , 396.5 , 396.5 )

[INFO:Rank 0]  Subdomain: 1
[INFO:Rank 0]      num_neurons: 3500
[INFO:Rank 0]      index_1d   : 1
[INFO:Rank 0]      index_3d   : ( 1 , 0 , 0 )
[INFO:Rank 0]      xyz_min    : ( 396.5 , 0 , 0 )
[INFO:Rank 0]      xyz_max    : ( 793 , 396.5 , 396.5 )

[INFO:Rank 0]  init_free_object_list: max_num_objects: 1572352  sizeof(OctreeNode): 200
[INFO:Rank 0]  Neurons created
[INFO:Rank 0]  Neurons inserted into subdomains
[INFO:Rank 0]  Subdomains inserted into global tree
[INFO:Rank 0]  Network graph created
[INFO:Rank 0]  Synaptic elements initialized 

** STATE AFTER: 1 of 1 msec ** [Fri Jul 26 18:08:32 2019]
** UPDATE CONNECTIVITY AFTER: 1 of 1 msec ** [Fri Jul 26 18:08:32 2019]

[INFO:Rank 0]  Sum (all processes) number synapses deleted: 0
[INFO:Rank 0]  Sum (all processes) number synapses created: 1.29977e+06

======== TIMERS GLOBAL OVER ALL RANKS ========
                                                (    min      |     avg      |     max     ) sec.
TIMERS: main()
  main()                                       : 224.541      | 224.544      | 224.546     
  Initialization                               : 0.940681     | 0.943155     | 0.950095    
  Simulation loop                              : 223.592      | 223.6        | 223.601     
    Update electrical activity                 : 2.6e-08      | 3.52891e-08  | 5e-08       
    Update #synaptic elements delta            : 2.4e-08      | 3.41641e-08  | 4.3e-08     
    Connectivity update                        : 223.592      | 223.6        | 223.601     
      Update #synaptic elements + del synapses : 0            | 0            | 0           
      Update local trees                       : 0.00096801   | 0.00101344   | 0.00146735  
      Exchange branch nodes (w/ Allgather)     : 7.7514e-05   | 0.00791122   | 0.00907681  
      Insert branch nodes into global tree     : 2.4833e-05   | 3.52793e-05  | 0.000672693 
      Update global tree                       : 1.1095e-05   | 1.19647e-05  | 3.0286e-05  
      Find target neurons (w/ RMA)             : 16.5479      | 95.5689      | 223.128     
      Empty remote nodes cache                 : 0.0199284    | 0.0359929    | 0.0534053   
      Create synapses (w/ Alltoall)            : 0.415777     | 127.985      | 207.021     

======== RMA MEMORY ALLOCATOR RANK 0 ========
Min num objects available: 1497933

[INFO:Rank 0]  END: Fri Jul 26 18:12:15 2019

