Number ranks: 32
Partitioning based on number neurons would be: Rank 0: my_num_neurons: 6000 [start_id,end_id]: [0,5999]

[INFO:Rank 0]  START: Fri Jul 26 15:27:15 2019

** PARAMETERS **

num_neurons                  : 192000
frac_neurons_exc             : 0.8
simulation_time              : 1
x_0                          : 0.05
tau_x                        : 5
k                            : 0.03
tau_C                        : 5000
beta                         : 0.001
C_target                     : 0.5
refrac_time                  : 4
h                            : 10
eta_A                        : 0
eta_D_ex                     : 0
eta_D_in                     : 0
nu                           : 1e-05
vacant_retract_ratio         : 0
accept_criterion (BH)        : 0.4
sigma (BH)                   : 750
naive_method (BH)            : 0
num_log_files                : 9
log_start_neuron             : 0
mpi_rma_mem_size (Byte)      : 314572800
max_num_pending_vacant_axons : 1000

[INFO:Rank 0]  Simulation box length          : 1508 (height = width = depth)
[INFO:Rank 0]  Subdomain length               : 377 (height = width = depth)
[INFO:Rank 0]  Total number subdomains        : 64
[INFO:Rank 0]  Number subdomains per dimension: 4
[INFO:Rank 0]  My number of neurons   : 6000
[INFO:Rank 0]  My number of subdomains: 2
[INFO:Rank 0]  My subdomain ids       : [ 0 , 1 ]
[INFO:Rank 0]  Subdomain: 0
[INFO:Rank 0]      num_neurons: 3000
[INFO:Rank 0]      index_1d   : 0
[INFO:Rank 0]      index_3d   : ( 0 , 0 , 0 )
[INFO:Rank 0]      xyz_min    : ( 0 , 0 , 0 )
[INFO:Rank 0]      xyz_max    : ( 377 , 377 , 377 )

[INFO:Rank 0]  Subdomain: 1
[INFO:Rank 0]      num_neurons: 3000
[INFO:Rank 0]      index_1d   : 1
[INFO:Rank 0]      index_3d   : ( 1 , 0 , 0 )
[INFO:Rank 0]      xyz_min    : ( 377 , 0 , 0 )
[INFO:Rank 0]      xyz_max    : ( 754 , 377 , 377 )

[INFO:Rank 0]  init_free_object_list: max_num_objects: 1572800  sizeof(OctreeNode): 200
[INFO:Rank 0]  Neurons created
[INFO:Rank 0]  Neurons inserted into subdomains
[INFO:Rank 0]  Subdomains inserted into global tree
[INFO:Rank 0]  Network graph created
[INFO:Rank 0]  Synaptic elements initialized 

** STATE AFTER: 1 of 1 msec ** [Fri Jul 26 15:27:16 2019]
** UPDATE CONNECTIVITY AFTER: 1 of 1 msec ** [Fri Jul 26 15:27:16 2019]

[INFO:Rank 0]  Sum (all processes) number synapses deleted: 0
[INFO:Rank 0]  Sum (all processes) number synapses created: 137473

======== TIMERS GLOBAL OVER ALL RANKS ========
                                                (    min      |     avg      |     max     ) sec.
TIMERS: main()
  main()                                       : 12.2682      | 12.2718      | 12.2744     
  Initialization                               : 0.301268     | 0.304889     | 0.307658    
  Simulation loop                              : 11.9647      | 11.9666      | 11.9673     
    Update electrical activity                 : 2.6e-08      | 3.50938e-08  | 3.9e-08     
    Update #synaptic elements delta            : 2.6e-08      | 3.40937e-08  | 3.6e-08     
    Connectivity update                        : 11.9646      | 11.9665      | 11.9672     
      Update #synaptic elements + del synapses : 0            | 0            | 0           
      Update local trees                       : 0.000839294  | 0.000863067  | 0.000905876 
      Exchange branch nodes (w/ Allgather)     : 3.25e-05     | 0.0018768    | 0.00251913  
      Insert branch nodes into global tree     : 3.609e-06    | 3.94784e-06  | 4.377e-06   
      Update global tree                       : 1.921e-06    | 2.11725e-06  | 2.419e-06   
      Find target neurons (w/ RMA)             : 2.16414      | 6.08028      | 11.8817     
      Empty remote nodes cache                 : 0.0152543    | 0.01764      | 0.0197731   
      Create synapses (w/ Alltoall)            : 0.0622439    | 5.86574      | 9.78407     

======== RMA MEMORY ALLOCATOR RANK 0 ========
Min num objects available: 1515503

[INFO:Rank 0]  END: Fri Jul 26 15:27:28 2019

Number ranks: 32
Partitioning based on number neurons would be: Rank 0: my_num_neurons: 6000 [start_id,end_id]: [0,5999]

[INFO:Rank 0]  START: Fri Jul 26 15:27:28 2019

** PARAMETERS **

num_neurons                  : 192000
frac_neurons_exc             : 0.8
simulation_time              : 1
x_0                          : 0.05
tau_x                        : 5
k                            : 0.03
tau_C                        : 5000
beta                         : 0.001
C_target                     : 0.5
refrac_time                  : 4
h                            : 10
eta_A                        : 0
eta_D_ex                     : 0
eta_D_in                     : 0
nu                           : 1e-05
vacant_retract_ratio         : 0
accept_criterion (BH)        : 0.4
sigma (BH)                   : 750
naive_method (BH)            : 0
num_log_files                : 9
log_start_neuron             : 0
mpi_rma_mem_size (Byte)      : 314572800
max_num_pending_vacant_axons : 1000

[INFO:Rank 0]  Simulation box length          : 1508 (height = width = depth)
[INFO:Rank 0]  Subdomain length               : 377 (height = width = depth)
[INFO:Rank 0]  Total number subdomains        : 64
[INFO:Rank 0]  Number subdomains per dimension: 4
[INFO:Rank 0]  My number of neurons   : 6000
[INFO:Rank 0]  My number of subdomains: 2
[INFO:Rank 0]  My subdomain ids       : [ 0 , 1 ]
[INFO:Rank 0]  Subdomain: 0
[INFO:Rank 0]      num_neurons: 3000
[INFO:Rank 0]      index_1d   : 0
[INFO:Rank 0]      index_3d   : ( 0 , 0 , 0 )
[INFO:Rank 0]      xyz_min    : ( 0 , 0 , 0 )
[INFO:Rank 0]      xyz_max    : ( 377 , 377 , 377 )

[INFO:Rank 0]  Subdomain: 1
[INFO:Rank 0]      num_neurons: 3000
[INFO:Rank 0]      index_1d   : 1
[INFO:Rank 0]      index_3d   : ( 1 , 0 , 0 )
[INFO:Rank 0]      xyz_min    : ( 377 , 0 , 0 )
[INFO:Rank 0]      xyz_max    : ( 754 , 377 , 377 )

[INFO:Rank 0]  init_free_object_list: max_num_objects: 1572800  sizeof(OctreeNode): 200
[INFO:Rank 0]  Neurons created
[INFO:Rank 0]  Neurons inserted into subdomains
[INFO:Rank 0]  Subdomains inserted into global tree
[INFO:Rank 0]  Network graph created
[INFO:Rank 0]  Synaptic elements initialized 

** STATE AFTER: 1 of 1 msec ** [Fri Jul 26 15:27:29 2019]
** UPDATE CONNECTIVITY AFTER: 1 of 1 msec ** [Fri Jul 26 15:27:29 2019]

[INFO:Rank 0]  Sum (all processes) number synapses deleted: 0
[INFO:Rank 0]  Sum (all processes) number synapses created: 137473

======== TIMERS GLOBAL OVER ALL RANKS ========
                                                (    min      |     avg      |     max     ) sec.
TIMERS: main()
  main()                                       : 12.2477      | 12.2504      | 12.2528     
  Initialization                               : 0.303287     | 0.30676      | 0.310032    
  Simulation loop                              : 11.941       | 11.9432      | 11.9441     
    Update electrical activity                 : 3.2e-08      | 3.47188e-08  | 3.7e-08     
    Update #synaptic elements delta            : 3.2e-08      | 3.42188e-08  | 3.9e-08     
    Connectivity update                        : 11.9409      | 11.9431      | 11.9441     
      Update #synaptic elements + del synapses : 0            | 0            | 0           
      Update local trees                       : 0.000837922  | 0.00086722   | 0.00104455  
      Exchange branch nodes (w/ Allgather)     : 3.1925e-05   | 0.00211983   | 0.00296803  
      Insert branch nodes into global tree     : 3.511e-06    | 4.00172e-06  | 4.718e-06   
      Update global tree                       : 1.905e-06    | 2.16431e-06  | 2.495e-06   
      Find target neurons (w/ RMA)             : 2.22185      | 6.08573      | 11.8623     
      Empty remote nodes cache                 : 0.01549      | 0.0176944    | 0.0200085   
      Create synapses (w/ Alltoall)            : 0.0585711    | 5.8366       | 9.70242     

======== RMA MEMORY ALLOCATOR RANK 0 ========
Min num objects available: 1515503

[INFO:Rank 0]  END: Fri Jul 26 15:27:40 2019

