Number ranks: 64
Partitioning based on number neurons would be: Rank 0: my_num_neurons: 9000 [start_id,end_id]: [0,8999]

[INFO:Rank 0]  START: Fri Jul 26 16:17:36 2019

** PARAMETERS **

num_neurons                  : 576000
frac_neurons_exc             : 0.8
simulation_time              : 1
x_0                          : 0.05
tau_x                        : 5
k                            : 0.03
tau_C                        : 5000
beta                         : 0.001
C_target                     : 0.5
refrac_time                  : 4
h                            : 10
eta_A                        : 0
eta_D_ex                     : 0
eta_D_in                     : 0
nu                           : 1e-05
vacant_retract_ratio         : 0
accept_criterion (BH)        : 0.2
sigma (BH)                   : 750
naive_method (BH)            : 0
num_log_files                : 9
log_start_neuron             : 0
mpi_rma_mem_size (Byte)      : 314572800
max_num_pending_vacant_axons : 1000

[INFO:Rank 0]  Simulation box length          : 2184 (height = width = depth)
[INFO:Rank 0]  Subdomain length               : 546 (height = width = depth)
[INFO:Rank 0]  Total number subdomains        : 64
[INFO:Rank 0]  Number subdomains per dimension: 4
[INFO:Rank 0]  My number of neurons   : 9000
[INFO:Rank 0]  My number of subdomains: 1
[INFO:Rank 0]  My subdomain ids       : [ 0 , 0 ]
[INFO:Rank 0]  Subdomain: 0
[INFO:Rank 0]      num_neurons: 9000
[INFO:Rank 0]      index_1d   : 0
[INFO:Rank 0]      index_3d   : ( 0 , 0 , 0 )
[INFO:Rank 0]      xyz_min    : ( 0 , 0 , 0 )
[INFO:Rank 0]      xyz_max    : ( 546 , 546 , 546 )

[INFO:Rank 0]  init_free_object_list: max_num_objects: 1572800  sizeof(OctreeNode): 200
[INFO:Rank 0]  Neurons created
[INFO:Rank 0]  Neurons inserted into subdomains
[INFO:Rank 0]  Subdomains inserted into global tree
[INFO:Rank 0]  Network graph created
[INFO:Rank 0]  Synaptic elements initialized 

** STATE AFTER: 1 of 1 msec ** [Fri Jul 26 16:17:36 2019]
** UPDATE CONNECTIVITY AFTER: 1 of 1 msec ** [Fri Jul 26 16:17:36 2019]

[INFO:Rank 0]  Sum (all processes) number synapses deleted: 0
[INFO:Rank 0]  Sum (all processes) number synapses created: 415951

======== TIMERS GLOBAL OVER ALL RANKS ========
                                                (    min      |     avg      |     max     ) sec.
TIMERS: main()
  main()                                       : 165.947      | 165.952      | 165.954     
  Initialization                               : 0.398236     | 0.402651     | 0.406809    
  Simulation loop                              : 165.546      | 165.548      | 165.55      
    Update electrical activity                 : 2.5e-08      | 3.50156e-08  | 4.5e-08     
    Update #synaptic elements delta            : 2.6e-08      | 3.40625e-08  | 5.1e-08     
    Connectivity update                        : 165.546      | 165.548      | 165.549     
      Update #synaptic elements + del synapses : 0            | 0            | 0           
      Update local trees                       : 0.00127101   | 0.00130984   | 0.00135242  
      Exchange branch nodes (w/ Allgather)     : 3.8551e-05   | 0.00240569   | 0.00318917  
      Insert branch nodes into global tree     : 3.708e-06    | 4.24978e-06  | 1.4551e-05  
      Update global tree                       : 1.858e-06    | 2.22475e-06  | 1.3287e-05  
      Find target neurons (w/ RMA)             : 21.4875      | 73.3148      | 165.375     
      Empty remote nodes cache                 : 0.0244509    | 0.0370364    | 0.0490015   
      Create synapses (w/ Alltoall)            : 0.124883     | 92.1926      | 144.027     

======== RMA MEMORY ALLOCATOR RANK 0 ========
Min num objects available: 1487409

[INFO:Rank 0]  END: Fri Jul 26 16:20:22 2019

Number ranks: 64
Partitioning based on number neurons would be: Rank 0: my_num_neurons: 9000 [start_id,end_id]: [0,8999]

[INFO:Rank 0]  START: Fri Jul 26 16:20:25 2019

** PARAMETERS **

num_neurons                  : 576000
frac_neurons_exc             : 0.8
simulation_time              : 1
x_0                          : 0.05
tau_x                        : 5
k                            : 0.03
tau_C                        : 5000
beta                         : 0.001
C_target                     : 0.5
refrac_time                  : 4
h                            : 10
eta_A                        : 0
eta_D_ex                     : 0
eta_D_in                     : 0
nu                           : 1e-05
vacant_retract_ratio         : 0
accept_criterion (BH)        : 0.2
sigma (BH)                   : 750
naive_method (BH)            : 0
num_log_files                : 9
log_start_neuron             : 0
mpi_rma_mem_size (Byte)      : 314572800
max_num_pending_vacant_axons : 1000

[INFO:Rank 0]  Simulation box length          : 2184 (height = width = depth)
[INFO:Rank 0]  Subdomain length               : 546 (height = width = depth)
[INFO:Rank 0]  Total number subdomains        : 64
[INFO:Rank 0]  Number subdomains per dimension: 4
[INFO:Rank 0]  My number of neurons   : 9000
[INFO:Rank 0]  My number of subdomains: 1
[INFO:Rank 0]  My subdomain ids       : [ 0 , 0 ]
[INFO:Rank 0]  Subdomain: 0
[INFO:Rank 0]      num_neurons: 9000
[INFO:Rank 0]      index_1d   : 0
[INFO:Rank 0]      index_3d   : ( 0 , 0 , 0 )
[INFO:Rank 0]      xyz_min    : ( 0 , 0 , 0 )
[INFO:Rank 0]      xyz_max    : ( 546 , 546 , 546 )

[INFO:Rank 0]  init_free_object_list: max_num_objects: 1572800  sizeof(OctreeNode): 200
[INFO:Rank 0]  Neurons created
[INFO:Rank 0]  Neurons inserted into subdomains
[INFO:Rank 0]  Subdomains inserted into global tree
[INFO:Rank 0]  Network graph created
[INFO:Rank 0]  Synaptic elements initialized 

** STATE AFTER: 1 of 1 msec ** [Fri Jul 26 16:20:26 2019]
** UPDATE CONNECTIVITY AFTER: 1 of 1 msec ** [Fri Jul 26 16:20:26 2019]

[INFO:Rank 0]  Sum (all processes) number synapses deleted: 0
[INFO:Rank 0]  Sum (all processes) number synapses created: 415951

======== TIMERS GLOBAL OVER ALL RANKS ========
                                                (    min      |     avg      |     max     ) sec.
TIMERS: main()
  main()                                       : 166.251      | 166.256      | 166.259     
  Initialization                               : 0.395561     | 0.399558     | 0.403968    
  Simulation loop                              : 165.854      | 165.855      | 165.856     
    Update electrical activity                 : 3.2e-08      | 3.57344e-08  | 5.2e-08     
    Update #synaptic elements delta            : 3.1e-08      | 3.44531e-08  | 3.9e-08     
    Connectivity update                        : 165.854      | 165.855      | 165.856     
      Update #synaptic elements + del synapses : 0            | 0            | 0           
      Update local trees                       : 0.00126669   | 0.00132391   | 0.00163029  
      Exchange branch nodes (w/ Allgather)     : 2.9442e-05   | 0.00148093   | 0.00219044  
      Insert branch nodes into global tree     : 3.722e-06    | 4.01886e-06  | 4.555e-06   
      Update global tree                       : 1.821e-06    | 2.15303e-06  | 5.215e-06   
      Find target neurons (w/ RMA)             : 21.8295      | 73.3531      | 165.681     
      Empty remote nodes cache                 : 0.0247426    | 0.0370114    | 0.0489807   
      Create synapses (w/ Alltoall)            : 0.12772      | 92.4621      | 143.995     

======== RMA MEMORY ALLOCATOR RANK 0 ========
Min num objects available: 1487409

[INFO:Rank 0]  END: Fri Jul 26 16:23:11 2019

