Number ranks: 32
Partitioning based on number neurons would be: Rank 0: my_num_neurons: 9000 [start_id,end_id]: [0,8999]

[INFO:Rank 0]  START: Fri Jul 26 15:38:36 2019

** PARAMETERS **

num_neurons                  : 288000
frac_neurons_exc             : 0.8
simulation_time              : 1
x_0                          : 0.05
tau_x                        : 5
k                            : 0.03
tau_C                        : 5000
beta                         : 0.001
C_target                     : 0.5
refrac_time                  : 4
h                            : 10
eta_A                        : 0
eta_D_ex                     : 0
eta_D_in                     : 0
nu                           : 1e-05
vacant_retract_ratio         : 0
accept_criterion (BH)        : 0.1
sigma (BH)                   : 750
naive_method (BH)            : 0
num_log_files                : 9
log_start_neuron             : 0
mpi_rma_mem_size (Byte)      : 314572800
max_num_pending_vacant_axons : 1000

[INFO:Rank 0]  Simulation box length          : 1742 (height = width = depth)
[INFO:Rank 0]  Subdomain length               : 435.5 (height = width = depth)
[INFO:Rank 0]  Total number subdomains        : 64
[INFO:Rank 0]  Number subdomains per dimension: 4
[INFO:Rank 0]  My number of neurons   : 9000
[INFO:Rank 0]  My number of subdomains: 2
[INFO:Rank 0]  My subdomain ids       : [ 0 , 1 ]
[INFO:Rank 0]  Subdomain: 0
[INFO:Rank 0]      num_neurons: 4500
[INFO:Rank 0]      index_1d   : 0
[INFO:Rank 0]      index_3d   : ( 0 , 0 , 0 )
[INFO:Rank 0]      xyz_min    : ( 0 , 0 , 0 )
[INFO:Rank 0]      xyz_max    : ( 435.5 , 435.5 , 435.5 )

[INFO:Rank 0]  Subdomain: 1
[INFO:Rank 0]      num_neurons: 4500
[INFO:Rank 0]      index_1d   : 1
[INFO:Rank 0]      index_3d   : ( 1 , 0 , 0 )
[INFO:Rank 0]      xyz_min    : ( 435.5 , 0 , 0 )
[INFO:Rank 0]      xyz_max    : ( 871 , 435.5 , 435.5 )

[INFO:Rank 0]  init_free_object_list: max_num_objects: 1572800  sizeof(OctreeNode): 200
[INFO:Rank 0]  Neurons created
[INFO:Rank 0]  Neurons inserted into subdomains
[INFO:Rank 0]  Subdomains inserted into global tree
[INFO:Rank 0]  Network graph created
[INFO:Rank 0]  Synaptic elements initialized 

** STATE AFTER: 1 of 1 msec ** [Fri Jul 26 15:38:37 2019]
** UPDATE CONNECTIVITY AFTER: 1 of 1 msec ** [Fri Jul 26 15:38:37 2019]

[INFO:Rank 0]  Sum (all processes) number synapses deleted: 0
[INFO:Rank 0]  Sum (all processes) number synapses created: 207944

======== TIMERS GLOBAL OVER ALL RANKS ========
                                                (    min      |     avg      |     max     ) sec.
TIMERS: main()
  main()                                       : 834.66       | 834.662      | 834.664     
  Initialization                               : 0.306295     | 0.308521     | 0.310636    
  Simulation loop                              : 834.352      | 834.353      | 834.354     
    Update electrical activity                 : 3.2e-08      | 3.5e-08      | 3.7e-08     
    Update #synaptic elements delta            : 3.2e-08      | 3.4125e-08   | 3.6e-08     
    Connectivity update                        : 834.352      | 834.353      | 834.353     
      Update #synaptic elements + del synapses : 0            | 0            | 0           
      Update local trees                       : 0.00125221   | 0.00130217   | 0.00158487  
      Exchange branch nodes (w/ Allgather)     : 5.4554e-05   | 0.00105782   | 0.00148078  
      Insert branch nodes into global tree     : 3.523e-06    | 3.88094e-06  | 4.499e-06   
      Update global tree                       : 1.93e-06     | 2.14788e-06  | 2.712e-06   
      Find target neurons (w/ RMA)             : 132.121      | 406.958      | 834.223     
      Empty remote nodes cache                 : 0.0282321    | 0.0429784    | 0.0555848   
      Create synapses (w/ Alltoall)            : 0.0712729    | 427.349      | 702.193     

======== RMA MEMORY ALLOCATOR RANK 0 ========
Min num objects available: 1466787

[INFO:Rank 0]  END: Fri Jul 26 15:52:31 2019

Number ranks: 32
Partitioning based on number neurons would be: Rank 0: my_num_neurons: 9000 [start_id,end_id]: [0,8999]

[INFO:Rank 0]  START: Fri Jul 26 15:52:32 2019

** PARAMETERS **

num_neurons                  : 288000
frac_neurons_exc             : 0.8
simulation_time              : 1
x_0                          : 0.05
tau_x                        : 5
k                            : 0.03
tau_C                        : 5000
beta                         : 0.001
C_target                     : 0.5
refrac_time                  : 4
h                            : 10
eta_A                        : 0
eta_D_ex                     : 0
eta_D_in                     : 0
nu                           : 1e-05
vacant_retract_ratio         : 0
accept_criterion (BH)        : 0.1
sigma (BH)                   : 750
naive_method (BH)            : 0
num_log_files                : 9
log_start_neuron             : 0
mpi_rma_mem_size (Byte)      : 314572800
max_num_pending_vacant_axons : 1000

[INFO:Rank 0]  Simulation box length          : 1742 (height = width = depth)
[INFO:Rank 0]  Subdomain length               : 435.5 (height = width = depth)
[INFO:Rank 0]  Total number subdomains        : 64
[INFO:Rank 0]  Number subdomains per dimension: 4
[INFO:Rank 0]  My number of neurons   : 9000
[INFO:Rank 0]  My number of subdomains: 2
[INFO:Rank 0]  My subdomain ids       : [ 0 , 1 ]
[INFO:Rank 0]  Subdomain: 0
[INFO:Rank 0]      num_neurons: 4500
[INFO:Rank 0]      index_1d   : 0
[INFO:Rank 0]      index_3d   : ( 0 , 0 , 0 )
[INFO:Rank 0]      xyz_min    : ( 0 , 0 , 0 )
[INFO:Rank 0]      xyz_max    : ( 435.5 , 435.5 , 435.5 )

[INFO:Rank 0]  Subdomain: 1
[INFO:Rank 0]      num_neurons: 4500
[INFO:Rank 0]      index_1d   : 1
[INFO:Rank 0]      index_3d   : ( 1 , 0 , 0 )
[INFO:Rank 0]      xyz_min    : ( 435.5 , 0 , 0 )
[INFO:Rank 0]      xyz_max    : ( 871 , 435.5 , 435.5 )

[INFO:Rank 0]  init_free_object_list: max_num_objects: 1572800  sizeof(OctreeNode): 200
[INFO:Rank 0]  Neurons created
[INFO:Rank 0]  Neurons inserted into subdomains
[INFO:Rank 0]  Subdomains inserted into global tree
[INFO:Rank 0]  Network graph created
[INFO:Rank 0]  Synaptic elements initialized 

** STATE AFTER: 1 of 1 msec ** [Fri Jul 26 15:52:32 2019]
** UPDATE CONNECTIVITY AFTER: 1 of 1 msec ** [Fri Jul 26 15:52:32 2019]

[INFO:Rank 0]  Sum (all processes) number synapses deleted: 0
[INFO:Rank 0]  Sum (all processes) number synapses created: 207944

======== TIMERS GLOBAL OVER ALL RANKS ========
                                                (    min      |     avg      |     max     ) sec.
TIMERS: main()
  main()                                       : 835.887      | 835.89       | 835.892     
  Initialization                               : 0.305155     | 0.308112     | 0.316279    
  Simulation loop                              : 835.574      | 835.581      | 835.582     
    Update electrical activity                 : 3e-08        | 3.55938e-08  | 5.7e-08     
    Update #synaptic elements delta            : 2.7e-08      | 3.41875e-08  | 3.8e-08     
    Connectivity update                        : 835.574      | 835.581      | 835.582     
      Update #synaptic elements + del synapses : 0            | 0            | 0           
      Update local trees                       : 0.00125655   | 0.00129366   | 0.0015119   
      Exchange branch nodes (w/ Allgather)     : 4.291e-05    | 0.00732127   | 0.00831226  
      Insert branch nodes into global tree     : 3.655e-06    | 3.97331e-06  | 4.525e-06   
      Update global tree                       : 1.946e-06    | 2.17572e-06  | 2.64e-06    
      Find target neurons (w/ RMA)             : 132.145      | 406.656      | 835.45      
      Empty remote nodes cache                 : 0.0292789    | 0.0425407    | 0.0546203   
      Create synapses (w/ Alltoall)            : 0.0678573    | 428.873      | 703.392     

======== RMA MEMORY ALLOCATOR RANK 0 ========
Min num objects available: 1466787

[INFO:Rank 0]  END: Fri Jul 26 16:06:27 2019

