Number ranks: 512
Partitioning based on number neurons would be: Rank 0: my_num_neurons: 8000 [start_id,end_id]: [0,7999]

[INFO:Rank 0]  START: Fri Jul 26 23:45:40 2019

** PARAMETERS **

num_neurons                  : 4096000
frac_neurons_exc             : 0.8
simulation_time              : 1
x_0                          : 0.05
tau_x                        : 5
k                            : 0.03
tau_C                        : 5000
beta                         : 0.001
C_target                     : 0.5
refrac_time                  : 4
h                            : 10
eta_A                        : 0
eta_D_ex                     : 0
eta_D_in                     : 0
nu                           : 1e-05
vacant_retract_ratio         : 0
accept_criterion (BH)        : 0.4
sigma (BH)                   : 750
naive_method (BH)            : 0
num_log_files                : 9
log_start_neuron             : 0
mpi_rma_mem_size (Byte)      : 314572800
max_num_pending_vacant_axons : 1000

[INFO:Rank 0]  Simulation box length          : 4160 (height = width = depth)
[INFO:Rank 0]  Subdomain length               : 520 (height = width = depth)
[INFO:Rank 0]  Total number subdomains        : 512
[INFO:Rank 0]  Number subdomains per dimension: 8
[INFO:Rank 0]  My number of neurons   : 8000
[INFO:Rank 0]  My number of subdomains: 1
[INFO:Rank 0]  My subdomain ids       : [ 0 , 0 ]
[INFO:Rank 0]  Subdomain: 0
[INFO:Rank 0]      num_neurons: 8000
[INFO:Rank 0]      index_1d   : 0
[INFO:Rank 0]      index_3d   : ( 0 , 0 , 0 )
[INFO:Rank 0]      xyz_min    : ( 0 , 0 , 0 )
[INFO:Rank 0]      xyz_max    : ( 520 , 520 , 520 )

[INFO:Rank 0]  init_free_object_list: max_num_objects: 1572352  sizeof(OctreeNode): 200
[INFO:Rank 0]  Neurons created
[INFO:Rank 0]  Neurons inserted into subdomains
[INFO:Rank 0]  Subdomains inserted into global tree
[INFO:Rank 0]  Network graph created
[INFO:Rank 0]  Synaptic elements initialized 

** STATE AFTER: 1 of 1 msec ** [Fri Jul 26 23:45:42 2019]
** UPDATE CONNECTIVITY AFTER: 1 of 1 msec ** [Fri Jul 26 23:45:42 2019]

[INFO:Rank 0]  Sum (all processes) number synapses deleted: 0
[INFO:Rank 0]  Sum (all processes) number synapses created: 2.97295e+06

======== TIMERS GLOBAL OVER ALL RANKS ========
                                                (    min      |     avg      |     max     ) sec.
TIMERS: main()
  main()                                       : 36.5412      | 36.5435      | 36.5458     
  Initialization                               : 1.70224      | 1.70508      | 1.71243     
  Simulation loop                              : 34.8294      | 34.8375      | 34.8391     
    Update electrical activity                 : 2.6e-08      | 3.50879e-08  | 5.7e-08     
    Update #synaptic elements delta            : 2.3e-08      | 3.40625e-08  | 4.1e-08     
    Connectivity update                        : 34.8294      | 34.8372      | 34.839      
      Update #synaptic elements + del synapses : 0            | 0            | 0           
      Update local trees                       : 0.00111614   | 0.00116553   | 0.0014283   
      Exchange branch nodes (w/ Allgather)     : 0.000137858  | 0.00824974   | 0.00947822  
      Insert branch nodes into global tree     : 2.4906e-05   | 2.64443e-05  | 4.2214e-05  
      Update global tree                       : 1.1617e-05   | 1.28318e-05  | 2.7123e-05  
      Find target neurons (w/ RMA)             : 3.49923      | 17.2334      | 34.2734     
      Empty remote nodes cache                 : 0.0213899    | 0.0350855    | 0.0445669   
      Create synapses (w/ Alltoall)            : 0.513788     | 17.5587      | 31.3015     

======== RMA MEMORY ALLOCATOR RANK 0 ========
Min num objects available: 1497528

[INFO:Rank 0]  END: Fri Jul 26 23:46:17 2019

Number ranks: 512
Partitioning based on number neurons would be: Rank 0: my_num_neurons: 8000 [start_id,end_id]: [0,7999]

[INFO:Rank 0]  START: Fri Jul 26 23:46:18 2019

** PARAMETERS **

num_neurons                  : 4096000
frac_neurons_exc             : 0.8
simulation_time              : 1
x_0                          : 0.05
tau_x                        : 5
k                            : 0.03
tau_C                        : 5000
beta                         : 0.001
C_target                     : 0.5
refrac_time                  : 4
h                            : 10
eta_A                        : 0
eta_D_ex                     : 0
eta_D_in                     : 0
nu                           : 1e-05
vacant_retract_ratio         : 0
accept_criterion (BH)        : 0.4
sigma (BH)                   : 750
naive_method (BH)            : 0
num_log_files                : 9
log_start_neuron             : 0
mpi_rma_mem_size (Byte)      : 314572800
max_num_pending_vacant_axons : 1000

[INFO:Rank 0]  Simulation box length          : 4160 (height = width = depth)
[INFO:Rank 0]  Subdomain length               : 520 (height = width = depth)
[INFO:Rank 0]  Total number subdomains        : 512
[INFO:Rank 0]  Number subdomains per dimension: 8
[INFO:Rank 0]  My number of neurons   : 8000
[INFO:Rank 0]  My number of subdomains: 1
[INFO:Rank 0]  My subdomain ids       : [ 0 , 0 ]
[INFO:Rank 0]  Subdomain: 0
[INFO:Rank 0]      num_neurons: 8000
[INFO:Rank 0]      index_1d   : 0
[INFO:Rank 0]      index_3d   : ( 0 , 0 , 0 )
[INFO:Rank 0]      xyz_min    : ( 0 , 0 , 0 )
[INFO:Rank 0]      xyz_max    : ( 520 , 520 , 520 )

[INFO:Rank 0]  init_free_object_list: max_num_objects: 1572352  sizeof(OctreeNode): 200
[INFO:Rank 0]  Neurons created
[INFO:Rank 0]  Neurons inserted into subdomains
[INFO:Rank 0]  Subdomains inserted into global tree
[INFO:Rank 0]  Network graph created
[INFO:Rank 0]  Synaptic elements initialized 

** STATE AFTER: 1 of 1 msec ** [Fri Jul 26 23:46:20 2019]
** UPDATE CONNECTIVITY AFTER: 1 of 1 msec ** [Fri Jul 26 23:46:20 2019]

[INFO:Rank 0]  Sum (all processes) number synapses deleted: 0
[INFO:Rank 0]  Sum (all processes) number synapses created: 2.97295e+06

======== TIMERS GLOBAL OVER ALL RANKS ========
                                                (    min      |     avg      |     max     ) sec.
TIMERS: main()
  main()                                       : 36.7473      | 36.7517      | 36.7545     
  Initialization                               : 1.70736      | 1.71265      | 1.72149     
  Simulation loop                              : 35.0297      | 35.0377      | 35.0394     
    Update electrical activity                 : 2.5e-08      | 3.52734e-08  | 6.3e-08     
    Update #synaptic elements delta            : 2.5e-08      | 3.40527e-08  | 5e-08       
    Connectivity update                        : 35.0291      | 35.0375      | 35.0394     
      Update #synaptic elements + del synapses : 0            | 0            | 0           
      Update local trees                       : 0.00112087   | 0.00116808   | 0.00147311  
      Exchange branch nodes (w/ Allgather)     : 0.00012175   | 0.00824169   | 0.00987478  
      Insert branch nodes into global tree     : 2.4826e-05   | 2.65038e-05  | 4.0097e-05  
      Update global tree                       : 1.207e-05    | 1.28555e-05  | 2.7688e-05  
      Find target neurons (w/ RMA)             : 3.59814      | 17.2674      | 34.4719     
      Empty remote nodes cache                 : 0.0215076    | 0.0351505    | 0.0459172   
      Create synapses (w/ Alltoall)            : 0.515173     | 17.725       | 31.4051     

======== RMA MEMORY ALLOCATOR RANK 0 ========
Min num objects available: 1497528

[INFO:Rank 0]  END: Fri Jul 26 23:46:55 2019

