Number ranks: 64
Partitioning based on number neurons would be: Rank 0: my_num_neurons: 9000 [start_id,end_id]: [0,8999]

[INFO:Rank 0]  START: Fri Jul 26 16:21:38 2019

** PARAMETERS **

num_neurons                  : 576000
frac_neurons_exc             : 0.8
simulation_time              : 1
x_0                          : 0.05
tau_x                        : 5
k                            : 0.03
tau_C                        : 5000
beta                         : 0.001
C_target                     : 0.5
refrac_time                  : 4
h                            : 10
eta_A                        : 0
eta_D_ex                     : 0
eta_D_in                     : 0
nu                           : 1e-05
vacant_retract_ratio         : 0
accept_criterion (BH)        : 0.5
sigma (BH)                   : 750
naive_method (BH)            : 0
num_log_files                : 9
log_start_neuron             : 0
mpi_rma_mem_size (Byte)      : 314572800
max_num_pending_vacant_axons : 1000

[INFO:Rank 0]  Simulation box length          : 2184 (height = width = depth)
[INFO:Rank 0]  Subdomain length               : 546 (height = width = depth)
[INFO:Rank 0]  Total number subdomains        : 64
[INFO:Rank 0]  Number subdomains per dimension: 4
[INFO:Rank 0]  My number of neurons   : 9000
[INFO:Rank 0]  My number of subdomains: 1
[INFO:Rank 0]  My subdomain ids       : [ 0 , 0 ]
[INFO:Rank 0]  Subdomain: 0
[INFO:Rank 0]      num_neurons: 9000
[INFO:Rank 0]      index_1d   : 0
[INFO:Rank 0]      index_3d   : ( 0 , 0 , 0 )
[INFO:Rank 0]      xyz_min    : ( 0 , 0 , 0 )
[INFO:Rank 0]      xyz_max    : ( 546 , 546 , 546 )

[INFO:Rank 0]  init_free_object_list: max_num_objects: 1572800  sizeof(OctreeNode): 200
[INFO:Rank 0]  Neurons created
[INFO:Rank 0]  Neurons inserted into subdomains
[INFO:Rank 0]  Subdomains inserted into global tree
[INFO:Rank 0]  Network graph created
[INFO:Rank 0]  Synaptic elements initialized 

** STATE AFTER: 1 of 1 msec ** [Fri Jul 26 16:21:39 2019]
** UPDATE CONNECTIVITY AFTER: 1 of 1 msec ** [Fri Jul 26 16:21:39 2019]

[INFO:Rank 0]  Sum (all processes) number synapses deleted: 0
[INFO:Rank 0]  Sum (all processes) number synapses created: 413948

======== TIMERS GLOBAL OVER ALL RANKS ========
                                                (    min      |     avg      |     max     ) sec.
TIMERS: main()
  main()                                       : 12.7688      | 12.7718      | 12.7738     
  Initialization                               : 0.395614     | 0.399184     | 0.403426    
  Simulation loop                              : 12.3676      | 12.3722      | 12.3732     
    Update electrical activity                 : 2.5e-08      | 8.95781e-08  | 1.257e-06   
    Update #synaptic elements delta            : 2.6e-08      | 8.63906e-08  | 1.188e-06   
    Connectivity update                        : 12.3676      | 12.3721      | 12.3732     
      Update #synaptic elements + del synapses : 0            | 0            | 0           
      Update local trees                       : 0.00127212   | 0.00131309   | 0.00136836  
      Exchange branch nodes (w/ Allgather)     : 7.3641e-05   | 0.00457488   | 0.00547659  
      Insert branch nodes into global tree     : 3.635e-06    | 4.13734e-06  | 8.87e-06    
      Update global tree                       : 1.826e-06    | 2.24477e-06  | 1.2874e-05  
      Find target neurons (w/ RMA)             : 2.12659      | 6.20924      | 12.2027     
      Empty remote nodes cache                 : 0.0232122    | 0.0301945    | 0.0399596   
      Create synapses (w/ Alltoall)            : 0.1268       | 6.12666      | 10.2146     

======== RMA MEMORY ALLOCATOR RANK 0 ========
Min num objects available: 1492615

[INFO:Rank 0]  END: Fri Jul 26 16:21:51 2019

Number ranks: 64
Partitioning based on number neurons would be: Rank 0: my_num_neurons: 9000 [start_id,end_id]: [0,8999]

[INFO:Rank 0]  START: Fri Jul 26 16:21:52 2019

** PARAMETERS **

num_neurons                  : 576000
frac_neurons_exc             : 0.8
simulation_time              : 1
x_0                          : 0.05
tau_x                        : 5
k                            : 0.03
tau_C                        : 5000
beta                         : 0.001
C_target                     : 0.5
refrac_time                  : 4
h                            : 10
eta_A                        : 0
eta_D_ex                     : 0
eta_D_in                     : 0
nu                           : 1e-05
vacant_retract_ratio         : 0
accept_criterion (BH)        : 0.5
sigma (BH)                   : 750
naive_method (BH)            : 0
num_log_files                : 9
log_start_neuron             : 0
mpi_rma_mem_size (Byte)      : 314572800
max_num_pending_vacant_axons : 1000

[INFO:Rank 0]  Simulation box length          : 2184 (height = width = depth)
[INFO:Rank 0]  Subdomain length               : 546 (height = width = depth)
[INFO:Rank 0]  Total number subdomains        : 64
[INFO:Rank 0]  Number subdomains per dimension: 4
[INFO:Rank 0]  My number of neurons   : 9000
[INFO:Rank 0]  My number of subdomains: 1
[INFO:Rank 0]  My subdomain ids       : [ 0 , 0 ]
[INFO:Rank 0]  Subdomain: 0
[INFO:Rank 0]      num_neurons: 9000
[INFO:Rank 0]      index_1d   : 0
[INFO:Rank 0]      index_3d   : ( 0 , 0 , 0 )
[INFO:Rank 0]      xyz_min    : ( 0 , 0 , 0 )
[INFO:Rank 0]      xyz_max    : ( 546 , 546 , 546 )

[INFO:Rank 0]  init_free_object_list: max_num_objects: 1572800  sizeof(OctreeNode): 200
[INFO:Rank 0]  Neurons created
[INFO:Rank 0]  Neurons inserted into subdomains
[INFO:Rank 0]  Subdomains inserted into global tree
[INFO:Rank 0]  Network graph created
[INFO:Rank 0]  Synaptic elements initialized 

** STATE AFTER: 1 of 1 msec ** [Fri Jul 26 16:21:52 2019]
** UPDATE CONNECTIVITY AFTER: 1 of 1 msec ** [Fri Jul 26 16:21:52 2019]

[INFO:Rank 0]  Sum (all processes) number synapses deleted: 0
[INFO:Rank 0]  Sum (all processes) number synapses created: 413948

======== TIMERS GLOBAL OVER ALL RANKS ========
                                                (    min      |     avg      |     max     ) sec.
TIMERS: main()
  main()                                       : 12.8081      | 12.8135      | 12.8162     
  Initialization                               : 0.398244     | 0.403872     | 0.410735    
  Simulation loop                              : 12.4022      | 12.4091      | 12.4099     
    Update electrical activity                 : 2.8e-08      | 6.98906e-08  | 6.29e-07    
    Update #synaptic elements delta            : 2.7e-08      | 6.93594e-08  | 6.29e-07    
    Connectivity update                        : 12.4022      | 12.4091      | 12.4099     
      Update #synaptic elements + del synapses : 0            | 0            | 0           
      Update local trees                       : 0.001273     | 0.00131977   | 0.00157208  
      Exchange branch nodes (w/ Allgather)     : 3.8007e-05   | 0.00699681   | 0.00787683  
      Insert branch nodes into global tree     : 3.676e-06    | 4.26317e-06  | 1.4477e-05  
      Update global tree                       : 1.856e-06    | 2.11866e-06  | 2.863e-06   
      Find target neurons (w/ RMA)             : 2.14334      | 6.23118      | 12.2399     
      Empty remote nodes cache                 : 0.0233003    | 0.0303076    | 0.037619    
      Create synapses (w/ Alltoall)            : 0.123112     | 6.13909      | 10.2328     

======== RMA MEMORY ALLOCATOR RANK 0 ========
Min num objects available: 1492615

[INFO:Rank 0]  END: Fri Jul 26 16:22:05 2019

