Number ranks: 128
Partitioning based on number neurons would be: Rank 0: my_num_neurons: 7000 [start_id,end_id]: [0,6999]

[INFO:Rank 0]  START: Fri Jul 26 16:55:39 2019

** PARAMETERS **

num_neurons                  : 896000
frac_neurons_exc             : 0.8
simulation_time              : 1
x_0                          : 0.05
tau_x                        : 5
k                            : 0.03
tau_C                        : 5000
beta                         : 0.001
C_target                     : 0.5
refrac_time                  : 4
h                            : 10
eta_A                        : 0
eta_D_ex                     : 0
eta_D_in                     : 0
nu                           : 1e-05
vacant_retract_ratio         : 0
accept_criterion (BH)        : 0.4
sigma (BH)                   : 750
naive_method (BH)            : 0
num_log_files                : 9
log_start_neuron             : 0
mpi_rma_mem_size (Byte)      : 314572800
max_num_pending_vacant_axons : 1000

[INFO:Rank 0]  Simulation box length          : 2522 (height = width = depth)
[INFO:Rank 0]  Subdomain length               : 315.25 (height = width = depth)
[INFO:Rank 0]  Total number subdomains        : 512
[INFO:Rank 0]  Number subdomains per dimension: 8
[INFO:Rank 0]  My number of neurons   : 7000
[INFO:Rank 0]  My number of subdomains: 4
[INFO:Rank 0]  My subdomain ids       : [ 0 , 3 ]
[INFO:Rank 0]  Subdomain: 0
[INFO:Rank 0]      num_neurons: 1750
[INFO:Rank 0]      index_1d   : 0
[INFO:Rank 0]      index_3d   : ( 0 , 0 , 0 )
[INFO:Rank 0]      xyz_min    : ( 0 , 0 , 0 )
[INFO:Rank 0]      xyz_max    : ( 315.25 , 315.25 , 315.25 )

[INFO:Rank 0]  Subdomain: 1
[INFO:Rank 0]      num_neurons: 1750
[INFO:Rank 0]      index_1d   : 1
[INFO:Rank 0]      index_3d   : ( 1 , 0 , 0 )
[INFO:Rank 0]      xyz_min    : ( 315.25 , 0 , 0 )
[INFO:Rank 0]      xyz_max    : ( 630.5 , 315.25 , 315.25 )

[INFO:Rank 0]  Subdomain: 2
[INFO:Rank 0]      num_neurons: 1750
[INFO:Rank 0]      index_1d   : 2
[INFO:Rank 0]      index_3d   : ( 0 , 1 , 0 )
[INFO:Rank 0]      xyz_min    : ( 0 , 315.25 , 0 )
[INFO:Rank 0]      xyz_max    : ( 315.25 , 630.5 , 315.25 )

[INFO:Rank 0]  Subdomain: 3
[INFO:Rank 0]      num_neurons: 1750
[INFO:Rank 0]      index_1d   : 3
[INFO:Rank 0]      index_3d   : ( 1 , 1 , 0 )
[INFO:Rank 0]      xyz_min    : ( 315.25 , 315.25 , 0 )
[INFO:Rank 0]      xyz_max    : ( 630.5 , 630.5 , 315.25 )

[INFO:Rank 0]  init_free_object_list: max_num_objects: 1572352  sizeof(OctreeNode): 200
[INFO:Rank 0]  Neurons created
[INFO:Rank 0]  Neurons inserted into subdomains
[INFO:Rank 0]  Subdomains inserted into global tree
[INFO:Rank 0]  Network graph created
[INFO:Rank 0]  Synaptic elements initialized 

** STATE AFTER: 1 of 1 msec ** [Fri Jul 26 16:55:40 2019]
** UPDATE CONNECTIVITY AFTER: 1 of 1 msec ** [Fri Jul 26 16:55:40 2019]

[INFO:Rank 0]  Sum (all processes) number synapses deleted: 0
[INFO:Rank 0]  Sum (all processes) number synapses created: 646334

======== TIMERS GLOBAL OVER ALL RANKS ========
                                                (    min      |     avg      |     max     ) sec.
TIMERS: main()
  main()                                       : 23.6735      | 23.6762      | 23.6777     
  Initialization                               : 0.58154      | 0.584346     | 0.587897    
  Simulation loop                              : 23.0879      | 23.0911      | 23.0921     
    Update electrical activity                 : 2.7e-08      | 3.49297e-08  | 3.9e-08     
    Update #synaptic elements delta            : 2.7e-08      | 3.42109e-08  | 4.2e-08     
    Connectivity update                        : 23.0878      | 23.091       | 23.0918     
      Update #synaptic elements + del synapses : 0            | 0            | 0           
      Update local trees                       : 0.000977632  | 0.00100464   | 0.00119253  
      Exchange branch nodes (w/ Allgather)     : 0.000103501  | 0.00341574   | 0.00409436  
      Insert branch nodes into global tree     : 2.5075e-05   | 2.6593e-05   | 4.2092e-05  
      Update global tree                       : 1.1168e-05   | 1.20791e-05  | 1.6542e-05  
      Find target neurons (w/ RMA)             : 2.70257      | 11.1542      | 22.8293     
      Empty remote nodes cache                 : 0.0184225    | 0.0253327    | 0.0317698   
      Create synapses (w/ Alltoall)            : 0.225622     | 11.9068      | 20.3644     

======== RMA MEMORY ALLOCATOR RANK 0 ========
Min num objects available: 1503875

[INFO:Rank 0]  END: Fri Jul 26 16:56:03 2019

Number ranks: 128
Partitioning based on number neurons would be: Rank 0: my_num_neurons: 7000 [start_id,end_id]: [0,6999]

[INFO:Rank 0]  START: Fri Jul 26 16:56:04 2019

** PARAMETERS **

num_neurons                  : 896000
frac_neurons_exc             : 0.8
simulation_time              : 1
x_0                          : 0.05
tau_x                        : 5
k                            : 0.03
tau_C                        : 5000
beta                         : 0.001
C_target                     : 0.5
refrac_time                  : 4
h                            : 10
eta_A                        : 0
eta_D_ex                     : 0
eta_D_in                     : 0
nu                           : 1e-05
vacant_retract_ratio         : 0
accept_criterion (BH)        : 0.4
sigma (BH)                   : 750
naive_method (BH)            : 0
num_log_files                : 9
log_start_neuron             : 0
mpi_rma_mem_size (Byte)      : 314572800
max_num_pending_vacant_axons : 1000

[INFO:Rank 0]  Simulation box length          : 2522 (height = width = depth)
[INFO:Rank 0]  Subdomain length               : 315.25 (height = width = depth)
[INFO:Rank 0]  Total number subdomains        : 512
[INFO:Rank 0]  Number subdomains per dimension: 8
[INFO:Rank 0]  My number of neurons   : 7000
[INFO:Rank 0]  My number of subdomains: 4
[INFO:Rank 0]  My subdomain ids       : [ 0 , 3 ]
[INFO:Rank 0]  Subdomain: 0
[INFO:Rank 0]      num_neurons: 1750
[INFO:Rank 0]      index_1d   : 0
[INFO:Rank 0]      index_3d   : ( 0 , 0 , 0 )
[INFO:Rank 0]      xyz_min    : ( 0 , 0 , 0 )
[INFO:Rank 0]      xyz_max    : ( 315.25 , 315.25 , 315.25 )

[INFO:Rank 0]  Subdomain: 1
[INFO:Rank 0]      num_neurons: 1750
[INFO:Rank 0]      index_1d   : 1
[INFO:Rank 0]      index_3d   : ( 1 , 0 , 0 )
[INFO:Rank 0]      xyz_min    : ( 315.25 , 0 , 0 )
[INFO:Rank 0]      xyz_max    : ( 630.5 , 315.25 , 315.25 )

[INFO:Rank 0]  Subdomain: 2
[INFO:Rank 0]      num_neurons: 1750
[INFO:Rank 0]      index_1d   : 2
[INFO:Rank 0]      index_3d   : ( 0 , 1 , 0 )
[INFO:Rank 0]      xyz_min    : ( 0 , 315.25 , 0 )
[INFO:Rank 0]      xyz_max    : ( 315.25 , 630.5 , 315.25 )

[INFO:Rank 0]  Subdomain: 3
[INFO:Rank 0]      num_neurons: 1750
[INFO:Rank 0]      index_1d   : 3
[INFO:Rank 0]      index_3d   : ( 1 , 1 , 0 )
[INFO:Rank 0]      xyz_min    : ( 315.25 , 315.25 , 0 )
[INFO:Rank 0]      xyz_max    : ( 630.5 , 630.5 , 315.25 )

[INFO:Rank 0]  init_free_object_list: max_num_objects: 1572352  sizeof(OctreeNode): 200
[INFO:Rank 0]  Neurons created
[INFO:Rank 0]  Neurons inserted into subdomains
[INFO:Rank 0]  Subdomains inserted into global tree
[INFO:Rank 0]  Network graph created
[INFO:Rank 0]  Synaptic elements initialized 

** STATE AFTER: 1 of 1 msec ** [Fri Jul 26 16:56:05 2019]
** UPDATE CONNECTIVITY AFTER: 1 of 1 msec ** [Fri Jul 26 16:56:05 2019]

[INFO:Rank 0]  Sum (all processes) number synapses deleted: 0
[INFO:Rank 0]  Sum (all processes) number synapses created: 646334

======== TIMERS GLOBAL OVER ALL RANKS ========
                                                (    min      |     avg      |     max     ) sec.
TIMERS: main()
  main()                                       : 24.0327      | 24.0338      | 24.0354     
  Initialization                               : 0.579863     | 0.581684     | 0.58929     
  Simulation loop                              : 23.4443      | 23.4516      | 23.4528     
    Update electrical activity                 : 2.7e-08      | 3.53047e-08  | 4.4e-08     
    Update #synaptic elements delta            : 2.5e-08      | 3.43281e-08  | 4.5e-08     
    Connectivity update                        : 23.4442      | 23.4515      | 23.4527     
      Update #synaptic elements + del synapses : 0            | 0            | 0           
      Update local trees                       : 0.000974161  | 0.00101581   | 0.00119839  
      Exchange branch nodes (w/ Allgather)     : 8.1583e-05   | 0.00772889   | 0.00866627  
      Insert branch nodes into global tree     : 2.4847e-05   | 2.70434e-05  | 4.6664e-05  
      Update global tree                       : 1.1149e-05   | 1.23194e-05  | 2.3389e-05  
      Find target neurons (w/ RMA)             : 2.77112      | 11.1872      | 23.1833     
      Empty remote nodes cache                 : 0.0184072    | 0.0254193    | 0.0326868   
      Create synapses (w/ Alltoall)            : 0.226581     | 12.2298      | 20.6526     

======== RMA MEMORY ALLOCATOR RANK 0 ========
Min num objects available: 1503875

[INFO:Rank 0]  END: Fri Jul 26 16:56:28 2019

