Number ranks: 32
Partitioning based on number neurons would be: Rank 0: my_num_neurons: 5000 [start_id,end_id]: [0,4999]

[INFO:Rank 0]  START: Fri Jul 26 15:18:09 2019

** PARAMETERS **

num_neurons                  : 160000
frac_neurons_exc             : 0.8
simulation_time              : 1
x_0                          : 0.05
tau_x                        : 5
k                            : 0.03
tau_C                        : 5000
beta                         : 0.001
C_target                     : 0.5
refrac_time                  : 4
h                            : 10
eta_A                        : 0
eta_D_ex                     : 0
eta_D_in                     : 0
nu                           : 1e-05
vacant_retract_ratio         : 0
accept_criterion (BH)        : 0.3
sigma (BH)                   : 750
naive_method (BH)            : 0
num_log_files                : 9
log_start_neuron             : 0
mpi_rma_mem_size (Byte)      : 314572800
max_num_pending_vacant_axons : 1000

[INFO:Rank 0]  Simulation box length          : 1430 (height = width = depth)
[INFO:Rank 0]  Subdomain length               : 357.5 (height = width = depth)
[INFO:Rank 0]  Total number subdomains        : 64
[INFO:Rank 0]  Number subdomains per dimension: 4
[INFO:Rank 0]  My number of neurons   : 5000
[INFO:Rank 0]  My number of subdomains: 2
[INFO:Rank 0]  My subdomain ids       : [ 0 , 1 ]
[INFO:Rank 0]  Subdomain: 0
[INFO:Rank 0]      num_neurons: 2500
[INFO:Rank 0]      index_1d   : 0
[INFO:Rank 0]      index_3d   : ( 0 , 0 , 0 )
[INFO:Rank 0]      xyz_min    : ( 0 , 0 , 0 )
[INFO:Rank 0]      xyz_max    : ( 357.5 , 357.5 , 357.5 )

[INFO:Rank 0]  Subdomain: 1
[INFO:Rank 0]      num_neurons: 2500
[INFO:Rank 0]      index_1d   : 1
[INFO:Rank 0]      index_3d   : ( 1 , 0 , 0 )
[INFO:Rank 0]      xyz_min    : ( 357.5 , 0 , 0 )
[INFO:Rank 0]      xyz_max    : ( 715 , 357.5 , 357.5 )

[INFO:Rank 0]  init_free_object_list: max_num_objects: 1572800  sizeof(OctreeNode): 200
[INFO:Rank 0]  Neurons created
[INFO:Rank 0]  Neurons inserted into subdomains
[INFO:Rank 0]  Subdomains inserted into global tree
[INFO:Rank 0]  Network graph created
[INFO:Rank 0]  Synaptic elements initialized 

** STATE AFTER: 1 of 1 msec ** [Fri Jul 26 15:18:09 2019]
** UPDATE CONNECTIVITY AFTER: 1 of 1 msec ** [Fri Jul 26 15:18:09 2019]

[INFO:Rank 0]  Sum (all processes) number synapses deleted: 0
[INFO:Rank 0]  Sum (all processes) number synapses created: 114942

======== TIMERS GLOBAL OVER ALL RANKS ========
                                                (    min      |     avg      |     max     ) sec.
TIMERS: main()
  main()                                       : 22.1113      | 22.1146      | 22.1165     
  Initialization                               : 0.303025     | 0.306347     | 0.31244     
  Simulation loop                              : 21.8034      | 21.8078      | 21.8088     
    Update electrical activity                 : 3.1e-08      | 3.46875e-08  | 3.8e-08     
    Update #synaptic elements delta            : 3e-08        | 3.41875e-08  | 3.6e-08     
    Connectivity update                        : 21.8033      | 21.8078      | 21.8088     
      Update #synaptic elements + del synapses : 0            | 0            | 0           
      Update local trees                       : 0.000697394  | 0.00071899   | 0.000765247 
      Exchange branch nodes (w/ Allgather)     : 4.0615e-05   | 0.0044404    | 0.00530798  
      Insert branch nodes into global tree     : 3.502e-06    | 3.88334e-06  | 4.589e-06   
      Update global tree                       : 2.203e-06    | 2.62578e-06  | 3.037e-06   
      Find target neurons (w/ RMA)             : 3.58182      | 10.7826      | 21.7314     
      Empty remote nodes cache                 : 0.0126508    | 0.0155548    | 0.0180524   
      Create synapses (w/ Alltoall)            : 0.0549038    | 11.0044      | 18.2068     

======== RMA MEMORY ALLOCATOR RANK 0 ========
Min num objects available: 1521583

[INFO:Rank 0]  END: Fri Jul 26 15:18:31 2019

Number ranks: 32
Partitioning based on number neurons would be: Rank 0: my_num_neurons: 5000 [start_id,end_id]: [0,4999]

[INFO:Rank 0]  START: Fri Jul 26 15:18:31 2019

** PARAMETERS **

num_neurons                  : 160000
frac_neurons_exc             : 0.8
simulation_time              : 1
x_0                          : 0.05
tau_x                        : 5
k                            : 0.03
tau_C                        : 5000
beta                         : 0.001
C_target                     : 0.5
refrac_time                  : 4
h                            : 10
eta_A                        : 0
eta_D_ex                     : 0
eta_D_in                     : 0
nu                           : 1e-05
vacant_retract_ratio         : 0
accept_criterion (BH)        : 0.3
sigma (BH)                   : 750
naive_method (BH)            : 0
num_log_files                : 9
log_start_neuron             : 0
mpi_rma_mem_size (Byte)      : 314572800
max_num_pending_vacant_axons : 1000

[INFO:Rank 0]  Simulation box length          : 1430 (height = width = depth)
[INFO:Rank 0]  Subdomain length               : 357.5 (height = width = depth)
[INFO:Rank 0]  Total number subdomains        : 64
[INFO:Rank 0]  Number subdomains per dimension: 4
[INFO:Rank 0]  My number of neurons   : 5000
[INFO:Rank 0]  My number of subdomains: 2
[INFO:Rank 0]  My subdomain ids       : [ 0 , 1 ]
[INFO:Rank 0]  Subdomain: 0
[INFO:Rank 0]      num_neurons: 2500
[INFO:Rank 0]      index_1d   : 0
[INFO:Rank 0]      index_3d   : ( 0 , 0 , 0 )
[INFO:Rank 0]      xyz_min    : ( 0 , 0 , 0 )
[INFO:Rank 0]      xyz_max    : ( 357.5 , 357.5 , 357.5 )

[INFO:Rank 0]  Subdomain: 1
[INFO:Rank 0]      num_neurons: 2500
[INFO:Rank 0]      index_1d   : 1
[INFO:Rank 0]      index_3d   : ( 1 , 0 , 0 )
[INFO:Rank 0]      xyz_min    : ( 357.5 , 0 , 0 )
[INFO:Rank 0]      xyz_max    : ( 715 , 357.5 , 357.5 )

[INFO:Rank 0]  init_free_object_list: max_num_objects: 1572800  sizeof(OctreeNode): 200
[INFO:Rank 0]  Neurons created
[INFO:Rank 0]  Neurons inserted into subdomains
[INFO:Rank 0]  Subdomains inserted into global tree
[INFO:Rank 0]  Network graph created
[INFO:Rank 0]  Synaptic elements initialized 

** STATE AFTER: 1 of 1 msec ** [Fri Jul 26 15:18:32 2019]
** UPDATE CONNECTIVITY AFTER: 1 of 1 msec ** [Fri Jul 26 15:18:32 2019]

[INFO:Rank 0]  Sum (all processes) number synapses deleted: 0
[INFO:Rank 0]  Sum (all processes) number synapses created: 114942

======== TIMERS GLOBAL OVER ALL RANKS ========
                                                (    min      |     avg      |     max     ) sec.
TIMERS: main()
  main()                                       : 22.0693      | 22.0716      | 22.0735     
  Initialization                               : 0.297861     | 0.300399     | 0.302844    
  Simulation loop                              : 21.7703      | 21.7709      | 21.7715     
    Update electrical activity                 : 3.3e-08      | 3.59375e-08  | 4.4e-08     
    Update #synaptic elements delta            : 3.1e-08      | 3.45313e-08  | 4e-08       
    Connectivity update                        : 21.7702      | 21.7708      | 21.7715     
      Update #synaptic elements + del synapses : 0            | 0            | 0           
      Update local trees                       : 0.000702011  | 0.000725755  | 0.000801932 
      Exchange branch nodes (w/ Allgather)     : 3.5561e-05   | 0.000874143  | 0.00140785  
      Insert branch nodes into global tree     : 3.518e-06    | 3.96944e-06  | 4.385e-06   
      Update global tree                       : 1.938e-06    | 2.62875e-06  | 3.019e-06   
      Find target neurons (w/ RMA)             : 3.70202      | 10.7885      | 21.6915     
      Empty remote nodes cache                 : 0.0127125    | 0.0154593    | 0.0180704   
      Create synapses (w/ Alltoall)            : 0.0599038    | 10.9651      | 18.0533     

======== RMA MEMORY ALLOCATOR RANK 0 ========
Min num objects available: 1521583

[INFO:Rank 0]  END: Fri Jul 26 15:18:54 2019

