Number ranks: 32
Partitioning based on number neurons would be: Rank 0: my_num_neurons: 5000 [start_id,end_id]: [0,4999]

[INFO:Rank 0]  START: Fri Jul 26 15:19:43 2019

** PARAMETERS **

num_neurons                  : 160000
frac_neurons_exc             : 0.8
simulation_time              : 1
x_0                          : 0.05
tau_x                        : 5
k                            : 0.03
tau_C                        : 5000
beta                         : 0.001
C_target                     : 0.5
refrac_time                  : 4
h                            : 10
eta_A                        : 0
eta_D_ex                     : 0
eta_D_in                     : 0
nu                           : 1e-05
vacant_retract_ratio         : 0
accept_criterion (BH)        : 0.4
sigma (BH)                   : 750
naive_method (BH)            : 0
num_log_files                : 9
log_start_neuron             : 0
mpi_rma_mem_size (Byte)      : 314572800
max_num_pending_vacant_axons : 1000

[INFO:Rank 0]  Simulation box length          : 1430 (height = width = depth)
[INFO:Rank 0]  Subdomain length               : 357.5 (height = width = depth)
[INFO:Rank 0]  Total number subdomains        : 64
[INFO:Rank 0]  Number subdomains per dimension: 4
[INFO:Rank 0]  My number of neurons   : 5000
[INFO:Rank 0]  My number of subdomains: 2
[INFO:Rank 0]  My subdomain ids       : [ 0 , 1 ]
[INFO:Rank 0]  Subdomain: 0
[INFO:Rank 0]      num_neurons: 2500
[INFO:Rank 0]      index_1d   : 0
[INFO:Rank 0]      index_3d   : ( 0 , 0 , 0 )
[INFO:Rank 0]      xyz_min    : ( 0 , 0 , 0 )
[INFO:Rank 0]      xyz_max    : ( 357.5 , 357.5 , 357.5 )

[INFO:Rank 0]  Subdomain: 1
[INFO:Rank 0]      num_neurons: 2500
[INFO:Rank 0]      index_1d   : 1
[INFO:Rank 0]      index_3d   : ( 1 , 0 , 0 )
[INFO:Rank 0]      xyz_min    : ( 357.5 , 0 , 0 )
[INFO:Rank 0]      xyz_max    : ( 715 , 357.5 , 357.5 )

[INFO:Rank 0]  init_free_object_list: max_num_objects: 1572800  sizeof(OctreeNode): 200
[INFO:Rank 0]  Neurons created
[INFO:Rank 0]  Neurons inserted into subdomains
[INFO:Rank 0]  Subdomains inserted into global tree
[INFO:Rank 0]  Network graph created
[INFO:Rank 0]  Synaptic elements initialized 

** STATE AFTER: 1 of 1 msec ** [Fri Jul 26 15:19:43 2019]
** UPDATE CONNECTIVITY AFTER: 1 of 1 msec ** [Fri Jul 26 15:19:43 2019]

[INFO:Rank 0]  Sum (all processes) number synapses deleted: 0
[INFO:Rank 0]  Sum (all processes) number synapses created: 114330

======== TIMERS GLOBAL OVER ALL RANKS ========
                                                (    min      |     avg      |     max     ) sec.
TIMERS: main()
  main()                                       : 10.2307      | 10.233       | 10.2342     
  Initialization                               : 0.30003      | 0.302857     | 0.30634     
  Simulation loop                              : 9.92732      | 9.92986      | 9.93116     
    Update electrical activity                 : 2.7e-08      | 3.48125e-08  | 4.2e-08     
    Update #synaptic elements delta            : 2.6e-08      | 3.3875e-08   | 4e-08       
    Connectivity update                        : 9.92717      | 9.92976      | 9.9311      
      Update #synaptic elements + del synapses : 0            | 0            | 0           
      Update local trees                       : 0.000704672  | 0.000725847  | 0.000764967 
      Exchange branch nodes (w/ Allgather)     : 2.8351e-05   | 0.00283703   | 0.00402345  
      Insert branch nodes into global tree     : 3.775e-06    | 4.46e-06     | 1.4409e-05  
      Update global tree                       : 1.914e-06    | 2.95359e-06  | 1.3324e-05  
      Find target neurons (w/ RMA)             : 1.75935      | 5.05615      | 9.85263     
      Empty remote nodes cache                 : 0.0131078    | 0.0149452    | 0.0190865   
      Create synapses (w/ Alltoall)            : 0.0574686    | 4.85497      | 8.15358     

======== RMA MEMORY ALLOCATOR RANK 0 ========
Min num objects available: 1523196

[INFO:Rank 0]  END: Fri Jul 26 15:19:53 2019

Number ranks: 32
Partitioning based on number neurons would be: Rank 0: my_num_neurons: 5000 [start_id,end_id]: [0,4999]

[INFO:Rank 0]  START: Fri Jul 26 15:19:54 2019

** PARAMETERS **

num_neurons                  : 160000
frac_neurons_exc             : 0.8
simulation_time              : 1
x_0                          : 0.05
tau_x                        : 5
k                            : 0.03
tau_C                        : 5000
beta                         : 0.001
C_target                     : 0.5
refrac_time                  : 4
h                            : 10
eta_A                        : 0
eta_D_ex                     : 0
eta_D_in                     : 0
nu                           : 1e-05
vacant_retract_ratio         : 0
accept_criterion (BH)        : 0.4
sigma (BH)                   : 750
naive_method (BH)            : 0
num_log_files                : 9
log_start_neuron             : 0
mpi_rma_mem_size (Byte)      : 314572800
max_num_pending_vacant_axons : 1000

[INFO:Rank 0]  Simulation box length          : 1430 (height = width = depth)
[INFO:Rank 0]  Subdomain length               : 357.5 (height = width = depth)
[INFO:Rank 0]  Total number subdomains        : 64
[INFO:Rank 0]  Number subdomains per dimension: 4
[INFO:Rank 0]  My number of neurons   : 5000
[INFO:Rank 0]  My number of subdomains: 2
[INFO:Rank 0]  My subdomain ids       : [ 0 , 1 ]
[INFO:Rank 0]  Subdomain: 0
[INFO:Rank 0]      num_neurons: 2500
[INFO:Rank 0]      index_1d   : 0
[INFO:Rank 0]      index_3d   : ( 0 , 0 , 0 )
[INFO:Rank 0]      xyz_min    : ( 0 , 0 , 0 )
[INFO:Rank 0]      xyz_max    : ( 357.5 , 357.5 , 357.5 )

[INFO:Rank 0]  Subdomain: 1
[INFO:Rank 0]      num_neurons: 2500
[INFO:Rank 0]      index_1d   : 1
[INFO:Rank 0]      index_3d   : ( 1 , 0 , 0 )
[INFO:Rank 0]      xyz_min    : ( 357.5 , 0 , 0 )
[INFO:Rank 0]      xyz_max    : ( 715 , 357.5 , 357.5 )

[INFO:Rank 0]  init_free_object_list: max_num_objects: 1572800  sizeof(OctreeNode): 200
[INFO:Rank 0]  Neurons created
[INFO:Rank 0]  Neurons inserted into subdomains
[INFO:Rank 0]  Subdomains inserted into global tree
[INFO:Rank 0]  Network graph created
[INFO:Rank 0]  Synaptic elements initialized 

** STATE AFTER: 1 of 1 msec ** [Fri Jul 26 15:19:54 2019]
** UPDATE CONNECTIVITY AFTER: 1 of 1 msec ** [Fri Jul 26 15:19:54 2019]

[INFO:Rank 0]  Sum (all processes) number synapses deleted: 0
[INFO:Rank 0]  Sum (all processes) number synapses created: 114330

======== TIMERS GLOBAL OVER ALL RANKS ========
                                                (    min      |     avg      |     max     ) sec.
TIMERS: main()
  main()                                       : 10.1783      | 10.1814      | 10.1836     
  Initialization                               : 0.30446      | 0.307325     | 0.310162    
  Simulation loop                              : 9.87319      | 9.87381      | 9.87447     
    Update electrical activity                 : 3.2e-08      | 3.6e-08      | 4.9e-08     
    Update #synaptic elements delta            : 3.2e-08      | 3.52813e-08  | 4.8e-08     
    Connectivity update                        : 9.87314      | 9.87372      | 9.87442     
      Update #synaptic elements + del synapses : 0            | 0            | 0           
      Update local trees                       : 0.00069921   | 0.000740903  | 0.000906669 
      Exchange branch nodes (w/ Allgather)     : 3.4657e-05   | 0.000680605  | 0.00132243  
      Insert branch nodes into global tree     : 3.546e-06    | 4.03853e-06  | 4.595e-06   
      Update global tree                       : 1.889e-06    | 2.62553e-06  | 3.03e-06    
      Find target neurons (w/ RMA)             : 1.75794      | 5.06082      | 9.79785     
      Empty remote nodes cache                 : 0.0130864    | 0.014945     | 0.0167736   
      Create synapses (w/ Alltoall)            : 0.0577301    | 4.79641      | 8.10054     

======== RMA MEMORY ALLOCATOR RANK 0 ========
Min num objects available: 1523196

[INFO:Rank 0]  END: Fri Jul 26 15:20:04 2019

