Number ranks: 512
Partitioning based on number neurons would be: Rank 0: my_num_neurons: 5000 [start_id,end_id]: [0,4999]

[INFO:Rank 0]  START: Fri Jul 26 20:11:14 2019

** PARAMETERS **

num_neurons                  : 2560000
frac_neurons_exc             : 0.8
simulation_time              : 1
x_0                          : 0.05
tau_x                        : 5
k                            : 0.03
tau_C                        : 5000
beta                         : 0.001
C_target                     : 0.5
refrac_time                  : 4
h                            : 10
eta_A                        : 0
eta_D_ex                     : 0
eta_D_in                     : 0
nu                           : 1e-05
vacant_retract_ratio         : 0
accept_criterion (BH)        : 0.3
sigma (BH)                   : 750
naive_method (BH)            : 0
num_log_files                : 9
log_start_neuron             : 0
mpi_rma_mem_size (Byte)      : 314572800
max_num_pending_vacant_axons : 1000

[INFO:Rank 0]  Simulation box length          : 3562 (height = width = depth)
[INFO:Rank 0]  Subdomain length               : 445.25 (height = width = depth)
[INFO:Rank 0]  Total number subdomains        : 512
[INFO:Rank 0]  Number subdomains per dimension: 8
[INFO:Rank 0]  My number of neurons   : 5000
[INFO:Rank 0]  My number of subdomains: 1
[INFO:Rank 0]  My subdomain ids       : [ 0 , 0 ]
[INFO:Rank 0]  Subdomain: 0
[INFO:Rank 0]      num_neurons: 5000
[INFO:Rank 0]      index_1d   : 0
[INFO:Rank 0]      index_3d   : ( 0 , 0 , 0 )
[INFO:Rank 0]      xyz_min    : ( 0 , 0 , 0 )
[INFO:Rank 0]      xyz_max    : ( 445.25 , 445.25 , 445.25 )

[INFO:Rank 0]  init_free_object_list: max_num_objects: 1572352  sizeof(OctreeNode): 200
[INFO:Rank 0]  Neurons created
[INFO:Rank 0]  Neurons inserted into subdomains
[INFO:Rank 0]  Subdomains inserted into global tree
[INFO:Rank 0]  Network graph created
[INFO:Rank 0]  Synaptic elements initialized 

** STATE AFTER: 1 of 1 msec ** [Fri Jul 26 20:11:15 2019]
** UPDATE CONNECTIVITY AFTER: 1 of 1 msec ** [Fri Jul 26 20:11:15 2019]

[INFO:Rank 0]  Sum (all processes) number synapses deleted: 0
[INFO:Rank 0]  Sum (all processes) number synapses created: 1.85267e+06

======== TIMERS GLOBAL OVER ALL RANKS ========
                                                (    min      |     avg      |     max     ) sec.
TIMERS: main()
  main()                                       : 53.9856      | 53.9883      | 53.9914     
  Initialization                               : 1.70112      | 1.7038       | 1.71325     
  Simulation loop                              : 52.2751      | 52.2834      | 52.2851     
    Update electrical activity                 : 2.5e-08      | 3.50137e-08  | 4.9e-08     
    Update #synaptic elements delta            : 2.4e-08      | 3.40469e-08  | 5e-08       
    Connectivity update                        : 52.2734      | 52.2831      | 52.2848     
      Update #synaptic elements + del synapses : 0            | 0            | 0           
      Update local trees                       : 0.000697114  | 0.00072403   | 0.000896873 
      Exchange branch nodes (w/ Allgather)     : 0.000122331  | 0.00860433   | 0.00964821  
      Insert branch nodes into global tree     : 2.4511e-05   | 2.87542e-05  | 4.6049e-05  
      Update global tree                       : 1.114e-05    | 1.25759e-05  | 3.1111e-05  
      Find target neurons (w/ RMA)             : 4.31843      | 24.3893      | 51.6271     
      Empty remote nodes cache                 : 0.0147917    | 0.0246636    | 0.0326109   
      Create synapses (w/ Alltoall)            : 0.617525     | 27.8593      | 47.9387     

======== RMA MEMORY ALLOCATOR RANK 0 ========
Min num objects available: 1517784

[INFO:Rank 0]  END: Fri Jul 26 20:12:08 2019

Number ranks: 512
Partitioning based on number neurons would be: Rank 0: my_num_neurons: 5000 [start_id,end_id]: [0,4999]

[INFO:Rank 0]  START: Fri Jul 26 20:12:09 2019

** PARAMETERS **

num_neurons                  : 2560000
frac_neurons_exc             : 0.8
simulation_time              : 1
x_0                          : 0.05
tau_x                        : 5
k                            : 0.03
tau_C                        : 5000
beta                         : 0.001
C_target                     : 0.5
refrac_time                  : 4
h                            : 10
eta_A                        : 0
eta_D_ex                     : 0
eta_D_in                     : 0
nu                           : 1e-05
vacant_retract_ratio         : 0
accept_criterion (BH)        : 0.3
sigma (BH)                   : 750
naive_method (BH)            : 0
num_log_files                : 9
log_start_neuron             : 0
mpi_rma_mem_size (Byte)      : 314572800
max_num_pending_vacant_axons : 1000

[INFO:Rank 0]  Simulation box length          : 3562 (height = width = depth)
[INFO:Rank 0]  Subdomain length               : 445.25 (height = width = depth)
[INFO:Rank 0]  Total number subdomains        : 512
[INFO:Rank 0]  Number subdomains per dimension: 8
[INFO:Rank 0]  My number of neurons   : 5000
[INFO:Rank 0]  My number of subdomains: 1
[INFO:Rank 0]  My subdomain ids       : [ 0 , 0 ]
[INFO:Rank 0]  Subdomain: 0
[INFO:Rank 0]      num_neurons: 5000
[INFO:Rank 0]      index_1d   : 0
[INFO:Rank 0]      index_3d   : ( 0 , 0 , 0 )
[INFO:Rank 0]      xyz_min    : ( 0 , 0 , 0 )
[INFO:Rank 0]      xyz_max    : ( 445.25 , 445.25 , 445.25 )

[INFO:Rank 0]  init_free_object_list: max_num_objects: 1572352  sizeof(OctreeNode): 200
[INFO:Rank 0]  Neurons created
[INFO:Rank 0]  Neurons inserted into subdomains
[INFO:Rank 0]  Subdomains inserted into global tree
[INFO:Rank 0]  Network graph created
[INFO:Rank 0]  Synaptic elements initialized 

** STATE AFTER: 1 of 1 msec ** [Fri Jul 26 20:12:11 2019]
** UPDATE CONNECTIVITY AFTER: 1 of 1 msec ** [Fri Jul 26 20:12:11 2019]

[INFO:Rank 0]  Sum (all processes) number synapses deleted: 0
[INFO:Rank 0]  Sum (all processes) number synapses created: 1.85267e+06

======== TIMERS GLOBAL OVER ALL RANKS ========
                                                (    min      |     avg      |     max     ) sec.
TIMERS: main()
  main()                                       : 53.8785      | 53.8842      | 53.8879     
  Initialization                               : 1.7007       | 1.70687      | 1.71578     
  Simulation loop                              : 52.169       | 52.1767      | 52.1782     
    Update electrical activity                 : 2.5e-08      | 3.5166e-08   | 5.9e-08     
    Update #synaptic elements delta            : 2.5e-08      | 3.40586e-08  | 4.8e-08     
    Connectivity update                        : 52.169       | 52.1765      | 52.1782     
      Update #synaptic elements + del synapses : 0            | 0            | 0           
      Update local trees                       : 0.000693121  | 0.000729368  | 0.000928784 
      Exchange branch nodes (w/ Allgather)     : 0.000109203  | 0.00838078   | 0.00962787  
      Insert branch nodes into global tree     : 2.4632e-05   | 2.88703e-05  | 6.1324e-05  
      Update global tree                       : 1.1101e-05   | 1.2473e-05   | 3.3416e-05  
      Find target neurons (w/ RMA)             : 4.29828      | 24.4213      | 51.5305     
      Empty remote nodes cache                 : 0.0147425    | 0.0246699    | 0.0324916   
      Create synapses (w/ Alltoall)            : 0.607407     | 27.7209      | 47.852      

======== RMA MEMORY ALLOCATOR RANK 0 ========
Min num objects available: 1517784

[INFO:Rank 0]  END: Fri Jul 26 20:13:03 2019

