Number ranks: 64
Partitioning based on number neurons would be: Rank 0: my_num_neurons: 7000 [start_id,end_id]: [0,6999]

[INFO:Rank 0]  START: Fri Jul 26 16:06:41 2019

** PARAMETERS **

num_neurons                  : 448000
frac_neurons_exc             : 0.8
simulation_time              : 1
x_0                          : 0.05
tau_x                        : 5
k                            : 0.03
tau_C                        : 5000
beta                         : 0.001
C_target                     : 0.5
refrac_time                  : 4
h                            : 10
eta_A                        : 0
eta_D_ex                     : 0
eta_D_in                     : 0
nu                           : 1e-05
vacant_retract_ratio         : 0
accept_criterion (BH)        : 0.2
sigma (BH)                   : 750
naive_method (BH)            : 0
num_log_files                : 9
log_start_neuron             : 0
mpi_rma_mem_size (Byte)      : 314572800
max_num_pending_vacant_axons : 1000

[INFO:Rank 0]  Simulation box length          : 2002 (height = width = depth)
[INFO:Rank 0]  Subdomain length               : 500.5 (height = width = depth)
[INFO:Rank 0]  Total number subdomains        : 64
[INFO:Rank 0]  Number subdomains per dimension: 4
[INFO:Rank 0]  My number of neurons   : 7000
[INFO:Rank 0]  My number of subdomains: 1
[INFO:Rank 0]  My subdomain ids       : [ 0 , 0 ]
[INFO:Rank 0]  Subdomain: 0
[INFO:Rank 0]      num_neurons: 7000
[INFO:Rank 0]      index_1d   : 0
[INFO:Rank 0]      index_3d   : ( 0 , 0 , 0 )
[INFO:Rank 0]      xyz_min    : ( 0 , 0 , 0 )
[INFO:Rank 0]      xyz_max    : ( 500.5 , 500.5 , 500.5 )

[INFO:Rank 0]  init_free_object_list: max_num_objects: 1572800  sizeof(OctreeNode): 200
[INFO:Rank 0]  Neurons created
[INFO:Rank 0]  Neurons inserted into subdomains
[INFO:Rank 0]  Subdomains inserted into global tree
[INFO:Rank 0]  Network graph created
[INFO:Rank 0]  Synaptic elements initialized 

** STATE AFTER: 1 of 1 msec ** [Fri Jul 26 16:06:41 2019]
** UPDATE CONNECTIVITY AFTER: 1 of 1 msec ** [Fri Jul 26 16:06:41 2019]

[INFO:Rank 0]  Sum (all processes) number synapses deleted: 0
[INFO:Rank 0]  Sum (all processes) number synapses created: 323518

======== TIMERS GLOBAL OVER ALL RANKS ========
                                                (    min      |     avg      |     max     ) sec.
TIMERS: main()
  main()                                       : 125.462      | 125.465      | 125.467     
  Initialization                               : 0.396661     | 0.399892     | 0.40422     
  Simulation loop                              : 125.061      | 125.064      | 125.065     
    Update electrical activity                 : 2.6e-08      | 3.52187e-08  | 5e-08       
    Update #synaptic elements delta            : 2.6e-08      | 3.3875e-08   | 4.7e-08     
    Connectivity update                        : 125.061      | 125.064      | 125.065     
      Update #synaptic elements + del synapses : 0            | 0            | 0           
      Update local trees                       : 0.000989351  | 0.00102727   | 0.00113147  
      Exchange branch nodes (w/ Allgather)     : 3.6271e-05   | 0.00303847   | 0.00375847  
      Insert branch nodes into global tree     : 3.601e-06    | 3.93606e-06  | 4.285e-06   
      Update global tree                       : 1.908e-06    | 3.05044e-06  | 1.3569e-05  
      Find target neurons (w/ RMA)             : 15.6286      | 54.9624      | 124.899     
      Empty remote nodes cache                 : 0.0202949    | 0.0289911    | 0.0403824   
      Create synapses (w/ Alltoall)            : 0.122293     | 70.0682      | 109.411     

======== RMA MEMORY ALLOCATOR RANK 0 ========
Min num objects available: 1500068

[INFO:Rank 0]  END: Fri Jul 26 16:08:47 2019

Number ranks: 64
Partitioning based on number neurons would be: Rank 0: my_num_neurons: 7000 [start_id,end_id]: [0,6999]

[INFO:Rank 0]  START: Fri Jul 26 16:08:48 2019

** PARAMETERS **

num_neurons                  : 448000
frac_neurons_exc             : 0.8
simulation_time              : 1
x_0                          : 0.05
tau_x                        : 5
k                            : 0.03
tau_C                        : 5000
beta                         : 0.001
C_target                     : 0.5
refrac_time                  : 4
h                            : 10
eta_A                        : 0
eta_D_ex                     : 0
eta_D_in                     : 0
nu                           : 1e-05
vacant_retract_ratio         : 0
accept_criterion (BH)        : 0.2
sigma (BH)                   : 750
naive_method (BH)            : 0
num_log_files                : 9
log_start_neuron             : 0
mpi_rma_mem_size (Byte)      : 314572800
max_num_pending_vacant_axons : 1000

[INFO:Rank 0]  Simulation box length          : 2002 (height = width = depth)
[INFO:Rank 0]  Subdomain length               : 500.5 (height = width = depth)
[INFO:Rank 0]  Total number subdomains        : 64
[INFO:Rank 0]  Number subdomains per dimension: 4
[INFO:Rank 0]  My number of neurons   : 7000
[INFO:Rank 0]  My number of subdomains: 1
[INFO:Rank 0]  My subdomain ids       : [ 0 , 0 ]
[INFO:Rank 0]  Subdomain: 0
[INFO:Rank 0]      num_neurons: 7000
[INFO:Rank 0]      index_1d   : 0
[INFO:Rank 0]      index_3d   : ( 0 , 0 , 0 )
[INFO:Rank 0]      xyz_min    : ( 0 , 0 , 0 )
[INFO:Rank 0]      xyz_max    : ( 500.5 , 500.5 , 500.5 )

[INFO:Rank 0]  init_free_object_list: max_num_objects: 1572800  sizeof(OctreeNode): 200
[INFO:Rank 0]  Neurons created
[INFO:Rank 0]  Neurons inserted into subdomains
[INFO:Rank 0]  Subdomains inserted into global tree
[INFO:Rank 0]  Network graph created
[INFO:Rank 0]  Synaptic elements initialized 

** STATE AFTER: 1 of 1 msec ** [Fri Jul 26 16:08:48 2019]
** UPDATE CONNECTIVITY AFTER: 1 of 1 msec ** [Fri Jul 26 16:08:48 2019]

[INFO:Rank 0]  Sum (all processes) number synapses deleted: 0
[INFO:Rank 0]  Sum (all processes) number synapses created: 323518

======== TIMERS GLOBAL OVER ALL RANKS ========
                                                (    min      |     avg      |     max     ) sec.
TIMERS: main()
  main()                                       : 125.479      | 125.484      | 125.487     
  Initialization                               : 0.395734     | 0.401209     | 0.409938    
  Simulation loop                              : 125.074      | 125.082      | 125.083     
    Update electrical activity                 : 2.6e-08      | 3.53594e-08  | 4.5e-08     
    Update #synaptic elements delta            : 2.5e-08      | 3.40469e-08  | 4e-08       
    Connectivity update                        : 125.074      | 125.082      | 125.083     
      Update #synaptic elements + del synapses : 0            | 0            | 0           
      Update local trees                       : 0.000983598  | 0.0010268    | 0.00128171  
      Exchange branch nodes (w/ Allgather)     : 2.8429e-05   | 0.00811852   | 0.00909608  
      Insert branch nodes into global tree     : 3.578e-06    | 4.11208e-06  | 1.2033e-05  
      Update global tree                       : 1.836e-06    | 2.6727e-06   | 3.191e-06   
      Find target neurons (w/ RMA)             : 15.8265      | 55.0231      | 124.911     
      Empty remote nodes cache                 : 0.0200233    | 0.0290519    | 0.039581    
      Create synapses (w/ Alltoall)            : 0.122368     | 70.0206      | 109.226     

======== RMA MEMORY ALLOCATOR RANK 0 ========
Min num objects available: 1500068

[INFO:Rank 0]  END: Fri Jul 26 16:10:53 2019

