Number ranks: 256
Partitioning based on number neurons would be: Rank 0: my_num_neurons: 8000 [start_id,end_id]: [0,7999]

[INFO:Rank 0]  START: Fri Jul 26 18:35:05 2019

** PARAMETERS **

num_neurons                  : 2048000
frac_neurons_exc             : 0.8
simulation_time              : 1
x_0                          : 0.05
tau_x                        : 5
k                            : 0.03
tau_C                        : 5000
beta                         : 0.001
C_target                     : 0.5
refrac_time                  : 4
h                            : 10
eta_A                        : 0
eta_D_ex                     : 0
eta_D_in                     : 0
nu                           : 1e-05
vacant_retract_ratio         : 0
accept_criterion (BH)        : 0.2
sigma (BH)                   : 750
naive_method (BH)            : 0
num_log_files                : 9
log_start_neuron             : 0
mpi_rma_mem_size (Byte)      : 314572800
max_num_pending_vacant_axons : 1000

[INFO:Rank 0]  Simulation box length          : 3302 (height = width = depth)
[INFO:Rank 0]  Subdomain length               : 412.75 (height = width = depth)
[INFO:Rank 0]  Total number subdomains        : 512
[INFO:Rank 0]  Number subdomains per dimension: 8
[INFO:Rank 0]  My number of neurons   : 8000
[INFO:Rank 0]  My number of subdomains: 2
[INFO:Rank 0]  My subdomain ids       : [ 0 , 1 ]
[INFO:Rank 0]  Subdomain: 0
[INFO:Rank 0]      num_neurons: 4000
[INFO:Rank 0]      index_1d   : 0
[INFO:Rank 0]      index_3d   : ( 0 , 0 , 0 )
[INFO:Rank 0]      xyz_min    : ( 0 , 0 , 0 )
[INFO:Rank 0]      xyz_max    : ( 412.75 , 412.75 , 412.75 )

[INFO:Rank 0]  Subdomain: 1
[INFO:Rank 0]      num_neurons: 4000
[INFO:Rank 0]      index_1d   : 1
[INFO:Rank 0]      index_3d   : ( 1 , 0 , 0 )
[INFO:Rank 0]      xyz_min    : ( 412.75 , 0 , 0 )
[INFO:Rank 0]      xyz_max    : ( 825.5 , 412.75 , 412.75 )

[INFO:Rank 0]  init_free_object_list: max_num_objects: 1572352  sizeof(OctreeNode): 200
[INFO:Rank 0]  Neurons created
[INFO:Rank 0]  Neurons inserted into subdomains
[INFO:Rank 0]  Subdomains inserted into global tree
[INFO:Rank 0]  Network graph created
[INFO:Rank 0]  Synaptic elements initialized 

** STATE AFTER: 1 of 1 msec ** [Fri Jul 26 18:35:06 2019]
** UPDATE CONNECTIVITY AFTER: 1 of 1 msec ** [Fri Jul 26 18:35:06 2019]

[INFO:Rank 0]  Sum (all processes) number synapses deleted: 0
[INFO:Rank 0]  Sum (all processes) number synapses created: 1.48823e+06

======== TIMERS GLOBAL OVER ALL RANKS ========
                                                (    min      |     avg      |     max     ) sec.
TIMERS: main()
  main()                                       : 258.401      | 258.405      | 258.409     
  Initialization                               : 1.05999      | 1.0625       | 1.07185     
  Simulation loop                              : 257.333      | 257.342      | 257.346     
    Update electrical activity                 : 2.5e-08      | 3.50547e-08  | 4.5e-08     
    Update #synaptic elements delta            : 2.4e-08      | 3.41523e-08  | 4.3e-08     
    Connectivity update                        : 257.333      | 257.342      | 257.346     
      Update #synaptic elements + del synapses : 0            | 0            | 0           
      Update local trees                       : 0.00110601   | 0.00114892   | 0.00162096  
      Exchange branch nodes (w/ Allgather)     : 0.000124062  | 0.00927384   | 0.0103296   
      Insert branch nodes into global tree     : 2.4564e-05   | 2.64694e-05  | 4.4269e-05  
      Update global tree                       : 1.1813e-05   | 1.26891e-05  | 3.1394e-05  
      Find target neurons (w/ RMA)             : 19.2292      | 110.306      | 256.88      
      Empty remote nodes cache                 : 0.022385     | 0.0407358    | 0.0599686   
      Create synapses (w/ Alltoall)            : 0.400269     | 146.984      | 238.076     

======== RMA MEMORY ALLOCATOR RANK 0 ========
Min num objects available: 1491234

[INFO:Rank 0]  END: Fri Jul 26 18:39:23 2019

Number ranks: 256
Partitioning based on number neurons would be: Rank 0: my_num_neurons: 8000 [start_id,end_id]: [0,7999]

[INFO:Rank 0]  START: Fri Jul 26 18:39:24 2019

** PARAMETERS **

num_neurons                  : 2048000
frac_neurons_exc             : 0.8
simulation_time              : 1
x_0                          : 0.05
tau_x                        : 5
k                            : 0.03
tau_C                        : 5000
beta                         : 0.001
C_target                     : 0.5
refrac_time                  : 4
h                            : 10
eta_A                        : 0
eta_D_ex                     : 0
eta_D_in                     : 0
nu                           : 1e-05
vacant_retract_ratio         : 0
accept_criterion (BH)        : 0.2
sigma (BH)                   : 750
naive_method (BH)            : 0
num_log_files                : 9
log_start_neuron             : 0
mpi_rma_mem_size (Byte)      : 314572800
max_num_pending_vacant_axons : 1000

[INFO:Rank 0]  Simulation box length          : 3302 (height = width = depth)
[INFO:Rank 0]  Subdomain length               : 412.75 (height = width = depth)
[INFO:Rank 0]  Total number subdomains        : 512
[INFO:Rank 0]  Number subdomains per dimension: 8
[INFO:Rank 0]  My number of neurons   : 8000
[INFO:Rank 0]  My number of subdomains: 2
[INFO:Rank 0]  My subdomain ids       : [ 0 , 1 ]
[INFO:Rank 0]  Subdomain: 0
[INFO:Rank 0]      num_neurons: 4000
[INFO:Rank 0]      index_1d   : 0
[INFO:Rank 0]      index_3d   : ( 0 , 0 , 0 )
[INFO:Rank 0]      xyz_min    : ( 0 , 0 , 0 )
[INFO:Rank 0]      xyz_max    : ( 412.75 , 412.75 , 412.75 )

[INFO:Rank 0]  Subdomain: 1
[INFO:Rank 0]      num_neurons: 4000
[INFO:Rank 0]      index_1d   : 1
[INFO:Rank 0]      index_3d   : ( 1 , 0 , 0 )
[INFO:Rank 0]      xyz_min    : ( 412.75 , 0 , 0 )
[INFO:Rank 0]      xyz_max    : ( 825.5 , 412.75 , 412.75 )

[INFO:Rank 0]  init_free_object_list: max_num_objects: 1572352  sizeof(OctreeNode): 200
[INFO:Rank 0]  Neurons created
[INFO:Rank 0]  Neurons inserted into subdomains
[INFO:Rank 0]  Subdomains inserted into global tree
[INFO:Rank 0]  Network graph created
[INFO:Rank 0]  Synaptic elements initialized 

** STATE AFTER: 1 of 1 msec ** [Fri Jul 26 18:39:25 2019]
** UPDATE CONNECTIVITY AFTER: 1 of 1 msec ** [Fri Jul 26 18:39:25 2019]

[INFO:Rank 0]  Sum (all processes) number synapses deleted: 0
[INFO:Rank 0]  Sum (all processes) number synapses created: 1.48823e+06

======== TIMERS GLOBAL OVER ALL RANKS ========
                                                (    min      |     avg      |     max     ) sec.
TIMERS: main()
  main()                                       : 258.381      | 258.386      | 258.388     
  Initialization                               : 0.95382      | 0.959243     | 0.962329    
  Simulation loop                              : 257.423      | 257.426      | 257.429     
    Update electrical activity                 : 2.6e-08      | 3.50625e-08  | 4.7e-08     
    Update #synaptic elements delta            : 2.6e-08      | 3.3918e-08   | 4.1e-08     
    Connectivity update                        : 257.423      | 257.426      | 257.429     
      Update #synaptic elements + del synapses : 0            | 0            | 0           
      Update local trees                       : 0.00110671   | 0.00126675   | 0.00232929  
      Exchange branch nodes (w/ Allgather)     : 0.000143361  | 0.0034571    | 0.0051101   
      Insert branch nodes into global tree     : 2.4887e-05   | 3.39955e-05  | 6.7924e-05  
      Update global tree                       : 1.1435e-05   | 1.36986e-05  | 2.5448e-05  
      Find target neurons (w/ RMA)             : 19.4757      | 110.339      | 256.969     
      Empty remote nodes cache                 : 0.0224825    | 0.0408825    | 0.0609418   
      Create synapses (w/ Alltoall)            : 0.404804     | 147.04       | 237.918     

======== RMA MEMORY ALLOCATOR RANK 0 ========
Min num objects available: 1491234

[INFO:Rank 0]  END: Fri Jul 26 18:43:43 2019

