Number ranks: 128
Partitioning based on number neurons would be: Rank 0: my_num_neurons: 8000 [start_id,end_id]: [0,7999]

[INFO:Rank 0]  START: Fri Jul 26 17:03:47 2019

** PARAMETERS **

num_neurons                  : 1024000
frac_neurons_exc             : 0.8
simulation_time              : 1
x_0                          : 0.05
tau_x                        : 5
k                            : 0.03
tau_C                        : 5000
beta                         : 0.001
C_target                     : 0.5
refrac_time                  : 4
h                            : 10
eta_A                        : 0
eta_D_ex                     : 0
eta_D_in                     : 0
nu                           : 1e-05
vacant_retract_ratio         : 0
accept_criterion (BH)        : 0.5
sigma (BH)                   : 750
naive_method (BH)            : 0
num_log_files                : 9
log_start_neuron             : 0
mpi_rma_mem_size (Byte)      : 314572800
max_num_pending_vacant_axons : 1000

[INFO:Rank 0]  Simulation box length          : 2626 (height = width = depth)
[INFO:Rank 0]  Subdomain length               : 328.25 (height = width = depth)
[INFO:Rank 0]  Total number subdomains        : 512
[INFO:Rank 0]  Number subdomains per dimension: 8
[INFO:Rank 0]  My number of neurons   : 8000
[INFO:Rank 0]  My number of subdomains: 4
[INFO:Rank 0]  My subdomain ids       : [ 0 , 3 ]
[INFO:Rank 0]  Subdomain: 0
[INFO:Rank 0]      num_neurons: 2000
[INFO:Rank 0]      index_1d   : 0
[INFO:Rank 0]      index_3d   : ( 0 , 0 , 0 )
[INFO:Rank 0]      xyz_min    : ( 0 , 0 , 0 )
[INFO:Rank 0]      xyz_max    : ( 328.25 , 328.25 , 328.25 )

[INFO:Rank 0]  Subdomain: 1
[INFO:Rank 0]      num_neurons: 2000
[INFO:Rank 0]      index_1d   : 1
[INFO:Rank 0]      index_3d   : ( 1 , 0 , 0 )
[INFO:Rank 0]      xyz_min    : ( 328.25 , 0 , 0 )
[INFO:Rank 0]      xyz_max    : ( 656.5 , 328.25 , 328.25 )

[INFO:Rank 0]  Subdomain: 2
[INFO:Rank 0]      num_neurons: 2000
[INFO:Rank 0]      index_1d   : 2
[INFO:Rank 0]      index_3d   : ( 0 , 1 , 0 )
[INFO:Rank 0]      xyz_min    : ( 0 , 328.25 , 0 )
[INFO:Rank 0]      xyz_max    : ( 328.25 , 656.5 , 328.25 )

[INFO:Rank 0]  Subdomain: 3
[INFO:Rank 0]      num_neurons: 2000
[INFO:Rank 0]      index_1d   : 3
[INFO:Rank 0]      index_3d   : ( 1 , 1 , 0 )
[INFO:Rank 0]      xyz_min    : ( 328.25 , 328.25 , 0 )
[INFO:Rank 0]      xyz_max    : ( 656.5 , 656.5 , 328.25 )

[INFO:Rank 0]  init_free_object_list: max_num_objects: 1572352  sizeof(OctreeNode): 200
[INFO:Rank 0]  Neurons created
[INFO:Rank 0]  Neurons inserted into subdomains
[INFO:Rank 0]  Subdomains inserted into global tree
[INFO:Rank 0]  Network graph created
[INFO:Rank 0]  Synaptic elements initialized 

** STATE AFTER: 1 of 1 msec ** [Fri Jul 26 17:03:47 2019]
** UPDATE CONNECTIVITY AFTER: 1 of 1 msec ** [Fri Jul 26 17:03:47 2019]

[INFO:Rank 0]  Sum (all processes) number synapses deleted: 0
[INFO:Rank 0]  Sum (all processes) number synapses created: 738485

======== TIMERS GLOBAL OVER ALL RANKS ========
                                                (    min      |     avg      |     max     ) sec.
TIMERS: main()
  main()                                       : 14.0762      | 14.0775      | 14.0787     
  Initialization                               : 0.578143     | 0.57958      | 0.5824      
  Simulation loop                              : 13.4926      | 13.4961      | 13.4981     
    Update electrical activity                 : 2.6e-08      | 3.48281e-08  | 4.7e-08     
    Update #synaptic elements delta            : 2.5e-08      | 3.39922e-08  | 4.8e-08     
    Connectivity update                        : 13.4926      | 13.496       | 13.498      
      Update #synaptic elements + del synapses : 0            | 0            | 0           
      Update local trees                       : 0.00110971   | 0.00114122   | 0.00144343  
      Exchange branch nodes (w/ Allgather)     : 0.000160002  | 0.00375175   | 0.00445497  
      Insert branch nodes into global tree     : 2.4382e-05   | 2.60526e-05  | 3.6483e-05  
      Update global tree                       : 1.1994e-05   | 1.25768e-05  | 1.6414e-05  
      Find target neurons (w/ RMA)             : 1.7492       | 6.98356      | 13.2305     
      Empty remote nodes cache                 : 0.0197904    | 0.0277794    | 0.0350618   
      Create synapses (w/ Alltoall)            : 0.227199     | 6.47947      | 11.7218     

======== RMA MEMORY ALLOCATOR RANK 0 ========
Min num objects available: 1498424

[INFO:Rank 0]  END: Fri Jul 26 17:04:01 2019

Number ranks: 128
Partitioning based on number neurons would be: Rank 0: my_num_neurons: 8000 [start_id,end_id]: [0,7999]

[INFO:Rank 0]  START: Fri Jul 26 17:04:02 2019

** PARAMETERS **

num_neurons                  : 1024000
frac_neurons_exc             : 0.8
simulation_time              : 1
x_0                          : 0.05
tau_x                        : 5
k                            : 0.03
tau_C                        : 5000
beta                         : 0.001
C_target                     : 0.5
refrac_time                  : 4
h                            : 10
eta_A                        : 0
eta_D_ex                     : 0
eta_D_in                     : 0
nu                           : 1e-05
vacant_retract_ratio         : 0
accept_criterion (BH)        : 0.5
sigma (BH)                   : 750
naive_method (BH)            : 0
num_log_files                : 9
log_start_neuron             : 0
mpi_rma_mem_size (Byte)      : 314572800
max_num_pending_vacant_axons : 1000

[INFO:Rank 0]  Simulation box length          : 2626 (height = width = depth)
[INFO:Rank 0]  Subdomain length               : 328.25 (height = width = depth)
[INFO:Rank 0]  Total number subdomains        : 512
[INFO:Rank 0]  Number subdomains per dimension: 8
[INFO:Rank 0]  My number of neurons   : 8000
[INFO:Rank 0]  My number of subdomains: 4
[INFO:Rank 0]  My subdomain ids       : [ 0 , 3 ]
[INFO:Rank 0]  Subdomain: 0
[INFO:Rank 0]      num_neurons: 2000
[INFO:Rank 0]      index_1d   : 0
[INFO:Rank 0]      index_3d   : ( 0 , 0 , 0 )
[INFO:Rank 0]      xyz_min    : ( 0 , 0 , 0 )
[INFO:Rank 0]      xyz_max    : ( 328.25 , 328.25 , 328.25 )

[INFO:Rank 0]  Subdomain: 1
[INFO:Rank 0]      num_neurons: 2000
[INFO:Rank 0]      index_1d   : 1
[INFO:Rank 0]      index_3d   : ( 1 , 0 , 0 )
[INFO:Rank 0]      xyz_min    : ( 328.25 , 0 , 0 )
[INFO:Rank 0]      xyz_max    : ( 656.5 , 328.25 , 328.25 )

[INFO:Rank 0]  Subdomain: 2
[INFO:Rank 0]      num_neurons: 2000
[INFO:Rank 0]      index_1d   : 2
[INFO:Rank 0]      index_3d   : ( 0 , 1 , 0 )
[INFO:Rank 0]      xyz_min    : ( 0 , 328.25 , 0 )
[INFO:Rank 0]      xyz_max    : ( 328.25 , 656.5 , 328.25 )

[INFO:Rank 0]  Subdomain: 3
[INFO:Rank 0]      num_neurons: 2000
[INFO:Rank 0]      index_1d   : 3
[INFO:Rank 0]      index_3d   : ( 1 , 1 , 0 )
[INFO:Rank 0]      xyz_min    : ( 328.25 , 328.25 , 0 )
[INFO:Rank 0]      xyz_max    : ( 656.5 , 656.5 , 328.25 )

[INFO:Rank 0]  init_free_object_list: max_num_objects: 1572352  sizeof(OctreeNode): 200
[INFO:Rank 0]  Neurons created
[INFO:Rank 0]  Neurons inserted into subdomains
[INFO:Rank 0]  Subdomains inserted into global tree
[INFO:Rank 0]  Network graph created
[INFO:Rank 0]  Synaptic elements initialized 

** STATE AFTER: 1 of 1 msec ** [Fri Jul 26 17:04:02 2019]
** UPDATE CONNECTIVITY AFTER: 1 of 1 msec ** [Fri Jul 26 17:04:02 2019]

[INFO:Rank 0]  Sum (all processes) number synapses deleted: 0
[INFO:Rank 0]  Sum (all processes) number synapses created: 738485

======== TIMERS GLOBAL OVER ALL RANKS ========
                                                (    min      |     avg      |     max     ) sec.
TIMERS: main()
  main()                                       : 14.1107      | 14.1112      | 14.1128     
  Initialization                               : 0.580068     | 0.581198     | 0.589287    
  Simulation loop                              : 13.5223      | 13.5292      | 13.5305     
    Update electrical activity                 : 2.7e-08      | 3.52734e-08  | 4.2e-08     
    Update #synaptic elements delta            : 2.5e-08      | 3.41094e-08  | 4.2e-08     
    Connectivity update                        : 13.5222      | 13.529       | 13.5305     
      Update #synaptic elements + del synapses : 0            | 0            | 0           
      Update local trees                       : 0.00110583   | 0.00113893   | 0.00137021  
      Exchange branch nodes (w/ Allgather)     : 0.000110071  | 0.00721787   | 0.00800476  
      Insert branch nodes into global tree     : 2.4686e-05   | 2.62403e-05  | 4.1719e-05  
      Update global tree                       : 1.1945e-05   | 1.25713e-05  | 1.6663e-05  
      Find target neurons (w/ RMA)             : 1.82721      | 7.00631      | 13.2643     
      Empty remote nodes cache                 : 0.0197769    | 0.0277403    | 0.0351751   
      Create synapses (w/ Alltoall)            : 0.223234     | 6.48635      | 11.6723     

======== RMA MEMORY ALLOCATOR RANK 0 ========
Min num objects available: 1498424

[INFO:Rank 0]  END: Fri Jul 26 17:04:16 2019

