Number ranks: 256
Partitioning based on number neurons would be: Rank 0: my_num_neurons: 7000 [start_id,end_id]: [0,6999]

[INFO:Rank 0]  START: Fri Jul 26 18:13:02 2019

** PARAMETERS **

num_neurons                  : 1792000
frac_neurons_exc             : 0.8
simulation_time              : 1
x_0                          : 0.05
tau_x                        : 5
k                            : 0.03
tau_C                        : 5000
beta                         : 0.001
C_target                     : 0.5
refrac_time                  : 4
h                            : 10
eta_A                        : 0
eta_D_ex                     : 0
eta_D_in                     : 0
nu                           : 1e-05
vacant_retract_ratio         : 0
accept_criterion (BH)        : 0.3
sigma (BH)                   : 750
naive_method (BH)            : 0
num_log_files                : 9
log_start_neuron             : 0
mpi_rma_mem_size (Byte)      : 314572800
max_num_pending_vacant_axons : 1000

[INFO:Rank 0]  Simulation box length          : 3172 (height = width = depth)
[INFO:Rank 0]  Subdomain length               : 396.5 (height = width = depth)
[INFO:Rank 0]  Total number subdomains        : 512
[INFO:Rank 0]  Number subdomains per dimension: 8
[INFO:Rank 0]  My number of neurons   : 7000
[INFO:Rank 0]  My number of subdomains: 2
[INFO:Rank 0]  My subdomain ids       : [ 0 , 1 ]
[INFO:Rank 0]  Subdomain: 0
[INFO:Rank 0]      num_neurons: 3500
[INFO:Rank 0]      index_1d   : 0
[INFO:Rank 0]      index_3d   : ( 0 , 0 , 0 )
[INFO:Rank 0]      xyz_min    : ( 0 , 0 , 0 )
[INFO:Rank 0]      xyz_max    : ( 396.5 , 396.5 , 396.5 )

[INFO:Rank 0]  Subdomain: 1
[INFO:Rank 0]      num_neurons: 3500
[INFO:Rank 0]      index_1d   : 1
[INFO:Rank 0]      index_3d   : ( 1 , 0 , 0 )
[INFO:Rank 0]      xyz_min    : ( 396.5 , 0 , 0 )
[INFO:Rank 0]      xyz_max    : ( 793 , 396.5 , 396.5 )

[INFO:Rank 0]  init_free_object_list: max_num_objects: 1572352  sizeof(OctreeNode): 200
[INFO:Rank 0]  Neurons created
[INFO:Rank 0]  Neurons inserted into subdomains
[INFO:Rank 0]  Subdomains inserted into global tree
[INFO:Rank 0]  Network graph created
[INFO:Rank 0]  Synaptic elements initialized 

** STATE AFTER: 1 of 1 msec ** [Fri Jul 26 18:13:03 2019]
** UPDATE CONNECTIVITY AFTER: 1 of 1 msec ** [Fri Jul 26 18:13:03 2019]

[INFO:Rank 0]  Sum (all processes) number synapses deleted: 0
[INFO:Rank 0]  Sum (all processes) number synapses created: 1.29838e+06

======== TIMERS GLOBAL OVER ALL RANKS ========
                                                (    min      |     avg      |     max     ) sec.
TIMERS: main()
  main()                                       : 65.7677      | 65.7697      | 65.7711     
  Initialization                               : 0.949298     | 0.95249      | 0.959632    
  Simulation loop                              : 64.809       | 64.8164      | 64.8184     
    Update electrical activity                 : 2.5e-08      | 3.51875e-08  | 5.6e-08     
    Update #synaptic elements delta            : 2.5e-08      | 3.4168e-08   | 4.3e-08     
    Connectivity update                        : 64.8085      | 64.8162      | 64.8183     
      Update #synaptic elements + del synapses : 0            | 0            | 0           
      Update local trees                       : 0.000969967  | 0.00112329   | 0.00223622  
      Exchange branch nodes (w/ Allgather)     : 9.7199e-05   | 0.00735165   | 0.00953775  
      Insert branch nodes into global tree     : 2.484e-05    | 3.32649e-05  | 5.8891e-05  
      Update global tree                       : 1.1081e-05   | 1.1969e-05   | 2.3253e-05  
      Find target neurons (w/ RMA)             : 5.939        | 29.4945      | 64.3519     
      Empty remote nodes cache                 : 0.0189754    | 0.0305732    | 0.0436971   
      Create synapses (w/ Alltoall)            : 0.411802     | 35.282       | 58.8471     

======== RMA MEMORY ALLOCATOR RANK 0 ========
Min num objects available: 1501469

[INFO:Rank 0]  END: Fri Jul 26 18:14:08 2019

Number ranks: 256
Partitioning based on number neurons would be: Rank 0: my_num_neurons: 7000 [start_id,end_id]: [0,6999]

[INFO:Rank 0]  START: Fri Jul 26 18:14:09 2019

** PARAMETERS **

num_neurons                  : 1792000
frac_neurons_exc             : 0.8
simulation_time              : 1
x_0                          : 0.05
tau_x                        : 5
k                            : 0.03
tau_C                        : 5000
beta                         : 0.001
C_target                     : 0.5
refrac_time                  : 4
h                            : 10
eta_A                        : 0
eta_D_ex                     : 0
eta_D_in                     : 0
nu                           : 1e-05
vacant_retract_ratio         : 0
accept_criterion (BH)        : 0.3
sigma (BH)                   : 750
naive_method (BH)            : 0
num_log_files                : 9
log_start_neuron             : 0
mpi_rma_mem_size (Byte)      : 314572800
max_num_pending_vacant_axons : 1000

[INFO:Rank 0]  Simulation box length          : 3172 (height = width = depth)
[INFO:Rank 0]  Subdomain length               : 396.5 (height = width = depth)
[INFO:Rank 0]  Total number subdomains        : 512
[INFO:Rank 0]  Number subdomains per dimension: 8
[INFO:Rank 0]  My number of neurons   : 7000
[INFO:Rank 0]  My number of subdomains: 2
[INFO:Rank 0]  My subdomain ids       : [ 0 , 1 ]
[INFO:Rank 0]  Subdomain: 0
[INFO:Rank 0]      num_neurons: 3500
[INFO:Rank 0]      index_1d   : 0
[INFO:Rank 0]      index_3d   : ( 0 , 0 , 0 )
[INFO:Rank 0]      xyz_min    : ( 0 , 0 , 0 )
[INFO:Rank 0]      xyz_max    : ( 396.5 , 396.5 , 396.5 )

[INFO:Rank 0]  Subdomain: 1
[INFO:Rank 0]      num_neurons: 3500
[INFO:Rank 0]      index_1d   : 1
[INFO:Rank 0]      index_3d   : ( 1 , 0 , 0 )
[INFO:Rank 0]      xyz_min    : ( 396.5 , 0 , 0 )
[INFO:Rank 0]      xyz_max    : ( 793 , 396.5 , 396.5 )

[INFO:Rank 0]  init_free_object_list: max_num_objects: 1572352  sizeof(OctreeNode): 200
[INFO:Rank 0]  Neurons created
[INFO:Rank 0]  Neurons inserted into subdomains
[INFO:Rank 0]  Subdomains inserted into global tree
[INFO:Rank 0]  Network graph created
[INFO:Rank 0]  Synaptic elements initialized 

** STATE AFTER: 1 of 1 msec ** [Fri Jul 26 18:14:10 2019]
** UPDATE CONNECTIVITY AFTER: 1 of 1 msec ** [Fri Jul 26 18:14:10 2019]

[INFO:Rank 0]  Sum (all processes) number synapses deleted: 0
[INFO:Rank 0]  Sum (all processes) number synapses created: 1.29838e+06

======== TIMERS GLOBAL OVER ALL RANKS ========
                                                (    min      |     avg      |     max     ) sec.
TIMERS: main()
  main()                                       : 65.6555      | 65.6611      | 65.6629     
  Initialization                               : 0.950348     | 0.95658      | 0.963685    
  Simulation loop                              : 64.697       | 64.704       | 64.7054     
    Update electrical activity                 : 2.7e-08      | 3.51328e-08  | 6.4e-08     
    Update #synaptic elements delta            : 2.5e-08      | 3.39766e-08  | 4.8e-08     
    Connectivity update                        : 64.6969      | 64.7039      | 64.7054     
      Update #synaptic elements + del synapses : 0            | 0            | 0           
      Update local trees                       : 0.000968107  | 0.00110999   | 0.00223795  
      Exchange branch nodes (w/ Allgather)     : 0.000156851  | 0.00736659   | 0.00921231  
      Insert branch nodes into global tree     : 2.546e-05    | 3.61878e-05  | 7.158e-05   
      Update global tree                       : 1.1107e-05   | 1.21579e-05  | 2.398e-05   
      Find target neurons (w/ RMA)             : 5.96875      | 29.5293      | 64.2418     
      Empty remote nodes cache                 : 0.0189083    | 0.0306657    | 0.0415692   
      Create synapses (w/ Alltoall)            : 0.414047     | 35.1345      | 58.7036     

======== RMA MEMORY ALLOCATOR RANK 0 ========
Min num objects available: 1501469

[INFO:Rank 0]  END: Fri Jul 26 18:15:15 2019

