Number ranks: 256
Partitioning based on number neurons would be: Rank 0: my_num_neurons: 8000 [start_id,end_id]: [0,7999]

[INFO:Rank 0]  START: Fri Jul 26 18:49:43 2019

** PARAMETERS **

num_neurons                  : 2048000
frac_neurons_exc             : 0.8
simulation_time              : 1
x_0                          : 0.05
tau_x                        : 5
k                            : 0.03
tau_C                        : 5000
beta                         : 0.001
C_target                     : 0.5
refrac_time                  : 4
h                            : 10
eta_A                        : 0
eta_D_ex                     : 0
eta_D_in                     : 0
nu                           : 1e-05
vacant_retract_ratio         : 0
accept_criterion (BH)        : 0.5
sigma (BH)                   : 750
naive_method (BH)            : 0
num_log_files                : 9
log_start_neuron             : 0
mpi_rma_mem_size (Byte)      : 314572800
max_num_pending_vacant_axons : 1000

[INFO:Rank 0]  Simulation box length          : 3302 (height = width = depth)
[INFO:Rank 0]  Subdomain length               : 412.75 (height = width = depth)
[INFO:Rank 0]  Total number subdomains        : 512
[INFO:Rank 0]  Number subdomains per dimension: 8
[INFO:Rank 0]  My number of neurons   : 8000
[INFO:Rank 0]  My number of subdomains: 2
[INFO:Rank 0]  My subdomain ids       : [ 0 , 1 ]
[INFO:Rank 0]  Subdomain: 0
[INFO:Rank 0]      num_neurons: 4000
[INFO:Rank 0]      index_1d   : 0
[INFO:Rank 0]      index_3d   : ( 0 , 0 , 0 )
[INFO:Rank 0]      xyz_min    : ( 0 , 0 , 0 )
[INFO:Rank 0]      xyz_max    : ( 412.75 , 412.75 , 412.75 )

[INFO:Rank 0]  Subdomain: 1
[INFO:Rank 0]      num_neurons: 4000
[INFO:Rank 0]      index_1d   : 1
[INFO:Rank 0]      index_3d   : ( 1 , 0 , 0 )
[INFO:Rank 0]      xyz_min    : ( 412.75 , 0 , 0 )
[INFO:Rank 0]      xyz_max    : ( 825.5 , 412.75 , 412.75 )

[INFO:Rank 0]  init_free_object_list: max_num_objects: 1572352  sizeof(OctreeNode): 200
[INFO:Rank 0]  Neurons created
[INFO:Rank 0]  Neurons inserted into subdomains
[INFO:Rank 0]  Subdomains inserted into global tree
[INFO:Rank 0]  Network graph created
[INFO:Rank 0]  Synaptic elements initialized 

** STATE AFTER: 1 of 1 msec ** [Fri Jul 26 18:49:44 2019]
** UPDATE CONNECTIVITY AFTER: 1 of 1 msec ** [Fri Jul 26 18:49:44 2019]

[INFO:Rank 0]  Sum (all processes) number synapses deleted: 0
[INFO:Rank 0]  Sum (all processes) number synapses created: 1.47931e+06

======== TIMERS GLOBAL OVER ALL RANKS ========
                                                (    min      |     avg      |     max     ) sec.
TIMERS: main()
  main()                                       : 17.2436      | 17.2477      | 17.2492     
  Initialization                               : 0.952734     | 0.958157     | 0.962622    
  Simulation loop                              : 16.285       | 16.2889      | 16.2909     
    Update electrical activity                 : 2.5e-08      | 3.49961e-08  | 4.9e-08     
    Update #synaptic elements delta            : 2.5e-08      | 3.40273e-08  | 4e-08       
    Connectivity update                        : 16.2849      | 16.2888      | 16.2909     
      Update #synaptic elements + del synapses : 0            | 0            | 0           
      Update local trees                       : 0.00110943   | 0.0011818    | 0.00223605  
      Exchange branch nodes (w/ Allgather)     : 0.000135351  | 0.00443968   | 0.00613724  
      Insert branch nodes into global tree     : 2.5173e-05   | 2.90535e-05  | 4.875e-05   
      Update global tree                       : 1.2056e-05   | 1.2928e-05   | 2.0407e-05  
      Find target neurons (w/ RMA)             : 1.88842      | 8.3655       | 15.8641     
      Empty remote nodes cache                 : 0.0207505    | 0.0308716    | 0.0396998   
      Create synapses (w/ Alltoall)            : 0.381089     | 7.88645      | 14.3723     

======== RMA MEMORY ALLOCATOR RANK 0 ========
Min num objects available: 1498374

[INFO:Rank 0]  END: Fri Jul 26 18:50:01 2019

Number ranks: 256
Partitioning based on number neurons would be: Rank 0: my_num_neurons: 8000 [start_id,end_id]: [0,7999]

[INFO:Rank 0]  START: Fri Jul 26 18:50:07 2019

** PARAMETERS **

num_neurons                  : 2048000
frac_neurons_exc             : 0.8
simulation_time              : 1
x_0                          : 0.05
tau_x                        : 5
k                            : 0.03
tau_C                        : 5000
beta                         : 0.001
C_target                     : 0.5
refrac_time                  : 4
h                            : 10
eta_A                        : 0
eta_D_ex                     : 0
eta_D_in                     : 0
nu                           : 1e-05
vacant_retract_ratio         : 0
accept_criterion (BH)        : 0.5
sigma (BH)                   : 750
naive_method (BH)            : 0
num_log_files                : 9
log_start_neuron             : 0
mpi_rma_mem_size (Byte)      : 314572800
max_num_pending_vacant_axons : 1000

[INFO:Rank 0]  Simulation box length          : 3302 (height = width = depth)
[INFO:Rank 0]  Subdomain length               : 412.75 (height = width = depth)
[INFO:Rank 0]  Total number subdomains        : 512
[INFO:Rank 0]  Number subdomains per dimension: 8
[INFO:Rank 0]  My number of neurons   : 8000
[INFO:Rank 0]  My number of subdomains: 2
[INFO:Rank 0]  My subdomain ids       : [ 0 , 1 ]
[INFO:Rank 0]  Subdomain: 0
[INFO:Rank 0]      num_neurons: 4000
[INFO:Rank 0]      index_1d   : 0
[INFO:Rank 0]      index_3d   : ( 0 , 0 , 0 )
[INFO:Rank 0]      xyz_min    : ( 0 , 0 , 0 )
[INFO:Rank 0]      xyz_max    : ( 412.75 , 412.75 , 412.75 )

[INFO:Rank 0]  Subdomain: 1
[INFO:Rank 0]      num_neurons: 4000
[INFO:Rank 0]      index_1d   : 1
[INFO:Rank 0]      index_3d   : ( 1 , 0 , 0 )
[INFO:Rank 0]      xyz_min    : ( 412.75 , 0 , 0 )
[INFO:Rank 0]      xyz_max    : ( 825.5 , 412.75 , 412.75 )

[INFO:Rank 0]  init_free_object_list: max_num_objects: 1572352  sizeof(OctreeNode): 200
[INFO:Rank 0]  Neurons created
[INFO:Rank 0]  Neurons inserted into subdomains
[INFO:Rank 0]  Subdomains inserted into global tree
[INFO:Rank 0]  Network graph created
[INFO:Rank 0]  Synaptic elements initialized 

** STATE AFTER: 1 of 1 msec ** [Fri Jul 26 18:50:08 2019]
** UPDATE CONNECTIVITY AFTER: 1 of 1 msec ** [Fri Jul 26 18:50:08 2019]

[INFO:Rank 0]  Sum (all processes) number synapses deleted: 0
[INFO:Rank 0]  Sum (all processes) number synapses created: 1.47931e+06

======== TIMERS GLOBAL OVER ALL RANKS ========
                                                (    min      |     avg      |     max     ) sec.
TIMERS: main()
  main()                                       : 17.2656      | 17.2676      | 17.2695     
  Initialization                               : 0.955699     | 0.958659     | 0.964802    
  Simulation loop                              : 16.3013      | 16.3083      | 16.3102     
    Update electrical activity                 : 2.6e-08      | 3.50156e-08  | 4.9e-08     
    Update #synaptic elements delta            : 2.5e-08      | 3.40195e-08  | 4.7e-08     
    Connectivity update                        : 16.3012      | 16.3082      | 16.3102     
      Update #synaptic elements + del synapses : 0            | 0            | 0           
      Update local trees                       : 0.00110898   | 0.0012662    | 0.00231221  
      Exchange branch nodes (w/ Allgather)     : 0.000139597  | 0.00697296   | 0.00893317  
      Insert branch nodes into global tree     : 2.5018e-05   | 3.63837e-05  | 7.0226e-05  
      Update global tree                       : 1.2139e-05   | 1.41654e-05  | 2.7648e-05  
      Find target neurons (w/ RMA)             : 1.9091       | 8.37077      | 15.8781     
      Empty remote nodes cache                 : 0.0204358    | 0.0308637    | 0.0400231   
      Create synapses (w/ Alltoall)            : 0.384189     | 7.89778      | 14.3674     

======== RMA MEMORY ALLOCATOR RANK 0 ========
Min num objects available: 1498374

[INFO:Rank 0]  END: Fri Jul 26 18:50:24 2019

