Number ranks: 64
Partitioning based on number neurons would be: Rank 0: my_num_neurons: 5000 [start_id,end_id]: [0,4999]

[INFO:Rank 0]  START: Fri Jul 26 15:46:38 2019

** PARAMETERS **

num_neurons                  : 320000
frac_neurons_exc             : 0.8
simulation_time              : 1
x_0                          : 0.05
tau_x                        : 5
k                            : 0.03
tau_C                        : 5000
beta                         : 0.001
C_target                     : 0.5
refrac_time                  : 4
h                            : 10
eta_A                        : 0
eta_D_ex                     : 0
eta_D_in                     : 0
nu                           : 1e-05
vacant_retract_ratio         : 0
accept_criterion (BH)        : 0.2
sigma (BH)                   : 750
naive_method (BH)            : 0
num_log_files                : 9
log_start_neuron             : 0
mpi_rma_mem_size (Byte)      : 314572800
max_num_pending_vacant_axons : 1000

[INFO:Rank 0]  Simulation box length          : 1794 (height = width = depth)
[INFO:Rank 0]  Subdomain length               : 448.5 (height = width = depth)
[INFO:Rank 0]  Total number subdomains        : 64
[INFO:Rank 0]  Number subdomains per dimension: 4
[INFO:Rank 0]  My number of neurons   : 5000
[INFO:Rank 0]  My number of subdomains: 1
[INFO:Rank 0]  My subdomain ids       : [ 0 , 0 ]
[INFO:Rank 0]  Subdomain: 0
[INFO:Rank 0]      num_neurons: 5000
[INFO:Rank 0]      index_1d   : 0
[INFO:Rank 0]      index_3d   : ( 0 , 0 , 0 )
[INFO:Rank 0]      xyz_min    : ( 0 , 0 , 0 )
[INFO:Rank 0]      xyz_max    : ( 448.5 , 448.5 , 448.5 )

[INFO:Rank 0]  init_free_object_list: max_num_objects: 1572800  sizeof(OctreeNode): 200
[INFO:Rank 0]  Neurons created
[INFO:Rank 0]  Neurons inserted into subdomains
[INFO:Rank 0]  Subdomains inserted into global tree
[INFO:Rank 0]  Network graph created
[INFO:Rank 0]  Synaptic elements initialized 

** STATE AFTER: 1 of 1 msec ** [Fri Jul 26 15:46:39 2019]
** UPDATE CONNECTIVITY AFTER: 1 of 1 msec ** [Fri Jul 26 15:46:39 2019]

[INFO:Rank 0]  Sum (all processes) number synapses deleted: 0
[INFO:Rank 0]  Sum (all processes) number synapses created: 230490

======== TIMERS GLOBAL OVER ALL RANKS ========
                                                (    min      |     avg      |     max     ) sec.
TIMERS: main()
  main()                                       : 86.4207      | 86.4259      | 86.4304     
  Initialization                               : 0.392101     | 0.397807     | 0.402501    
  Simulation loop                              : 86.0245      | 86.0276      | 86.0282     
    Update electrical activity                 : 2.8e-08      | 3.50469e-08  | 4.4e-08     
    Update #synaptic elements delta            : 2.7e-08      | 3.40313e-08  | 3.8e-08     
    Connectivity update                        : 86.0244      | 86.0275      | 86.0282     
      Update #synaptic elements + del synapses : 0            | 0            | 0           
      Update local trees                       : 0.000698589  | 0.00072863   | 0.000886096 
      Exchange branch nodes (w/ Allgather)     : 2.824e-05    | 0.00329959   | 0.00385521  
      Insert branch nodes into global tree     : 3.295e-06    | 3.74317e-06  | 4.452e-06   
      Update global tree                       : 1.925e-06    | 2.59725e-06  | 3.175e-06   
      Find target neurons (w/ RMA)             : 10.1538      | 37.5662      | 85.8752     
      Empty remote nodes cache                 : 0.0150255    | 0.0206095    | 0.0288363   
      Create synapses (w/ Alltoall)            : 0.123137     | 48.4365      | 75.8546     

======== RMA MEMORY ALLOCATOR RANK 0 ========
Min num objects available: 1515871

[INFO:Rank 0]  END: Fri Jul 26 15:48:05 2019

Number ranks: 64
Partitioning based on number neurons would be: Rank 0: my_num_neurons: 5000 [start_id,end_id]: [0,4999]

[INFO:Rank 0]  START: Fri Jul 26 15:48:06 2019

** PARAMETERS **

num_neurons                  : 320000
frac_neurons_exc             : 0.8
simulation_time              : 1
x_0                          : 0.05
tau_x                        : 5
k                            : 0.03
tau_C                        : 5000
beta                         : 0.001
C_target                     : 0.5
refrac_time                  : 4
h                            : 10
eta_A                        : 0
eta_D_ex                     : 0
eta_D_in                     : 0
nu                           : 1e-05
vacant_retract_ratio         : 0
accept_criterion (BH)        : 0.2
sigma (BH)                   : 750
naive_method (BH)            : 0
num_log_files                : 9
log_start_neuron             : 0
mpi_rma_mem_size (Byte)      : 314572800
max_num_pending_vacant_axons : 1000

[INFO:Rank 0]  Simulation box length          : 1794 (height = width = depth)
[INFO:Rank 0]  Subdomain length               : 448.5 (height = width = depth)
[INFO:Rank 0]  Total number subdomains        : 64
[INFO:Rank 0]  Number subdomains per dimension: 4
[INFO:Rank 0]  My number of neurons   : 5000
[INFO:Rank 0]  My number of subdomains: 1
[INFO:Rank 0]  My subdomain ids       : [ 0 , 0 ]
[INFO:Rank 0]  Subdomain: 0
[INFO:Rank 0]      num_neurons: 5000
[INFO:Rank 0]      index_1d   : 0
[INFO:Rank 0]      index_3d   : ( 0 , 0 , 0 )
[INFO:Rank 0]      xyz_min    : ( 0 , 0 , 0 )
[INFO:Rank 0]      xyz_max    : ( 448.5 , 448.5 , 448.5 )

[INFO:Rank 0]  init_free_object_list: max_num_objects: 1572800  sizeof(OctreeNode): 200
[INFO:Rank 0]  Neurons created
[INFO:Rank 0]  Neurons inserted into subdomains
[INFO:Rank 0]  Subdomains inserted into global tree
[INFO:Rank 0]  Network graph created
[INFO:Rank 0]  Synaptic elements initialized 

** STATE AFTER: 1 of 1 msec ** [Fri Jul 26 15:48:07 2019]
** UPDATE CONNECTIVITY AFTER: 1 of 1 msec ** [Fri Jul 26 15:48:07 2019]

[INFO:Rank 0]  Sum (all processes) number synapses deleted: 0
[INFO:Rank 0]  Sum (all processes) number synapses created: 230490

======== TIMERS GLOBAL OVER ALL RANKS ========
                                                (    min      |     avg      |     max     ) sec.
TIMERS: main()
  main()                                       : 86.5216      | 86.5249      | 86.5272     
  Initialization                               : 0.392979     | 0.396877     | 0.399457    
  Simulation loop                              : 86.1264      | 86.1276      | 86.1283     
    Update electrical activity                 : 2.6e-08      | 3.54062e-08  | 5.3e-08     
    Update #synaptic elements delta            : 2.6e-08      | 3.4375e-08   | 3.9e-08     
    Connectivity update                        : 86.1264      | 86.1275      | 86.1283     
      Update #synaptic elements + del synapses : 0            | 0            | 0           
      Update local trees                       : 0.00070051   | 0.000726779  | 0.000776461 
      Exchange branch nodes (w/ Allgather)     : 3.3895e-05   | 0.0014215    | 0.00221901  
      Insert branch nodes into global tree     : 3.392e-06    | 3.77223e-06  | 4.553e-06   
      Update global tree                       : 1.92e-06     | 2.91917e-06  | 1.3549e-05  
      Find target neurons (w/ RMA)             : 10.3778      | 37.5735      | 85.9782     
      Empty remote nodes cache                 : 0.0150551    | 0.0206888    | 0.0287407   
      Create synapses (w/ Alltoall)            : 0.118568     | 48.5311      | 75.7323     

======== RMA MEMORY ALLOCATOR RANK 0 ========
Min num objects available: 1515871

[INFO:Rank 0]  END: Fri Jul 26 15:49:33 2019

