Number ranks: 64
Partitioning based on number neurons would be: Rank 0: my_num_neurons: 7000 [start_id,end_id]: [0,6999]

[INFO:Rank 0]  START: Fri Jul 26 16:08:02 2019

** PARAMETERS **

num_neurons                  : 448000
frac_neurons_exc             : 0.8
simulation_time              : 1
x_0                          : 0.05
tau_x                        : 5
k                            : 0.03
tau_C                        : 5000
beta                         : 0.001
C_target                     : 0.5
refrac_time                  : 4
h                            : 10
eta_A                        : 0
eta_D_ex                     : 0
eta_D_in                     : 0
nu                           : 1e-05
vacant_retract_ratio         : 0
accept_criterion (BH)        : 0.3
sigma (BH)                   : 750
naive_method (BH)            : 0
num_log_files                : 9
log_start_neuron             : 0
mpi_rma_mem_size (Byte)      : 314572800
max_num_pending_vacant_axons : 1000

[INFO:Rank 0]  Simulation box length          : 2002 (height = width = depth)
[INFO:Rank 0]  Subdomain length               : 500.5 (height = width = depth)
[INFO:Rank 0]  Total number subdomains        : 64
[INFO:Rank 0]  Number subdomains per dimension: 4
[INFO:Rank 0]  My number of neurons   : 7000
[INFO:Rank 0]  My number of subdomains: 1
[INFO:Rank 0]  My subdomain ids       : [ 0 , 0 ]
[INFO:Rank 0]  Subdomain: 0
[INFO:Rank 0]      num_neurons: 7000
[INFO:Rank 0]      index_1d   : 0
[INFO:Rank 0]      index_3d   : ( 0 , 0 , 0 )
[INFO:Rank 0]      xyz_min    : ( 0 , 0 , 0 )
[INFO:Rank 0]      xyz_max    : ( 500.5 , 500.5 , 500.5 )

[INFO:Rank 0]  init_free_object_list: max_num_objects: 1572800  sizeof(OctreeNode): 200
[INFO:Rank 0]  Neurons created
[INFO:Rank 0]  Neurons inserted into subdomains
[INFO:Rank 0]  Subdomains inserted into global tree
[INFO:Rank 0]  Network graph created
[INFO:Rank 0]  Synaptic elements initialized 

** STATE AFTER: 1 of 1 msec ** [Fri Jul 26 16:08:02 2019]
** UPDATE CONNECTIVITY AFTER: 1 of 1 msec ** [Fri Jul 26 16:08:02 2019]

[INFO:Rank 0]  Sum (all processes) number synapses deleted: 0
[INFO:Rank 0]  Sum (all processes) number synapses created: 322467

======== TIMERS GLOBAL OVER ALL RANKS ========
                                                (    min      |     avg      |     max     ) sec.
TIMERS: main()
  main()                                       : 40.5917      | 40.5954      | 40.5973     
  Initialization                               : 0.395605     | 0.399849     | 0.402065    
  Simulation loop                              : 40.1946      | 40.1951      | 40.1958     
    Update electrical activity                 : 2.5e-08      | 3.475e-08    | 4.2e-08     
    Update #synaptic elements delta            : 2.6e-08      | 3.41094e-08  | 4.2e-08     
    Connectivity update                        : 40.1946      | 40.195       | 40.1958     
      Update #synaptic elements + del synapses : 0            | 0            | 0           
      Update local trees                       : 0.000983491  | 0.00102535   | 0.00128401  
      Exchange branch nodes (w/ Allgather)     : 3.0791e-05   | 0.000638721  | 0.00158746  
      Insert branch nodes into global tree     : 3.598e-06    | 3.9295e-06   | 4.447e-06   
      Update global tree                       : 1.934e-06    | 2.61709e-06  | 3.121e-06   
      Find target neurons (w/ RMA)             : 6.34598      | 18.5363      | 40.0405     
      Empty remote nodes cache                 : 0.0206487    | 0.026451     | 0.0330776   
      Create synapses (w/ Alltoall)            : 0.120179     | 21.6305      | 33.8244     

======== RMA MEMORY ALLOCATOR RANK 0 ========
Min num objects available: 1503441

[INFO:Rank 0]  END: Fri Jul 26 16:08:42 2019

Number ranks: 64
Partitioning based on number neurons would be: Rank 0: my_num_neurons: 7000 [start_id,end_id]: [0,6999]

[INFO:Rank 0]  START: Fri Jul 26 16:08:44 2019

** PARAMETERS **

num_neurons                  : 448000
frac_neurons_exc             : 0.8
simulation_time              : 1
x_0                          : 0.05
tau_x                        : 5
k                            : 0.03
tau_C                        : 5000
beta                         : 0.001
C_target                     : 0.5
refrac_time                  : 4
h                            : 10
eta_A                        : 0
eta_D_ex                     : 0
eta_D_in                     : 0
nu                           : 1e-05
vacant_retract_ratio         : 0
accept_criterion (BH)        : 0.3
sigma (BH)                   : 750
naive_method (BH)            : 0
num_log_files                : 9
log_start_neuron             : 0
mpi_rma_mem_size (Byte)      : 314572800
max_num_pending_vacant_axons : 1000

[INFO:Rank 0]  Simulation box length          : 2002 (height = width = depth)
[INFO:Rank 0]  Subdomain length               : 500.5 (height = width = depth)
[INFO:Rank 0]  Total number subdomains        : 64
[INFO:Rank 0]  Number subdomains per dimension: 4
[INFO:Rank 0]  My number of neurons   : 7000
[INFO:Rank 0]  My number of subdomains: 1
[INFO:Rank 0]  My subdomain ids       : [ 0 , 0 ]
[INFO:Rank 0]  Subdomain: 0
[INFO:Rank 0]      num_neurons: 7000
[INFO:Rank 0]      index_1d   : 0
[INFO:Rank 0]      index_3d   : ( 0 , 0 , 0 )
[INFO:Rank 0]      xyz_min    : ( 0 , 0 , 0 )
[INFO:Rank 0]      xyz_max    : ( 500.5 , 500.5 , 500.5 )

[INFO:Rank 0]  init_free_object_list: max_num_objects: 1572800  sizeof(OctreeNode): 200
[INFO:Rank 0]  Neurons created
[INFO:Rank 0]  Neurons inserted into subdomains
[INFO:Rank 0]  Subdomains inserted into global tree
[INFO:Rank 0]  Network graph created
[INFO:Rank 0]  Synaptic elements initialized 

** STATE AFTER: 1 of 1 msec ** [Fri Jul 26 16:08:44 2019]
** UPDATE CONNECTIVITY AFTER: 1 of 1 msec ** [Fri Jul 26 16:08:44 2019]

[INFO:Rank 0]  Sum (all processes) number synapses deleted: 0
[INFO:Rank 0]  Sum (all processes) number synapses created: 322467

======== TIMERS GLOBAL OVER ALL RANKS ========
                                                (    min      |     avg      |     max     ) sec.
TIMERS: main()
  main()                                       : 40.5993      | 40.6022      | 40.605      
  Initialization                               : 0.394777     | 0.398061     | 0.403297    
  Simulation loop                              : 40.2         | 40.2037      | 40.2043     
    Update electrical activity                 : 3e-08        | 3.54375e-08  | 5.1e-08     
    Update #synaptic elements delta            : 2.6e-08      | 3.43125e-08  | 3.9e-08     
    Connectivity update                        : 40.1997      | 40.2036      | 40.2043     
      Update #synaptic elements + del synapses : 0            | 0            | 0           
      Update local trees                       : 0.000986488  | 0.001025     | 0.00123573  
      Exchange branch nodes (w/ Allgather)     : 2.8667e-05   | 0.00397967   | 0.00478555  
      Insert branch nodes into global tree     : 3.577e-06    | 3.91737e-06  | 4.379e-06   
      Update global tree                       : 2.011e-06    | 2.71702e-06  | 3.202e-06   
      Find target neurons (w/ RMA)             : 5.94073      | 18.5531      | 40.0422     
      Empty remote nodes cache                 : 0.0208677    | 0.0264403    | 0.0329162   
      Create synapses (w/ Alltoall)            : 0.123803     | 21.6189      | 34.2362     

======== RMA MEMORY ALLOCATOR RANK 0 ========
Min num objects available: 1503441

[INFO:Rank 0]  END: Fri Jul 26 16:09:25 2019

