Number ranks: 512
Partitioning based on number neurons would be: Rank 0: my_num_neurons: 7000 [start_id,end_id]: [0,6999]

[INFO:Rank 0]  START: Fri Jul 26 22:26:48 2019

** PARAMETERS **

num_neurons                  : 3584000
frac_neurons_exc             : 0.8
simulation_time              : 1
x_0                          : 0.05
tau_x                        : 5
k                            : 0.03
tau_C                        : 5000
beta                         : 0.001
C_target                     : 0.5
refrac_time                  : 4
h                            : 10
eta_A                        : 0
eta_D_ex                     : 0
eta_D_in                     : 0
nu                           : 1e-05
vacant_retract_ratio         : 0
accept_criterion (BH)        : 0.2
sigma (BH)                   : 750
naive_method (BH)            : 0
num_log_files                : 9
log_start_neuron             : 0
mpi_rma_mem_size (Byte)      : 314572800
max_num_pending_vacant_axons : 1000

[INFO:Rank 0]  Simulation box length          : 4004 (height = width = depth)
[INFO:Rank 0]  Subdomain length               : 500.5 (height = width = depth)
[INFO:Rank 0]  Total number subdomains        : 512
[INFO:Rank 0]  Number subdomains per dimension: 8
[INFO:Rank 0]  My number of neurons   : 7000
[INFO:Rank 0]  My number of subdomains: 1
[INFO:Rank 0]  My subdomain ids       : [ 0 , 0 ]
[INFO:Rank 0]  Subdomain: 0
[INFO:Rank 0]      num_neurons: 7000
[INFO:Rank 0]      index_1d   : 0
[INFO:Rank 0]      index_3d   : ( 0 , 0 , 0 )
[INFO:Rank 0]      xyz_min    : ( 0 , 0 , 0 )
[INFO:Rank 0]      xyz_max    : ( 500.5 , 500.5 , 500.5 )

[INFO:Rank 0]  init_free_object_list: max_num_objects: 1572352  sizeof(OctreeNode): 200
[INFO:Rank 0]  Neurons created
[INFO:Rank 0]  Neurons inserted into subdomains
[INFO:Rank 0]  Subdomains inserted into global tree
[INFO:Rank 0]  Network graph created
[INFO:Rank 0]  Synaptic elements initialized 

** STATE AFTER: 1 of 1 msec ** [Fri Jul 26 22:26:50 2019]
** UPDATE CONNECTIVITY AFTER: 1 of 1 msec ** [Fri Jul 26 22:26:50 2019]

[INFO:Rank 0]  Sum (all processes) number synapses deleted: 0
[INFO:Rank 0]  Sum (all processes) number synapses created: 2.60224e+06

======== TIMERS GLOBAL OVER ALL RANKS ========
                                                (    min      |     avg      |     max     ) sec.
TIMERS: main()
  main()                                       : 255.193      | 255.195      | 255.197     
  Initialization                               : 1.69878      | 1.70072      | 1.70861     
  Simulation loop                              : 253.486      | 253.493      | 253.495     
    Update electrical activity                 : 2.5e-08      | 3.5041e-08   | 4.8e-08     
    Update #synaptic elements delta            : 2.5e-08      | 3.41445e-08  | 4.7e-08     
    Connectivity update                        : 253.486      | 253.493      | 253.495     
      Update #synaptic elements + del synapses : 0            | 0            | 0           
      Update local trees                       : 0.000984111  | 0.00102652   | 0.001274    
      Exchange branch nodes (w/ Allgather)     : 0.000117418  | 0.00793948   | 0.00908874  
      Insert branch nodes into global tree     : 2.4915e-05   | 2.68157e-05  | 4.2989e-05  
      Update global tree                       : 1.1038e-05   | 1.19766e-05  | 3.0833e-05  
      Find target neurons (w/ RMA)             : 17.866       | 111.547      | 252.878     
      Empty remote nodes cache                 : 0.0207121    | 0.0396949    | 0.0587408   
      Create synapses (w/ Alltoall)            : 0.562406     | 141.897      | 235.596     

======== RMA MEMORY ALLOCATOR RANK 0 ========
Min num objects available: 1498722

[INFO:Rank 0]  END: Fri Jul 26 22:31:03 2019

Number ranks: 512
Partitioning based on number neurons would be: Rank 0: my_num_neurons: 7000 [start_id,end_id]: [0,6999]

[INFO:Rank 0]  START: Fri Jul 26 22:31:05 2019

** PARAMETERS **

num_neurons                  : 3584000
frac_neurons_exc             : 0.8
simulation_time              : 1
x_0                          : 0.05
tau_x                        : 5
k                            : 0.03
tau_C                        : 5000
beta                         : 0.001
C_target                     : 0.5
refrac_time                  : 4
h                            : 10
eta_A                        : 0
eta_D_ex                     : 0
eta_D_in                     : 0
nu                           : 1e-05
vacant_retract_ratio         : 0
accept_criterion (BH)        : 0.2
sigma (BH)                   : 750
naive_method (BH)            : 0
num_log_files                : 9
log_start_neuron             : 0
mpi_rma_mem_size (Byte)      : 314572800
max_num_pending_vacant_axons : 1000

[INFO:Rank 0]  Simulation box length          : 4004 (height = width = depth)
[INFO:Rank 0]  Subdomain length               : 500.5 (height = width = depth)
[INFO:Rank 0]  Total number subdomains        : 512
[INFO:Rank 0]  Number subdomains per dimension: 8
[INFO:Rank 0]  My number of neurons   : 7000
[INFO:Rank 0]  My number of subdomains: 1
[INFO:Rank 0]  My subdomain ids       : [ 0 , 0 ]
[INFO:Rank 0]  Subdomain: 0
[INFO:Rank 0]      num_neurons: 7000
[INFO:Rank 0]      index_1d   : 0
[INFO:Rank 0]      index_3d   : ( 0 , 0 , 0 )
[INFO:Rank 0]      xyz_min    : ( 0 , 0 , 0 )
[INFO:Rank 0]      xyz_max    : ( 500.5 , 500.5 , 500.5 )

[INFO:Rank 0]  init_free_object_list: max_num_objects: 1572352  sizeof(OctreeNode): 200
[INFO:Rank 0]  Neurons created
[INFO:Rank 0]  Neurons inserted into subdomains
[INFO:Rank 0]  Subdomains inserted into global tree
[INFO:Rank 0]  Network graph created
[INFO:Rank 0]  Synaptic elements initialized 

** STATE AFTER: 1 of 1 msec ** [Fri Jul 26 22:31:07 2019]
** UPDATE CONNECTIVITY AFTER: 1 of 1 msec ** [Fri Jul 26 22:31:07 2019]

[INFO:Rank 0]  Sum (all processes) number synapses deleted: 0
[INFO:Rank 0]  Sum (all processes) number synapses created: 2.60224e+06

======== TIMERS GLOBAL OVER ALL RANKS ========
                                                (    min      |     avg      |     max     ) sec.
TIMERS: main()
  main()                                       : 255.73       | 255.734      | 255.737     
  Initialization                               : 1.69676      | 1.70183      | 1.71043     
  Simulation loop                              : 254.022      | 254.031      | 254.032     
    Update electrical activity                 : 2.6e-08      | 3.52676e-08  | 4.9e-08     
    Update #synaptic elements delta            : 2.4e-08      | 3.42578e-08  | 1.44e-07    
    Connectivity update                        : 254.022      | 254.031      | 254.032     
      Update #synaptic elements + del synapses : 0            | 0            | 0           
      Update local trees                       : 0.000978192  | 0.00102698   | 0.00127792  
      Exchange branch nodes (w/ Allgather)     : 0.000152805  | 0.00828483   | 0.00963879  
      Insert branch nodes into global tree     : 2.4922e-05   | 2.67725e-05  | 4.266e-05   
      Update global tree                       : 1.1034e-05   | 1.18908e-05  | 2.5951e-05  
      Find target neurons (w/ RMA)             : 18.071       | 111.541      | 253.413     
      Empty remote nodes cache                 : 0.0209982    | 0.0396215    | 0.0593066   
      Create synapses (w/ Alltoall)            : 0.563465     | 142.44       | 235.927     

======== RMA MEMORY ALLOCATOR RANK 0 ========
Min num objects available: 1498722

[INFO:Rank 0]  END: Fri Jul 26 22:35:21 2019

