Number ranks: 128
Partitioning based on number neurons would be: Rank 0: my_num_neurons: 9000 [start_id,end_id]: [0,8999]

[INFO:Rank 0]  START: Fri Jul 26 17:19:42 2019

** PARAMETERS **

num_neurons                  : 1152000
frac_neurons_exc             : 0.8
simulation_time              : 1
x_0                          : 0.05
tau_x                        : 5
k                            : 0.03
tau_C                        : 5000
beta                         : 0.001
C_target                     : 0.5
refrac_time                  : 4
h                            : 10
eta_A                        : 0
eta_D_ex                     : 0
eta_D_in                     : 0
nu                           : 1e-05
vacant_retract_ratio         : 0
accept_criterion (BH)        : 0.5
sigma (BH)                   : 750
naive_method (BH)            : 0
num_log_files                : 9
log_start_neuron             : 0
mpi_rma_mem_size (Byte)      : 314572800
max_num_pending_vacant_axons : 1000

[INFO:Rank 0]  Simulation box length          : 2730 (height = width = depth)
[INFO:Rank 0]  Subdomain length               : 341.25 (height = width = depth)
[INFO:Rank 0]  Total number subdomains        : 512
[INFO:Rank 0]  Number subdomains per dimension: 8
[INFO:Rank 0]  My number of neurons   : 9000
[INFO:Rank 0]  My number of subdomains: 4
[INFO:Rank 0]  My subdomain ids       : [ 0 , 3 ]
[INFO:Rank 0]  Subdomain: 0
[INFO:Rank 0]      num_neurons: 2250
[INFO:Rank 0]      index_1d   : 0
[INFO:Rank 0]      index_3d   : ( 0 , 0 , 0 )
[INFO:Rank 0]      xyz_min    : ( 0 , 0 , 0 )
[INFO:Rank 0]      xyz_max    : ( 341.25 , 341.25 , 341.25 )

[INFO:Rank 0]  Subdomain: 1
[INFO:Rank 0]      num_neurons: 2250
[INFO:Rank 0]      index_1d   : 1
[INFO:Rank 0]      index_3d   : ( 1 , 0 , 0 )
[INFO:Rank 0]      xyz_min    : ( 341.25 , 0 , 0 )
[INFO:Rank 0]      xyz_max    : ( 682.5 , 341.25 , 341.25 )

[INFO:Rank 0]  Subdomain: 2
[INFO:Rank 0]      num_neurons: 2250
[INFO:Rank 0]      index_1d   : 2
[INFO:Rank 0]      index_3d   : ( 0 , 1 , 0 )
[INFO:Rank 0]      xyz_min    : ( 0 , 341.25 , 0 )
[INFO:Rank 0]      xyz_max    : ( 341.25 , 682.5 , 341.25 )

[INFO:Rank 0]  Subdomain: 3
[INFO:Rank 0]      num_neurons: 2250
[INFO:Rank 0]      index_1d   : 3
[INFO:Rank 0]      index_3d   : ( 1 , 1 , 0 )
[INFO:Rank 0]      xyz_min    : ( 341.25 , 341.25 , 0 )
[INFO:Rank 0]      xyz_max    : ( 682.5 , 682.5 , 341.25 )

[INFO:Rank 0]  init_free_object_list: max_num_objects: 1572352  sizeof(OctreeNode): 200
[INFO:Rank 0]  Neurons created
[INFO:Rank 0]  Neurons inserted into subdomains
[INFO:Rank 0]  Subdomains inserted into global tree
[INFO:Rank 0]  Network graph created
[INFO:Rank 0]  Synaptic elements initialized 

** STATE AFTER: 1 of 1 msec ** [Fri Jul 26 17:19:42 2019]
** UPDATE CONNECTIVITY AFTER: 1 of 1 msec ** [Fri Jul 26 17:19:42 2019]

[INFO:Rank 0]  Sum (all processes) number synapses deleted: 0
[INFO:Rank 0]  Sum (all processes) number synapses created: 831467

======== TIMERS GLOBAL OVER ALL RANKS ========
                                                (    min      |     avg      |     max     ) sec.
TIMERS: main()
  main()                                       : 15.574       | 15.5752      | 15.5766     
  Initialization                               : 0.579121     | 0.580883     | 0.590721    
  Simulation loop                              : 14.9816      | 14.9924      | 14.9949     
    Update electrical activity                 : 2.5e-08      | 3.52422e-08  | 6.1e-08     
    Update #synaptic elements delta            : 2.5e-08      | 3.42344e-08  | 4.1e-08     
    Connectivity update                        : 14.9816      | 14.9923      | 14.9944     
      Update #synaptic elements + del synapses : 0            | 0            | 0           
      Update local trees                       : 0.00124705   | 0.00128363   | 0.00156139  
      Exchange branch nodes (w/ Allgather)     : 0.0001398    | 0.0102421    | 0.0113487   
      Insert branch nodes into global tree     : 2.5007e-05   | 2.63488e-05  | 3.7887e-05  
      Update global tree                       : 1.1173e-05   | 1.19634e-05  | 3.3222e-05  
      Find target neurons (w/ RMA)             : 1.99211      | 7.72685      | 14.7218     
      Empty remote nodes cache                 : 0.0213529    | 0.0304533    | 0.0381958   
      Create synapses (w/ Alltoall)            : 0.222772     | 7.22313      | 12.9661     

======== RMA MEMORY ALLOCATOR RANK 0 ========
Min num objects available: 1492757

[INFO:Rank 0]  END: Fri Jul 26 17:19:57 2019

Number ranks: 128
Partitioning based on number neurons would be: Rank 0: my_num_neurons: 9000 [start_id,end_id]: [0,8999]

[INFO:Rank 0]  START: Fri Jul 26 17:19:58 2019

** PARAMETERS **

num_neurons                  : 1152000
frac_neurons_exc             : 0.8
simulation_time              : 1
x_0                          : 0.05
tau_x                        : 5
k                            : 0.03
tau_C                        : 5000
beta                         : 0.001
C_target                     : 0.5
refrac_time                  : 4
h                            : 10
eta_A                        : 0
eta_D_ex                     : 0
eta_D_in                     : 0
nu                           : 1e-05
vacant_retract_ratio         : 0
accept_criterion (BH)        : 0.5
sigma (BH)                   : 750
naive_method (BH)            : 0
num_log_files                : 9
log_start_neuron             : 0
mpi_rma_mem_size (Byte)      : 314572800
max_num_pending_vacant_axons : 1000

[INFO:Rank 0]  Simulation box length          : 2730 (height = width = depth)
[INFO:Rank 0]  Subdomain length               : 341.25 (height = width = depth)
[INFO:Rank 0]  Total number subdomains        : 512
[INFO:Rank 0]  Number subdomains per dimension: 8
[INFO:Rank 0]  My number of neurons   : 9000
[INFO:Rank 0]  My number of subdomains: 4
[INFO:Rank 0]  My subdomain ids       : [ 0 , 3 ]
[INFO:Rank 0]  Subdomain: 0
[INFO:Rank 0]      num_neurons: 2250
[INFO:Rank 0]      index_1d   : 0
[INFO:Rank 0]      index_3d   : ( 0 , 0 , 0 )
[INFO:Rank 0]      xyz_min    : ( 0 , 0 , 0 )
[INFO:Rank 0]      xyz_max    : ( 341.25 , 341.25 , 341.25 )

[INFO:Rank 0]  Subdomain: 1
[INFO:Rank 0]      num_neurons: 2250
[INFO:Rank 0]      index_1d   : 1
[INFO:Rank 0]      index_3d   : ( 1 , 0 , 0 )
[INFO:Rank 0]      xyz_min    : ( 341.25 , 0 , 0 )
[INFO:Rank 0]      xyz_max    : ( 682.5 , 341.25 , 341.25 )

[INFO:Rank 0]  Subdomain: 2
[INFO:Rank 0]      num_neurons: 2250
[INFO:Rank 0]      index_1d   : 2
[INFO:Rank 0]      index_3d   : ( 0 , 1 , 0 )
[INFO:Rank 0]      xyz_min    : ( 0 , 341.25 , 0 )
[INFO:Rank 0]      xyz_max    : ( 341.25 , 682.5 , 341.25 )

[INFO:Rank 0]  Subdomain: 3
[INFO:Rank 0]      num_neurons: 2250
[INFO:Rank 0]      index_1d   : 3
[INFO:Rank 0]      index_3d   : ( 1 , 1 , 0 )
[INFO:Rank 0]      xyz_min    : ( 341.25 , 341.25 , 0 )
[INFO:Rank 0]      xyz_max    : ( 682.5 , 682.5 , 341.25 )

[INFO:Rank 0]  init_free_object_list: max_num_objects: 1572352  sizeof(OctreeNode): 200
[INFO:Rank 0]  Neurons created
[INFO:Rank 0]  Neurons inserted into subdomains
[INFO:Rank 0]  Subdomains inserted into global tree
[INFO:Rank 0]  Network graph created
[INFO:Rank 0]  Synaptic elements initialized 

** STATE AFTER: 1 of 1 msec ** [Fri Jul 26 17:19:59 2019]
** UPDATE CONNECTIVITY AFTER: 1 of 1 msec ** [Fri Jul 26 17:19:59 2019]

[INFO:Rank 0]  Sum (all processes) number synapses deleted: 0
[INFO:Rank 0]  Sum (all processes) number synapses created: 831467

======== TIMERS GLOBAL OVER ALL RANKS ========
                                                (    min      |     avg      |     max     ) sec.
TIMERS: main()
  main()                                       : 15.6092      | 15.61        | 15.6117     
  Initialization                               : 0.580098     | 0.58151      | 0.585023    
  Simulation loop                              : 15.0241      | 15.0273      | 15.0295     
    Update electrical activity                 : 2.6e-08      | 3.5125e-08   | 4.6e-08     
    Update #synaptic elements delta            : 2.3e-08      | 3.4e-08      | 4.1e-08     
    Connectivity update                        : 15.024       | 15.0271      | 15.0292     
      Update #synaptic elements + del synapses : 0            | 0            | 0           
      Update local trees                       : 0.00125243   | 0.00129475   | 0.00165238  
      Exchange branch nodes (w/ Allgather)     : 0.000257036  | 0.00292901   | 0.00407496  
      Insert branch nodes into global tree     : 2.4906e-05   | 2.67282e-05  | 3.8315e-05  
      Update global tree                       : 1.1168e-05   | 1.17583e-05  | 2.5417e-05  
      Find target neurons (w/ RMA)             : 1.97849      | 7.74266      | 14.7654     
      Empty remote nodes cache                 : 0.0213153    | 0.0307162    | 0.0389413   
      Create synapses (w/ Alltoall)            : 0.218461     | 7.2492       | 13.0199     

======== RMA MEMORY ALLOCATOR RANK 0 ========
Min num objects available: 1492757

[INFO:Rank 0]  END: Fri Jul 26 17:20:14 2019

