Number ranks: 64
Partitioning based on number neurons would be: Rank 0: my_num_neurons: 5000 [start_id,end_id]: [0,4999]

[INFO:Rank 0]  START: Fri Jul 26 15:53:06 2019

** PARAMETERS **

num_neurons                  : 320000
frac_neurons_exc             : 0.8
simulation_time              : 1
x_0                          : 0.05
tau_x                        : 5
k                            : 0.03
tau_C                        : 5000
beta                         : 0.001
C_target                     : 0.5
refrac_time                  : 4
h                            : 10
eta_A                        : 0
eta_D_ex                     : 0
eta_D_in                     : 0
nu                           : 1e-05
vacant_retract_ratio         : 0
accept_criterion (BH)        : 0.5
sigma (BH)                   : 750
naive_method (BH)            : 0
num_log_files                : 9
log_start_neuron             : 0
mpi_rma_mem_size (Byte)      : 314572800
max_num_pending_vacant_axons : 1000

[INFO:Rank 0]  Simulation box length          : 1794 (height = width = depth)
[INFO:Rank 0]  Subdomain length               : 448.5 (height = width = depth)
[INFO:Rank 0]  Total number subdomains        : 64
[INFO:Rank 0]  Number subdomains per dimension: 4
[INFO:Rank 0]  My number of neurons   : 5000
[INFO:Rank 0]  My number of subdomains: 1
[INFO:Rank 0]  My subdomain ids       : [ 0 , 0 ]
[INFO:Rank 0]  Subdomain: 0
[INFO:Rank 0]      num_neurons: 5000
[INFO:Rank 0]      index_1d   : 0
[INFO:Rank 0]      index_3d   : ( 0 , 0 , 0 )
[INFO:Rank 0]      xyz_min    : ( 0 , 0 , 0 )
[INFO:Rank 0]      xyz_max    : ( 448.5 , 448.5 , 448.5 )

[INFO:Rank 0]  init_free_object_list: max_num_objects: 1572800  sizeof(OctreeNode): 200
[INFO:Rank 0]  Neurons created
[INFO:Rank 0]  Neurons inserted into subdomains
[INFO:Rank 0]  Subdomains inserted into global tree
[INFO:Rank 0]  Network graph created
[INFO:Rank 0]  Synaptic elements initialized 

** STATE AFTER: 1 of 1 msec ** [Fri Jul 26 15:53:07 2019]
** UPDATE CONNECTIVITY AFTER: 1 of 1 msec ** [Fri Jul 26 15:53:07 2019]

[INFO:Rank 0]  Sum (all processes) number synapses deleted: 0
[INFO:Rank 0]  Sum (all processes) number synapses created: 227508

======== TIMERS GLOBAL OVER ALL RANKS ========
                                                (    min      |     avg      |     max     ) sec.
TIMERS: main()
  main()                                       : 7.46257      | 7.46659      | 7.46993     
  Initialization                               : 0.391538     | 0.396281     | 0.407666    
  Simulation loop                              : 7.06097      | 7.06995      | 7.07095     
    Update electrical activity                 : 3.2e-08      | 3.53125e-08  | 4e-08       
    Update #synaptic elements delta            : 2.7e-08      | 3.42813e-08  | 3.8e-08     
    Connectivity update                        : 7.06091      | 7.06988      | 7.0709      
      Update #synaptic elements + del synapses : 0            | 0            | 0           
      Update local trees                       : 0.000700922  | 0.000727729  | 0.000786008 
      Exchange branch nodes (w/ Allgather)     : 3.3336e-05   | 0.00916908   | 0.010152    
      Insert branch nodes into global tree     : 3.431e-06    | 4.15531e-06  | 1.4734e-05  
      Update global tree                       : 2.125e-06    | 2.65197e-06  | 3.248e-06   
      Find target neurons (w/ RMA)             : 1.12756      | 3.63957      | 6.91676     
      Empty remote nodes cache                 : 0.0140357    | 0.0175348    | 0.0212651   
      Create synapses (w/ Alltoall)            : 0.122726     | 3.40274      | 5.91722     

======== RMA MEMORY ALLOCATOR RANK 0 ========
Min num objects available: 1520578

[INFO:Rank 0]  END: Fri Jul 26 15:53:14 2019

Number ranks: 64
Partitioning based on number neurons would be: Rank 0: my_num_neurons: 5000 [start_id,end_id]: [0,4999]

[INFO:Rank 0]  START: Fri Jul 26 15:53:15 2019

** PARAMETERS **

num_neurons                  : 320000
frac_neurons_exc             : 0.8
simulation_time              : 1
x_0                          : 0.05
tau_x                        : 5
k                            : 0.03
tau_C                        : 5000
beta                         : 0.001
C_target                     : 0.5
refrac_time                  : 4
h                            : 10
eta_A                        : 0
eta_D_ex                     : 0
eta_D_in                     : 0
nu                           : 1e-05
vacant_retract_ratio         : 0
accept_criterion (BH)        : 0.5
sigma (BH)                   : 750
naive_method (BH)            : 0
num_log_files                : 9
log_start_neuron             : 0
mpi_rma_mem_size (Byte)      : 314572800
max_num_pending_vacant_axons : 1000

[INFO:Rank 0]  Simulation box length          : 1794 (height = width = depth)
[INFO:Rank 0]  Subdomain length               : 448.5 (height = width = depth)
[INFO:Rank 0]  Total number subdomains        : 64
[INFO:Rank 0]  Number subdomains per dimension: 4
[INFO:Rank 0]  My number of neurons   : 5000
[INFO:Rank 0]  My number of subdomains: 1
[INFO:Rank 0]  My subdomain ids       : [ 0 , 0 ]
[INFO:Rank 0]  Subdomain: 0
[INFO:Rank 0]      num_neurons: 5000
[INFO:Rank 0]      index_1d   : 0
[INFO:Rank 0]      index_3d   : ( 0 , 0 , 0 )
[INFO:Rank 0]      xyz_min    : ( 0 , 0 , 0 )
[INFO:Rank 0]      xyz_max    : ( 448.5 , 448.5 , 448.5 )

[INFO:Rank 0]  init_free_object_list: max_num_objects: 1572800  sizeof(OctreeNode): 200
[INFO:Rank 0]  Neurons created
[INFO:Rank 0]  Neurons inserted into subdomains
[INFO:Rank 0]  Subdomains inserted into global tree
[INFO:Rank 0]  Network graph created
[INFO:Rank 0]  Synaptic elements initialized 

** STATE AFTER: 1 of 1 msec ** [Fri Jul 26 15:53:15 2019]
** UPDATE CONNECTIVITY AFTER: 1 of 1 msec ** [Fri Jul 26 15:53:15 2019]

[INFO:Rank 0]  Sum (all processes) number synapses deleted: 0
[INFO:Rank 0]  Sum (all processes) number synapses created: 227508

======== TIMERS GLOBAL OVER ALL RANKS ========
                                                (    min      |     avg      |     max     ) sec.
TIMERS: main()
  main()                                       : 7.44748      | 7.45129      | 7.45511     
  Initialization                               : 0.394844     | 0.399404     | 0.405938    
  Simulation loop                              : 7.04443      | 7.05157      | 7.0524      
    Update electrical activity                 : 2.5e-08      | 3.53906e-08  | 5.5e-08     
    Update #synaptic elements delta            : 2.6e-08      | 3.40938e-08  | 3.8e-08     
    Connectivity update                        : 7.04437      | 7.0515       | 7.05237     
      Update #synaptic elements + del synapses : 0            | 0            | 0           
      Update local trees                       : 0.000694528  | 0.000723197  | 0.000884631 
      Exchange branch nodes (w/ Allgather)     : 4.3944e-05   | 0.0072282    | 0.00804618  
      Insert branch nodes into global tree     : 3.426e-06    | 4.00709e-06  | 1.4726e-05  
      Update global tree                       : 2.012e-06    | 2.65322e-06  | 3.385e-06   
      Find target neurons (w/ RMA)             : 1.13255      | 3.63951      | 6.89941     
      Empty remote nodes cache                 : 0.0140226    | 0.0177077    | 0.0218466   
      Create synapses (w/ Alltoall)            : 0.12304      | 3.38619      | 5.8956      

======== RMA MEMORY ALLOCATOR RANK 0 ========
Min num objects available: 1520578

[INFO:Rank 0]  END: Fri Jul 26 15:53:22 2019

