Number ranks: 512
Partitioning based on number neurons would be: Rank 0: my_num_neurons: 8000 [start_id,end_id]: [0,7999]

[INFO:Rank 0]  START: Fri Jul 26 23:41:47 2019

** PARAMETERS **

num_neurons                  : 4096000
frac_neurons_exc             : 0.8
simulation_time              : 1
x_0                          : 0.05
tau_x                        : 5
k                            : 0.03
tau_C                        : 5000
beta                         : 0.001
C_target                     : 0.5
refrac_time                  : 4
h                            : 10
eta_A                        : 0
eta_D_ex                     : 0
eta_D_in                     : 0
nu                           : 1e-05
vacant_retract_ratio         : 0
accept_criterion (BH)        : 0.3
sigma (BH)                   : 750
naive_method (BH)            : 0
num_log_files                : 9
log_start_neuron             : 0
mpi_rma_mem_size (Byte)      : 314572800
max_num_pending_vacant_axons : 1000

[INFO:Rank 0]  Simulation box length          : 4160 (height = width = depth)
[INFO:Rank 0]  Subdomain length               : 520 (height = width = depth)
[INFO:Rank 0]  Total number subdomains        : 512
[INFO:Rank 0]  Number subdomains per dimension: 8
[INFO:Rank 0]  My number of neurons   : 8000
[INFO:Rank 0]  My number of subdomains: 1
[INFO:Rank 0]  My subdomain ids       : [ 0 , 0 ]
[INFO:Rank 0]  Subdomain: 0
[INFO:Rank 0]      num_neurons: 8000
[INFO:Rank 0]      index_1d   : 0
[INFO:Rank 0]      index_3d   : ( 0 , 0 , 0 )
[INFO:Rank 0]      xyz_min    : ( 0 , 0 , 0 )
[INFO:Rank 0]      xyz_max    : ( 520 , 520 , 520 )

[INFO:Rank 0]  init_free_object_list: max_num_objects: 1572352  sizeof(OctreeNode): 200
[INFO:Rank 0]  Neurons created
[INFO:Rank 0]  Neurons inserted into subdomains
[INFO:Rank 0]  Subdomains inserted into global tree
[INFO:Rank 0]  Network graph created
[INFO:Rank 0]  Synaptic elements initialized 

** STATE AFTER: 1 of 1 msec ** [Fri Jul 26 23:41:49 2019]
** UPDATE CONNECTIVITY AFTER: 1 of 1 msec ** [Fri Jul 26 23:41:49 2019]

[INFO:Rank 0]  Sum (all processes) number synapses deleted: 0
[INFO:Rank 0]  Sum (all processes) number synapses created: 2.97639e+06

======== TIMERS GLOBAL OVER ALL RANKS ========
                                                (    min      |     avg      |     max     ) sec.
TIMERS: main()
  main()                                       : 84.7506      | 84.7565      | 84.7591     
  Initialization                               : 1.69887      | 1.70427      | 1.71209     
  Simulation loop                              : 83.0441      | 83.0509      | 83.0525     
    Update electrical activity                 : 2.5e-08      | 3.51504e-08  | 6.5e-08     
    Update #synaptic elements delta            : 2.5e-08      | 3.41387e-08  | 4.9e-08     
    Connectivity update                        : 83.0441      | 83.0507      | 83.0524     
      Update #synaptic elements + del synapses : 0            | 0            | 0           
      Update local trees                       : 0.00111634   | 0.00116639   | 0.00146676  
      Exchange branch nodes (w/ Allgather)     : 0.000178456  | 0.00754177   | 0.00894785  
      Insert branch nodes into global tree     : 2.4812e-05   | 2.63629e-05  | 4.1778e-05  
      Update global tree                       : 1.2102e-05   | 1.2755e-05   | 2.7742e-05  
      Find target neurons (w/ RMA)             : 7.37058      | 38.6324      | 82.4755     
      Empty remote nodes cache                 : 0.0231306    | 0.0377493    | 0.0584415   
      Create synapses (w/ Alltoall)            : 0.523117     | 44.3712      | 75.6462     

======== RMA MEMORY ALLOCATOR RANK 0 ========
Min num objects available: 1496330

[INFO:Rank 0]  END: Fri Jul 26 23:43:12 2019

Number ranks: 512
Partitioning based on number neurons would be: Rank 0: my_num_neurons: 8000 [start_id,end_id]: [0,7999]

[INFO:Rank 0]  START: Fri Jul 26 23:43:13 2019

** PARAMETERS **

num_neurons                  : 4096000
frac_neurons_exc             : 0.8
simulation_time              : 1
x_0                          : 0.05
tau_x                        : 5
k                            : 0.03
tau_C                        : 5000
beta                         : 0.001
C_target                     : 0.5
refrac_time                  : 4
h                            : 10
eta_A                        : 0
eta_D_ex                     : 0
eta_D_in                     : 0
nu                           : 1e-05
vacant_retract_ratio         : 0
accept_criterion (BH)        : 0.3
sigma (BH)                   : 750
naive_method (BH)            : 0
num_log_files                : 9
log_start_neuron             : 0
mpi_rma_mem_size (Byte)      : 314572800
max_num_pending_vacant_axons : 1000

[INFO:Rank 0]  Simulation box length          : 4160 (height = width = depth)
[INFO:Rank 0]  Subdomain length               : 520 (height = width = depth)
[INFO:Rank 0]  Total number subdomains        : 512
[INFO:Rank 0]  Number subdomains per dimension: 8
[INFO:Rank 0]  My number of neurons   : 8000
[INFO:Rank 0]  My number of subdomains: 1
[INFO:Rank 0]  My subdomain ids       : [ 0 , 0 ]
[INFO:Rank 0]  Subdomain: 0
[INFO:Rank 0]      num_neurons: 8000
[INFO:Rank 0]      index_1d   : 0
[INFO:Rank 0]      index_3d   : ( 0 , 0 , 0 )
[INFO:Rank 0]      xyz_min    : ( 0 , 0 , 0 )
[INFO:Rank 0]      xyz_max    : ( 520 , 520 , 520 )

[INFO:Rank 0]  init_free_object_list: max_num_objects: 1572352  sizeof(OctreeNode): 200
[INFO:Rank 0]  Neurons created
[INFO:Rank 0]  Neurons inserted into subdomains
[INFO:Rank 0]  Subdomains inserted into global tree
[INFO:Rank 0]  Network graph created
[INFO:Rank 0]  Synaptic elements initialized 

** STATE AFTER: 1 of 1 msec ** [Fri Jul 26 23:43:15 2019]
** UPDATE CONNECTIVITY AFTER: 1 of 1 msec ** [Fri Jul 26 23:43:15 2019]

[INFO:Rank 0]  Sum (all processes) number synapses deleted: 0
[INFO:Rank 0]  Sum (all processes) number synapses created: 2.97639e+06

======== TIMERS GLOBAL OVER ALL RANKS ========
                                                (    min      |     avg      |     max     ) sec.
TIMERS: main()
  main()                                       : 84.5956      | 84.5986      | 84.601      
  Initialization                               : 1.69165      | 1.6949       | 1.70504     
  Simulation loop                              : 82.8952      | 82.9025      | 82.9044     
    Update electrical activity                 : 2.4e-08      | 3.51934e-08  | 6.1e-08     
    Update #synaptic elements delta            : 2.5e-08      | 3.40801e-08  | 4.7e-08     
    Connectivity update                        : 82.8951      | 82.9023      | 82.9041     
      Update #synaptic elements + del synapses : 0            | 0            | 0           
      Update local trees                       : 0.00112308   | 0.00117293   | 0.00147894  
      Exchange branch nodes (w/ Allgather)     : 0.000115414  | 0.00848009   | 0.00984323  
      Insert branch nodes into global tree     : 2.4857e-05   | 2.64477e-05  | 4.0745e-05  
      Update global tree                       : 1.2107e-05   | 1.2835e-05   | 2.8549e-05  
      Find target neurons (w/ RMA)             : 7.46218      | 38.6692      | 82.3308     
      Empty remote nodes cache                 : 0.0235551    | 0.0377887    | 0.0519548   
      Create synapses (w/ Alltoall)            : 0.518008     | 44.1851      | 75.4048     

======== RMA MEMORY ALLOCATOR RANK 0 ========
Min num objects available: 1496330

[INFO:Rank 0]  END: Fri Jul 26 23:44:38 2019

