Number ranks: 32
Partitioning based on number neurons would be: Rank 0: my_num_neurons: 6000 [start_id,end_id]: [0,5999]

[INFO:Rank 0]  START: Fri Jul 26 15:22:12 2019

** PARAMETERS **

num_neurons                  : 192000
frac_neurons_exc             : 0.8
simulation_time              : 1
x_0                          : 0.05
tau_x                        : 5
k                            : 0.03
tau_C                        : 5000
beta                         : 0.001
C_target                     : 0.5
refrac_time                  : 4
h                            : 10
eta_A                        : 0
eta_D_ex                     : 0
eta_D_in                     : 0
nu                           : 1e-05
vacant_retract_ratio         : 0
accept_criterion (BH)        : 0.2
sigma (BH)                   : 750
naive_method (BH)            : 0
num_log_files                : 9
log_start_neuron             : 0
mpi_rma_mem_size (Byte)      : 314572800
max_num_pending_vacant_axons : 1000

[INFO:Rank 0]  Simulation box length          : 1508 (height = width = depth)
[INFO:Rank 0]  Subdomain length               : 377 (height = width = depth)
[INFO:Rank 0]  Total number subdomains        : 64
[INFO:Rank 0]  Number subdomains per dimension: 4
[INFO:Rank 0]  My number of neurons   : 6000
[INFO:Rank 0]  My number of subdomains: 2
[INFO:Rank 0]  My subdomain ids       : [ 0 , 1 ]
[INFO:Rank 0]  Subdomain: 0
[INFO:Rank 0]      num_neurons: 3000
[INFO:Rank 0]      index_1d   : 0
[INFO:Rank 0]      index_3d   : ( 0 , 0 , 0 )
[INFO:Rank 0]      xyz_min    : ( 0 , 0 , 0 )
[INFO:Rank 0]      xyz_max    : ( 377 , 377 , 377 )

[INFO:Rank 0]  Subdomain: 1
[INFO:Rank 0]      num_neurons: 3000
[INFO:Rank 0]      index_1d   : 1
[INFO:Rank 0]      index_3d   : ( 1 , 0 , 0 )
[INFO:Rank 0]      xyz_min    : ( 377 , 0 , 0 )
[INFO:Rank 0]      xyz_max    : ( 754 , 377 , 377 )

[INFO:Rank 0]  init_free_object_list: max_num_objects: 1572800  sizeof(OctreeNode): 200
[INFO:Rank 0]  Neurons created
[INFO:Rank 0]  Neurons inserted into subdomains
[INFO:Rank 0]  Subdomains inserted into global tree
[INFO:Rank 0]  Network graph created
[INFO:Rank 0]  Synaptic elements initialized 

** STATE AFTER: 1 of 1 msec ** [Fri Jul 26 15:22:13 2019]
** UPDATE CONNECTIVITY AFTER: 1 of 1 msec ** [Fri Jul 26 15:22:13 2019]

[INFO:Rank 0]  Sum (all processes) number synapses deleted: 0
[INFO:Rank 0]  Sum (all processes) number synapses created: 138178

======== TIMERS GLOBAL OVER ALL RANKS ========
                                                (    min      |     avg      |     max     ) sec.
TIMERS: main()
  main()                                       : 80.0922      | 80.0955      | 80.098      
  Initialization                               : 0.301273     | 0.304814     | 0.307695    
  Simulation loop                              : 79.7891      | 79.7904      | 79.7909     
    Update electrical activity                 : 2.7e-08      | 3.51875e-08  | 4.9e-08     
    Update #synaptic elements delta            : 2.6e-08      | 3.42188e-08  | 4.8e-08     
    Connectivity update                        : 79.7891      | 79.7903      | 79.7909     
      Update #synaptic elements + del synapses : 0            | 0            | 0           
      Update local trees                       : 0.000844236  | 0.000857529  | 0.000887491 
      Exchange branch nodes (w/ Allgather)     : 5.4813e-05   | 0.00123694   | 0.00186267  
      Insert branch nodes into global tree     : 3.532e-06    | 4.11572e-06  | 6.823e-06   
      Update global tree                       : 1.867e-06    | 2.09841e-06  | 2.547e-06   
      Find target neurons (w/ RMA)             : 11.6782      | 38.1031      | 79.705      
      Empty remote nodes cache                 : 0.0161959    | 0.0194835    | 0.022339    
      Create synapses (w/ Alltoall)            : 0.0608946    | 41.6655      | 68.0917     

======== RMA MEMORY ALLOCATOR RANK 0 ========
Min num objects available: 1510989

[INFO:Rank 0]  END: Fri Jul 26 15:23:32 2019

Number ranks: 32
Partitioning based on number neurons would be: Rank 0: my_num_neurons: 6000 [start_id,end_id]: [0,5999]

[INFO:Rank 0]  START: Fri Jul 26 15:23:33 2019

** PARAMETERS **

num_neurons                  : 192000
frac_neurons_exc             : 0.8
simulation_time              : 1
x_0                          : 0.05
tau_x                        : 5
k                            : 0.03
tau_C                        : 5000
beta                         : 0.001
C_target                     : 0.5
refrac_time                  : 4
h                            : 10
eta_A                        : 0
eta_D_ex                     : 0
eta_D_in                     : 0
nu                           : 1e-05
vacant_retract_ratio         : 0
accept_criterion (BH)        : 0.2
sigma (BH)                   : 750
naive_method (BH)            : 0
num_log_files                : 9
log_start_neuron             : 0
mpi_rma_mem_size (Byte)      : 314572800
max_num_pending_vacant_axons : 1000

[INFO:Rank 0]  Simulation box length          : 1508 (height = width = depth)
[INFO:Rank 0]  Subdomain length               : 377 (height = width = depth)
[INFO:Rank 0]  Total number subdomains        : 64
[INFO:Rank 0]  Number subdomains per dimension: 4
[INFO:Rank 0]  My number of neurons   : 6000
[INFO:Rank 0]  My number of subdomains: 2
[INFO:Rank 0]  My subdomain ids       : [ 0 , 1 ]
[INFO:Rank 0]  Subdomain: 0
[INFO:Rank 0]      num_neurons: 3000
[INFO:Rank 0]      index_1d   : 0
[INFO:Rank 0]      index_3d   : ( 0 , 0 , 0 )
[INFO:Rank 0]      xyz_min    : ( 0 , 0 , 0 )
[INFO:Rank 0]      xyz_max    : ( 377 , 377 , 377 )

[INFO:Rank 0]  Subdomain: 1
[INFO:Rank 0]      num_neurons: 3000
[INFO:Rank 0]      index_1d   : 1
[INFO:Rank 0]      index_3d   : ( 1 , 0 , 0 )
[INFO:Rank 0]      xyz_min    : ( 377 , 0 , 0 )
[INFO:Rank 0]      xyz_max    : ( 754 , 377 , 377 )

[INFO:Rank 0]  init_free_object_list: max_num_objects: 1572800  sizeof(OctreeNode): 200
[INFO:Rank 0]  Neurons created
[INFO:Rank 0]  Neurons inserted into subdomains
[INFO:Rank 0]  Subdomains inserted into global tree
[INFO:Rank 0]  Network graph created
[INFO:Rank 0]  Synaptic elements initialized 

** STATE AFTER: 1 of 1 msec ** [Fri Jul 26 15:23:33 2019]
** UPDATE CONNECTIVITY AFTER: 1 of 1 msec ** [Fri Jul 26 15:23:33 2019]

[INFO:Rank 0]  Sum (all processes) number synapses deleted: 0
[INFO:Rank 0]  Sum (all processes) number synapses created: 138178

======== TIMERS GLOBAL OVER ALL RANKS ========
                                                (    min      |     avg      |     max     ) sec.
TIMERS: main()
  main()                                       : 80.0932      | 80.0952      | 80.0961     
  Initialization                               : 0.304426     | 0.306439     | 0.309423    
  Simulation loop                              : 79.7845      | 79.7884      | 79.7895     
    Update electrical activity                 : 2.8e-08      | 3.49375e-08  | 3.8e-08     
    Update #synaptic elements delta            : 3.1e-08      | 3.44375e-08  | 4.1e-08     
    Connectivity update                        : 79.7844      | 79.7884      | 79.7895     
      Update #synaptic elements + del synapses : 0            | 0            | 0           
      Update local trees                       : 0.000835932  | 0.000869373  | 0.000941259 
      Exchange branch nodes (w/ Allgather)     : 3.4135e-05   | 0.00393221   | 0.00493389  
      Insert branch nodes into global tree     : 3.588e-06    | 3.98631e-06  | 4.426e-06   
      Update global tree                       : 1.884e-06    | 2.14266e-06  | 2.804e-06   
      Find target neurons (w/ RMA)             : 11.809       | 38.1596      | 79.697      
      Empty remote nodes cache                 : 0.0161855    | 0.0198452    | 0.0249459   
      Create synapses (w/ Alltoall)            : 0.0613424    | 41.6041      | 67.9561     

======== RMA MEMORY ALLOCATOR RANK 0 ========
Min num objects available: 1510989

[INFO:Rank 0]  END: Fri Jul 26 15:24:53 2019

