Number ranks: 64
Partitioning based on number neurons would be: Rank 0: my_num_neurons: 8000 [start_id,end_id]: [0,7999]

[INFO:Rank 0]  START: Fri Jul 26 16:11:54 2019

** PARAMETERS **

num_neurons                  : 512000
frac_neurons_exc             : 0.8
simulation_time              : 1
x_0                          : 0.05
tau_x                        : 5
k                            : 0.03
tau_C                        : 5000
beta                         : 0.001
C_target                     : 0.5
refrac_time                  : 4
h                            : 10
eta_A                        : 0
eta_D_ex                     : 0
eta_D_in                     : 0
nu                           : 1e-05
vacant_retract_ratio         : 0
accept_criterion (BH)        : 0.3
sigma (BH)                   : 750
naive_method (BH)            : 0
num_log_files                : 9
log_start_neuron             : 0
mpi_rma_mem_size (Byte)      : 314572800
max_num_pending_vacant_axons : 1000

[INFO:Rank 0]  Simulation box length          : 2080 (height = width = depth)
[INFO:Rank 0]  Subdomain length               : 520 (height = width = depth)
[INFO:Rank 0]  Total number subdomains        : 64
[INFO:Rank 0]  Number subdomains per dimension: 4
[INFO:Rank 0]  My number of neurons   : 8000
[INFO:Rank 0]  My number of subdomains: 1
[INFO:Rank 0]  My subdomain ids       : [ 0 , 0 ]
[INFO:Rank 0]  Subdomain: 0
[INFO:Rank 0]      num_neurons: 8000
[INFO:Rank 0]      index_1d   : 0
[INFO:Rank 0]      index_3d   : ( 0 , 0 , 0 )
[INFO:Rank 0]      xyz_min    : ( 0 , 0 , 0 )
[INFO:Rank 0]      xyz_max    : ( 520 , 520 , 520 )

[INFO:Rank 0]  init_free_object_list: max_num_objects: 1572800  sizeof(OctreeNode): 200
[INFO:Rank 0]  Neurons created
[INFO:Rank 0]  Neurons inserted into subdomains
[INFO:Rank 0]  Subdomains inserted into global tree
[INFO:Rank 0]  Network graph created
[INFO:Rank 0]  Synaptic elements initialized 

** STATE AFTER: 1 of 1 msec ** [Fri Jul 26 16:11:54 2019]
** UPDATE CONNECTIVITY AFTER: 1 of 1 msec ** [Fri Jul 26 16:11:54 2019]

[INFO:Rank 0]  Sum (all processes) number synapses deleted: 0
[INFO:Rank 0]  Sum (all processes) number synapses created: 369121

======== TIMERS GLOBAL OVER ALL RANKS ========
                                                (    min      |     avg      |     max     ) sec.
TIMERS: main()
  main()                                       : 46.5755      | 46.5785      | 46.5808     
  Initialization                               : 0.395132     | 0.398111     | 0.400528    
  Simulation loop                              : 46.177       | 46.18        | 46.1819     
    Update electrical activity                 : 2.5e-08      | 3.50625e-08  | 4.4e-08     
    Update #synaptic elements delta            : 2.8e-08      | 3.41406e-08  | 3.9e-08     
    Connectivity update                        : 46.1769      | 46.18        | 46.1819     
      Update #synaptic elements + del synapses : 0            | 0            | 0           
      Update local trees                       : 0.00112407   | 0.00116492   | 0.00141201  
      Exchange branch nodes (w/ Allgather)     : 2.717e-05    | 0.00313179   | 0.00391874  
      Insert branch nodes into global tree     : 3.496e-06    | 3.91448e-06  | 6.496e-06   
      Update global tree                       : 2.26e-06     | 2.68547e-06  | 3.274e-06   
      Find target neurons (w/ RMA)             : 6.77879      | 21.3928      | 46.0161     
      Empty remote nodes cache                 : 0.0221665    | 0.0298796    | 0.0378817   
      Create synapses (w/ Alltoall)            : 0.123417     | 24.7528      | 39.3726     

======== RMA MEMORY ALLOCATOR RANK 0 ========
Min num objects available: 1496930

[INFO:Rank 0]  END: Fri Jul 26 16:12:40 2019

Number ranks: 64
Partitioning based on number neurons would be: Rank 0: my_num_neurons: 8000 [start_id,end_id]: [0,7999]

[INFO:Rank 0]  START: Fri Jul 26 16:12:41 2019

** PARAMETERS **

num_neurons                  : 512000
frac_neurons_exc             : 0.8
simulation_time              : 1
x_0                          : 0.05
tau_x                        : 5
k                            : 0.03
tau_C                        : 5000
beta                         : 0.001
C_target                     : 0.5
refrac_time                  : 4
h                            : 10
eta_A                        : 0
eta_D_ex                     : 0
eta_D_in                     : 0
nu                           : 1e-05
vacant_retract_ratio         : 0
accept_criterion (BH)        : 0.3
sigma (BH)                   : 750
naive_method (BH)            : 0
num_log_files                : 9
log_start_neuron             : 0
mpi_rma_mem_size (Byte)      : 314572800
max_num_pending_vacant_axons : 1000

[INFO:Rank 0]  Simulation box length          : 2080 (height = width = depth)
[INFO:Rank 0]  Subdomain length               : 520 (height = width = depth)
[INFO:Rank 0]  Total number subdomains        : 64
[INFO:Rank 0]  Number subdomains per dimension: 4
[INFO:Rank 0]  My number of neurons   : 8000
[INFO:Rank 0]  My number of subdomains: 1
[INFO:Rank 0]  My subdomain ids       : [ 0 , 0 ]
[INFO:Rank 0]  Subdomain: 0
[INFO:Rank 0]      num_neurons: 8000
[INFO:Rank 0]      index_1d   : 0
[INFO:Rank 0]      index_3d   : ( 0 , 0 , 0 )
[INFO:Rank 0]      xyz_min    : ( 0 , 0 , 0 )
[INFO:Rank 0]      xyz_max    : ( 520 , 520 , 520 )

[INFO:Rank 0]  init_free_object_list: max_num_objects: 1572800  sizeof(OctreeNode): 200
[INFO:Rank 0]  Neurons created
[INFO:Rank 0]  Neurons inserted into subdomains
[INFO:Rank 0]  Subdomains inserted into global tree
[INFO:Rank 0]  Network graph created
[INFO:Rank 0]  Synaptic elements initialized 

** STATE AFTER: 1 of 1 msec ** [Fri Jul 26 16:12:41 2019]
** UPDATE CONNECTIVITY AFTER: 1 of 1 msec ** [Fri Jul 26 16:12:41 2019]

[INFO:Rank 0]  Sum (all processes) number synapses deleted: 0
[INFO:Rank 0]  Sum (all processes) number synapses created: 369121

======== TIMERS GLOBAL OVER ALL RANKS ========
                                                (    min      |     avg      |     max     ) sec.
TIMERS: main()
  main()                                       : 46.6024      | 46.6052      | 46.609      
  Initialization                               : 0.395782     | 0.399023     | 0.402916    
  Simulation loop                              : 46.2024      | 46.2058      | 46.2071     
    Update electrical activity                 : 2.6e-08      | 3.48437e-08  | 4.1e-08     
    Update #synaptic elements delta            : 2.5e-08      | 3.38438e-08  | 3.8e-08     
    Connectivity update                        : 46.2024      | 46.2057      | 46.2071     
      Update #synaptic elements + del synapses : 0            | 0            | 0           
      Update local trees                       : 0.00113469   | 0.00117675   | 0.00143495  
      Exchange branch nodes (w/ Allgather)     : 3.8954e-05   | 0.00330886   | 0.00399103  
      Insert branch nodes into global tree     : 3.46e-06     | 3.84805e-06  | 4.288e-06   
      Update global tree                       : 2.371e-06    | 2.6968e-06   | 3.392e-06   
      Find target neurons (w/ RMA)             : 6.89726      | 21.4409      | 46.0426     
      Empty remote nodes cache                 : 0.0227256    | 0.030003     | 0.0378421   
      Create synapses (w/ Alltoall)            : 0.121607     | 24.7301      | 39.2802     

======== RMA MEMORY ALLOCATOR RANK 0 ========
Min num objects available: 1496930

[INFO:Rank 0]  END: Fri Jul 26 16:13:28 2019

