Number ranks: 64
Partitioning based on number neurons would be: Rank 0: my_num_neurons: 9000 [start_id,end_id]: [0,8999]

[INFO:Rank 0]  START: Fri Jul 26 16:16:49 2019

** PARAMETERS **

num_neurons                  : 576000
frac_neurons_exc             : 0.8
simulation_time              : 1
x_0                          : 0.05
tau_x                        : 5
k                            : 0.03
tau_C                        : 5000
beta                         : 0.001
C_target                     : 0.5
refrac_time                  : 4
h                            : 10
eta_A                        : 0
eta_D_ex                     : 0
eta_D_in                     : 0
nu                           : 1e-05
vacant_retract_ratio         : 0
accept_criterion (BH)        : 0.1
sigma (BH)                   : 750
naive_method (BH)            : 0
num_log_files                : 9
log_start_neuron             : 0
mpi_rma_mem_size (Byte)      : 314572800
max_num_pending_vacant_axons : 1000

[INFO:Rank 0]  Simulation box length          : 2184 (height = width = depth)
[INFO:Rank 0]  Subdomain length               : 546 (height = width = depth)
[INFO:Rank 0]  Total number subdomains        : 64
[INFO:Rank 0]  Number subdomains per dimension: 4
[INFO:Rank 0]  My number of neurons   : 9000
[INFO:Rank 0]  My number of subdomains: 1
[INFO:Rank 0]  My subdomain ids       : [ 0 , 0 ]
[INFO:Rank 0]  Subdomain: 0
[INFO:Rank 0]      num_neurons: 9000
[INFO:Rank 0]      index_1d   : 0
[INFO:Rank 0]      index_3d   : ( 0 , 0 , 0 )
[INFO:Rank 0]      xyz_min    : ( 0 , 0 , 0 )
[INFO:Rank 0]      xyz_max    : ( 546 , 546 , 546 )

[INFO:Rank 0]  init_free_object_list: max_num_objects: 1572800  sizeof(OctreeNode): 200
[INFO:Rank 0]  Neurons created
[INFO:Rank 0]  Neurons inserted into subdomains
[INFO:Rank 0]  Subdomains inserted into global tree
[INFO:Rank 0]  Network graph created
[INFO:Rank 0]  Synaptic elements initialized 

** STATE AFTER: 1 of 1 msec ** [Fri Jul 26 16:16:49 2019]
** UPDATE CONNECTIVITY AFTER: 1 of 1 msec ** [Fri Jul 26 16:16:49 2019]

[INFO:Rank 0]  Sum (all processes) number synapses deleted: 0
[INFO:Rank 0]  Sum (all processes) number synapses created: 416514

======== TIMERS GLOBAL OVER ALL RANKS ========
                                                (    min      |     avg      |     max     ) sec.
TIMERS: main()
  main()                                       : 1186.96      | 1187.11      | 1187.13     
  Initialization                               : 0.397121     | 0.401281     | 0.404664    
  Simulation loop                              : 1186.56      | 1186.71      | 1186.72     
    Update electrical activity                 : 3.2e-08      | 3.53438e-08  | 4.3e-08     
    Update #synaptic elements delta            : 2.7e-08      | 3.40781e-08  | 3.6e-08     
    Connectivity update                        : 1186.56      | 1186.71      | 1186.72     
      Update #synaptic elements + del synapses : 0            | 0            | 0           
      Update local trees                       : 0.00126383   | 0.00130683   | 0.00155615  
      Exchange branch nodes (w/ Allgather)     : 2.993e-05    | 0.0038435    | 0.00471294  
      Insert branch nodes into global tree     : 3.605e-06    | 3.95869e-06  | 4.417e-06   
      Update global tree                       : 1.849e-06    | 2.04725e-06  | 2.607e-06   
      Find target neurons (w/ RMA)             : 155.828      | 525.655      | 1186.49     
      Empty remote nodes cache                 : 0.035753     | 0.0564628    | 0.0821694   
      Create synapses (w/ Alltoall)            : 0.14161      | 660.996      | 1030.85     

======== RMA MEMORY ALLOCATOR RANK 0 ========
Min num objects available: 1462420

[INFO:Rank 0]  END: Fri Jul 26 16:36:36 2019

Number ranks: 64
Partitioning based on number neurons would be: Rank 0: my_num_neurons: 9000 [start_id,end_id]: [0,8999]

[INFO:Rank 0]  START: Fri Jul 26 16:36:37 2019

** PARAMETERS **

num_neurons                  : 576000
frac_neurons_exc             : 0.8
simulation_time              : 1
x_0                          : 0.05
tau_x                        : 5
k                            : 0.03
tau_C                        : 5000
beta                         : 0.001
C_target                     : 0.5
refrac_time                  : 4
h                            : 10
eta_A                        : 0
eta_D_ex                     : 0
eta_D_in                     : 0
nu                           : 1e-05
vacant_retract_ratio         : 0
accept_criterion (BH)        : 0.1
sigma (BH)                   : 750
naive_method (BH)            : 0
num_log_files                : 9
log_start_neuron             : 0
mpi_rma_mem_size (Byte)      : 314572800
max_num_pending_vacant_axons : 1000

[INFO:Rank 0]  Simulation box length          : 2184 (height = width = depth)
[INFO:Rank 0]  Subdomain length               : 546 (height = width = depth)
[INFO:Rank 0]  Total number subdomains        : 64
[INFO:Rank 0]  Number subdomains per dimension: 4
[INFO:Rank 0]  My number of neurons   : 9000
[INFO:Rank 0]  My number of subdomains: 1
[INFO:Rank 0]  My subdomain ids       : [ 0 , 0 ]
[INFO:Rank 0]  Subdomain: 0
[INFO:Rank 0]      num_neurons: 9000
[INFO:Rank 0]      index_1d   : 0
[INFO:Rank 0]      index_3d   : ( 0 , 0 , 0 )
[INFO:Rank 0]      xyz_min    : ( 0 , 0 , 0 )
[INFO:Rank 0]      xyz_max    : ( 546 , 546 , 546 )

[INFO:Rank 0]  init_free_object_list: max_num_objects: 1572800  sizeof(OctreeNode): 200
[INFO:Rank 0]  Neurons created
[INFO:Rank 0]  Neurons inserted into subdomains
[INFO:Rank 0]  Subdomains inserted into global tree
[INFO:Rank 0]  Network graph created
[INFO:Rank 0]  Synaptic elements initialized 

** STATE AFTER: 1 of 1 msec ** [Fri Jul 26 16:36:37 2019]
** UPDATE CONNECTIVITY AFTER: 1 of 1 msec ** [Fri Jul 26 16:36:37 2019]

[INFO:Rank 0]  Sum (all processes) number synapses deleted: 0
[INFO:Rank 0]  Sum (all processes) number synapses created: 416514

======== TIMERS GLOBAL OVER ALL RANKS ========
                                                (    min      |     avg      |     max     ) sec.
TIMERS: main()
  main()                                       : 1177.46      | 1177.47      | 1177.51     
  Initialization                               : 0.384858     | 0.389946     | 0.398763    
  Simulation loop                              : 1177.07      | 1177.08      | 1177.12     
    Update electrical activity                 : 2.7e-08      | 3.52813e-08  | 4.5e-08     
    Update #synaptic elements delta            : 2.8e-08      | 3.38437e-08  | 4.2e-08     
    Connectivity update                        : 1177.07      | 1177.08      | 1177.12     
      Update #synaptic elements + del synapses : 0            | 0            | 0           
      Update local trees                       : 0.00127096   | 0.0013159    | 0.00154723  
      Exchange branch nodes (w/ Allgather)     : 2.7451e-05   | 0.00836211   | 0.00931053  
      Insert branch nodes into global tree     : 3.603e-06    | 4.06987e-06  | 6.863e-06   
      Update global tree                       : 1.82e-06     | 2.10952e-06  | 2.737e-06   
      Find target neurons (w/ RMA)             : 144.853      | 521.176      | 1176.86     
      Empty remote nodes cache                 : 0.0301733    | 0.0528492    | 0.081082    
      Create synapses (w/ Alltoall)            : 0.132491     | 655.838      | 1032.18     

======== RMA MEMORY ALLOCATOR RANK 0 ========
Min num objects available: 1462420

[INFO:Rank 0]  END: Fri Jul 26 16:56:14 2019

