Number ranks: 64
Partitioning based on number neurons would be: Rank 0: my_num_neurons: 9000 [start_id,end_id]: [0,8999]

[INFO:Rank 0]  START: Fri Jul 26 16:21:37 2019

** PARAMETERS **

num_neurons                  : 576000
frac_neurons_exc             : 0.8
simulation_time              : 1
x_0                          : 0.05
tau_x                        : 5
k                            : 0.03
tau_C                        : 5000
beta                         : 0.001
C_target                     : 0.5
refrac_time                  : 4
h                            : 10
eta_A                        : 0
eta_D_ex                     : 0
eta_D_in                     : 0
nu                           : 1e-05
vacant_retract_ratio         : 0
accept_criterion (BH)        : 0.4
sigma (BH)                   : 750
naive_method (BH)            : 0
num_log_files                : 9
log_start_neuron             : 0
mpi_rma_mem_size (Byte)      : 314572800
max_num_pending_vacant_axons : 1000

[INFO:Rank 0]  Simulation box length          : 2184 (height = width = depth)
[INFO:Rank 0]  Subdomain length               : 546 (height = width = depth)
[INFO:Rank 0]  Total number subdomains        : 64
[INFO:Rank 0]  Number subdomains per dimension: 4
[INFO:Rank 0]  My number of neurons   : 9000
[INFO:Rank 0]  My number of subdomains: 1
[INFO:Rank 0]  My subdomain ids       : [ 0 , 0 ]
[INFO:Rank 0]  Subdomain: 0
[INFO:Rank 0]      num_neurons: 9000
[INFO:Rank 0]      index_1d   : 0
[INFO:Rank 0]      index_3d   : ( 0 , 0 , 0 )
[INFO:Rank 0]      xyz_min    : ( 0 , 0 , 0 )
[INFO:Rank 0]      xyz_max    : ( 546 , 546 , 546 )

[INFO:Rank 0]  init_free_object_list: max_num_objects: 1572800  sizeof(OctreeNode): 200
[INFO:Rank 0]  Neurons created
[INFO:Rank 0]  Neurons inserted into subdomains
[INFO:Rank 0]  Subdomains inserted into global tree
[INFO:Rank 0]  Network graph created
[INFO:Rank 0]  Synaptic elements initialized 

** STATE AFTER: 1 of 1 msec ** [Fri Jul 26 16:21:38 2019]
** UPDATE CONNECTIVITY AFTER: 1 of 1 msec ** [Fri Jul 26 16:21:38 2019]

[INFO:Rank 0]  Sum (all processes) number synapses deleted: 0
[INFO:Rank 0]  Sum (all processes) number synapses created: 414911

======== TIMERS GLOBAL OVER ALL RANKS ========
                                                (    min      |     avg      |     max     ) sec.
TIMERS: main()
  main()                                       : 23.857       | 23.8605      | 23.8633     
  Initialization                               : 0.395965     | 0.399722     | 0.404963    
  Simulation loop                              : 23.4557      | 23.4603      | 23.4612     
    Update electrical activity                 : 2.7e-08      | 3.49375e-08  | 4.2e-08     
    Update #synaptic elements delta            : 2.5e-08      | 3.38281e-08  | 3.6e-08     
    Connectivity update                        : 23.4556      | 23.4602      | 23.4612     
      Update #synaptic elements + del synapses : 0            | 0            | 0           
      Update local trees                       : 0.00127668   | 0.00131231   | 0.00153407  
      Exchange branch nodes (w/ Allgather)     : 3.8069e-05   | 0.0045175    | 0.00535388  
      Insert branch nodes into global tree     : 3.607e-06    | 3.98966e-06  | 4.263e-06   
      Update global tree                       : 1.782e-06    | 2.06462e-06  | 2.471e-06   
      Find target neurons (w/ RMA)             : 3.70091      | 11.1431      | 23.2853     
      Empty remote nodes cache                 : 0.0234901    | 0.0311511    | 0.0457854   
      Create synapses (w/ Alltoall)            : 0.129104     | 12.28        | 19.7294     

======== RMA MEMORY ALLOCATOR RANK 0 ========
Min num objects available: 1492621

[INFO:Rank 0]  END: Fri Jul 26 16:22:01 2019

Number ranks: 64
Partitioning based on number neurons would be: Rank 0: my_num_neurons: 9000 [start_id,end_id]: [0,8999]

[INFO:Rank 0]  START: Fri Jul 26 16:22:02 2019

** PARAMETERS **

num_neurons                  : 576000
frac_neurons_exc             : 0.8
simulation_time              : 1
x_0                          : 0.05
tau_x                        : 5
k                            : 0.03
tau_C                        : 5000
beta                         : 0.001
C_target                     : 0.5
refrac_time                  : 4
h                            : 10
eta_A                        : 0
eta_D_ex                     : 0
eta_D_in                     : 0
nu                           : 1e-05
vacant_retract_ratio         : 0
accept_criterion (BH)        : 0.4
sigma (BH)                   : 750
naive_method (BH)            : 0
num_log_files                : 9
log_start_neuron             : 0
mpi_rma_mem_size (Byte)      : 314572800
max_num_pending_vacant_axons : 1000

[INFO:Rank 0]  Simulation box length          : 2184 (height = width = depth)
[INFO:Rank 0]  Subdomain length               : 546 (height = width = depth)
[INFO:Rank 0]  Total number subdomains        : 64
[INFO:Rank 0]  Number subdomains per dimension: 4
[INFO:Rank 0]  My number of neurons   : 9000
[INFO:Rank 0]  My number of subdomains: 1
[INFO:Rank 0]  My subdomain ids       : [ 0 , 0 ]
[INFO:Rank 0]  Subdomain: 0
[INFO:Rank 0]      num_neurons: 9000
[INFO:Rank 0]      index_1d   : 0
[INFO:Rank 0]      index_3d   : ( 0 , 0 , 0 )
[INFO:Rank 0]      xyz_min    : ( 0 , 0 , 0 )
[INFO:Rank 0]      xyz_max    : ( 546 , 546 , 546 )

[INFO:Rank 0]  init_free_object_list: max_num_objects: 1572800  sizeof(OctreeNode): 200
[INFO:Rank 0]  Neurons created
[INFO:Rank 0]  Neurons inserted into subdomains
[INFO:Rank 0]  Subdomains inserted into global tree
[INFO:Rank 0]  Network graph created
[INFO:Rank 0]  Synaptic elements initialized 

** STATE AFTER: 1 of 1 msec ** [Fri Jul 26 16:22:02 2019]
** UPDATE CONNECTIVITY AFTER: 1 of 1 msec ** [Fri Jul 26 16:22:02 2019]

[INFO:Rank 0]  Sum (all processes) number synapses deleted: 0
[INFO:Rank 0]  Sum (all processes) number synapses created: 414911

======== TIMERS GLOBAL OVER ALL RANKS ========
                                                (    min      |     avg      |     max     ) sec.
TIMERS: main()
  main()                                       : 23.8958      | 23.8993      | 23.9022     
  Initialization                               : 0.392618     | 0.396658     | 0.401209    
  Simulation loop                              : 23.5008      | 23.5022      | 23.503      
    Update electrical activity                 : 2.9e-08      | 3.56875e-08  | 4.8e-08     
    Update #synaptic elements delta            : 2.5e-08      | 3.40469e-08  | 3.7e-08     
    Connectivity update                        : 23.5007      | 23.5021      | 23.503      
      Update #synaptic elements + del synapses : 0            | 0            | 0           
      Update local trees                       : 0.00126629   | 0.00132284   | 0.00145959  
      Exchange branch nodes (w/ Allgather)     : 3.1357e-05   | 0.00165518   | 0.00234623  
      Insert branch nodes into global tree     : 3.631e-06    | 4.02419e-06  | 4.445e-06   
      Update global tree                       : 1.8e-06      | 2.10863e-06  | 2.64e-06    
      Find target neurons (w/ RMA)             : 3.77393      | 11.1786      | 23.3376     
      Empty remote nodes cache                 : 0.0232302    | 0.0309393    | 0.0385882   
      Create synapses (w/ Alltoall)            : 0.12387      | 12.2894      | 19.7009     

======== RMA MEMORY ALLOCATOR RANK 0 ========
Min num objects available: 1492621

[INFO:Rank 0]  END: Fri Jul 26 16:22:26 2019

