Number ranks: 64
Partitioning based on number neurons would be: Rank 0: my_num_neurons: 5000 [start_id,end_id]: [0,4999]

[INFO:Rank 0]  START: Fri Jul 26 15:51:57 2019

** PARAMETERS **

num_neurons                  : 320000
frac_neurons_exc             : 0.8
simulation_time              : 1
x_0                          : 0.05
tau_x                        : 5
k                            : 0.03
tau_C                        : 5000
beta                         : 0.001
C_target                     : 0.5
refrac_time                  : 4
h                            : 10
eta_A                        : 0
eta_D_ex                     : 0
eta_D_in                     : 0
nu                           : 1e-05
vacant_retract_ratio         : 0
accept_criterion (BH)        : 0.4
sigma (BH)                   : 750
naive_method (BH)            : 0
num_log_files                : 9
log_start_neuron             : 0
mpi_rma_mem_size (Byte)      : 314572800
max_num_pending_vacant_axons : 1000

[INFO:Rank 0]  Simulation box length          : 1794 (height = width = depth)
[INFO:Rank 0]  Subdomain length               : 448.5 (height = width = depth)
[INFO:Rank 0]  Total number subdomains        : 64
[INFO:Rank 0]  Number subdomains per dimension: 4
[INFO:Rank 0]  My number of neurons   : 5000
[INFO:Rank 0]  My number of subdomains: 1
[INFO:Rank 0]  My subdomain ids       : [ 0 , 0 ]
[INFO:Rank 0]  Subdomain: 0
[INFO:Rank 0]      num_neurons: 5000
[INFO:Rank 0]      index_1d   : 0
[INFO:Rank 0]      index_3d   : ( 0 , 0 , 0 )
[INFO:Rank 0]      xyz_min    : ( 0 , 0 , 0 )
[INFO:Rank 0]      xyz_max    : ( 448.5 , 448.5 , 448.5 )

[INFO:Rank 0]  init_free_object_list: max_num_objects: 1572800  sizeof(OctreeNode): 200
[INFO:Rank 0]  Neurons created
[INFO:Rank 0]  Neurons inserted into subdomains
[INFO:Rank 0]  Subdomains inserted into global tree
[INFO:Rank 0]  Network graph created
[INFO:Rank 0]  Synaptic elements initialized 

** STATE AFTER: 1 of 1 msec ** [Fri Jul 26 15:51:58 2019]
** UPDATE CONNECTIVITY AFTER: 1 of 1 msec ** [Fri Jul 26 15:51:58 2019]

[INFO:Rank 0]  Sum (all processes) number synapses deleted: 0
[INFO:Rank 0]  Sum (all processes) number synapses created: 228675

======== TIMERS GLOBAL OVER ALL RANKS ========
                                                (    min      |     avg      |     max     ) sec.
TIMERS: main()
  main()                                       : 13.2318      | 13.2353      | 13.2381     
  Initialization                               : 0.393896     | 0.397527     | 0.401293    
  Simulation loop                              : 12.8352      | 12.8373      | 12.8382     
    Update electrical activity                 : 2.6e-08      | 3.46719e-08  | 3.9e-08     
    Update #synaptic elements delta            : 2.5e-08      | 3.38125e-08  | 3.7e-08     
    Connectivity update                        : 12.8351      | 12.8372      | 12.8381     
      Update #synaptic elements + del synapses : 0            | 0            | 0           
      Update local trees                       : 0.000693281  | 0.000730676  | 0.00087999  
      Exchange branch nodes (w/ Allgather)     : 3.5455e-05   | 0.00204091   | 0.00298022  
      Insert branch nodes into global tree     : 3.377e-06    | 3.72322e-06  | 4.375e-06   
      Update global tree                       : 1.954e-06    | 2.61441e-06  | 3.169e-06   
      Find target neurons (w/ RMA)             : 1.89118      | 6.22904      | 12.6941     
      Empty remote nodes cache                 : 0.0146505    | 0.0180239    | 0.021827    
      Create synapses (w/ Alltoall)            : 0.11827      | 6.58725      | 10.9278     

======== RMA MEMORY ALLOCATOR RANK 0 ========
Min num objects available: 1520246

[INFO:Rank 0]  END: Fri Jul 26 15:52:10 2019

Number ranks: 64
Partitioning based on number neurons would be: Rank 0: my_num_neurons: 5000 [start_id,end_id]: [0,4999]

[INFO:Rank 0]  START: Fri Jul 26 15:52:11 2019

** PARAMETERS **

num_neurons                  : 320000
frac_neurons_exc             : 0.8
simulation_time              : 1
x_0                          : 0.05
tau_x                        : 5
k                            : 0.03
tau_C                        : 5000
beta                         : 0.001
C_target                     : 0.5
refrac_time                  : 4
h                            : 10
eta_A                        : 0
eta_D_ex                     : 0
eta_D_in                     : 0
nu                           : 1e-05
vacant_retract_ratio         : 0
accept_criterion (BH)        : 0.4
sigma (BH)                   : 750
naive_method (BH)            : 0
num_log_files                : 9
log_start_neuron             : 0
mpi_rma_mem_size (Byte)      : 314572800
max_num_pending_vacant_axons : 1000

[INFO:Rank 0]  Simulation box length          : 1794 (height = width = depth)
[INFO:Rank 0]  Subdomain length               : 448.5 (height = width = depth)
[INFO:Rank 0]  Total number subdomains        : 64
[INFO:Rank 0]  Number subdomains per dimension: 4
[INFO:Rank 0]  My number of neurons   : 5000
[INFO:Rank 0]  My number of subdomains: 1
[INFO:Rank 0]  My subdomain ids       : [ 0 , 0 ]
[INFO:Rank 0]  Subdomain: 0
[INFO:Rank 0]      num_neurons: 5000
[INFO:Rank 0]      index_1d   : 0
[INFO:Rank 0]      index_3d   : ( 0 , 0 , 0 )
[INFO:Rank 0]      xyz_min    : ( 0 , 0 , 0 )
[INFO:Rank 0]      xyz_max    : ( 448.5 , 448.5 , 448.5 )

[INFO:Rank 0]  init_free_object_list: max_num_objects: 1572800  sizeof(OctreeNode): 200
[INFO:Rank 0]  Neurons created
[INFO:Rank 0]  Neurons inserted into subdomains
[INFO:Rank 0]  Subdomains inserted into global tree
[INFO:Rank 0]  Network graph created
[INFO:Rank 0]  Synaptic elements initialized 

** STATE AFTER: 1 of 1 msec ** [Fri Jul 26 15:52:12 2019]
** UPDATE CONNECTIVITY AFTER: 1 of 1 msec ** [Fri Jul 26 15:52:12 2019]

[INFO:Rank 0]  Sum (all processes) number synapses deleted: 0
[INFO:Rank 0]  Sum (all processes) number synapses created: 228675

======== TIMERS GLOBAL OVER ALL RANKS ========
                                                (    min      |     avg      |     max     ) sec.
TIMERS: main()
  main()                                       : 13.2622      | 13.2655      | 13.2683     
  Initialization                               : 0.392787     | 0.396667     | 0.401309    
  Simulation loop                              : 12.8652      | 12.8684      | 12.8694     
    Update electrical activity                 : 3.2e-08      | 3.57656e-08  | 4.4e-08     
    Update #synaptic elements delta            : 3.2e-08      | 3.43125e-08  | 4.1e-08     
    Connectivity update                        : 12.8651      | 12.8684      | 12.8693     
      Update #synaptic elements + del synapses : 0            | 0            | 0           
      Update local trees                       : 0.000698087  | 0.000725585  | 0.000894774 
      Exchange branch nodes (w/ Allgather)     : 2.6703e-05   | 0.0033677    | 0.00436145  
      Insert branch nodes into global tree     : 3.367e-06    | 3.80014e-06  | 4.342e-06   
      Update global tree                       : 1.805e-06    | 2.75133e-06  | 7.268e-06   
      Find target neurons (w/ RMA)             : 1.89175      | 6.24877      | 12.7142     
      Empty remote nodes cache                 : 0.0144186    | 0.0181998    | 0.021891    
      Create synapses (w/ Alltoall)            : 0.129319     | 6.59717      | 10.9568     

======== RMA MEMORY ALLOCATOR RANK 0 ========
Min num objects available: 1520246

[INFO:Rank 0]  END: Fri Jul 26 15:52:25 2019

