Number ranks: 128
Partitioning based on number neurons would be: Rank 0: my_num_neurons: 9000 [start_id,end_id]: [0,8999]

[INFO:Rank 0]  START: Fri Jul 26 17:19:41 2019

** PARAMETERS **

num_neurons                  : 1152000
frac_neurons_exc             : 0.8
simulation_time              : 1
x_0                          : 0.05
tau_x                        : 5
k                            : 0.03
tau_C                        : 5000
beta                         : 0.001
C_target                     : 0.5
refrac_time                  : 4
h                            : 10
eta_A                        : 0
eta_D_ex                     : 0
eta_D_in                     : 0
nu                           : 1e-05
vacant_retract_ratio         : 0
accept_criterion (BH)        : 0.4
sigma (BH)                   : 750
naive_method (BH)            : 0
num_log_files                : 9
log_start_neuron             : 0
mpi_rma_mem_size (Byte)      : 314572800
max_num_pending_vacant_axons : 1000

[INFO:Rank 0]  Simulation box length          : 2730 (height = width = depth)
[INFO:Rank 0]  Subdomain length               : 341.25 (height = width = depth)
[INFO:Rank 0]  Total number subdomains        : 512
[INFO:Rank 0]  Number subdomains per dimension: 8
[INFO:Rank 0]  My number of neurons   : 9000
[INFO:Rank 0]  My number of subdomains: 4
[INFO:Rank 0]  My subdomain ids       : [ 0 , 3 ]
[INFO:Rank 0]  Subdomain: 0
[INFO:Rank 0]      num_neurons: 2250
[INFO:Rank 0]      index_1d   : 0
[INFO:Rank 0]      index_3d   : ( 0 , 0 , 0 )
[INFO:Rank 0]      xyz_min    : ( 0 , 0 , 0 )
[INFO:Rank 0]      xyz_max    : ( 341.25 , 341.25 , 341.25 )

[INFO:Rank 0]  Subdomain: 1
[INFO:Rank 0]      num_neurons: 2250
[INFO:Rank 0]      index_1d   : 1
[INFO:Rank 0]      index_3d   : ( 1 , 0 , 0 )
[INFO:Rank 0]      xyz_min    : ( 341.25 , 0 , 0 )
[INFO:Rank 0]      xyz_max    : ( 682.5 , 341.25 , 341.25 )

[INFO:Rank 0]  Subdomain: 2
[INFO:Rank 0]      num_neurons: 2250
[INFO:Rank 0]      index_1d   : 2
[INFO:Rank 0]      index_3d   : ( 0 , 1 , 0 )
[INFO:Rank 0]      xyz_min    : ( 0 , 341.25 , 0 )
[INFO:Rank 0]      xyz_max    : ( 341.25 , 682.5 , 341.25 )

[INFO:Rank 0]  Subdomain: 3
[INFO:Rank 0]      num_neurons: 2250
[INFO:Rank 0]      index_1d   : 3
[INFO:Rank 0]      index_3d   : ( 1 , 1 , 0 )
[INFO:Rank 0]      xyz_min    : ( 341.25 , 341.25 , 0 )
[INFO:Rank 0]      xyz_max    : ( 682.5 , 682.5 , 341.25 )

[INFO:Rank 0]  init_free_object_list: max_num_objects: 1572352  sizeof(OctreeNode): 200
[INFO:Rank 0]  Neurons created
[INFO:Rank 0]  Neurons inserted into subdomains
[INFO:Rank 0]  Subdomains inserted into global tree
[INFO:Rank 0]  Network graph created
[INFO:Rank 0]  Synaptic elements initialized 

** STATE AFTER: 1 of 1 msec ** [Fri Jul 26 17:19:41 2019]
** UPDATE CONNECTIVITY AFTER: 1 of 1 msec ** [Fri Jul 26 17:19:41 2019]

[INFO:Rank 0]  Sum (all processes) number synapses deleted: 0
[INFO:Rank 0]  Sum (all processes) number synapses created: 832286

======== TIMERS GLOBAL OVER ALL RANKS ========
                                                (    min      |     avg      |     max     ) sec.
TIMERS: main()
  main()                                       : 30.0159      | 30.0188      | 30.0207     
  Initialization                               : 0.581062     | 0.584161     | 0.587995    
  Simulation loop                              : 29.431       | 29.4342      | 29.4352     
    Update electrical activity                 : 2.8e-08      | 3.52812e-08  | 4.8e-08     
    Update #synaptic elements delta            : 2.8e-08      | 3.43359e-08  | 4.7e-08     
    Connectivity update                        : 29.4309      | 29.4341      | 29.4351     
      Update #synaptic elements + del synapses : 0            | 0            | 0           
      Update local trees                       : 0.00125011   | 0.00128267   | 0.0015703   
      Exchange branch nodes (w/ Allgather)     : 9.4272e-05   | 0.00348436   | 0.00431204  
      Insert branch nodes into global tree     : 2.4926e-05   | 2.67301e-05  | 3.8583e-05  
      Update global tree                       : 1.1172e-05   | 1.16637e-05  | 1.696e-05   
      Find target neurons (w/ RMA)             : 3.56462      | 14.1878      | 29.1706     
      Empty remote nodes cache                 : 0.0218125    | 0.0314649    | 0.0405204   
      Create synapses (w/ Alltoall)            : 0.220918     | 15.2098      | 25.8408     

======== RMA MEMORY ALLOCATOR RANK 0 ========
Min num objects available: 1490328

[INFO:Rank 0]  END: Fri Jul 26 17:20:11 2019

Number ranks: 128
Partitioning based on number neurons would be: Rank 0: my_num_neurons: 9000 [start_id,end_id]: [0,8999]

[INFO:Rank 0]  START: Fri Jul 26 17:20:18 2019

** PARAMETERS **

num_neurons                  : 1152000
frac_neurons_exc             : 0.8
simulation_time              : 1
x_0                          : 0.05
tau_x                        : 5
k                            : 0.03
tau_C                        : 5000
beta                         : 0.001
C_target                     : 0.5
refrac_time                  : 4
h                            : 10
eta_A                        : 0
eta_D_ex                     : 0
eta_D_in                     : 0
nu                           : 1e-05
vacant_retract_ratio         : 0
accept_criterion (BH)        : 0.4
sigma (BH)                   : 750
naive_method (BH)            : 0
num_log_files                : 9
log_start_neuron             : 0
mpi_rma_mem_size (Byte)      : 314572800
max_num_pending_vacant_axons : 1000

[INFO:Rank 0]  Simulation box length          : 2730 (height = width = depth)
[INFO:Rank 0]  Subdomain length               : 341.25 (height = width = depth)
[INFO:Rank 0]  Total number subdomains        : 512
[INFO:Rank 0]  Number subdomains per dimension: 8
[INFO:Rank 0]  My number of neurons   : 9000
[INFO:Rank 0]  My number of subdomains: 4
[INFO:Rank 0]  My subdomain ids       : [ 0 , 3 ]
[INFO:Rank 0]  Subdomain: 0
[INFO:Rank 0]      num_neurons: 2250
[INFO:Rank 0]      index_1d   : 0
[INFO:Rank 0]      index_3d   : ( 0 , 0 , 0 )
[INFO:Rank 0]      xyz_min    : ( 0 , 0 , 0 )
[INFO:Rank 0]      xyz_max    : ( 341.25 , 341.25 , 341.25 )

[INFO:Rank 0]  Subdomain: 1
[INFO:Rank 0]      num_neurons: 2250
[INFO:Rank 0]      index_1d   : 1
[INFO:Rank 0]      index_3d   : ( 1 , 0 , 0 )
[INFO:Rank 0]      xyz_min    : ( 341.25 , 0 , 0 )
[INFO:Rank 0]      xyz_max    : ( 682.5 , 341.25 , 341.25 )

[INFO:Rank 0]  Subdomain: 2
[INFO:Rank 0]      num_neurons: 2250
[INFO:Rank 0]      index_1d   : 2
[INFO:Rank 0]      index_3d   : ( 0 , 1 , 0 )
[INFO:Rank 0]      xyz_min    : ( 0 , 341.25 , 0 )
[INFO:Rank 0]      xyz_max    : ( 341.25 , 682.5 , 341.25 )

[INFO:Rank 0]  Subdomain: 3
[INFO:Rank 0]      num_neurons: 2250
[INFO:Rank 0]      index_1d   : 3
[INFO:Rank 0]      index_3d   : ( 1 , 1 , 0 )
[INFO:Rank 0]      xyz_min    : ( 341.25 , 341.25 , 0 )
[INFO:Rank 0]      xyz_max    : ( 682.5 , 682.5 , 341.25 )

[INFO:Rank 0]  init_free_object_list: max_num_objects: 1572352  sizeof(OctreeNode): 200
[INFO:Rank 0]  Neurons created
[INFO:Rank 0]  Neurons inserted into subdomains
[INFO:Rank 0]  Subdomains inserted into global tree
[INFO:Rank 0]  Network graph created
[INFO:Rank 0]  Synaptic elements initialized 

** STATE AFTER: 1 of 1 msec ** [Fri Jul 26 17:20:18 2019]
** UPDATE CONNECTIVITY AFTER: 1 of 1 msec ** [Fri Jul 26 17:20:18 2019]

[INFO:Rank 0]  Sum (all processes) number synapses deleted: 0
[INFO:Rank 0]  Sum (all processes) number synapses created: 832286

======== TIMERS GLOBAL OVER ALL RANKS ========
                                                (    min      |     avg      |     max     ) sec.
TIMERS: main()
  main()                                       : 30.1006      | 30.1023      | 30.1039     
  Initialization                               : 0.576602     | 0.578719     | 0.581895    
  Simulation loop                              : 29.5206      | 29.5232      | 29.5241     
    Update electrical activity                 : 2.6e-08      | 3.54531e-08  | 5.2e-08     
    Update #synaptic elements delta            : 2.6e-08      | 3.42812e-08  | 3.8e-08     
    Connectivity update                        : 29.5205      | 29.5231      | 29.524      
      Update #synaptic elements + del synapses : 0            | 0            | 0           
      Update local trees                       : 0.00124998   | 0.00128745   | 0.00156916  
      Exchange branch nodes (w/ Allgather)     : 8.647e-05    | 0.00291397   | 0.00382884  
      Insert branch nodes into global tree     : 2.4753e-05   | 2.64107e-05  | 3.0939e-05  
      Update global tree                       : 1.1056e-05   | 1.16708e-05  | 1.6837e-05  
      Find target neurons (w/ RMA)             : 3.59341      | 14.2032      | 29.2605     
      Empty remote nodes cache                 : 0.0214899    | 0.0316786    | 0.0445567   
      Create synapses (w/ Alltoall)            : 0.220429     | 15.2838      | 25.9024     

======== RMA MEMORY ALLOCATOR RANK 0 ========
Min num objects available: 1490328

[INFO:Rank 0]  END: Fri Jul 26 17:20:48 2019

