Number ranks: 512
Partitioning based on number neurons would be: Rank 0: my_num_neurons: 6000 [start_id,end_id]: [0,5999]

[INFO:Rank 0]  START: Fri Jul 26 21:10:39 2019

** PARAMETERS **

num_neurons                  : 3072000
frac_neurons_exc             : 0.8
simulation_time              : 1
x_0                          : 0.05
tau_x                        : 5
k                            : 0.03
tau_C                        : 5000
beta                         : 0.001
C_target                     : 0.5
refrac_time                  : 4
h                            : 10
eta_A                        : 0
eta_D_ex                     : 0
eta_D_in                     : 0
nu                           : 1e-05
vacant_retract_ratio         : 0
accept_criterion (BH)        : 0.2
sigma (BH)                   : 750
naive_method (BH)            : 0
num_log_files                : 9
log_start_neuron             : 0
mpi_rma_mem_size (Byte)      : 314572800
max_num_pending_vacant_axons : 1000

[INFO:Rank 0]  Simulation box length          : 3796 (height = width = depth)
[INFO:Rank 0]  Subdomain length               : 474.5 (height = width = depth)
[INFO:Rank 0]  Total number subdomains        : 512
[INFO:Rank 0]  Number subdomains per dimension: 8
[INFO:Rank 0]  My number of neurons   : 6000
[INFO:Rank 0]  My number of subdomains: 1
[INFO:Rank 0]  My subdomain ids       : [ 0 , 0 ]
[INFO:Rank 0]  Subdomain: 0
[INFO:Rank 0]      num_neurons: 6000
[INFO:Rank 0]      index_1d   : 0
[INFO:Rank 0]      index_3d   : ( 0 , 0 , 0 )
[INFO:Rank 0]      xyz_min    : ( 0 , 0 , 0 )
[INFO:Rank 0]      xyz_max    : ( 474.5 , 474.5 , 474.5 )

[INFO:Rank 0]  init_free_object_list: max_num_objects: 1572352  sizeof(OctreeNode): 200
[INFO:Rank 0]  Neurons created
[INFO:Rank 0]  Neurons inserted into subdomains
[INFO:Rank 0]  Subdomains inserted into global tree
[INFO:Rank 0]  Network graph created
[INFO:Rank 0]  Synaptic elements initialized 

** STATE AFTER: 1 of 1 msec ** [Fri Jul 26 21:10:40 2019]
** UPDATE CONNECTIVITY AFTER: 1 of 1 msec ** [Fri Jul 26 21:10:40 2019]

[INFO:Rank 0]  Sum (all processes) number synapses deleted: 0
[INFO:Rank 0]  Sum (all processes) number synapses created: 2.22949e+06

======== TIMERS GLOBAL OVER ALL RANKS ========
                                                (    min      |     avg      |     max     ) sec.
TIMERS: main()
  main()                                       : 217.002      | 217.008      | 217.011     
  Initialization                               : 1.71253      | 1.71517      | 1.72348     
  Simulation loop                              : 215.283      | 215.291      | 215.294     
    Update electrical activity                 : 2.6e-08      | 3.50352e-08  | 5.1e-08     
    Update #synaptic elements delta            : 2.5e-08      | 3.40156e-08  | 4.8e-08     
    Connectivity update                        : 215.283      | 215.291      | 215.294     
      Update #synaptic elements + del synapses : 0            | 0            | 0           
      Update local trees                       : 0.00083406   | 0.000868827  | 0.00106533  
      Exchange branch nodes (w/ Allgather)     : 0.000237822  | 0.00934026   | 0.0107142   
      Insert branch nodes into global tree     : 2.453e-05    | 2.89374e-05  | 4.5365e-05  
      Update global tree                       : 1.105e-05    | 1.17636e-05  | 2.6096e-05  
      Find target neurons (w/ RMA)             : 14.727       | 94.4531      | 214.65      
      Empty remote nodes cache                 : 0.0180039    | 0.0341947    | 0.0522638   
      Create synapses (w/ Alltoall)            : 0.587135     | 120.793      | 200.533     

======== RMA MEMORY ALLOCATOR RANK 0 ========
Min num objects available: 1505523

[INFO:Rank 0]  END: Fri Jul 26 21:14:16 2019

Number ranks: 512
Partitioning based on number neurons would be: Rank 0: my_num_neurons: 6000 [start_id,end_id]: [0,5999]

[INFO:Rank 0]  START: Fri Jul 26 21:14:19 2019

** PARAMETERS **

num_neurons                  : 3072000
frac_neurons_exc             : 0.8
simulation_time              : 1
x_0                          : 0.05
tau_x                        : 5
k                            : 0.03
tau_C                        : 5000
beta                         : 0.001
C_target                     : 0.5
refrac_time                  : 4
h                            : 10
eta_A                        : 0
eta_D_ex                     : 0
eta_D_in                     : 0
nu                           : 1e-05
vacant_retract_ratio         : 0
accept_criterion (BH)        : 0.2
sigma (BH)                   : 750
naive_method (BH)            : 0
num_log_files                : 9
log_start_neuron             : 0
mpi_rma_mem_size (Byte)      : 314572800
max_num_pending_vacant_axons : 1000

[INFO:Rank 0]  Simulation box length          : 3796 (height = width = depth)
[INFO:Rank 0]  Subdomain length               : 474.5 (height = width = depth)
[INFO:Rank 0]  Total number subdomains        : 512
[INFO:Rank 0]  Number subdomains per dimension: 8
[INFO:Rank 0]  My number of neurons   : 6000
[INFO:Rank 0]  My number of subdomains: 1
[INFO:Rank 0]  My subdomain ids       : [ 0 , 0 ]
[INFO:Rank 0]  Subdomain: 0
[INFO:Rank 0]      num_neurons: 6000
[INFO:Rank 0]      index_1d   : 0
[INFO:Rank 0]      index_3d   : ( 0 , 0 , 0 )
[INFO:Rank 0]      xyz_min    : ( 0 , 0 , 0 )
[INFO:Rank 0]      xyz_max    : ( 474.5 , 474.5 , 474.5 )

[INFO:Rank 0]  init_free_object_list: max_num_objects: 1572352  sizeof(OctreeNode): 200
[INFO:Rank 0]  Neurons created
[INFO:Rank 0]  Neurons inserted into subdomains
[INFO:Rank 0]  Subdomains inserted into global tree
[INFO:Rank 0]  Network graph created
[INFO:Rank 0]  Synaptic elements initialized 

** STATE AFTER: 1 of 1 msec ** [Fri Jul 26 21:14:20 2019]
** UPDATE CONNECTIVITY AFTER: 1 of 1 msec ** [Fri Jul 26 21:14:20 2019]

[INFO:Rank 0]  Sum (all processes) number synapses deleted: 0
[INFO:Rank 0]  Sum (all processes) number synapses created: 2.22949e+06

======== TIMERS GLOBAL OVER ALL RANKS ========
                                                (    min      |     avg      |     max     ) sec.
TIMERS: main()
  main()                                       : 217.338      | 217.344      | 217.347     
  Initialization                               : 1.6901       | 1.69517      | 1.70328     
  Simulation loop                              : 215.64       | 215.648      | 215.65      
    Update electrical activity                 : 2.5e-08      | 3.52187e-08  | 5e-08       
    Update #synaptic elements delta            : 2.5e-08      | 3.41973e-08  | 4.7e-08     
    Connectivity update                        : 215.64       | 215.647      | 215.649     
      Update #synaptic elements + del synapses : 0            | 0            | 0           
      Update local trees                       : 0.000828344  | 0.000871595  | 0.00107924  
      Exchange branch nodes (w/ Allgather)     : 0.000233832  | 0.00813579   | 0.00946078  
      Insert branch nodes into global tree     : 2.4759e-05   | 2.88259e-05  | 4.4664e-05  
      Update global tree                       : 1.109e-05    | 1.17257e-05  | 2.2766e-05  
      Find target neurons (w/ RMA)             : 14.558       | 94.4731      | 215.001     
      Empty remote nodes cache                 : 0.0180134    | 0.0344323    | 0.0524925   
      Create synapses (w/ Alltoall)            : 0.592796     | 121.13       | 201.06      

======== RMA MEMORY ALLOCATOR RANK 0 ========
Min num objects available: 1505523

[INFO:Rank 0]  END: Fri Jul 26 21:17:56 2019

