Number ranks: 512
Partitioning based on number neurons would be: Rank 0: my_num_neurons: 6000 [start_id,end_id]: [0,5999]

[INFO:Rank 0]  START: Fri Jul 26 21:23:57 2019

** PARAMETERS **

num_neurons                  : 3072000
frac_neurons_exc             : 0.8
simulation_time              : 1
x_0                          : 0.05
tau_x                        : 5
k                            : 0.03
tau_C                        : 5000
beta                         : 0.001
C_target                     : 0.5
refrac_time                  : 4
h                            : 10
eta_A                        : 0
eta_D_ex                     : 0
eta_D_in                     : 0
nu                           : 1e-05
vacant_retract_ratio         : 0
accept_criterion (BH)        : 0.5
sigma (BH)                   : 750
naive_method (BH)            : 0
num_log_files                : 9
log_start_neuron             : 0
mpi_rma_mem_size (Byte)      : 314572800
max_num_pending_vacant_axons : 1000

[INFO:Rank 0]  Simulation box length          : 3796 (height = width = depth)
[INFO:Rank 0]  Subdomain length               : 474.5 (height = width = depth)
[INFO:Rank 0]  Total number subdomains        : 512
[INFO:Rank 0]  Number subdomains per dimension: 8
[INFO:Rank 0]  My number of neurons   : 6000
[INFO:Rank 0]  My number of subdomains: 1
[INFO:Rank 0]  My subdomain ids       : [ 0 , 0 ]
[INFO:Rank 0]  Subdomain: 0
[INFO:Rank 0]      num_neurons: 6000
[INFO:Rank 0]      index_1d   : 0
[INFO:Rank 0]      index_3d   : ( 0 , 0 , 0 )
[INFO:Rank 0]      xyz_min    : ( 0 , 0 , 0 )
[INFO:Rank 0]      xyz_max    : ( 474.5 , 474.5 , 474.5 )

[INFO:Rank 0]  init_free_object_list: max_num_objects: 1572352  sizeof(OctreeNode): 200
[INFO:Rank 0]  Neurons created
[INFO:Rank 0]  Neurons inserted into subdomains
[INFO:Rank 0]  Subdomains inserted into global tree
[INFO:Rank 0]  Network graph created
[INFO:Rank 0]  Synaptic elements initialized 

** STATE AFTER: 1 of 1 msec ** [Fri Jul 26 21:23:59 2019]
** UPDATE CONNECTIVITY AFTER: 1 of 1 msec ** [Fri Jul 26 21:23:59 2019]

[INFO:Rank 0]  Sum (all processes) number synapses deleted: 0
[INFO:Rank 0]  Sum (all processes) number synapses created: 2.21566e+06

======== TIMERS GLOBAL OVER ALL RANKS ========
                                                (    min      |     avg      |     max     ) sec.
TIMERS: main()
  main()                                       : 16.8126      | 16.8147      | 16.8164     
  Initialization                               : 1.69587      | 1.69846      | 1.70627     
  Simulation loop                              : 15.1055      | 15.1145      | 15.1168     
    Update electrical activity                 : 2.5e-08      | 3.50762e-08  | 6.1e-08     
    Update #synaptic elements delta            : 2.4e-08      | 3.39531e-08  | 4.7e-08     
    Connectivity update                        : 15.1054      | 15.1142      | 15.1167     
      Update #synaptic elements + del synapses : 0            | 0            | 0           
      Update local trees                       : 0.000835012  | 0.000867368  | 0.00109162  
      Exchange branch nodes (w/ Allgather)     : 0.000394379  | 0.00767857   | 0.00890208  
      Insert branch nodes into global tree     : 2.4787e-05   | 2.87476e-05  | 4.5475e-05  
      Update global tree                       : 1.1107e-05   | 1.17407e-05  | 2.5123e-05  
      Find target neurons (w/ RMA)             : 1.48901      | 7.7381       | 14.5324     
      Empty remote nodes cache                 : 0.0165953    | 0.0262139    | 0.0330151   
      Create synapses (w/ Alltoall)            : 0.542191     | 7.34083      | 13.5959     

======== RMA MEMORY ALLOCATOR RANK 0 ========
Min num objects available: 1512363

[INFO:Rank 0]  END: Fri Jul 26 21:24:14 2019

Number ranks: 512
Partitioning based on number neurons would be: Rank 0: my_num_neurons: 6000 [start_id,end_id]: [0,5999]

[INFO:Rank 0]  START: Fri Jul 26 21:24:15 2019

** PARAMETERS **

num_neurons                  : 3072000
frac_neurons_exc             : 0.8
simulation_time              : 1
x_0                          : 0.05
tau_x                        : 5
k                            : 0.03
tau_C                        : 5000
beta                         : 0.001
C_target                     : 0.5
refrac_time                  : 4
h                            : 10
eta_A                        : 0
eta_D_ex                     : 0
eta_D_in                     : 0
nu                           : 1e-05
vacant_retract_ratio         : 0
accept_criterion (BH)        : 0.5
sigma (BH)                   : 750
naive_method (BH)            : 0
num_log_files                : 9
log_start_neuron             : 0
mpi_rma_mem_size (Byte)      : 314572800
max_num_pending_vacant_axons : 1000

[INFO:Rank 0]  Simulation box length          : 3796 (height = width = depth)
[INFO:Rank 0]  Subdomain length               : 474.5 (height = width = depth)
[INFO:Rank 0]  Total number subdomains        : 512
[INFO:Rank 0]  Number subdomains per dimension: 8
[INFO:Rank 0]  My number of neurons   : 6000
[INFO:Rank 0]  My number of subdomains: 1
[INFO:Rank 0]  My subdomain ids       : [ 0 , 0 ]
[INFO:Rank 0]  Subdomain: 0
[INFO:Rank 0]      num_neurons: 6000
[INFO:Rank 0]      index_1d   : 0
[INFO:Rank 0]      index_3d   : ( 0 , 0 , 0 )
[INFO:Rank 0]      xyz_min    : ( 0 , 0 , 0 )
[INFO:Rank 0]      xyz_max    : ( 474.5 , 474.5 , 474.5 )

[INFO:Rank 0]  init_free_object_list: max_num_objects: 1572352  sizeof(OctreeNode): 200
[INFO:Rank 0]  Neurons created
[INFO:Rank 0]  Neurons inserted into subdomains
[INFO:Rank 0]  Subdomains inserted into global tree
[INFO:Rank 0]  Network graph created
[INFO:Rank 0]  Synaptic elements initialized 

** STATE AFTER: 1 of 1 msec ** [Fri Jul 26 21:24:17 2019]
** UPDATE CONNECTIVITY AFTER: 1 of 1 msec ** [Fri Jul 26 21:24:17 2019]

[INFO:Rank 0]  Sum (all processes) number synapses deleted: 0
[INFO:Rank 0]  Sum (all processes) number synapses created: 2.21566e+06

======== TIMERS GLOBAL OVER ALL RANKS ========
                                                (    min      |     avg      |     max     ) sec.
TIMERS: main()
  main()                                       : 16.7815      | 16.7872      | 16.7898     
  Initialization                               : 1.69947      | 1.70549      | 1.71433     
  Simulation loop                              : 15.073       | 15.0804      | 15.0822     
    Update electrical activity                 : 2.5e-08      | 3.53906e-08  | 5.9e-08     
    Update #synaptic elements delta            : 2.4e-08      | 3.40859e-08  | 5.1e-08     
    Connectivity update                        : 15.0729      | 15.0802      | 15.0821     
      Update #synaptic elements + del synapses : 0            | 0            | 0           
      Update local trees                       : 0.000832393  | 0.000871735  | 0.00106378  
      Exchange branch nodes (w/ Allgather)     : 0.000299777  | 0.00828815   | 0.00964882  
      Insert branch nodes into global tree     : 2.48e-05     | 2.876e-05    | 4.4906e-05  
      Update global tree                       : 1.1009e-05   | 1.17383e-05  | 2.6682e-05  
      Find target neurons (w/ RMA)             : 1.49705      | 7.74736      | 14.5038     
      Empty remote nodes cache                 : 0.016536     | 0.0263374    | 0.0340341   
      Create synapses (w/ Alltoall)            : 0.535883     | 7.29687      | 13.5544     

======== RMA MEMORY ALLOCATOR RANK 0 ========
Min num objects available: 1512363

[INFO:Rank 0]  END: Fri Jul 26 21:24:32 2019

