Number ranks: 256
Partitioning based on number neurons would be: Rank 0: my_num_neurons: 6000 [start_id,end_id]: [0,5999]

[INFO:Rank 0]  START: Fri Jul 26 18:00:25 2019

** PARAMETERS **

num_neurons                  : 1536000
frac_neurons_exc             : 0.8
simulation_time              : 1
x_0                          : 0.05
tau_x                        : 5
k                            : 0.03
tau_C                        : 5000
beta                         : 0.001
C_target                     : 0.5
refrac_time                  : 4
h                            : 10
eta_A                        : 0
eta_D_ex                     : 0
eta_D_in                     : 0
nu                           : 1e-05
vacant_retract_ratio         : 0
accept_criterion (BH)        : 0.3
sigma (BH)                   : 750
naive_method (BH)            : 0
num_log_files                : 9
log_start_neuron             : 0
mpi_rma_mem_size (Byte)      : 314572800
max_num_pending_vacant_axons : 1000

[INFO:Rank 0]  Simulation box length          : 3016 (height = width = depth)
[INFO:Rank 0]  Subdomain length               : 377 (height = width = depth)
[INFO:Rank 0]  Total number subdomains        : 512
[INFO:Rank 0]  Number subdomains per dimension: 8
[INFO:Rank 0]  My number of neurons   : 6000
[INFO:Rank 0]  My number of subdomains: 2
[INFO:Rank 0]  My subdomain ids       : [ 0 , 1 ]
[INFO:Rank 0]  Subdomain: 0
[INFO:Rank 0]      num_neurons: 3000
[INFO:Rank 0]      index_1d   : 0
[INFO:Rank 0]      index_3d   : ( 0 , 0 , 0 )
[INFO:Rank 0]      xyz_min    : ( 0 , 0 , 0 )
[INFO:Rank 0]      xyz_max    : ( 377 , 377 , 377 )

[INFO:Rank 0]  Subdomain: 1
[INFO:Rank 0]      num_neurons: 3000
[INFO:Rank 0]      index_1d   : 1
[INFO:Rank 0]      index_3d   : ( 1 , 0 , 0 )
[INFO:Rank 0]      xyz_min    : ( 377 , 0 , 0 )
[INFO:Rank 0]      xyz_max    : ( 754 , 377 , 377 )

[INFO:Rank 0]  init_free_object_list: max_num_objects: 1572352  sizeof(OctreeNode): 200
[INFO:Rank 0]  Neurons created
[INFO:Rank 0]  Neurons inserted into subdomains
[INFO:Rank 0]  Subdomains inserted into global tree
[INFO:Rank 0]  Network graph created
[INFO:Rank 0]  Synaptic elements initialized 

** STATE AFTER: 1 of 1 msec ** [Fri Jul 26 18:00:26 2019]
** UPDATE CONNECTIVITY AFTER: 1 of 1 msec ** [Fri Jul 26 18:00:26 2019]

[INFO:Rank 0]  Sum (all processes) number synapses deleted: 0
[INFO:Rank 0]  Sum (all processes) number synapses created: 1.11112e+06

======== TIMERS GLOBAL OVER ALL RANKS ========
                                                (    min      |     avg      |     max     ) sec.
TIMERS: main()
  main()                                       : 56.5894      | 56.5914      | 56.5941     
  Initialization                               : 0.945274     | 0.948504     | 0.95419     
  Simulation loop                              : 55.6342      | 55.6422      | 55.6443     
    Update electrical activity                 : 2.6e-08      | 3.50859e-08  | 4.8e-08     
    Update #synaptic elements delta            : 2.4e-08      | 3.41133e-08  | 4.7e-08     
    Connectivity update                        : 55.6342      | 55.6421      | 55.6438     
      Update #synaptic elements + del synapses : 0            | 0            | 0           
      Update local trees                       : 0.000835144  | 0.000905156  | 0.00186044  
      Exchange branch nodes (w/ Allgather)     : 0.000197265  | 0.00786923   | 0.00954408  
      Insert branch nodes into global tree     : 2.4807e-05   | 3.16886e-05  | 5.5053e-05  
      Update global tree                       : 1.1154e-05   | 1.19603e-05  | 2.6901e-05  
      Find target neurons (w/ RMA)             : 4.93734      | 25.3587      | 55.1734     
      Empty remote nodes cache                 : 0.0169345    | 0.0267061    | 0.036378    
      Create synapses (w/ Alltoall)            : 0.427978     | 30.2475      | 50.6783     

======== RMA MEMORY ALLOCATOR RANK 0 ========
Min num objects available: 1509154

[INFO:Rank 0]  END: Fri Jul 26 18:01:21 2019

Number ranks: 256
Partitioning based on number neurons would be: Rank 0: my_num_neurons: 6000 [start_id,end_id]: [0,5999]

[INFO:Rank 0]  START: Fri Jul 26 18:01:22 2019

** PARAMETERS **

num_neurons                  : 1536000
frac_neurons_exc             : 0.8
simulation_time              : 1
x_0                          : 0.05
tau_x                        : 5
k                            : 0.03
tau_C                        : 5000
beta                         : 0.001
C_target                     : 0.5
refrac_time                  : 4
h                            : 10
eta_A                        : 0
eta_D_ex                     : 0
eta_D_in                     : 0
nu                           : 1e-05
vacant_retract_ratio         : 0
accept_criterion (BH)        : 0.3
sigma (BH)                   : 750
naive_method (BH)            : 0
num_log_files                : 9
log_start_neuron             : 0
mpi_rma_mem_size (Byte)      : 314572800
max_num_pending_vacant_axons : 1000

[INFO:Rank 0]  Simulation box length          : 3016 (height = width = depth)
[INFO:Rank 0]  Subdomain length               : 377 (height = width = depth)
[INFO:Rank 0]  Total number subdomains        : 512
[INFO:Rank 0]  Number subdomains per dimension: 8
[INFO:Rank 0]  My number of neurons   : 6000
[INFO:Rank 0]  My number of subdomains: 2
[INFO:Rank 0]  My subdomain ids       : [ 0 , 1 ]
[INFO:Rank 0]  Subdomain: 0
[INFO:Rank 0]      num_neurons: 3000
[INFO:Rank 0]      index_1d   : 0
[INFO:Rank 0]      index_3d   : ( 0 , 0 , 0 )
[INFO:Rank 0]      xyz_min    : ( 0 , 0 , 0 )
[INFO:Rank 0]      xyz_max    : ( 377 , 377 , 377 )

[INFO:Rank 0]  Subdomain: 1
[INFO:Rank 0]      num_neurons: 3000
[INFO:Rank 0]      index_1d   : 1
[INFO:Rank 0]      index_3d   : ( 1 , 0 , 0 )
[INFO:Rank 0]      xyz_min    : ( 377 , 0 , 0 )
[INFO:Rank 0]      xyz_max    : ( 754 , 377 , 377 )

[INFO:Rank 0]  init_free_object_list: max_num_objects: 1572352  sizeof(OctreeNode): 200
[INFO:Rank 0]  Neurons created
[INFO:Rank 0]  Neurons inserted into subdomains
[INFO:Rank 0]  Subdomains inserted into global tree
[INFO:Rank 0]  Network graph created
[INFO:Rank 0]  Synaptic elements initialized 

** STATE AFTER: 1 of 1 msec ** [Fri Jul 26 18:01:23 2019]
** UPDATE CONNECTIVITY AFTER: 1 of 1 msec ** [Fri Jul 26 18:01:23 2019]

[INFO:Rank 0]  Sum (all processes) number synapses deleted: 0
[INFO:Rank 0]  Sum (all processes) number synapses created: 1.11112e+06

======== TIMERS GLOBAL OVER ALL RANKS ========
                                                (    min      |     avg      |     max     ) sec.
TIMERS: main()
  main()                                       : 56.5088      | 56.5099      | 56.5114     
  Initialization                               : 0.949827     | 0.951488     | 0.955664    
  Simulation loop                              : 55.552       | 55.5573      | 55.5589     
    Update electrical activity                 : 2.7e-08      | 3.5293e-08   | 4.8e-08     
    Update #synaptic elements delta            : 2.7e-08      | 3.41094e-08  | 4.1e-08     
    Connectivity update                        : 55.5519      | 55.557       | 55.5586     
      Update #synaptic elements + del synapses : 0            | 0            | 0           
      Update local trees                       : 0.000834346  | 0.000888864  | 0.00189797  
      Exchange branch nodes (w/ Allgather)     : 0.000113074  | 0.00455627   | 0.00563079  
      Insert branch nodes into global tree     : 2.4725e-05   | 3.98694e-05  | 0.000680288 
      Update global tree                       : 1.1188e-05   | 1.22713e-05  | 3.6081e-05  
      Find target neurons (w/ RMA)             : 5.0067       | 25.4061      | 55.0872     
      Empty remote nodes cache                 : 0.0176057    | 0.026829     | 0.0353749   
      Create synapses (w/ Alltoall)            : 0.431069     | 30.1174      | 50.5242     

======== RMA MEMORY ALLOCATOR RANK 0 ========
Min num objects available: 1509154

[INFO:Rank 0]  END: Fri Jul 26 18:02:19 2019

