Number ranks: 128
Partitioning based on number neurons would be: Rank 0: my_num_neurons: 5000 [start_id,end_id]: [0,4999]

[INFO:Rank 0]  START: Fri Jul 26 16:23:09 2019

** PARAMETERS **

num_neurons                  : 640000
frac_neurons_exc             : 0.8
simulation_time              : 1
x_0                          : 0.05
tau_x                        : 5
k                            : 0.03
tau_C                        : 5000
beta                         : 0.001
C_target                     : 0.5
refrac_time                  : 4
h                            : 10
eta_A                        : 0
eta_D_ex                     : 0
eta_D_in                     : 0
nu                           : 1e-05
vacant_retract_ratio         : 0
accept_criterion (BH)        : 0.1
sigma (BH)                   : 750
naive_method (BH)            : 0
num_log_files                : 9
log_start_neuron             : 0
mpi_rma_mem_size (Byte)      : 314572800
max_num_pending_vacant_axons : 1000

[INFO:Rank 0]  Simulation box length          : 2262 (height = width = depth)
[INFO:Rank 0]  Subdomain length               : 282.75 (height = width = depth)
[INFO:Rank 0]  Total number subdomains        : 512
[INFO:Rank 0]  Number subdomains per dimension: 8
[INFO:Rank 0]  My number of neurons   : 5000
[INFO:Rank 0]  My number of subdomains: 4
[INFO:Rank 0]  My subdomain ids       : [ 0 , 3 ]
[INFO:Rank 0]  Subdomain: 0
[INFO:Rank 0]      num_neurons: 1250
[INFO:Rank 0]      index_1d   : 0
[INFO:Rank 0]      index_3d   : ( 0 , 0 , 0 )
[INFO:Rank 0]      xyz_min    : ( 0 , 0 , 0 )
[INFO:Rank 0]      xyz_max    : ( 282.75 , 282.75 , 282.75 )

[INFO:Rank 0]  Subdomain: 1
[INFO:Rank 0]      num_neurons: 1250
[INFO:Rank 0]      index_1d   : 1
[INFO:Rank 0]      index_3d   : ( 1 , 0 , 0 )
[INFO:Rank 0]      xyz_min    : ( 282.75 , 0 , 0 )
[INFO:Rank 0]      xyz_max    : ( 565.5 , 282.75 , 282.75 )

[INFO:Rank 0]  Subdomain: 2
[INFO:Rank 0]      num_neurons: 1250
[INFO:Rank 0]      index_1d   : 2
[INFO:Rank 0]      index_3d   : ( 0 , 1 , 0 )
[INFO:Rank 0]      xyz_min    : ( 0 , 282.75 , 0 )
[INFO:Rank 0]      xyz_max    : ( 282.75 , 565.5 , 282.75 )

[INFO:Rank 0]  Subdomain: 3
[INFO:Rank 0]      num_neurons: 1250
[INFO:Rank 0]      index_1d   : 3
[INFO:Rank 0]      index_3d   : ( 1 , 1 , 0 )
[INFO:Rank 0]      xyz_min    : ( 282.75 , 282.75 , 0 )
[INFO:Rank 0]      xyz_max    : ( 565.5 , 565.5 , 282.75 )

[INFO:Rank 0]  init_free_object_list: max_num_objects: 1572352  sizeof(OctreeNode): 200
[INFO:Rank 0]  Neurons created
[INFO:Rank 0]  Neurons inserted into subdomains
[INFO:Rank 0]  Subdomains inserted into global tree
[INFO:Rank 0]  Network graph created
[INFO:Rank 0]  Synaptic elements initialized 

** STATE AFTER: 1 of 1 msec ** [Fri Jul 26 16:23:09 2019]
** UPDATE CONNECTIVITY AFTER: 1 of 1 msec ** [Fri Jul 26 16:23:09 2019]

[INFO:Rank 0]  Sum (all processes) number synapses deleted: 0
[INFO:Rank 0]  Sum (all processes) number synapses created: 462163

======== TIMERS GLOBAL OVER ALL RANKS ========
                                                (    min      |     avg      |     max     ) sec.
TIMERS: main()
  main()                                       : 939.902      | 939.906      | 939.909     
  Initialization                               : 0.576674     | 0.579374     | 0.582721    
  Simulation loop                              : 939.322      | 939.325      | 939.328     
    Update electrical activity                 : 2.5e-08      | 3.45078e-08  | 4.2e-08     
    Update #synaptic elements delta            : 2.5e-08      | 3.38516e-08  | 4.1e-08     
    Connectivity update                        : 939.322      | 939.325      | 939.328     
      Update #synaptic elements + del synapses : 0            | 0            | 0           
      Update local trees                       : 0.000694244  | 0.000713851  | 0.000847228 
      Exchange branch nodes (w/ Allgather)     : 8.6251e-05   | 0.00329317   | 0.0040848   
      Insert branch nodes into global tree     : 2.4683e-05   | 2.68263e-05  | 3.8607e-05  
      Update global tree                       : 1.1131e-05   | 1.22207e-05  | 2.7238e-05  
      Find target neurons (w/ RMA)             : 69.5654      | 390.456      | 939.005     
      Empty remote nodes cache                 : 0.0240383    | 0.0437049    | 0.0690143   
      Create synapses (w/ Alltoall)            : 0.252368     | 548.821      | 869.728     

======== RMA MEMORY ALLOCATOR RANK 0 ========
Min num objects available: 1488518

[INFO:Rank 0]  END: Fri Jul 26 16:38:49 2019

Number ranks: 128
Partitioning based on number neurons would be: Rank 0: my_num_neurons: 5000 [start_id,end_id]: [0,4999]

[INFO:Rank 0]  START: Fri Jul 26 16:38:51 2019

** PARAMETERS **

num_neurons                  : 640000
frac_neurons_exc             : 0.8
simulation_time              : 1
x_0                          : 0.05
tau_x                        : 5
k                            : 0.03
tau_C                        : 5000
beta                         : 0.001
C_target                     : 0.5
refrac_time                  : 4
h                            : 10
eta_A                        : 0
eta_D_ex                     : 0
eta_D_in                     : 0
nu                           : 1e-05
vacant_retract_ratio         : 0
accept_criterion (BH)        : 0.1
sigma (BH)                   : 750
naive_method (BH)            : 0
num_log_files                : 9
log_start_neuron             : 0
mpi_rma_mem_size (Byte)      : 314572800
max_num_pending_vacant_axons : 1000

[INFO:Rank 0]  Simulation box length          : 2262 (height = width = depth)
[INFO:Rank 0]  Subdomain length               : 282.75 (height = width = depth)
[INFO:Rank 0]  Total number subdomains        : 512
[INFO:Rank 0]  Number subdomains per dimension: 8
[INFO:Rank 0]  My number of neurons   : 5000
[INFO:Rank 0]  My number of subdomains: 4
[INFO:Rank 0]  My subdomain ids       : [ 0 , 3 ]
[INFO:Rank 0]  Subdomain: 0
[INFO:Rank 0]      num_neurons: 1250
[INFO:Rank 0]      index_1d   : 0
[INFO:Rank 0]      index_3d   : ( 0 , 0 , 0 )
[INFO:Rank 0]      xyz_min    : ( 0 , 0 , 0 )
[INFO:Rank 0]      xyz_max    : ( 282.75 , 282.75 , 282.75 )

[INFO:Rank 0]  Subdomain: 1
[INFO:Rank 0]      num_neurons: 1250
[INFO:Rank 0]      index_1d   : 1
[INFO:Rank 0]      index_3d   : ( 1 , 0 , 0 )
[INFO:Rank 0]      xyz_min    : ( 282.75 , 0 , 0 )
[INFO:Rank 0]      xyz_max    : ( 565.5 , 282.75 , 282.75 )

[INFO:Rank 0]  Subdomain: 2
[INFO:Rank 0]      num_neurons: 1250
[INFO:Rank 0]      index_1d   : 2
[INFO:Rank 0]      index_3d   : ( 0 , 1 , 0 )
[INFO:Rank 0]      xyz_min    : ( 0 , 282.75 , 0 )
[INFO:Rank 0]      xyz_max    : ( 282.75 , 565.5 , 282.75 )

[INFO:Rank 0]  Subdomain: 3
[INFO:Rank 0]      num_neurons: 1250
[INFO:Rank 0]      index_1d   : 3
[INFO:Rank 0]      index_3d   : ( 1 , 1 , 0 )
[INFO:Rank 0]      xyz_min    : ( 282.75 , 282.75 , 0 )
[INFO:Rank 0]      xyz_max    : ( 565.5 , 565.5 , 282.75 )

[INFO:Rank 0]  init_free_object_list: max_num_objects: 1572352  sizeof(OctreeNode): 200
[INFO:Rank 0]  Neurons created
[INFO:Rank 0]  Neurons inserted into subdomains
[INFO:Rank 0]  Subdomains inserted into global tree
[INFO:Rank 0]  Network graph created
[INFO:Rank 0]  Synaptic elements initialized 

** STATE AFTER: 1 of 1 msec ** [Fri Jul 26 16:38:51 2019]
** UPDATE CONNECTIVITY AFTER: 1 of 1 msec ** [Fri Jul 26 16:38:51 2019]

[INFO:Rank 0]  Sum (all processes) number synapses deleted: 0
[INFO:Rank 0]  Sum (all processes) number synapses created: 462163

======== TIMERS GLOBAL OVER ALL RANKS ========
                                                (    min      |     avg      |     max     ) sec.
TIMERS: main()
  main()                                       : 940.892      | 940.898      | 940.9       
  Initialization                               : 0.568937     | 0.574542     | 0.578961    
  Simulation loop                              : 940.319      | 940.323      | 940.324     
    Update electrical activity                 : 2.8e-08      | 3.53203e-08  | 4.3e-08     
    Update #synaptic elements delta            : 2.7e-08      | 3.41172e-08  | 3.8e-08     
    Connectivity update                        : 940.319      | 940.322      | 940.324     
      Update #synaptic elements + del synapses : 0            | 0            | 0           
      Update local trees                       : 0.00069313   | 0.000713719  | 0.000840412 
      Exchange branch nodes (w/ Allgather)     : 0.000115596  | 0.00353681   | 0.00457541  
      Insert branch nodes into global tree     : 2.4833e-05   | 2.69851e-05  | 4.5135e-05  
      Update global tree                       : 1.1191e-05   | 1.1878e-05   | 1.3228e-05  
      Find target neurons (w/ RMA)             : 69.3631      | 389.855      | 940.011     
      Empty remote nodes cache                 : 0.0223709    | 0.0426195    | 0.0698715   
      Create synapses (w/ Alltoall)            : 0.244005     | 550.42       | 870.927     

======== RMA MEMORY ALLOCATOR RANK 0 ========
Min num objects available: 1488518

[INFO:Rank 0]  END: Fri Jul 26 16:54:32 2019

