Number ranks: 512
Partitioning based on number neurons would be: Rank 0: my_num_neurons: 5000 [start_id,end_id]: [0,4999]

[INFO:Rank 0]  START: Fri Jul 26 20:13:54 2019

** PARAMETERS **

num_neurons                  : 2560000
frac_neurons_exc             : 0.8
simulation_time              : 1
x_0                          : 0.05
tau_x                        : 5
k                            : 0.03
tau_C                        : 5000
beta                         : 0.001
C_target                     : 0.5
refrac_time                  : 4
h                            : 10
eta_A                        : 0
eta_D_ex                     : 0
eta_D_in                     : 0
nu                           : 1e-05
vacant_retract_ratio         : 0
accept_criterion (BH)        : 0.4
sigma (BH)                   : 750
naive_method (BH)            : 0
num_log_files                : 9
log_start_neuron             : 0
mpi_rma_mem_size (Byte)      : 314572800
max_num_pending_vacant_axons : 1000

[INFO:Rank 0]  Simulation box length          : 3562 (height = width = depth)
[INFO:Rank 0]  Subdomain length               : 445.25 (height = width = depth)
[INFO:Rank 0]  Total number subdomains        : 512
[INFO:Rank 0]  Number subdomains per dimension: 8
[INFO:Rank 0]  My number of neurons   : 5000
[INFO:Rank 0]  My number of subdomains: 1
[INFO:Rank 0]  My subdomain ids       : [ 0 , 0 ]
[INFO:Rank 0]  Subdomain: 0
[INFO:Rank 0]      num_neurons: 5000
[INFO:Rank 0]      index_1d   : 0
[INFO:Rank 0]      index_3d   : ( 0 , 0 , 0 )
[INFO:Rank 0]      xyz_min    : ( 0 , 0 , 0 )
[INFO:Rank 0]      xyz_max    : ( 445.25 , 445.25 , 445.25 )

[INFO:Rank 0]  init_free_object_list: max_num_objects: 1572352  sizeof(OctreeNode): 200
[INFO:Rank 0]  Neurons created
[INFO:Rank 0]  Neurons inserted into subdomains
[INFO:Rank 0]  Subdomains inserted into global tree
[INFO:Rank 0]  Network graph created
[INFO:Rank 0]  Synaptic elements initialized 

** STATE AFTER: 1 of 1 msec ** [Fri Jul 26 20:13:56 2019]
** UPDATE CONNECTIVITY AFTER: 1 of 1 msec ** [Fri Jul 26 20:13:56 2019]

[INFO:Rank 0]  Sum (all processes) number synapses deleted: 0
[INFO:Rank 0]  Sum (all processes) number synapses created: 1.84752e+06

======== TIMERS GLOBAL OVER ALL RANKS ========
                                                (    min      |     avg      |     max     ) sec.
TIMERS: main()
  main()                                       : 24.9516      | 24.9537      | 24.9559     
  Initialization                               : 1.69508      | 1.69792      | 1.7069      
  Simulation loop                              : 23.247       | 23.2547      | 23.2563     
    Update electrical activity                 : 2.6e-08      | 3.51113e-08  | 5.3e-08     
    Update #synaptic elements delta            : 2.5e-08      | 3.40234e-08  | 4.1e-08     
    Connectivity update                        : 23.2465      | 23.2545      | 23.2562     
      Update #synaptic elements + del synapses : 0            | 0            | 0           
      Update local trees                       : 0.000694758  | 0.000723277  | 0.000907809 
      Exchange branch nodes (w/ Allgather)     : 0.000122717  | 0.00854835   | 0.00966173  
      Insert branch nodes into global tree     : 2.4545e-05   | 2.8839e-05   | 4.9438e-05  
      Update global tree                       : 1.1179e-05   | 1.27254e-05  | 3.1586e-05  
      Find target neurons (w/ RMA)             : 2.06068      | 11.5648      | 22.6105     
      Empty remote nodes cache                 : 0.0149889    | 0.0230443    | 0.0287656   
      Create synapses (w/ Alltoall)            : 0.606367     | 11.6569      | 21.1676     

======== RMA MEMORY ALLOCATOR RANK 0 ========
Min num objects available: 1519248

[INFO:Rank 0]  END: Fri Jul 26 20:14:19 2019

Number ranks: 512
Partitioning based on number neurons would be: Rank 0: my_num_neurons: 5000 [start_id,end_id]: [0,4999]

[INFO:Rank 0]  START: Fri Jul 26 20:14:21 2019

** PARAMETERS **

num_neurons                  : 2560000
frac_neurons_exc             : 0.8
simulation_time              : 1
x_0                          : 0.05
tau_x                        : 5
k                            : 0.03
tau_C                        : 5000
beta                         : 0.001
C_target                     : 0.5
refrac_time                  : 4
h                            : 10
eta_A                        : 0
eta_D_ex                     : 0
eta_D_in                     : 0
nu                           : 1e-05
vacant_retract_ratio         : 0
accept_criterion (BH)        : 0.4
sigma (BH)                   : 750
naive_method (BH)            : 0
num_log_files                : 9
log_start_neuron             : 0
mpi_rma_mem_size (Byte)      : 314572800
max_num_pending_vacant_axons : 1000

[INFO:Rank 0]  Simulation box length          : 3562 (height = width = depth)
[INFO:Rank 0]  Subdomain length               : 445.25 (height = width = depth)
[INFO:Rank 0]  Total number subdomains        : 512
[INFO:Rank 0]  Number subdomains per dimension: 8
[INFO:Rank 0]  My number of neurons   : 5000
[INFO:Rank 0]  My number of subdomains: 1
[INFO:Rank 0]  My subdomain ids       : [ 0 , 0 ]
[INFO:Rank 0]  Subdomain: 0
[INFO:Rank 0]      num_neurons: 5000
[INFO:Rank 0]      index_1d   : 0
[INFO:Rank 0]      index_3d   : ( 0 , 0 , 0 )
[INFO:Rank 0]      xyz_min    : ( 0 , 0 , 0 )
[INFO:Rank 0]      xyz_max    : ( 445.25 , 445.25 , 445.25 )

[INFO:Rank 0]  init_free_object_list: max_num_objects: 1572352  sizeof(OctreeNode): 200
[INFO:Rank 0]  Neurons created
[INFO:Rank 0]  Neurons inserted into subdomains
[INFO:Rank 0]  Subdomains inserted into global tree
[INFO:Rank 0]  Network graph created
[INFO:Rank 0]  Synaptic elements initialized 

** STATE AFTER: 1 of 1 msec ** [Fri Jul 26 20:14:23 2019]
** UPDATE CONNECTIVITY AFTER: 1 of 1 msec ** [Fri Jul 26 20:14:23 2019]

[INFO:Rank 0]  Sum (all processes) number synapses deleted: 0
[INFO:Rank 0]  Sum (all processes) number synapses created: 1.84752e+06

======== TIMERS GLOBAL OVER ALL RANKS ========
                                                (    min      |     avg      |     max     ) sec.
TIMERS: main()
  main()                                       : 24.9222      | 24.9263      | 24.9291     
  Initialization                               : 1.69619      | 1.70085      | 1.70768     
  Simulation loop                              : 23.2175      | 23.2244      | 23.2259     
    Update electrical activity                 : 2.5e-08      | 3.50684e-08  | 4.9e-08     
    Update #synaptic elements delta            : 2.4e-08      | 3.41621e-08  | 5e-08       
    Connectivity update                        : 23.2175      | 23.2242      | 23.2259     
      Update #synaptic elements + del synapses : 0            | 0            | 0           
      Update local trees                       : 0.000692478  | 0.000726008  | 0.000899257 
      Exchange branch nodes (w/ Allgather)     : 0.000450697  | 0.00756211   | 0.00876549  
      Insert branch nodes into global tree     : 2.4581e-05   | 2.89641e-05  | 4.9684e-05  
      Update global tree                       : 1.1217e-05   | 1.2559e-05   | 2.4674e-05  
      Find target neurons (w/ RMA)             : 2.09688      | 11.5802      | 22.5777     
      Empty remote nodes cache                 : 0.0140982    | 0.0230719    | 0.029023    
      Create synapses (w/ Alltoall)            : 0.609635     | 11.6121      | 21.1009     

======== RMA MEMORY ALLOCATOR RANK 0 ========
Min num objects available: 1519248

[INFO:Rank 0]  END: Fri Jul 26 20:14:46 2019

