Number ranks: 128
Partitioning based on number neurons would be: Rank 0: my_num_neurons: 5000 [start_id,end_id]: [0,4999]

[INFO:Rank 0]  START: Fri Jul 26 16:30:28 2019

** PARAMETERS **

num_neurons                  : 640000
frac_neurons_exc             : 0.8
simulation_time              : 1
x_0                          : 0.05
tau_x                        : 5
k                            : 0.03
tau_C                        : 5000
beta                         : 0.001
C_target                     : 0.5
refrac_time                  : 4
h                            : 10
eta_A                        : 0
eta_D_ex                     : 0
eta_D_in                     : 0
nu                           : 1e-05
vacant_retract_ratio         : 0
accept_criterion (BH)        : 0.2
sigma (BH)                   : 750
naive_method (BH)            : 0
num_log_files                : 9
log_start_neuron             : 0
mpi_rma_mem_size (Byte)      : 314572800
max_num_pending_vacant_axons : 1000

[INFO:Rank 0]  Simulation box length          : 2262 (height = width = depth)
[INFO:Rank 0]  Subdomain length               : 282.75 (height = width = depth)
[INFO:Rank 0]  Total number subdomains        : 512
[INFO:Rank 0]  Number subdomains per dimension: 8
[INFO:Rank 0]  My number of neurons   : 5000
[INFO:Rank 0]  My number of subdomains: 4
[INFO:Rank 0]  My subdomain ids       : [ 0 , 3 ]
[INFO:Rank 0]  Subdomain: 0
[INFO:Rank 0]      num_neurons: 1250
[INFO:Rank 0]      index_1d   : 0
[INFO:Rank 0]      index_3d   : ( 0 , 0 , 0 )
[INFO:Rank 0]      xyz_min    : ( 0 , 0 , 0 )
[INFO:Rank 0]      xyz_max    : ( 282.75 , 282.75 , 282.75 )

[INFO:Rank 0]  Subdomain: 1
[INFO:Rank 0]      num_neurons: 1250
[INFO:Rank 0]      index_1d   : 1
[INFO:Rank 0]      index_3d   : ( 1 , 0 , 0 )
[INFO:Rank 0]      xyz_min    : ( 282.75 , 0 , 0 )
[INFO:Rank 0]      xyz_max    : ( 565.5 , 282.75 , 282.75 )

[INFO:Rank 0]  Subdomain: 2
[INFO:Rank 0]      num_neurons: 1250
[INFO:Rank 0]      index_1d   : 2
[INFO:Rank 0]      index_3d   : ( 0 , 1 , 0 )
[INFO:Rank 0]      xyz_min    : ( 0 , 282.75 , 0 )
[INFO:Rank 0]      xyz_max    : ( 282.75 , 565.5 , 282.75 )

[INFO:Rank 0]  Subdomain: 3
[INFO:Rank 0]      num_neurons: 1250
[INFO:Rank 0]      index_1d   : 3
[INFO:Rank 0]      index_3d   : ( 1 , 1 , 0 )
[INFO:Rank 0]      xyz_min    : ( 282.75 , 282.75 , 0 )
[INFO:Rank 0]      xyz_max    : ( 565.5 , 565.5 , 282.75 )

[INFO:Rank 0]  init_free_object_list: max_num_objects: 1572352  sizeof(OctreeNode): 200
[INFO:Rank 0]  Neurons created
[INFO:Rank 0]  Neurons inserted into subdomains
[INFO:Rank 0]  Subdomains inserted into global tree
[INFO:Rank 0]  Network graph created
[INFO:Rank 0]  Synaptic elements initialized 

** STATE AFTER: 1 of 1 msec ** [Fri Jul 26 16:30:28 2019]
** UPDATE CONNECTIVITY AFTER: 1 of 1 msec ** [Fri Jul 26 16:30:28 2019]

[INFO:Rank 0]  Sum (all processes) number synapses deleted: 0
[INFO:Rank 0]  Sum (all processes) number synapses created: 461775

======== TIMERS GLOBAL OVER ALL RANKS ========
                                                (    min      |     avg      |     max     ) sec.
TIMERS: main()
  main()                                       : 133.761      | 133.763      | 133.765     
  Initialization                               : 0.57341      | 0.575315     | 0.57714     
  Simulation loop                              : 133.186      | 133.187      | 133.189     
    Update electrical activity                 : 2.6e-08      | 3.51172e-08  | 4.2e-08     
    Update #synaptic elements delta            : 2.6e-08      | 3.40391e-08  | 3.8e-08     
    Connectivity update                        : 133.186      | 133.187      | 133.189     
      Update #synaptic elements + del synapses : 0            | 0            | 0           
      Update local trees                       : 0.000692981  | 0.000713314  | 0.00085213  
      Exchange branch nodes (w/ Allgather)     : 0.000103488  | 0.00086557   | 0.00153375  
      Insert branch nodes into global tree     : 2.4427e-05   | 2.64536e-05  | 4.4915e-05  
      Update global tree                       : 1.104e-05    | 1.20764e-05  | 1.8662e-05  
      Find target neurons (w/ RMA)             : 10.2229      | 55.6776      | 132.92      
      Empty remote nodes cache                 : 0.0150049    | 0.0228541    | 0.0358642   
      Create synapses (w/ Alltoall)            : 0.233806     | 77.485       | 122.945     

======== RMA MEMORY ALLOCATOR RANK 0 ========
Min num objects available: 1512918

[INFO:Rank 0]  END: Fri Jul 26 16:32:42 2019

Number ranks: 128
Partitioning based on number neurons would be: Rank 0: my_num_neurons: 5000 [start_id,end_id]: [0,4999]

[INFO:Rank 0]  START: Fri Jul 26 16:32:43 2019

** PARAMETERS **

num_neurons                  : 640000
frac_neurons_exc             : 0.8
simulation_time              : 1
x_0                          : 0.05
tau_x                        : 5
k                            : 0.03
tau_C                        : 5000
beta                         : 0.001
C_target                     : 0.5
refrac_time                  : 4
h                            : 10
eta_A                        : 0
eta_D_ex                     : 0
eta_D_in                     : 0
nu                           : 1e-05
vacant_retract_ratio         : 0
accept_criterion (BH)        : 0.2
sigma (BH)                   : 750
naive_method (BH)            : 0
num_log_files                : 9
log_start_neuron             : 0
mpi_rma_mem_size (Byte)      : 314572800
max_num_pending_vacant_axons : 1000

[INFO:Rank 0]  Simulation box length          : 2262 (height = width = depth)
[INFO:Rank 0]  Subdomain length               : 282.75 (height = width = depth)
[INFO:Rank 0]  Total number subdomains        : 512
[INFO:Rank 0]  Number subdomains per dimension: 8
[INFO:Rank 0]  My number of neurons   : 5000
[INFO:Rank 0]  My number of subdomains: 4
[INFO:Rank 0]  My subdomain ids       : [ 0 , 3 ]
[INFO:Rank 0]  Subdomain: 0
[INFO:Rank 0]      num_neurons: 1250
[INFO:Rank 0]      index_1d   : 0
[INFO:Rank 0]      index_3d   : ( 0 , 0 , 0 )
[INFO:Rank 0]      xyz_min    : ( 0 , 0 , 0 )
[INFO:Rank 0]      xyz_max    : ( 282.75 , 282.75 , 282.75 )

[INFO:Rank 0]  Subdomain: 1
[INFO:Rank 0]      num_neurons: 1250
[INFO:Rank 0]      index_1d   : 1
[INFO:Rank 0]      index_3d   : ( 1 , 0 , 0 )
[INFO:Rank 0]      xyz_min    : ( 282.75 , 0 , 0 )
[INFO:Rank 0]      xyz_max    : ( 565.5 , 282.75 , 282.75 )

[INFO:Rank 0]  Subdomain: 2
[INFO:Rank 0]      num_neurons: 1250
[INFO:Rank 0]      index_1d   : 2
[INFO:Rank 0]      index_3d   : ( 0 , 1 , 0 )
[INFO:Rank 0]      xyz_min    : ( 0 , 282.75 , 0 )
[INFO:Rank 0]      xyz_max    : ( 282.75 , 565.5 , 282.75 )

[INFO:Rank 0]  Subdomain: 3
[INFO:Rank 0]      num_neurons: 1250
[INFO:Rank 0]      index_1d   : 3
[INFO:Rank 0]      index_3d   : ( 1 , 1 , 0 )
[INFO:Rank 0]      xyz_min    : ( 282.75 , 282.75 , 0 )
[INFO:Rank 0]      xyz_max    : ( 565.5 , 565.5 , 282.75 )

[INFO:Rank 0]  init_free_object_list: max_num_objects: 1572352  sizeof(OctreeNode): 200
[INFO:Rank 0]  Neurons created
[INFO:Rank 0]  Neurons inserted into subdomains
[INFO:Rank 0]  Subdomains inserted into global tree
[INFO:Rank 0]  Network graph created
[INFO:Rank 0]  Synaptic elements initialized 

** STATE AFTER: 1 of 1 msec ** [Fri Jul 26 16:32:44 2019]
** UPDATE CONNECTIVITY AFTER: 1 of 1 msec ** [Fri Jul 26 16:32:44 2019]

[INFO:Rank 0]  Sum (all processes) number synapses deleted: 0
[INFO:Rank 0]  Sum (all processes) number synapses created: 461775

======== TIMERS GLOBAL OVER ALL RANKS ========
                                                (    min      |     avg      |     max     ) sec.
TIMERS: main()
  main()                                       : 133.626      | 133.629      | 133.631     
  Initialization                               : 0.575494     | 0.578684     | 0.582075    
  Simulation loop                              : 133.047      | 133.049      | 133.05      
    Update electrical activity                 : 2.6e-08      | 3.51016e-08  | 4.4e-08     
    Update #synaptic elements delta            : 2.5e-08      | 3.39297e-08  | 4.3e-08     
    Connectivity update                        : 133.046      | 133.049      | 133.05      
      Update #synaptic elements + del synapses : 0            | 0            | 0           
      Update local trees                       : 0.000694722  | 0.000714135  | 0.000876949 
      Exchange branch nodes (w/ Allgather)     : 9.7825e-05   | 0.00289175   | 0.00372283  
      Insert branch nodes into global tree     : 2.4856e-05   | 2.65825e-05  | 3.5757e-05  
      Update global tree                       : 1.1191e-05   | 1.21154e-05  | 2.2469e-05  
      Find target neurons (w/ RMA)             : 10.4325      | 55.6745      | 132.779     
      Empty remote nodes cache                 : 0.0142589    | 0.0226777    | 0.0322969   
      Create synapses (w/ Alltoall)            : 0.233667     | 77.3482      | 122.596     

======== RMA MEMORY ALLOCATOR RANK 0 ========
Min num objects available: 1512918

[INFO:Rank 0]  END: Fri Jul 26 16:34:57 2019

