Number ranks: 256
Partitioning based on number neurons would be: Rank 0: my_num_neurons: 7000 [start_id,end_id]: [0,6999]

[INFO:Rank 0]  START: Fri Jul 26 18:03:16 2019

** PARAMETERS **

num_neurons                  : 1792000
frac_neurons_exc             : 0.8
simulation_time              : 1
x_0                          : 0.05
tau_x                        : 5
k                            : 0.03
tau_C                        : 5000
beta                         : 0.001
C_target                     : 0.5
refrac_time                  : 4
h                            : 10
eta_A                        : 0
eta_D_ex                     : 0
eta_D_in                     : 0
nu                           : 1e-05
vacant_retract_ratio         : 0
accept_criterion (BH)        : 0.1
sigma (BH)                   : 750
naive_method (BH)            : 0
num_log_files                : 9
log_start_neuron             : 0
mpi_rma_mem_size (Byte)      : 314572800
max_num_pending_vacant_axons : 1000

[INFO:Rank 0]  Simulation box length          : 3172 (height = width = depth)
[INFO:Rank 0]  Subdomain length               : 396.5 (height = width = depth)
[INFO:Rank 0]  Total number subdomains        : 512
[INFO:Rank 0]  Number subdomains per dimension: 8
[INFO:Rank 0]  My number of neurons   : 7000
[INFO:Rank 0]  My number of subdomains: 2
[INFO:Rank 0]  My subdomain ids       : [ 0 , 1 ]
[INFO:Rank 0]  Subdomain: 0
[INFO:Rank 0]      num_neurons: 3500
[INFO:Rank 0]      index_1d   : 0
[INFO:Rank 0]      index_3d   : ( 0 , 0 , 0 )
[INFO:Rank 0]      xyz_min    : ( 0 , 0 , 0 )
[INFO:Rank 0]      xyz_max    : ( 396.5 , 396.5 , 396.5 )

[INFO:Rank 0]  Subdomain: 1
[INFO:Rank 0]      num_neurons: 3500
[INFO:Rank 0]      index_1d   : 1
[INFO:Rank 0]      index_3d   : ( 1 , 0 , 0 )
[INFO:Rank 0]      xyz_min    : ( 396.5 , 0 , 0 )
[INFO:Rank 0]      xyz_max    : ( 793 , 396.5 , 396.5 )

[INFO:Rank 0]  init_free_object_list: max_num_objects: 1572352  sizeof(OctreeNode): 200
[INFO:Rank 0]  Neurons created
[INFO:Rank 0]  Neurons inserted into subdomains
[INFO:Rank 0]  Subdomains inserted into global tree
[INFO:Rank 0]  Network graph created
[INFO:Rank 0]  Synaptic elements initialized 

** STATE AFTER: 1 of 1 msec ** [Fri Jul 26 18:03:17 2019]
** UPDATE CONNECTIVITY AFTER: 1 of 1 msec ** [Fri Jul 26 18:03:17 2019]

[INFO:Rank 0]  Sum (all processes) number synapses deleted: 0
[INFO:Rank 0]  Sum (all processes) number synapses created: 1.30015e+06

======== TIMERS GLOBAL OVER ALL RANKS ========
                                                (    min      |     avg      |     max     ) sec.
TIMERS: main()
  main()                                       : 1624.72      | 1624.73      | 1624.79     
  Initialization                               : 0.947439     | 0.953118     | 0.960842    
  Simulation loop                              : 1623.76      | 1623.77      | 1623.84     
    Update electrical activity                 : 2.7e-08      | 3.50977e-08  | 6.4e-08     
    Update #synaptic elements delta            : 2.5e-08      | 3.39727e-08  | 4.1e-08     
    Connectivity update                        : 1623.76      | 1623.77      | 1623.84     
      Update #synaptic elements + del synapses : 0            | 0            | 0           
      Update local trees                       : 0.000969366  | 0.00108825   | 0.00221994  
      Exchange branch nodes (w/ Allgather)     : 0.000120169  | 0.00771008   | 0.00954556  
      Insert branch nodes into global tree     : 2.5552e-05   | 3.32896e-05  | 6.8312e-05  
      Update global tree                       : 1.1157e-05   | 1.21405e-05  | 2.6531e-05  
      Find target neurons (w/ RMA)             : 121.325      | 705.887      | 1623.25     
      Empty remote nodes cache                 : 0.0272976    | 0.0647523    | 0.10885     
      Create synapses (w/ Alltoall)            : 0.427692     | 917.811      | 1502.4      

======== RMA MEMORY ALLOCATOR RANK 0 ========
Min num objects available: 1468462

[INFO:Rank 0]  END: Fri Jul 26 18:30:20 2019

Number ranks: 256
Partitioning based on number neurons would be: Rank 0: my_num_neurons: 7000 [start_id,end_id]: [0,6999]

[INFO:Rank 0]  START: Fri Jul 26 18:30:29 2019

** PARAMETERS **

num_neurons                  : 1792000
frac_neurons_exc             : 0.8
simulation_time              : 1
x_0                          : 0.05
tau_x                        : 5
k                            : 0.03
tau_C                        : 5000
beta                         : 0.001
C_target                     : 0.5
refrac_time                  : 4
h                            : 10
eta_A                        : 0
eta_D_ex                     : 0
eta_D_in                     : 0
nu                           : 1e-05
vacant_retract_ratio         : 0
accept_criterion (BH)        : 0.1
sigma (BH)                   : 750
naive_method (BH)            : 0
num_log_files                : 9
log_start_neuron             : 0
mpi_rma_mem_size (Byte)      : 314572800
max_num_pending_vacant_axons : 1000

[INFO:Rank 0]  Simulation box length          : 3172 (height = width = depth)
[INFO:Rank 0]  Subdomain length               : 396.5 (height = width = depth)
[INFO:Rank 0]  Total number subdomains        : 512
[INFO:Rank 0]  Number subdomains per dimension: 8
[INFO:Rank 0]  My number of neurons   : 7000
[INFO:Rank 0]  My number of subdomains: 2
[INFO:Rank 0]  My subdomain ids       : [ 0 , 1 ]
[INFO:Rank 0]  Subdomain: 0
[INFO:Rank 0]      num_neurons: 3500
[INFO:Rank 0]      index_1d   : 0
[INFO:Rank 0]      index_3d   : ( 0 , 0 , 0 )
[INFO:Rank 0]      xyz_min    : ( 0 , 0 , 0 )
[INFO:Rank 0]      xyz_max    : ( 396.5 , 396.5 , 396.5 )

[INFO:Rank 0]  Subdomain: 1
[INFO:Rank 0]      num_neurons: 3500
[INFO:Rank 0]      index_1d   : 1
[INFO:Rank 0]      index_3d   : ( 1 , 0 , 0 )
[INFO:Rank 0]      xyz_min    : ( 396.5 , 0 , 0 )
[INFO:Rank 0]      xyz_max    : ( 793 , 396.5 , 396.5 )

[INFO:Rank 0]  init_free_object_list: max_num_objects: 1572352  sizeof(OctreeNode): 200
[INFO:Rank 0]  Neurons created
[INFO:Rank 0]  Neurons inserted into subdomains
[INFO:Rank 0]  Subdomains inserted into global tree
[INFO:Rank 0]  Network graph created
[INFO:Rank 0]  Synaptic elements initialized 

** STATE AFTER: 1 of 1 msec ** [Fri Jul 26 18:30:30 2019]
** UPDATE CONNECTIVITY AFTER: 1 of 1 msec ** [Fri Jul 26 18:30:30 2019]

[INFO:Rank 0]  Sum (all processes) number synapses deleted: 0
[INFO:Rank 0]  Sum (all processes) number synapses created: 1.30015e+06

======== TIMERS GLOBAL OVER ALL RANKS ========
                                                (    min      |     avg      |     max     ) sec.
TIMERS: main()
  main()                                       : 1633.58      | 1633.59      | 1633.66     
  Initialization                               : 0.951601     | 0.954106     | 0.958396    
  Simulation loop                              : 1632.62      | 1632.63      | 1632.7      
    Update electrical activity                 : 2.5e-08      | 3.52305e-08  | 5.9e-08     
    Update #synaptic elements delta            : 2.3e-08      | 3.40781e-08  | 4.7e-08     
    Connectivity update                        : 1632.62      | 1632.63      | 1632.7      
      Update #synaptic elements + del synapses : 0            | 0            | 0           
      Update local trees                       : 0.00096571   | 0.00112935   | 0.00223276  
      Exchange branch nodes (w/ Allgather)     : 0.000313846  | 0.0036979    | 0.00536897  
      Insert branch nodes into global tree     : 2.4722e-05   | 3.64189e-05  | 0.000625515 
      Update global tree                       : 1.1099e-05   | 1.21002e-05  | 3.4259e-05  
      Find target neurons (w/ RMA)             : 122.691      | 706.987      | 1632.1      
      Empty remote nodes cache                 : 0.0312376    | 0.0658117    | 0.108069    
      Create synapses (w/ Alltoall)            : 0.435391     | 925.574      | 1509.9      

======== RMA MEMORY ALLOCATOR RANK 0 ========
Min num objects available: 1468462

[INFO:Rank 0]  END: Fri Jul 26 18:57:43 2019

