Number ranks: 512
Partitioning based on number neurons would be: Rank 0: my_num_neurons: 6000 [start_id,end_id]: [0,5999]

[INFO:Rank 0]  START: Fri Jul 26 21:21:56 2019

** PARAMETERS **

num_neurons                  : 3072000
frac_neurons_exc             : 0.8
simulation_time              : 1
x_0                          : 0.05
tau_x                        : 5
k                            : 0.03
tau_C                        : 5000
beta                         : 0.001
C_target                     : 0.5
refrac_time                  : 4
h                            : 10
eta_A                        : 0
eta_D_ex                     : 0
eta_D_in                     : 0
nu                           : 1e-05
vacant_retract_ratio         : 0
accept_criterion (BH)        : 0.4
sigma (BH)                   : 750
naive_method (BH)            : 0
num_log_files                : 9
log_start_neuron             : 0
mpi_rma_mem_size (Byte)      : 314572800
max_num_pending_vacant_axons : 1000

[INFO:Rank 0]  Simulation box length          : 3796 (height = width = depth)
[INFO:Rank 0]  Subdomain length               : 474.5 (height = width = depth)
[INFO:Rank 0]  Total number subdomains        : 512
[INFO:Rank 0]  Number subdomains per dimension: 8
[INFO:Rank 0]  My number of neurons   : 6000
[INFO:Rank 0]  My number of subdomains: 1
[INFO:Rank 0]  My subdomain ids       : [ 0 , 0 ]
[INFO:Rank 0]  Subdomain: 0
[INFO:Rank 0]      num_neurons: 6000
[INFO:Rank 0]      index_1d   : 0
[INFO:Rank 0]      index_3d   : ( 0 , 0 , 0 )
[INFO:Rank 0]      xyz_min    : ( 0 , 0 , 0 )
[INFO:Rank 0]      xyz_max    : ( 474.5 , 474.5 , 474.5 )

[INFO:Rank 0]  init_free_object_list: max_num_objects: 1572352  sizeof(OctreeNode): 200
[INFO:Rank 0]  Neurons created
[INFO:Rank 0]  Neurons inserted into subdomains
[INFO:Rank 0]  Subdomains inserted into global tree
[INFO:Rank 0]  Network graph created
[INFO:Rank 0]  Synaptic elements initialized 

** STATE AFTER: 1 of 1 msec ** [Fri Jul 26 21:21:58 2019]
** UPDATE CONNECTIVITY AFTER: 1 of 1 msec ** [Fri Jul 26 21:21:58 2019]

[INFO:Rank 0]  Sum (all processes) number synapses deleted: 0
[INFO:Rank 0]  Sum (all processes) number synapses created: 2.22192e+06

======== TIMERS GLOBAL OVER ALL RANKS ========
                                                (    min      |     avg      |     max     ) sec.
TIMERS: main()
  main()                                       : 28.7227      | 28.7246      | 28.7263     
  Initialization                               : 1.69965      | 1.70171      | 1.7112      
  Simulation loop                              : 27.0128      | 27.022       | 27.0232     
    Update electrical activity                 : 2.5e-08      | 3.53242e-08  | 5.2e-08     
    Update #synaptic elements delta            : 2.5e-08      | 3.40703e-08  | 4.2e-08     
    Connectivity update                        : 27.0128      | 27.0218      | 27.0231     
      Update #synaptic elements + del synapses : 0            | 0            | 0           
      Update local trees                       : 0.000833795  | 0.000868193  | 0.0010884   
      Exchange branch nodes (w/ Allgather)     : 0.000145365  | 0.00954546   | 0.0105231   
      Insert branch nodes into global tree     : 2.4871e-05   | 2.87576e-05  | 5.058e-05   
      Update global tree                       : 1.097e-05    | 1.16799e-05  | 2.4963e-05  
      Find target neurons (w/ RMA)             : 2.54775      | 13.4042      | 26.4134     
      Empty remote nodes cache                 : 0.0171263    | 0.0271862    | 0.0348906   
      Create synapses (w/ Alltoall)            : 0.56606      | 13.5794      | 24.4437     

======== RMA MEMORY ALLOCATOR RANK 0 ========
Min num objects available: 1511512

[INFO:Rank 0]  END: Fri Jul 26 21:22:25 2019

Number ranks: 512
Partitioning based on number neurons would be: Rank 0: my_num_neurons: 6000 [start_id,end_id]: [0,5999]

[INFO:Rank 0]  START: Fri Jul 26 21:22:27 2019

** PARAMETERS **

num_neurons                  : 3072000
frac_neurons_exc             : 0.8
simulation_time              : 1
x_0                          : 0.05
tau_x                        : 5
k                            : 0.03
tau_C                        : 5000
beta                         : 0.001
C_target                     : 0.5
refrac_time                  : 4
h                            : 10
eta_A                        : 0
eta_D_ex                     : 0
eta_D_in                     : 0
nu                           : 1e-05
vacant_retract_ratio         : 0
accept_criterion (BH)        : 0.4
sigma (BH)                   : 750
naive_method (BH)            : 0
num_log_files                : 9
log_start_neuron             : 0
mpi_rma_mem_size (Byte)      : 314572800
max_num_pending_vacant_axons : 1000

[INFO:Rank 0]  Simulation box length          : 3796 (height = width = depth)
[INFO:Rank 0]  Subdomain length               : 474.5 (height = width = depth)
[INFO:Rank 0]  Total number subdomains        : 512
[INFO:Rank 0]  Number subdomains per dimension: 8
[INFO:Rank 0]  My number of neurons   : 6000
[INFO:Rank 0]  My number of subdomains: 1
[INFO:Rank 0]  My subdomain ids       : [ 0 , 0 ]
[INFO:Rank 0]  Subdomain: 0
[INFO:Rank 0]      num_neurons: 6000
[INFO:Rank 0]      index_1d   : 0
[INFO:Rank 0]      index_3d   : ( 0 , 0 , 0 )
[INFO:Rank 0]      xyz_min    : ( 0 , 0 , 0 )
[INFO:Rank 0]      xyz_max    : ( 474.5 , 474.5 , 474.5 )

[INFO:Rank 0]  init_free_object_list: max_num_objects: 1572352  sizeof(OctreeNode): 200
[INFO:Rank 0]  Neurons created
[INFO:Rank 0]  Neurons inserted into subdomains
[INFO:Rank 0]  Subdomains inserted into global tree
[INFO:Rank 0]  Network graph created
[INFO:Rank 0]  Synaptic elements initialized 

** STATE AFTER: 1 of 1 msec ** [Fri Jul 26 21:22:28 2019]
** UPDATE CONNECTIVITY AFTER: 1 of 1 msec ** [Fri Jul 26 21:22:28 2019]

[INFO:Rank 0]  Sum (all processes) number synapses deleted: 0
[INFO:Rank 0]  Sum (all processes) number synapses created: 2.22192e+06

======== TIMERS GLOBAL OVER ALL RANKS ========
                                                (    min      |     avg      |     max     ) sec.
TIMERS: main()
  main()                                       : 28.8331      | 28.8371      | 28.8394     
  Initialization                               : 1.69778      | 1.70194      | 1.71234     
  Simulation loop                              : 27.1257      | 27.1344      | 27.1357     
    Update electrical activity                 : 2.4e-08      | 3.56152e-08  | 2.12e-07    
    Update #synaptic elements delta            : 2.5e-08      | 3.41426e-08  | 4.8e-08     
    Connectivity update                        : 27.1251      | 27.1342      | 27.1357     
      Update #synaptic elements + del synapses : 0            | 0            | 0           
      Update local trees                       : 0.000837624  | 0.000881248  | 0.00110421  
      Exchange branch nodes (w/ Allgather)     : 0.000107233  | 0.00990386   | 0.0113475   
      Insert branch nodes into global tree     : 2.4753e-05   | 2.8807e-05   | 4.3783e-05  
      Update global tree                       : 1.1102e-05   | 1.19073e-05  | 3.1042e-05  
      Find target neurons (w/ RMA)             : 2.62746      | 13.4108      | 26.5314     
      Empty remote nodes cache                 : 0.0170863    | 0.0271796    | 0.036504    
      Create synapses (w/ Alltoall)            : 0.558742     | 13.6849      | 24.4744     

======== RMA MEMORY ALLOCATOR RANK 0 ========
Min num objects available: 1511512

[INFO:Rank 0]  END: Fri Jul 26 21:22:55 2019

