Number ranks: 128
Partitioning based on number neurons would be: Rank 0: my_num_neurons: 7000 [start_id,end_id]: [0,6999]

[INFO:Rank 0]  START: Fri Jul 26 16:57:04 2019

** PARAMETERS **

num_neurons                  : 896000
frac_neurons_exc             : 0.8
simulation_time              : 1
x_0                          : 0.05
tau_x                        : 5
k                            : 0.03
tau_C                        : 5000
beta                         : 0.001
C_target                     : 0.5
refrac_time                  : 4
h                            : 10
eta_A                        : 0
eta_D_ex                     : 0
eta_D_in                     : 0
nu                           : 1e-05
vacant_retract_ratio         : 0
accept_criterion (BH)        : 0.5
sigma (BH)                   : 750
naive_method (BH)            : 0
num_log_files                : 9
log_start_neuron             : 0
mpi_rma_mem_size (Byte)      : 314572800
max_num_pending_vacant_axons : 1000

[INFO:Rank 0]  Simulation box length          : 2522 (height = width = depth)
[INFO:Rank 0]  Subdomain length               : 315.25 (height = width = depth)
[INFO:Rank 0]  Total number subdomains        : 512
[INFO:Rank 0]  Number subdomains per dimension: 8
[INFO:Rank 0]  My number of neurons   : 7000
[INFO:Rank 0]  My number of subdomains: 4
[INFO:Rank 0]  My subdomain ids       : [ 0 , 3 ]
[INFO:Rank 0]  Subdomain: 0
[INFO:Rank 0]      num_neurons: 1750
[INFO:Rank 0]      index_1d   : 0
[INFO:Rank 0]      index_3d   : ( 0 , 0 , 0 )
[INFO:Rank 0]      xyz_min    : ( 0 , 0 , 0 )
[INFO:Rank 0]      xyz_max    : ( 315.25 , 315.25 , 315.25 )

[INFO:Rank 0]  Subdomain: 1
[INFO:Rank 0]      num_neurons: 1750
[INFO:Rank 0]      index_1d   : 1
[INFO:Rank 0]      index_3d   : ( 1 , 0 , 0 )
[INFO:Rank 0]      xyz_min    : ( 315.25 , 0 , 0 )
[INFO:Rank 0]      xyz_max    : ( 630.5 , 315.25 , 315.25 )

[INFO:Rank 0]  Subdomain: 2
[INFO:Rank 0]      num_neurons: 1750
[INFO:Rank 0]      index_1d   : 2
[INFO:Rank 0]      index_3d   : ( 0 , 1 , 0 )
[INFO:Rank 0]      xyz_min    : ( 0 , 315.25 , 0 )
[INFO:Rank 0]      xyz_max    : ( 315.25 , 630.5 , 315.25 )

[INFO:Rank 0]  Subdomain: 3
[INFO:Rank 0]      num_neurons: 1750
[INFO:Rank 0]      index_1d   : 3
[INFO:Rank 0]      index_3d   : ( 1 , 1 , 0 )
[INFO:Rank 0]      xyz_min    : ( 315.25 , 315.25 , 0 )
[INFO:Rank 0]      xyz_max    : ( 630.5 , 630.5 , 315.25 )

[INFO:Rank 0]  init_free_object_list: max_num_objects: 1572352  sizeof(OctreeNode): 200
[INFO:Rank 0]  Neurons created
[INFO:Rank 0]  Neurons inserted into subdomains
[INFO:Rank 0]  Subdomains inserted into global tree
[INFO:Rank 0]  Network graph created
[INFO:Rank 0]  Synaptic elements initialized 

** STATE AFTER: 1 of 1 msec ** [Fri Jul 26 16:57:05 2019]
** UPDATE CONNECTIVITY AFTER: 1 of 1 msec ** [Fri Jul 26 16:57:05 2019]

[INFO:Rank 0]  Sum (all processes) number synapses deleted: 0
[INFO:Rank 0]  Sum (all processes) number synapses created: 644734

======== TIMERS GLOBAL OVER ALL RANKS ========
                                                (    min      |     avg      |     max     ) sec.
TIMERS: main()
  main()                                       : 12.3712      | 12.375       | 12.3766     
  Initialization                               : 0.585229     | 0.589093     | 0.591294    
  Simulation loop                              : 11.7839      | 11.7854      | 11.7859     
    Update electrical activity                 : 2.6e-08      | 3.47031e-08  | 4.1e-08     
    Update #synaptic elements delta            : 2.5e-08      | 3.37109e-08  | 3.8e-08     
    Connectivity update                        : 11.7839      | 11.7853      | 11.7859     
      Update #synaptic elements + del synapses : 0            | 0            | 0           
      Update local trees                       : 0.000975248  | 0.00100246   | 0.00122491  
      Exchange branch nodes (w/ Allgather)     : 0.000130448  | 0.00169973   | 0.00236947  
      Insert branch nodes into global tree     : 2.4703e-05   | 2.70498e-05  | 4.1066e-05  
      Update global tree                       : 1.1168e-05   | 1.19581e-05  | 2.622e-05   
      Find target neurons (w/ RMA)             : 1.54511      | 6.22158      | 11.5249     
      Empty remote nodes cache                 : 0.0177354    | 0.0246954    | 0.0321188   
      Create synapses (w/ Alltoall)            : 0.227084     | 5.53606      | 10.2185     

======== RMA MEMORY ALLOCATOR RANK 0 ========
Min num objects available: 1505409

[INFO:Rank 0]  END: Fri Jul 26 16:57:16 2019

Number ranks: 128
Partitioning based on number neurons would be: Rank 0: my_num_neurons: 7000 [start_id,end_id]: [0,6999]

[INFO:Rank 0]  START: Fri Jul 26 16:57:17 2019

** PARAMETERS **

num_neurons                  : 896000
frac_neurons_exc             : 0.8
simulation_time              : 1
x_0                          : 0.05
tau_x                        : 5
k                            : 0.03
tau_C                        : 5000
beta                         : 0.001
C_target                     : 0.5
refrac_time                  : 4
h                            : 10
eta_A                        : 0
eta_D_ex                     : 0
eta_D_in                     : 0
nu                           : 1e-05
vacant_retract_ratio         : 0
accept_criterion (BH)        : 0.5
sigma (BH)                   : 750
naive_method (BH)            : 0
num_log_files                : 9
log_start_neuron             : 0
mpi_rma_mem_size (Byte)      : 314572800
max_num_pending_vacant_axons : 1000

[INFO:Rank 0]  Simulation box length          : 2522 (height = width = depth)
[INFO:Rank 0]  Subdomain length               : 315.25 (height = width = depth)
[INFO:Rank 0]  Total number subdomains        : 512
[INFO:Rank 0]  Number subdomains per dimension: 8
[INFO:Rank 0]  My number of neurons   : 7000
[INFO:Rank 0]  My number of subdomains: 4
[INFO:Rank 0]  My subdomain ids       : [ 0 , 3 ]
[INFO:Rank 0]  Subdomain: 0
[INFO:Rank 0]      num_neurons: 1750
[INFO:Rank 0]      index_1d   : 0
[INFO:Rank 0]      index_3d   : ( 0 , 0 , 0 )
[INFO:Rank 0]      xyz_min    : ( 0 , 0 , 0 )
[INFO:Rank 0]      xyz_max    : ( 315.25 , 315.25 , 315.25 )

[INFO:Rank 0]  Subdomain: 1
[INFO:Rank 0]      num_neurons: 1750
[INFO:Rank 0]      index_1d   : 1
[INFO:Rank 0]      index_3d   : ( 1 , 0 , 0 )
[INFO:Rank 0]      xyz_min    : ( 315.25 , 0 , 0 )
[INFO:Rank 0]      xyz_max    : ( 630.5 , 315.25 , 315.25 )

[INFO:Rank 0]  Subdomain: 2
[INFO:Rank 0]      num_neurons: 1750
[INFO:Rank 0]      index_1d   : 2
[INFO:Rank 0]      index_3d   : ( 0 , 1 , 0 )
[INFO:Rank 0]      xyz_min    : ( 0 , 315.25 , 0 )
[INFO:Rank 0]      xyz_max    : ( 315.25 , 630.5 , 315.25 )

[INFO:Rank 0]  Subdomain: 3
[INFO:Rank 0]      num_neurons: 1750
[INFO:Rank 0]      index_1d   : 3
[INFO:Rank 0]      index_3d   : ( 1 , 1 , 0 )
[INFO:Rank 0]      xyz_min    : ( 315.25 , 315.25 , 0 )
[INFO:Rank 0]      xyz_max    : ( 630.5 , 630.5 , 315.25 )

[INFO:Rank 0]  init_free_object_list: max_num_objects: 1572352  sizeof(OctreeNode): 200
[INFO:Rank 0]  Neurons created
[INFO:Rank 0]  Neurons inserted into subdomains
[INFO:Rank 0]  Subdomains inserted into global tree
[INFO:Rank 0]  Network graph created
[INFO:Rank 0]  Synaptic elements initialized 

** STATE AFTER: 1 of 1 msec ** [Fri Jul 26 16:57:18 2019]
** UPDATE CONNECTIVITY AFTER: 1 of 1 msec ** [Fri Jul 26 16:57:18 2019]

[INFO:Rank 0]  Sum (all processes) number synapses deleted: 0
[INFO:Rank 0]  Sum (all processes) number synapses created: 644734

======== TIMERS GLOBAL OVER ALL RANKS ========
                                                (    min      |     avg      |     max     ) sec.
TIMERS: main()
  main()                                       : 12.3857      | 12.3883      | 12.3912     
  Initialization                               : 0.582546     | 0.585506     | 0.589075    
  Simulation loop                              : 11.7992      | 11.8023      | 11.8032     
    Update electrical activity                 : 2.6e-08      | 3.49219e-08  | 4.8e-08     
    Update #synaptic elements delta            : 2.5e-08      | 3.39453e-08  | 3.7e-08     
    Connectivity update                        : 11.7991      | 11.8022      | 11.8031     
      Update #synaptic elements + del synapses : 0            | 0            | 0           
      Update local trees                       : 0.000972267  | 0.000998996  | 0.00114953  
      Exchange branch nodes (w/ Allgather)     : 0.000172617  | 0.00295889   | 0.00373908  
      Insert branch nodes into global tree     : 2.4768e-05   | 2.69476e-05  | 3.8553e-05  
      Update global tree                       : 1.1217e-05   | 1.2176e-05   | 2.4319e-05  
      Find target neurons (w/ RMA)             : 1.56081      | 6.24576      | 11.5408     
      Empty remote nodes cache                 : 0.0178758    | 0.0247591    | 0.0311231   
      Create synapses (w/ Alltoall)            : 0.227141     | 5.5274       | 10.2183     

======== RMA MEMORY ALLOCATOR RANK 0 ========
Min num objects available: 1505409

[INFO:Rank 0]  END: Fri Jul 26 16:57:30 2019

