Number ranks: 128
Partitioning based on number neurons would be: Rank 0: my_num_neurons: 6000 [start_id,end_id]: [0,5999]

[INFO:Rank 0]  START: Fri Jul 26 16:39:44 2019

** PARAMETERS **

num_neurons                  : 768000
frac_neurons_exc             : 0.8
simulation_time              : 1
x_0                          : 0.05
tau_x                        : 5
k                            : 0.03
tau_C                        : 5000
beta                         : 0.001
C_target                     : 0.5
refrac_time                  : 4
h                            : 10
eta_A                        : 0
eta_D_ex                     : 0
eta_D_in                     : 0
nu                           : 1e-05
vacant_retract_ratio         : 0
accept_criterion (BH)        : 0.1
sigma (BH)                   : 750
naive_method (BH)            : 0
num_log_files                : 9
log_start_neuron             : 0
mpi_rma_mem_size (Byte)      : 314572800
max_num_pending_vacant_axons : 1000

[INFO:Rank 0]  Simulation box length          : 2392 (height = width = depth)
[INFO:Rank 0]  Subdomain length               : 299 (height = width = depth)
[INFO:Rank 0]  Total number subdomains        : 512
[INFO:Rank 0]  Number subdomains per dimension: 8
[INFO:Rank 0]  My number of neurons   : 6000
[INFO:Rank 0]  My number of subdomains: 4
[INFO:Rank 0]  My subdomain ids       : [ 0 , 3 ]
[INFO:Rank 0]  Subdomain: 0
[INFO:Rank 0]      num_neurons: 1500
[INFO:Rank 0]      index_1d   : 0
[INFO:Rank 0]      index_3d   : ( 0 , 0 , 0 )
[INFO:Rank 0]      xyz_min    : ( 0 , 0 , 0 )
[INFO:Rank 0]      xyz_max    : ( 299 , 299 , 299 )

[INFO:Rank 0]  Subdomain: 1
[INFO:Rank 0]      num_neurons: 1500
[INFO:Rank 0]      index_1d   : 1
[INFO:Rank 0]      index_3d   : ( 1 , 0 , 0 )
[INFO:Rank 0]      xyz_min    : ( 299 , 0 , 0 )
[INFO:Rank 0]      xyz_max    : ( 598 , 299 , 299 )

[INFO:Rank 0]  Subdomain: 2
[INFO:Rank 0]      num_neurons: 1500
[INFO:Rank 0]      index_1d   : 2
[INFO:Rank 0]      index_3d   : ( 0 , 1 , 0 )
[INFO:Rank 0]      xyz_min    : ( 0 , 299 , 0 )
[INFO:Rank 0]      xyz_max    : ( 299 , 598 , 299 )

[INFO:Rank 0]  Subdomain: 3
[INFO:Rank 0]      num_neurons: 1500
[INFO:Rank 0]      index_1d   : 3
[INFO:Rank 0]      index_3d   : ( 1 , 1 , 0 )
[INFO:Rank 0]      xyz_min    : ( 299 , 299 , 0 )
[INFO:Rank 0]      xyz_max    : ( 598 , 598 , 299 )

[INFO:Rank 0]  init_free_object_list: max_num_objects: 1572352  sizeof(OctreeNode): 200
[INFO:Rank 0]  Neurons created
[INFO:Rank 0]  Neurons inserted into subdomains
[INFO:Rank 0]  Subdomains inserted into global tree
[INFO:Rank 0]  Network graph created
[INFO:Rank 0]  Synaptic elements initialized 

** STATE AFTER: 1 of 1 msec ** [Fri Jul 26 16:39:45 2019]
** UPDATE CONNECTIVITY AFTER: 1 of 1 msec ** [Fri Jul 26 16:39:45 2019]

[INFO:Rank 0]  Sum (all processes) number synapses deleted: 0
[INFO:Rank 0]  Sum (all processes) number synapses created: 555440

======== TIMERS GLOBAL OVER ALL RANKS ========
                                                (    min      |     avg      |     max     ) sec.
TIMERS: main()
  main()                                       : 1169.71      | 1169.72      | 1169.72     
  Initialization                               : 0.56968      | 0.571872     | 0.575156    
  Simulation loop                              : 1169.13      | 1169.14      | 1169.15     
    Update electrical activity                 : 2.5e-08      | 3.54062e-08  | 5.5e-08     
    Update #synaptic elements delta            : 2.6e-08      | 3.42031e-08  | 4.4e-08     
    Connectivity update                        : 1169.13      | 1169.14      | 1169.15     
      Update #synaptic elements + del synapses : 0            | 0            | 0           
      Update local trees                       : 0.000836377  | 0.000860407  | 0.00103436  
      Exchange branch nodes (w/ Allgather)     : 0.000161331  | 0.00222063   | 0.00301762  
      Insert branch nodes into global tree     : 2.4688e-05   | 2.66352e-05  | 4.052e-05   
      Update global tree                       : 1.1136e-05   | 1.15782e-05  | 2.0617e-05  
      Find target neurons (w/ RMA)             : 89.4447      | 489.003      | 1168.81     
      Empty remote nodes cache                 : 0.0261163    | 0.049124     | 0.0759345   
      Create synapses (w/ Alltoall)            : 0.247153     | 680.087      | 1079.66     

======== RMA MEMORY ALLOCATOR RANK 0 ========
Min num objects available: 1479156

[INFO:Rank 0]  END: Fri Jul 26 16:59:14 2019

Number ranks: 128
Partitioning based on number neurons would be: Rank 0: my_num_neurons: 6000 [start_id,end_id]: [0,5999]

[INFO:Rank 0]  START: Fri Jul 26 16:59:15 2019

** PARAMETERS **

num_neurons                  : 768000
frac_neurons_exc             : 0.8
simulation_time              : 1
x_0                          : 0.05
tau_x                        : 5
k                            : 0.03
tau_C                        : 5000
beta                         : 0.001
C_target                     : 0.5
refrac_time                  : 4
h                            : 10
eta_A                        : 0
eta_D_ex                     : 0
eta_D_in                     : 0
nu                           : 1e-05
vacant_retract_ratio         : 0
accept_criterion (BH)        : 0.1
sigma (BH)                   : 750
naive_method (BH)            : 0
num_log_files                : 9
log_start_neuron             : 0
mpi_rma_mem_size (Byte)      : 314572800
max_num_pending_vacant_axons : 1000

[INFO:Rank 0]  Simulation box length          : 2392 (height = width = depth)
[INFO:Rank 0]  Subdomain length               : 299 (height = width = depth)
[INFO:Rank 0]  Total number subdomains        : 512
[INFO:Rank 0]  Number subdomains per dimension: 8
[INFO:Rank 0]  My number of neurons   : 6000
[INFO:Rank 0]  My number of subdomains: 4
[INFO:Rank 0]  My subdomain ids       : [ 0 , 3 ]
[INFO:Rank 0]  Subdomain: 0
[INFO:Rank 0]      num_neurons: 1500
[INFO:Rank 0]      index_1d   : 0
[INFO:Rank 0]      index_3d   : ( 0 , 0 , 0 )
[INFO:Rank 0]      xyz_min    : ( 0 , 0 , 0 )
[INFO:Rank 0]      xyz_max    : ( 299 , 299 , 299 )

[INFO:Rank 0]  Subdomain: 1
[INFO:Rank 0]      num_neurons: 1500
[INFO:Rank 0]      index_1d   : 1
[INFO:Rank 0]      index_3d   : ( 1 , 0 , 0 )
[INFO:Rank 0]      xyz_min    : ( 299 , 0 , 0 )
[INFO:Rank 0]      xyz_max    : ( 598 , 299 , 299 )

[INFO:Rank 0]  Subdomain: 2
[INFO:Rank 0]      num_neurons: 1500
[INFO:Rank 0]      index_1d   : 2
[INFO:Rank 0]      index_3d   : ( 0 , 1 , 0 )
[INFO:Rank 0]      xyz_min    : ( 0 , 299 , 0 )
[INFO:Rank 0]      xyz_max    : ( 299 , 598 , 299 )

[INFO:Rank 0]  Subdomain: 3
[INFO:Rank 0]      num_neurons: 1500
[INFO:Rank 0]      index_1d   : 3
[INFO:Rank 0]      index_3d   : ( 1 , 1 , 0 )
[INFO:Rank 0]      xyz_min    : ( 299 , 299 , 0 )
[INFO:Rank 0]      xyz_max    : ( 598 , 598 , 299 )

[INFO:Rank 0]  init_free_object_list: max_num_objects: 1572352  sizeof(OctreeNode): 200
[INFO:Rank 0]  Neurons created
[INFO:Rank 0]  Neurons inserted into subdomains
[INFO:Rank 0]  Subdomains inserted into global tree
[INFO:Rank 0]  Network graph created
[INFO:Rank 0]  Synaptic elements initialized 

** STATE AFTER: 1 of 1 msec ** [Fri Jul 26 16:59:15 2019]
** UPDATE CONNECTIVITY AFTER: 1 of 1 msec ** [Fri Jul 26 16:59:15 2019]

[INFO:Rank 0]  Sum (all processes) number synapses deleted: 0
[INFO:Rank 0]  Sum (all processes) number synapses created: 555440

======== TIMERS GLOBAL OVER ALL RANKS ========
                                                (    min      |     avg      |     max     ) sec.
TIMERS: main()
  main()                                       : 1168.35      | 1168.35      | 1168.36     
  Initialization                               : 0.578022     | 0.580644     | 0.584032    
  Simulation loop                              : 1167.77      | 1167.77      | 1167.78     
    Update electrical activity                 : 2.8e-08      | 3.53906e-08  | 4.8e-08     
    Update #synaptic elements delta            : 2.8e-08      | 3.43437e-08  | 4.8e-08     
    Connectivity update                        : 1167.77      | 1167.77      | 1167.78     
      Update #synaptic elements + del synapses : 0            | 0            | 0           
      Update local trees                       : 0.000830563  | 0.000855786  | 0.000894916 
      Exchange branch nodes (w/ Allgather)     : 8.6819e-05   | 0.00450091   | 0.00636378  
      Insert branch nodes into global tree     : 2.4821e-05   | 2.68784e-05  | 3.7826e-05  
      Update global tree                       : 1.1182e-05   | 1.18755e-05  | 3.3967e-05  
      Find target neurons (w/ RMA)             : 86.5076      | 486.478      | 1167.45     
      Empty remote nodes cache                 : 0.0249187    | 0.0466664    | 0.0754368   
      Create synapses (w/ Alltoall)            : 0.246149     | 681.242      | 1081.24     

======== RMA MEMORY ALLOCATOR RANK 0 ========
Min num objects available: 1479156

[INFO:Rank 0]  END: Fri Jul 26 17:18:43 2019

