Number ranks: 256
Partitioning based on number neurons would be: Rank 0: my_num_neurons: 6000 [start_id,end_id]: [0,5999]

[INFO:Rank 0]  START: Fri Jul 26 18:00:37 2019

** PARAMETERS **

num_neurons                  : 1536000
frac_neurons_exc             : 0.8
simulation_time              : 1
x_0                          : 0.05
tau_x                        : 5
k                            : 0.03
tau_C                        : 5000
beta                         : 0.001
C_target                     : 0.5
refrac_time                  : 4
h                            : 10
eta_A                        : 0
eta_D_ex                     : 0
eta_D_in                     : 0
nu                           : 1e-05
vacant_retract_ratio         : 0
accept_criterion (BH)        : 0.4
sigma (BH)                   : 750
naive_method (BH)            : 0
num_log_files                : 9
log_start_neuron             : 0
mpi_rma_mem_size (Byte)      : 314572800
max_num_pending_vacant_axons : 1000

[INFO:Rank 0]  Simulation box length          : 3016 (height = width = depth)
[INFO:Rank 0]  Subdomain length               : 377 (height = width = depth)
[INFO:Rank 0]  Total number subdomains        : 512
[INFO:Rank 0]  Number subdomains per dimension: 8
[INFO:Rank 0]  My number of neurons   : 6000
[INFO:Rank 0]  My number of subdomains: 2
[INFO:Rank 0]  My subdomain ids       : [ 0 , 1 ]
[INFO:Rank 0]  Subdomain: 0
[INFO:Rank 0]      num_neurons: 3000
[INFO:Rank 0]      index_1d   : 0
[INFO:Rank 0]      index_3d   : ( 0 , 0 , 0 )
[INFO:Rank 0]      xyz_min    : ( 0 , 0 , 0 )
[INFO:Rank 0]      xyz_max    : ( 377 , 377 , 377 )

[INFO:Rank 0]  Subdomain: 1
[INFO:Rank 0]      num_neurons: 3000
[INFO:Rank 0]      index_1d   : 1
[INFO:Rank 0]      index_3d   : ( 1 , 0 , 0 )
[INFO:Rank 0]      xyz_min    : ( 377 , 0 , 0 )
[INFO:Rank 0]      xyz_max    : ( 754 , 377 , 377 )

[INFO:Rank 0]  init_free_object_list: max_num_objects: 1572352  sizeof(OctreeNode): 200
[INFO:Rank 0]  Neurons created
[INFO:Rank 0]  Neurons inserted into subdomains
[INFO:Rank 0]  Subdomains inserted into global tree
[INFO:Rank 0]  Network graph created
[INFO:Rank 0]  Synaptic elements initialized 

** STATE AFTER: 1 of 1 msec ** [Fri Jul 26 18:00:38 2019]
** UPDATE CONNECTIVITY AFTER: 1 of 1 msec ** [Fri Jul 26 18:00:38 2019]

[INFO:Rank 0]  Sum (all processes) number synapses deleted: 0
[INFO:Rank 0]  Sum (all processes) number synapses created: 1.10891e+06

======== TIMERS GLOBAL OVER ALL RANKS ========
                                                (    min      |     avg      |     max     ) sec.
TIMERS: main()
  main()                                       : 24.5552      | 24.5583      | 24.5609     
  Initialization                               : 0.949018     | 0.953052     | 0.961234    
  Simulation loop                              : 23.5974      | 23.6048      | 23.6065     
    Update electrical activity                 : 2.4e-08      | 3.48867e-08  | 4.5e-08     
    Update #synaptic elements delta            : 2.6e-08      | 3.41172e-08  | 4.1e-08     
    Connectivity update                        : 23.5974      | 23.6046      | 23.6064     
      Update #synaptic elements + del synapses : 0            | 0            | 0           
      Update local trees                       : 0.000834112  | 0.000927987  | 0.0018559   
      Exchange branch nodes (w/ Allgather)     : 0.000199523  | 0.00753195   | 0.00933113  
      Insert branch nodes into global tree     : 2.6478e-05   | 3.45143e-05  | 6.2308e-05  
      Update global tree                       : 1.1242e-05   | 1.19587e-05  | 2.6663e-05  
      Find target neurons (w/ RMA)             : 2.38995      | 11.6144      | 23.1463     
      Empty remote nodes cache                 : 0.0168786    | 0.0247642    | 0.0319993   
      Create synapses (w/ Alltoall)            : 0.41961      | 11.9566      | 21.1872     

======== RMA MEMORY ALLOCATOR RANK 0 ========
Min num objects available: 1511394

[INFO:Rank 0]  END: Fri Jul 26 18:01:02 2019

Number ranks: 256
Partitioning based on number neurons would be: Rank 0: my_num_neurons: 6000 [start_id,end_id]: [0,5999]

[INFO:Rank 0]  START: Fri Jul 26 18:01:07 2019

** PARAMETERS **

num_neurons                  : 1536000
frac_neurons_exc             : 0.8
simulation_time              : 1
x_0                          : 0.05
tau_x                        : 5
k                            : 0.03
tau_C                        : 5000
beta                         : 0.001
C_target                     : 0.5
refrac_time                  : 4
h                            : 10
eta_A                        : 0
eta_D_ex                     : 0
eta_D_in                     : 0
nu                           : 1e-05
vacant_retract_ratio         : 0
accept_criterion (BH)        : 0.4
sigma (BH)                   : 750
naive_method (BH)            : 0
num_log_files                : 9
log_start_neuron             : 0
mpi_rma_mem_size (Byte)      : 314572800
max_num_pending_vacant_axons : 1000

[INFO:Rank 0]  Simulation box length          : 3016 (height = width = depth)
[INFO:Rank 0]  Subdomain length               : 377 (height = width = depth)
[INFO:Rank 0]  Total number subdomains        : 512
[INFO:Rank 0]  Number subdomains per dimension: 8
[INFO:Rank 0]  My number of neurons   : 6000
[INFO:Rank 0]  My number of subdomains: 2
[INFO:Rank 0]  My subdomain ids       : [ 0 , 1 ]
[INFO:Rank 0]  Subdomain: 0
[INFO:Rank 0]      num_neurons: 3000
[INFO:Rank 0]      index_1d   : 0
[INFO:Rank 0]      index_3d   : ( 0 , 0 , 0 )
[INFO:Rank 0]      xyz_min    : ( 0 , 0 , 0 )
[INFO:Rank 0]      xyz_max    : ( 377 , 377 , 377 )

[INFO:Rank 0]  Subdomain: 1
[INFO:Rank 0]      num_neurons: 3000
[INFO:Rank 0]      index_1d   : 1
[INFO:Rank 0]      index_3d   : ( 1 , 0 , 0 )
[INFO:Rank 0]      xyz_min    : ( 377 , 0 , 0 )
[INFO:Rank 0]      xyz_max    : ( 754 , 377 , 377 )

[INFO:Rank 0]  init_free_object_list: max_num_objects: 1572352  sizeof(OctreeNode): 200
[INFO:Rank 0]  Neurons created
[INFO:Rank 0]  Neurons inserted into subdomains
[INFO:Rank 0]  Subdomains inserted into global tree
[INFO:Rank 0]  Network graph created
[INFO:Rank 0]  Synaptic elements initialized 

** STATE AFTER: 1 of 1 msec ** [Fri Jul 26 18:01:08 2019]
** UPDATE CONNECTIVITY AFTER: 1 of 1 msec ** [Fri Jul 26 18:01:08 2019]

[INFO:Rank 0]  Sum (all processes) number synapses deleted: 0
[INFO:Rank 0]  Sum (all processes) number synapses created: 1.10891e+06

======== TIMERS GLOBAL OVER ALL RANKS ========
                                                (    min      |     avg      |     max     ) sec.
TIMERS: main()
  main()                                       : 24.6103      | 24.6156      | 24.6174     
  Initialization                               : 0.949822     | 0.955799     | 0.962335    
  Simulation loop                              : 23.6538      | 23.6584      | 23.6601     
    Update electrical activity                 : 2.5e-08      | 3.53594e-08  | 4.9e-08     
    Update #synaptic elements delta            : 2.5e-08      | 3.41953e-08  | 4.4e-08     
    Connectivity update                        : 23.6537      | 23.6583      | 23.6601     
      Update #synaptic elements + del synapses : 0            | 0            | 0           
      Update local trees                       : 0.000833142  | 0.00096422   | 0.00269281  
      Exchange branch nodes (w/ Allgather)     : 0.000126281  | 0.00538319   | 0.00716664  
      Insert branch nodes into global tree     : 2.5179e-05   | 4.00594e-05  | 6.8919e-05  
      Update global tree                       : 1.1153e-05   | 1.22268e-05  | 2.3724e-05  
      Find target neurons (w/ RMA)             : 2.39719      | 11.6291      | 23.1952     
      Empty remote nodes cache                 : 0.0168243    | 0.0247944    | 0.0313381   
      Create synapses (w/ Alltoall)            : 0.424875     | 11.9968      | 21.2363     

======== RMA MEMORY ALLOCATOR RANK 0 ========
Min num objects available: 1511394

[INFO:Rank 0]  END: Fri Jul 26 18:01:32 2019

