Number ranks: 512
Partitioning based on number neurons would be: Rank 0: my_num_neurons: 7000 [start_id,end_id]: [0,6999]

[INFO:Rank 0]  START: Fri Jul 26 22:36:13 2019

** PARAMETERS **

num_neurons                  : 3584000
frac_neurons_exc             : 0.8
simulation_time              : 1
x_0                          : 0.05
tau_x                        : 5
k                            : 0.03
tau_C                        : 5000
beta                         : 0.001
C_target                     : 0.5
refrac_time                  : 4
h                            : 10
eta_A                        : 0
eta_D_ex                     : 0
eta_D_in                     : 0
nu                           : 1e-05
vacant_retract_ratio         : 0
accept_criterion (BH)        : 0.3
sigma (BH)                   : 750
naive_method (BH)            : 0
num_log_files                : 9
log_start_neuron             : 0
mpi_rma_mem_size (Byte)      : 314572800
max_num_pending_vacant_axons : 1000

[INFO:Rank 0]  Simulation box length          : 4004 (height = width = depth)
[INFO:Rank 0]  Subdomain length               : 500.5 (height = width = depth)
[INFO:Rank 0]  Total number subdomains        : 512
[INFO:Rank 0]  Number subdomains per dimension: 8
[INFO:Rank 0]  My number of neurons   : 7000
[INFO:Rank 0]  My number of subdomains: 1
[INFO:Rank 0]  My subdomain ids       : [ 0 , 0 ]
[INFO:Rank 0]  Subdomain: 0
[INFO:Rank 0]      num_neurons: 7000
[INFO:Rank 0]      index_1d   : 0
[INFO:Rank 0]      index_3d   : ( 0 , 0 , 0 )
[INFO:Rank 0]      xyz_min    : ( 0 , 0 , 0 )
[INFO:Rank 0]      xyz_max    : ( 500.5 , 500.5 , 500.5 )

[INFO:Rank 0]  init_free_object_list: max_num_objects: 1572352  sizeof(OctreeNode): 200
[INFO:Rank 0]  Neurons created
[INFO:Rank 0]  Neurons inserted into subdomains
[INFO:Rank 0]  Subdomains inserted into global tree
[INFO:Rank 0]  Network graph created
[INFO:Rank 0]  Synaptic elements initialized 

** STATE AFTER: 1 of 1 msec ** [Fri Jul 26 22:36:15 2019]
** UPDATE CONNECTIVITY AFTER: 1 of 1 msec ** [Fri Jul 26 22:36:15 2019]

[INFO:Rank 0]  Sum (all processes) number synapses deleted: 0
[INFO:Rank 0]  Sum (all processes) number synapses created: 2.60074e+06

======== TIMERS GLOBAL OVER ALL RANKS ========
                                                (    min      |     avg      |     max     ) sec.
TIMERS: main()
  main()                                       : 73.9872      | 73.9922      | 73.9951     
  Initialization                               : 1.70096      | 1.70588      | 1.71445     
  Simulation loop                              : 72.2771      | 72.2848      | 72.2868     
    Update electrical activity                 : 2.5e-08      | 3.51074e-08  | 5.9e-08     
    Update #synaptic elements delta            : 2.4e-08      | 3.41699e-08  | 4.8e-08     
    Connectivity update                        : 72.2757      | 72.2846      | 72.2867     
      Update #synaptic elements + del synapses : 0            | 0            | 0           
      Update local trees                       : 0.00098249   | 0.00102393   | 0.00124601  
      Exchange branch nodes (w/ Allgather)     : 0.000102315  | 0.00832034   | 0.00955444  
      Insert branch nodes into global tree     : 2.4808e-05   | 2.65993e-05  | 4.0724e-05  
      Update global tree                       : 1.1048e-05   | 1.18997e-05  | 2.3239e-05  
      Find target neurons (w/ RMA)             : 6.31474      | 33.7514      | 71.7004     
      Empty remote nodes cache                 : 0.0191817    | 0.0335255    | 0.0441392   
      Create synapses (w/ Alltoall)            : 0.534257     | 38.4899      | 65.9371     

======== RMA MEMORY ALLOCATOR RANK 0 ========
Min num objects available: 1502820

[INFO:Rank 0]  END: Fri Jul 26 22:37:27 2019

Number ranks: 512
Partitioning based on number neurons would be: Rank 0: my_num_neurons: 7000 [start_id,end_id]: [0,6999]

[INFO:Rank 0]  START: Fri Jul 26 22:37:29 2019

** PARAMETERS **

num_neurons                  : 3584000
frac_neurons_exc             : 0.8
simulation_time              : 1
x_0                          : 0.05
tau_x                        : 5
k                            : 0.03
tau_C                        : 5000
beta                         : 0.001
C_target                     : 0.5
refrac_time                  : 4
h                            : 10
eta_A                        : 0
eta_D_ex                     : 0
eta_D_in                     : 0
nu                           : 1e-05
vacant_retract_ratio         : 0
accept_criterion (BH)        : 0.3
sigma (BH)                   : 750
naive_method (BH)            : 0
num_log_files                : 9
log_start_neuron             : 0
mpi_rma_mem_size (Byte)      : 314572800
max_num_pending_vacant_axons : 1000

[INFO:Rank 0]  Simulation box length          : 4004 (height = width = depth)
[INFO:Rank 0]  Subdomain length               : 500.5 (height = width = depth)
[INFO:Rank 0]  Total number subdomains        : 512
[INFO:Rank 0]  Number subdomains per dimension: 8
[INFO:Rank 0]  My number of neurons   : 7000
[INFO:Rank 0]  My number of subdomains: 1
[INFO:Rank 0]  My subdomain ids       : [ 0 , 0 ]
[INFO:Rank 0]  Subdomain: 0
[INFO:Rank 0]      num_neurons: 7000
[INFO:Rank 0]      index_1d   : 0
[INFO:Rank 0]      index_3d   : ( 0 , 0 , 0 )
[INFO:Rank 0]      xyz_min    : ( 0 , 0 , 0 )
[INFO:Rank 0]      xyz_max    : ( 500.5 , 500.5 , 500.5 )

[INFO:Rank 0]  init_free_object_list: max_num_objects: 1572352  sizeof(OctreeNode): 200
[INFO:Rank 0]  Neurons created
[INFO:Rank 0]  Neurons inserted into subdomains
[INFO:Rank 0]  Subdomains inserted into global tree
[INFO:Rank 0]  Network graph created
[INFO:Rank 0]  Synaptic elements initialized 

** STATE AFTER: 1 of 1 msec ** [Fri Jul 26 22:37:31 2019]
** UPDATE CONNECTIVITY AFTER: 1 of 1 msec ** [Fri Jul 26 22:37:31 2019]

[INFO:Rank 0]  Sum (all processes) number synapses deleted: 0
[INFO:Rank 0]  Sum (all processes) number synapses created: 2.60074e+06

======== TIMERS GLOBAL OVER ALL RANKS ========
                                                (    min      |     avg      |     max     ) sec.
TIMERS: main()
  main()                                       : 74.3895      | 74.3918      | 74.394      
  Initialization                               : 1.70311      | 1.70586      | 1.71405     
  Simulation loop                              : 72.677       | 72.6844      | 72.6863     
    Update electrical activity                 : 2.5e-08      | 3.54141e-08  | 6.6e-08     
    Update #synaptic elements delta            : 2.5e-08      | 3.4125e-08   | 4.8e-08     
    Connectivity update                        : 72.6763      | 72.6842      | 72.6862     
      Update #synaptic elements + del synapses : 0            | 0            | 0           
      Update local trees                       : 0.000982604  | 0.00103389   | 0.00133917  
      Exchange branch nodes (w/ Allgather)     : 0.00012282   | 0.00880596   | 0.010291    
      Insert branch nodes into global tree     : 2.4837e-05   | 2.6972e-05   | 7.1977e-05  
      Update global tree                       : 1.0981e-05   | 1.18216e-05  | 1.6715e-05  
      Find target neurons (w/ RMA)             : 6.27929      | 33.7879      | 72.0901     
      Empty remote nodes cache                 : 0.019237     | 0.0335746    | 0.0433352   
      Create synapses (w/ Alltoall)            : 0.543522     | 38.8523      | 66.3706     

======== RMA MEMORY ALLOCATOR RANK 0 ========
Min num objects available: 1502820

[INFO:Rank 0]  END: Fri Jul 26 22:38:43 2019

