Number ranks: 256
Partitioning based on number neurons would be: Rank 0: my_num_neurons: 5000 [start_id,end_id]: [0,4999]

[INFO:Rank 0]  START: Fri Jul 26 17:21:42 2019

** PARAMETERS **

num_neurons                  : 1280000
frac_neurons_exc             : 0.8
simulation_time              : 1
x_0                          : 0.05
tau_x                        : 5
k                            : 0.03
tau_C                        : 5000
beta                         : 0.001
C_target                     : 0.5
refrac_time                  : 4
h                            : 10
eta_A                        : 0
eta_D_ex                     : 0
eta_D_in                     : 0
nu                           : 1e-05
vacant_retract_ratio         : 0
accept_criterion (BH)        : 0.1
sigma (BH)                   : 750
naive_method (BH)            : 0
num_log_files                : 9
log_start_neuron             : 0
mpi_rma_mem_size (Byte)      : 314572800
max_num_pending_vacant_axons : 1000

[INFO:Rank 0]  Simulation box length          : 2834 (height = width = depth)
[INFO:Rank 0]  Subdomain length               : 354.25 (height = width = depth)
[INFO:Rank 0]  Total number subdomains        : 512
[INFO:Rank 0]  Number subdomains per dimension: 8
[INFO:Rank 0]  My number of neurons   : 5000
[INFO:Rank 0]  My number of subdomains: 2
[INFO:Rank 0]  My subdomain ids       : [ 0 , 1 ]
[INFO:Rank 0]  Subdomain: 0
[INFO:Rank 0]      num_neurons: 2500
[INFO:Rank 0]      index_1d   : 0
[INFO:Rank 0]      index_3d   : ( 0 , 0 , 0 )
[INFO:Rank 0]      xyz_min    : ( 0 , 0 , 0 )
[INFO:Rank 0]      xyz_max    : ( 354.25 , 354.25 , 354.25 )

[INFO:Rank 0]  Subdomain: 1
[INFO:Rank 0]      num_neurons: 2500
[INFO:Rank 0]      index_1d   : 1
[INFO:Rank 0]      index_3d   : ( 1 , 0 , 0 )
[INFO:Rank 0]      xyz_min    : ( 354.25 , 0 , 0 )
[INFO:Rank 0]      xyz_max    : ( 708.5 , 354.25 , 354.25 )

[INFO:Rank 0]  init_free_object_list: max_num_objects: 1572352  sizeof(OctreeNode): 200
[INFO:Rank 0]  Neurons created
[INFO:Rank 0]  Neurons inserted into subdomains
[INFO:Rank 0]  Subdomains inserted into global tree
[INFO:Rank 0]  Network graph created
[INFO:Rank 0]  Synaptic elements initialized 

** STATE AFTER: 1 of 1 msec ** [Fri Jul 26 17:21:43 2019]
** UPDATE CONNECTIVITY AFTER: 1 of 1 msec ** [Fri Jul 26 17:21:43 2019]

[INFO:Rank 0]  Sum (all processes) number synapses deleted: 0
[INFO:Rank 0]  Sum (all processes) number synapses created: 926945

======== TIMERS GLOBAL OVER ALL RANKS ========
                                                (    min      |     avg      |     max     ) sec.
TIMERS: main()
  main()                                       : 1123.27      | 1123.27      | 1123.27     
  Initialization                               : 0.949342     | 0.953952     | 0.963826    
  Simulation loop                              : 1122.31      | 1122.32      | 1122.32     
    Update electrical activity                 : 2.5e-08      | 3.51797e-08  | 6.1e-08     
    Update #synaptic elements delta            : 2.6e-08      | 3.39961e-08  | 3.8e-08     
    Connectivity update                        : 1122.31      | 1122.32      | 1122.32     
      Update #synaptic elements + del synapses : 0            | 0            | 0           
      Update local trees                       : 0.000696882  | 0.000794911  | 0.00177413  
      Exchange branch nodes (w/ Allgather)     : 0.000128282  | 0.00890207   | 0.0106557   
      Insert branch nodes into global tree     : 2.4551e-05   | 3.32571e-05  | 6.1622e-05  
      Update global tree                       : 1.1327e-05   | 1.35563e-05  | 2.5773e-05  
      Find target neurons (w/ RMA)             : 76.8166      | 476.714      | 1121.77     
      Empty remote nodes cache                 : 0.0229615    | 0.0533569    | 0.08753     
      Create synapses (w/ Alltoall)            : 0.455009     | 645.539      | 1045.46     

======== RMA MEMORY ALLOCATOR RANK 0 ========
Min num objects available: 1486211

[INFO:Rank 0]  END: Fri Jul 26 17:40:26 2019

Number ranks: 256
Partitioning based on number neurons would be: Rank 0: my_num_neurons: 5000 [start_id,end_id]: [0,4999]

[INFO:Rank 0]  START: Fri Jul 26 17:40:34 2019

** PARAMETERS **

num_neurons                  : 1280000
frac_neurons_exc             : 0.8
simulation_time              : 1
x_0                          : 0.05
tau_x                        : 5
k                            : 0.03
tau_C                        : 5000
beta                         : 0.001
C_target                     : 0.5
refrac_time                  : 4
h                            : 10
eta_A                        : 0
eta_D_ex                     : 0
eta_D_in                     : 0
nu                           : 1e-05
vacant_retract_ratio         : 0
accept_criterion (BH)        : 0.1
sigma (BH)                   : 750
naive_method (BH)            : 0
num_log_files                : 9
log_start_neuron             : 0
mpi_rma_mem_size (Byte)      : 314572800
max_num_pending_vacant_axons : 1000

[INFO:Rank 0]  Simulation box length          : 2834 (height = width = depth)
[INFO:Rank 0]  Subdomain length               : 354.25 (height = width = depth)
[INFO:Rank 0]  Total number subdomains        : 512
[INFO:Rank 0]  Number subdomains per dimension: 8
[INFO:Rank 0]  My number of neurons   : 5000
[INFO:Rank 0]  My number of subdomains: 2
[INFO:Rank 0]  My subdomain ids       : [ 0 , 1 ]
[INFO:Rank 0]  Subdomain: 0
[INFO:Rank 0]      num_neurons: 2500
[INFO:Rank 0]      index_1d   : 0
[INFO:Rank 0]      index_3d   : ( 0 , 0 , 0 )
[INFO:Rank 0]      xyz_min    : ( 0 , 0 , 0 )
[INFO:Rank 0]      xyz_max    : ( 354.25 , 354.25 , 354.25 )

[INFO:Rank 0]  Subdomain: 1
[INFO:Rank 0]      num_neurons: 2500
[INFO:Rank 0]      index_1d   : 1
[INFO:Rank 0]      index_3d   : ( 1 , 0 , 0 )
[INFO:Rank 0]      xyz_min    : ( 354.25 , 0 , 0 )
[INFO:Rank 0]      xyz_max    : ( 708.5 , 354.25 , 354.25 )

[INFO:Rank 0]  init_free_object_list: max_num_objects: 1572352  sizeof(OctreeNode): 200
[INFO:Rank 0]  Neurons created
[INFO:Rank 0]  Neurons inserted into subdomains
[INFO:Rank 0]  Subdomains inserted into global tree
[INFO:Rank 0]  Network graph created
[INFO:Rank 0]  Synaptic elements initialized 

** STATE AFTER: 1 of 1 msec ** [Fri Jul 26 17:40:35 2019]
** UPDATE CONNECTIVITY AFTER: 1 of 1 msec ** [Fri Jul 26 17:40:35 2019]

[INFO:Rank 0]  Sum (all processes) number synapses deleted: 0
[INFO:Rank 0]  Sum (all processes) number synapses created: 926945

======== TIMERS GLOBAL OVER ALL RANKS ========
                                                (    min      |     avg      |     max     ) sec.
TIMERS: main()
  main()                                       : 1117.89      | 1117.89      | 1117.89     
  Initialization                               : 0.940075     | 0.941435     | 0.94425     
  Simulation loop                              : 1116.95      | 1116.95      | 1116.95     
    Update electrical activity                 : 2.6e-08      | 3.50781e-08  | 5.1e-08     
    Update #synaptic elements delta            : 2.5e-08      | 3.39805e-08  | 4.2e-08     
    Connectivity update                        : 1116.94      | 1116.95      | 1116.95     
      Update #synaptic elements + del synapses : 0            | 0            | 0           
      Update local trees                       : 0.000693163  | 0.000720854  | 0.000875752 
      Exchange branch nodes (w/ Allgather)     : 8.5725e-05   | 0.00331588   | 0.00410392  
      Insert branch nodes into global tree     : 2.4583e-05   | 2.70159e-05  | 6.0206e-05  
      Update global tree                       : 1.1231e-05   | 1.25509e-05  | 1.7228e-05  
      Find target neurons (w/ RMA)             : 75.7822      | 475.408      | 1116.42     
      Empty remote nodes cache                 : 0.0231884    | 0.0516825    | 0.0988927   
      Create synapses (w/ Alltoall)            : 0.456717     | 641.485      | 1041.13     

======== RMA MEMORY ALLOCATOR RANK 0 ========
Min num objects available: 1486211

[INFO:Rank 0]  END: Fri Jul 26 17:59:12 2019

