Number ranks: 128
Partitioning based on number neurons would be: Rank 0: my_num_neurons: 8000 [start_id,end_id]: [0,7999]

[INFO:Rank 0]  START: Fri Jul 26 16:58:23 2019

** PARAMETERS **

num_neurons                  : 1024000
frac_neurons_exc             : 0.8
simulation_time              : 1
x_0                          : 0.05
tau_x                        : 5
k                            : 0.03
tau_C                        : 5000
beta                         : 0.001
C_target                     : 0.5
refrac_time                  : 4
h                            : 10
eta_A                        : 0
eta_D_ex                     : 0
eta_D_in                     : 0
nu                           : 1e-05
vacant_retract_ratio         : 0
accept_criterion (BH)        : 0.2
sigma (BH)                   : 750
naive_method (BH)            : 0
num_log_files                : 9
log_start_neuron             : 0
mpi_rma_mem_size (Byte)      : 314572800
max_num_pending_vacant_axons : 1000

[INFO:Rank 0]  Simulation box length          : 2626 (height = width = depth)
[INFO:Rank 0]  Subdomain length               : 328.25 (height = width = depth)
[INFO:Rank 0]  Total number subdomains        : 512
[INFO:Rank 0]  Number subdomains per dimension: 8
[INFO:Rank 0]  My number of neurons   : 8000
[INFO:Rank 0]  My number of subdomains: 4
[INFO:Rank 0]  My subdomain ids       : [ 0 , 3 ]
[INFO:Rank 0]  Subdomain: 0
[INFO:Rank 0]      num_neurons: 2000
[INFO:Rank 0]      index_1d   : 0
[INFO:Rank 0]      index_3d   : ( 0 , 0 , 0 )
[INFO:Rank 0]      xyz_min    : ( 0 , 0 , 0 )
[INFO:Rank 0]      xyz_max    : ( 328.25 , 328.25 , 328.25 )

[INFO:Rank 0]  Subdomain: 1
[INFO:Rank 0]      num_neurons: 2000
[INFO:Rank 0]      index_1d   : 1
[INFO:Rank 0]      index_3d   : ( 1 , 0 , 0 )
[INFO:Rank 0]      xyz_min    : ( 328.25 , 0 , 0 )
[INFO:Rank 0]      xyz_max    : ( 656.5 , 328.25 , 328.25 )

[INFO:Rank 0]  Subdomain: 2
[INFO:Rank 0]      num_neurons: 2000
[INFO:Rank 0]      index_1d   : 2
[INFO:Rank 0]      index_3d   : ( 0 , 1 , 0 )
[INFO:Rank 0]      xyz_min    : ( 0 , 328.25 , 0 )
[INFO:Rank 0]      xyz_max    : ( 328.25 , 656.5 , 328.25 )

[INFO:Rank 0]  Subdomain: 3
[INFO:Rank 0]      num_neurons: 2000
[INFO:Rank 0]      index_1d   : 3
[INFO:Rank 0]      index_3d   : ( 1 , 1 , 0 )
[INFO:Rank 0]      xyz_min    : ( 328.25 , 328.25 , 0 )
[INFO:Rank 0]      xyz_max    : ( 656.5 , 656.5 , 328.25 )

[INFO:Rank 0]  init_free_object_list: max_num_objects: 1572352  sizeof(OctreeNode): 200
[INFO:Rank 0]  Neurons created
[INFO:Rank 0]  Neurons inserted into subdomains
[INFO:Rank 0]  Subdomains inserted into global tree
[INFO:Rank 0]  Network graph created
[INFO:Rank 0]  Synaptic elements initialized 

** STATE AFTER: 1 of 1 msec ** [Fri Jul 26 16:58:24 2019]
** UPDATE CONNECTIVITY AFTER: 1 of 1 msec ** [Fri Jul 26 16:58:24 2019]

[INFO:Rank 0]  Sum (all processes) number synapses deleted: 0
[INFO:Rank 0]  Sum (all processes) number synapses created: 741482

======== TIMERS GLOBAL OVER ALL RANKS ========
                                                (    min      |     avg      |     max     ) sec.
TIMERS: main()
  main()                                       : 223.102      | 223.105      | 223.107     
  Initialization                               : 0.581549     | 0.584288     | 0.592677    
  Simulation loop                              : 222.513      | 222.52       | 222.521     
    Update electrical activity                 : 2.7e-08      | 3.51641e-08  | 5.4e-08     
    Update #synaptic elements delta            : 2.5e-08      | 3.40938e-08  | 3.9e-08     
    Connectivity update                        : 222.513      | 222.52       | 222.521     
      Update #synaptic elements + del synapses : 0            | 0            | 0           
      Update local trees                       : 0.00111131   | 0.0011386    | 0.00123942  
      Exchange branch nodes (w/ Allgather)     : 0.000101319  | 0.00770642   | 0.0085117   
      Insert branch nodes into global tree     : 2.4532e-05   | 2.59878e-05  | 3.6717e-05  
      Update global tree                       : 1.2104e-05   | 1.27528e-05  | 2.386e-05   
      Find target neurons (w/ RMA)             : 18.1123      | 93.5388      | 222.235     
      Empty remote nodes cache                 : 0.0216965    | 0.0355046    | 0.0488602   
      Create synapses (w/ Alltoall)            : 0.228214     | 128.936      | 204.376     

======== RMA MEMORY ALLOCATOR RANK 0 ========
Min num objects available: 1491013

[INFO:Rank 0]  END: Fri Jul 26 17:02:07 2019

Number ranks: 128
Partitioning based on number neurons would be: Rank 0: my_num_neurons: 8000 [start_id,end_id]: [0,7999]

[INFO:Rank 0]  START: Fri Jul 26 17:02:07 2019

** PARAMETERS **

num_neurons                  : 1024000
frac_neurons_exc             : 0.8
simulation_time              : 1
x_0                          : 0.05
tau_x                        : 5
k                            : 0.03
tau_C                        : 5000
beta                         : 0.001
C_target                     : 0.5
refrac_time                  : 4
h                            : 10
eta_A                        : 0
eta_D_ex                     : 0
eta_D_in                     : 0
nu                           : 1e-05
vacant_retract_ratio         : 0
accept_criterion (BH)        : 0.2
sigma (BH)                   : 750
naive_method (BH)            : 0
num_log_files                : 9
log_start_neuron             : 0
mpi_rma_mem_size (Byte)      : 314572800
max_num_pending_vacant_axons : 1000

[INFO:Rank 0]  Simulation box length          : 2626 (height = width = depth)
[INFO:Rank 0]  Subdomain length               : 328.25 (height = width = depth)
[INFO:Rank 0]  Total number subdomains        : 512
[INFO:Rank 0]  Number subdomains per dimension: 8
[INFO:Rank 0]  My number of neurons   : 8000
[INFO:Rank 0]  My number of subdomains: 4
[INFO:Rank 0]  My subdomain ids       : [ 0 , 3 ]
[INFO:Rank 0]  Subdomain: 0
[INFO:Rank 0]      num_neurons: 2000
[INFO:Rank 0]      index_1d   : 0
[INFO:Rank 0]      index_3d   : ( 0 , 0 , 0 )
[INFO:Rank 0]      xyz_min    : ( 0 , 0 , 0 )
[INFO:Rank 0]      xyz_max    : ( 328.25 , 328.25 , 328.25 )

[INFO:Rank 0]  Subdomain: 1
[INFO:Rank 0]      num_neurons: 2000
[INFO:Rank 0]      index_1d   : 1
[INFO:Rank 0]      index_3d   : ( 1 , 0 , 0 )
[INFO:Rank 0]      xyz_min    : ( 328.25 , 0 , 0 )
[INFO:Rank 0]      xyz_max    : ( 656.5 , 328.25 , 328.25 )

[INFO:Rank 0]  Subdomain: 2
[INFO:Rank 0]      num_neurons: 2000
[INFO:Rank 0]      index_1d   : 2
[INFO:Rank 0]      index_3d   : ( 0 , 1 , 0 )
[INFO:Rank 0]      xyz_min    : ( 0 , 328.25 , 0 )
[INFO:Rank 0]      xyz_max    : ( 328.25 , 656.5 , 328.25 )

[INFO:Rank 0]  Subdomain: 3
[INFO:Rank 0]      num_neurons: 2000
[INFO:Rank 0]      index_1d   : 3
[INFO:Rank 0]      index_3d   : ( 1 , 1 , 0 )
[INFO:Rank 0]      xyz_min    : ( 328.25 , 328.25 , 0 )
[INFO:Rank 0]      xyz_max    : ( 656.5 , 656.5 , 328.25 )

[INFO:Rank 0]  init_free_object_list: max_num_objects: 1572352  sizeof(OctreeNode): 200
[INFO:Rank 0]  Neurons created
[INFO:Rank 0]  Neurons inserted into subdomains
[INFO:Rank 0]  Subdomains inserted into global tree
[INFO:Rank 0]  Network graph created
[INFO:Rank 0]  Synaptic elements initialized 

** STATE AFTER: 1 of 1 msec ** [Fri Jul 26 17:02:08 2019]
** UPDATE CONNECTIVITY AFTER: 1 of 1 msec ** [Fri Jul 26 17:02:08 2019]

[INFO:Rank 0]  Sum (all processes) number synapses deleted: 0
[INFO:Rank 0]  Sum (all processes) number synapses created: 741482

======== TIMERS GLOBAL OVER ALL RANKS ========
                                                (    min      |     avg      |     max     ) sec.
TIMERS: main()
  main()                                       : 224.149      | 224.151      | 224.153     
  Initialization                               : 0.587295     | 0.589647     | 0.595052    
  Simulation loop                              : 223.556      | 223.561      | 223.562     
    Update electrical activity                 : 2.7e-08      | 3.56875e-08  | 5.3e-08     
    Update #synaptic elements delta            : 2.5e-08      | 3.43281e-08  | 5.1e-08     
    Connectivity update                        : 223.556      | 223.56       | 223.561     
      Update #synaptic elements + del synapses : 0            | 0            | 0           
      Update local trees                       : 0.00110851   | 0.00114898   | 0.00138651  
      Exchange branch nodes (w/ Allgather)     : 8.3576e-05   | 0.00482236   | 0.00577498  
      Insert branch nodes into global tree     : 2.4698e-05   | 2.58933e-05  | 3.67e-05    
      Update global tree                       : 1.2019e-05   | 1.25788e-05  | 1.5747e-05  
      Find target neurons (w/ RMA)             : 18.2137      | 93.6692      | 223.28      
      Empty remote nodes cache                 : 0.0218505    | 0.0356546    | 0.0524736   
      Create synapses (w/ Alltoall)            : 0.231968     | 129.849      | 205.318     

======== RMA MEMORY ALLOCATOR RANK 0 ========
Min num objects available: 1491013

[INFO:Rank 0]  END: Fri Jul 26 17:05:52 2019

