Number ranks: 128
Partitioning based on number neurons would be: Rank 0: my_num_neurons: 5000 [start_id,end_id]: [0,4999]

[INFO:Rank 0]  START: Fri Jul 26 16:36:54 2019

** PARAMETERS **

num_neurons                  : 640000
frac_neurons_exc             : 0.8
simulation_time              : 1
x_0                          : 0.05
tau_x                        : 5
k                            : 0.03
tau_C                        : 5000
beta                         : 0.001
C_target                     : 0.5
refrac_time                  : 4
h                            : 10
eta_A                        : 0
eta_D_ex                     : 0
eta_D_in                     : 0
nu                           : 1e-05
vacant_retract_ratio         : 0
accept_criterion (BH)        : 0.4
sigma (BH)                   : 750
naive_method (BH)            : 0
num_log_files                : 9
log_start_neuron             : 0
mpi_rma_mem_size (Byte)      : 314572800
max_num_pending_vacant_axons : 1000

[INFO:Rank 0]  Simulation box length          : 2262 (height = width = depth)
[INFO:Rank 0]  Subdomain length               : 282.75 (height = width = depth)
[INFO:Rank 0]  Total number subdomains        : 512
[INFO:Rank 0]  Number subdomains per dimension: 8
[INFO:Rank 0]  My number of neurons   : 5000
[INFO:Rank 0]  My number of subdomains: 4
[INFO:Rank 0]  My subdomain ids       : [ 0 , 3 ]
[INFO:Rank 0]  Subdomain: 0
[INFO:Rank 0]      num_neurons: 1250
[INFO:Rank 0]      index_1d   : 0
[INFO:Rank 0]      index_3d   : ( 0 , 0 , 0 )
[INFO:Rank 0]      xyz_min    : ( 0 , 0 , 0 )
[INFO:Rank 0]      xyz_max    : ( 282.75 , 282.75 , 282.75 )

[INFO:Rank 0]  Subdomain: 1
[INFO:Rank 0]      num_neurons: 1250
[INFO:Rank 0]      index_1d   : 1
[INFO:Rank 0]      index_3d   : ( 1 , 0 , 0 )
[INFO:Rank 0]      xyz_min    : ( 282.75 , 0 , 0 )
[INFO:Rank 0]      xyz_max    : ( 565.5 , 282.75 , 282.75 )

[INFO:Rank 0]  Subdomain: 2
[INFO:Rank 0]      num_neurons: 1250
[INFO:Rank 0]      index_1d   : 2
[INFO:Rank 0]      index_3d   : ( 0 , 1 , 0 )
[INFO:Rank 0]      xyz_min    : ( 0 , 282.75 , 0 )
[INFO:Rank 0]      xyz_max    : ( 282.75 , 565.5 , 282.75 )

[INFO:Rank 0]  Subdomain: 3
[INFO:Rank 0]      num_neurons: 1250
[INFO:Rank 0]      index_1d   : 3
[INFO:Rank 0]      index_3d   : ( 1 , 1 , 0 )
[INFO:Rank 0]      xyz_min    : ( 282.75 , 282.75 , 0 )
[INFO:Rank 0]      xyz_max    : ( 565.5 , 565.5 , 282.75 )

[INFO:Rank 0]  init_free_object_list: max_num_objects: 1572352  sizeof(OctreeNode): 200
[INFO:Rank 0]  Neurons created
[INFO:Rank 0]  Neurons inserted into subdomains
[INFO:Rank 0]  Subdomains inserted into global tree
[INFO:Rank 0]  Network graph created
[INFO:Rank 0]  Synaptic elements initialized 

** STATE AFTER: 1 of 1 msec ** [Fri Jul 26 16:36:55 2019]
** UPDATE CONNECTIVITY AFTER: 1 of 1 msec ** [Fri Jul 26 16:36:55 2019]

[INFO:Rank 0]  Sum (all processes) number synapses deleted: 0
[INFO:Rank 0]  Sum (all processes) number synapses created: 459638

======== TIMERS GLOBAL OVER ALL RANKS ========
                                                (    min      |     avg      |     max     ) sec.
TIMERS: main()
  main()                                       : 17.1611      | 17.162       | 17.1632     
  Initialization                               : 0.700071     | 0.701807     | 0.709354    
  Simulation loop                              : 16.4522      | 16.4598      | 16.4605     
    Update electrical activity                 : 2.7e-08      | 3.51641e-08  | 5e-08       
    Update #synaptic elements delta            : 2.8e-08      | 3.4125e-08   | 4.6e-08     
    Connectivity update                        : 16.4521      | 16.4597      | 16.4604     
      Update #synaptic elements + del synapses : 0            | 0            | 0           
      Update local trees                       : 0.00069656   | 0.000714168  | 0.000867405 
      Exchange branch nodes (w/ Allgather)     : 9.4006e-05   | 0.00783702   | 0.00888042  
      Insert branch nodes into global tree     : 2.4671e-05   | 2.63512e-05  | 3.7013e-05  
      Update global tree                       : 1.1196e-05   | 1.21551e-05  | 2.7263e-05  
      Find target neurons (w/ RMA)             : 1.8301       | 8.21878      | 16.197      
      Empty remote nodes cache                 : 0.0140145    | 0.0191003    | 0.0236758   
      Create synapses (w/ Alltoall)            : 0.230994     | 8.21296      | 14.6065     

======== RMA MEMORY ALLOCATOR RANK 0 ========
Min num objects available: 1517867

[INFO:Rank 0]  END: Fri Jul 26 16:37:11 2019

Number ranks: 128
Partitioning based on number neurons would be: Rank 0: my_num_neurons: 5000 [start_id,end_id]: [0,4999]

[INFO:Rank 0]  START: Fri Jul 26 16:37:12 2019

** PARAMETERS **

num_neurons                  : 640000
frac_neurons_exc             : 0.8
simulation_time              : 1
x_0                          : 0.05
tau_x                        : 5
k                            : 0.03
tau_C                        : 5000
beta                         : 0.001
C_target                     : 0.5
refrac_time                  : 4
h                            : 10
eta_A                        : 0
eta_D_ex                     : 0
eta_D_in                     : 0
nu                           : 1e-05
vacant_retract_ratio         : 0
accept_criterion (BH)        : 0.4
sigma (BH)                   : 750
naive_method (BH)            : 0
num_log_files                : 9
log_start_neuron             : 0
mpi_rma_mem_size (Byte)      : 314572800
max_num_pending_vacant_axons : 1000

[INFO:Rank 0]  Simulation box length          : 2262 (height = width = depth)
[INFO:Rank 0]  Subdomain length               : 282.75 (height = width = depth)
[INFO:Rank 0]  Total number subdomains        : 512
[INFO:Rank 0]  Number subdomains per dimension: 8
[INFO:Rank 0]  My number of neurons   : 5000
[INFO:Rank 0]  My number of subdomains: 4
[INFO:Rank 0]  My subdomain ids       : [ 0 , 3 ]
[INFO:Rank 0]  Subdomain: 0
[INFO:Rank 0]      num_neurons: 1250
[INFO:Rank 0]      index_1d   : 0
[INFO:Rank 0]      index_3d   : ( 0 , 0 , 0 )
[INFO:Rank 0]      xyz_min    : ( 0 , 0 , 0 )
[INFO:Rank 0]      xyz_max    : ( 282.75 , 282.75 , 282.75 )

[INFO:Rank 0]  Subdomain: 1
[INFO:Rank 0]      num_neurons: 1250
[INFO:Rank 0]      index_1d   : 1
[INFO:Rank 0]      index_3d   : ( 1 , 0 , 0 )
[INFO:Rank 0]      xyz_min    : ( 282.75 , 0 , 0 )
[INFO:Rank 0]      xyz_max    : ( 565.5 , 282.75 , 282.75 )

[INFO:Rank 0]  Subdomain: 2
[INFO:Rank 0]      num_neurons: 1250
[INFO:Rank 0]      index_1d   : 2
[INFO:Rank 0]      index_3d   : ( 0 , 1 , 0 )
[INFO:Rank 0]      xyz_min    : ( 0 , 282.75 , 0 )
[INFO:Rank 0]      xyz_max    : ( 282.75 , 565.5 , 282.75 )

[INFO:Rank 0]  Subdomain: 3
[INFO:Rank 0]      num_neurons: 1250
[INFO:Rank 0]      index_1d   : 3
[INFO:Rank 0]      index_3d   : ( 1 , 1 , 0 )
[INFO:Rank 0]      xyz_min    : ( 282.75 , 282.75 , 0 )
[INFO:Rank 0]      xyz_max    : ( 565.5 , 565.5 , 282.75 )

[INFO:Rank 0]  init_free_object_list: max_num_objects: 1572352  sizeof(OctreeNode): 200
[INFO:Rank 0]  Neurons created
[INFO:Rank 0]  Neurons inserted into subdomains
[INFO:Rank 0]  Subdomains inserted into global tree
[INFO:Rank 0]  Network graph created
[INFO:Rank 0]  Synaptic elements initialized 

** STATE AFTER: 1 of 1 msec ** [Fri Jul 26 16:37:13 2019]
** UPDATE CONNECTIVITY AFTER: 1 of 1 msec ** [Fri Jul 26 16:37:13 2019]

[INFO:Rank 0]  Sum (all processes) number synapses deleted: 0
[INFO:Rank 0]  Sum (all processes) number synapses created: 459638

======== TIMERS GLOBAL OVER ALL RANKS ========
                                                (    min      |     avg      |     max     ) sec.
TIMERS: main()
  main()                                       : 17.094       | 17.0961      | 17.0981     
  Initialization                               : 0.576886     | 0.580236     | 0.584845    
  Simulation loop                              : 16.5129      | 16.5155      | 16.5166     
    Update electrical activity                 : 2.7e-08      | 3.51797e-08  | 5e-08       
    Update #synaptic elements delta            : 2.5e-08      | 3.36953e-08  | 4e-08       
    Connectivity update                        : 16.5129      | 16.5155      | 16.5165     
      Update #synaptic elements + del synapses : 0            | 0            | 0           
      Update local trees                       : 0.000695442  | 0.000719858  | 0.000875211 
      Exchange branch nodes (w/ Allgather)     : 0.00010727   | 0.00277932   | 0.00411173  
      Insert branch nodes into global tree     : 2.4377e-05   | 2.71403e-05  | 3.9508e-05  
      Update global tree                       : 1.1223e-05   | 1.19802e-05  | 1.3695e-05  
      Find target neurons (w/ RMA)             : 1.90494      | 8.24293      | 16.2571     
      Empty remote nodes cache                 : 0.0141478    | 0.0191081    | 0.0235139   
      Create synapses (w/ Alltoall)            : 0.232434     | 8.24961      | 14.5921     

======== RMA MEMORY ALLOCATOR RANK 0 ========
Min num objects available: 1517867

[INFO:Rank 0]  END: Fri Jul 26 16:37:29 2019

