Number ranks: 512
Partitioning based on number neurons would be: Rank 0: my_num_neurons: 5000 [start_id,end_id]: [0,4999]

[INFO:Rank 0]  START: Fri Jul 26 19:20:51 2019

** PARAMETERS **

num_neurons                  : 2560000
frac_neurons_exc             : 0.8
simulation_time              : 1
x_0                          : 0.05
tau_x                        : 5
k                            : 0.03
tau_C                        : 5000
beta                         : 0.001
C_target                     : 0.5
refrac_time                  : 4
h                            : 10
eta_A                        : 0
eta_D_ex                     : 0
eta_D_in                     : 0
nu                           : 1e-05
vacant_retract_ratio         : 0
accept_criterion (BH)        : 0.1
sigma (BH)                   : 750
naive_method (BH)            : 0
num_log_files                : 9
log_start_neuron             : 0
mpi_rma_mem_size (Byte)      : 314572800
max_num_pending_vacant_axons : 1000

[INFO:Rank 0]  Simulation box length          : 3562 (height = width = depth)
[INFO:Rank 0]  Subdomain length               : 445.25 (height = width = depth)
[INFO:Rank 0]  Total number subdomains        : 512
[INFO:Rank 0]  Number subdomains per dimension: 8
[INFO:Rank 0]  My number of neurons   : 5000
[INFO:Rank 0]  My number of subdomains: 1
[INFO:Rank 0]  My subdomain ids       : [ 0 , 0 ]
[INFO:Rank 0]  Subdomain: 0
[INFO:Rank 0]      num_neurons: 5000
[INFO:Rank 0]      index_1d   : 0
[INFO:Rank 0]      index_3d   : ( 0 , 0 , 0 )
[INFO:Rank 0]      xyz_min    : ( 0 , 0 , 0 )
[INFO:Rank 0]      xyz_max    : ( 445.25 , 445.25 , 445.25 )

[INFO:Rank 0]  init_free_object_list: max_num_objects: 1572352  sizeof(OctreeNode): 200
[INFO:Rank 0]  Neurons created
[INFO:Rank 0]  Neurons inserted into subdomains
[INFO:Rank 0]  Subdomains inserted into global tree
[INFO:Rank 0]  Network graph created
[INFO:Rank 0]  Synaptic elements initialized 

** STATE AFTER: 1 of 1 msec ** [Fri Jul 26 19:20:53 2019]
** UPDATE CONNECTIVITY AFTER: 1 of 1 msec ** [Fri Jul 26 19:20:53 2019]

[INFO:Rank 0]  Sum (all processes) number synapses deleted: 0
[INFO:Rank 0]  Sum (all processes) number synapses created: 1.85904e+06

======== TIMERS GLOBAL OVER ALL RANKS ========
                                                (    min      |     avg      |     max     ) sec.
TIMERS: main()
  main()                                       : 1277.72      | 1277.86      | 1277.87     
  Initialization                               : 1.6975       | 1.70342      | 1.70938     
  Simulation loop                              : 1276.01      | 1276.16      | 1276.17     
    Update electrical activity                 : 2.6e-08      | 3.48965e-08  | 5e-08       
    Update #synaptic elements delta            : 2.6e-08      | 3.40039e-08  | 4.1e-08     
    Connectivity update                        : 1276.01      | 1276.16      | 1276.17     
      Update #synaptic elements + del synapses : 0            | 0            | 0           
      Update local trees                       : 0.000695258  | 0.000724244  | 0.000909142 
      Exchange branch nodes (w/ Allgather)     : 0.000309371  | 0.00790271   | 0.0091911   
      Insert branch nodes into global tree     : 2.4454e-05   | 2.90058e-05  | 5.3222e-05  
      Update global tree                       : 1.1101e-05   | 1.24222e-05  | 2.7183e-05  
      Find target neurons (w/ RMA)             : 86.5826      | 557.117      | 1275.42     
      Empty remote nodes cache                 : 0.0230426    | 0.0609234    | 0.0997986   
      Create synapses (w/ Alltoall)            : 0.649596     | 718.971      | 1189.53     

======== RMA MEMORY ALLOCATOR RANK 0 ========
Min num objects available: 1486051

[INFO:Rank 0]  END: Fri Jul 26 19:42:09 2019

Number ranks: 512
Partitioning based on number neurons would be: Rank 0: my_num_neurons: 5000 [start_id,end_id]: [0,4999]

[INFO:Rank 0]  START: Fri Jul 26 19:42:11 2019

** PARAMETERS **

num_neurons                  : 2560000
frac_neurons_exc             : 0.8
simulation_time              : 1
x_0                          : 0.05
tau_x                        : 5
k                            : 0.03
tau_C                        : 5000
beta                         : 0.001
C_target                     : 0.5
refrac_time                  : 4
h                            : 10
eta_A                        : 0
eta_D_ex                     : 0
eta_D_in                     : 0
nu                           : 1e-05
vacant_retract_ratio         : 0
accept_criterion (BH)        : 0.1
sigma (BH)                   : 750
naive_method (BH)            : 0
num_log_files                : 9
log_start_neuron             : 0
mpi_rma_mem_size (Byte)      : 314572800
max_num_pending_vacant_axons : 1000

[INFO:Rank 0]  Simulation box length          : 3562 (height = width = depth)
[INFO:Rank 0]  Subdomain length               : 445.25 (height = width = depth)
[INFO:Rank 0]  Total number subdomains        : 512
[INFO:Rank 0]  Number subdomains per dimension: 8
[INFO:Rank 0]  My number of neurons   : 5000
[INFO:Rank 0]  My number of subdomains: 1
[INFO:Rank 0]  My subdomain ids       : [ 0 , 0 ]
[INFO:Rank 0]  Subdomain: 0
[INFO:Rank 0]      num_neurons: 5000
[INFO:Rank 0]      index_1d   : 0
[INFO:Rank 0]      index_3d   : ( 0 , 0 , 0 )
[INFO:Rank 0]      xyz_min    : ( 0 , 0 , 0 )
[INFO:Rank 0]      xyz_max    : ( 445.25 , 445.25 , 445.25 )

[INFO:Rank 0]  init_free_object_list: max_num_objects: 1572352  sizeof(OctreeNode): 200
[INFO:Rank 0]  Neurons created
[INFO:Rank 0]  Neurons inserted into subdomains
[INFO:Rank 0]  Subdomains inserted into global tree
[INFO:Rank 0]  Network graph created
[INFO:Rank 0]  Synaptic elements initialized 

** STATE AFTER: 1 of 1 msec ** [Fri Jul 26 19:42:13 2019]
** UPDATE CONNECTIVITY AFTER: 1 of 1 msec ** [Fri Jul 26 19:42:13 2019]

[INFO:Rank 0]  Sum (all processes) number synapses deleted: 0
[INFO:Rank 0]  Sum (all processes) number synapses created: 1.85904e+06

======== TIMERS GLOBAL OVER ALL RANKS ========
                                                (    min      |     avg      |     max     ) sec.
TIMERS: main()
  main()                                       : 1273.78      | 1273.78      | 1273.82     
  Initialization                               : 1.69932      | 1.70324      | 1.71041     
  Simulation loop                              : 1272.07      | 1272.08      | 1272.12     
    Update electrical activity                 : 2.6e-08      | 3.54043e-08  | 5.4e-08     
    Update #synaptic elements delta            : 2.4e-08      | 3.40977e-08  | 4.8e-08     
    Connectivity update                        : 1272.07      | 1272.08      | 1272.11     
      Update #synaptic elements + del synapses : 0            | 0            | 0           
      Update local trees                       : 0.000693635  | 0.000722843  | 0.000904373 
      Exchange branch nodes (w/ Allgather)     : 0.000143621  | 0.00856581   | 0.00973494  
      Insert branch nodes into global tree     : 2.4544e-05   | 2.9006e-05   | 6.2271e-05  
      Update global tree                       : 1.1122e-05   | 1.2285e-05   | 3.2875e-05  
      Find target neurons (w/ RMA)             : 86.1501      | 556.176      | 1271.33     
      Empty remote nodes cache                 : 0.0265966    | 0.0601386    | 0.100863    
      Create synapses (w/ Alltoall)            : 0.648974     | 715.833      | 1185.89     

======== RMA MEMORY ALLOCATOR RANK 0 ========
Min num objects available: 1486051

[INFO:Rank 0]  END: Fri Jul 26 20:03:25 2019

