Number ranks: 256
Partitioning based on number neurons would be: Rank 0: my_num_neurons: 5000 [start_id,end_id]: [0,4999]

[INFO:Rank 0]  START: Fri Jul 26 17:45:34 2019

** PARAMETERS **

num_neurons                  : 1280000
frac_neurons_exc             : 0.8
simulation_time              : 1
x_0                          : 0.05
tau_x                        : 5
k                            : 0.03
tau_C                        : 5000
beta                         : 0.001
C_target                     : 0.5
refrac_time                  : 4
h                            : 10
eta_A                        : 0
eta_D_ex                     : 0
eta_D_in                     : 0
nu                           : 1e-05
vacant_retract_ratio         : 0
accept_criterion (BH)        : 0.4
sigma (BH)                   : 750
naive_method (BH)            : 0
num_log_files                : 9
log_start_neuron             : 0
mpi_rma_mem_size (Byte)      : 314572800
max_num_pending_vacant_axons : 1000

[INFO:Rank 0]  Simulation box length          : 2834 (height = width = depth)
[INFO:Rank 0]  Subdomain length               : 354.25 (height = width = depth)
[INFO:Rank 0]  Total number subdomains        : 512
[INFO:Rank 0]  Number subdomains per dimension: 8
[INFO:Rank 0]  My number of neurons   : 5000
[INFO:Rank 0]  My number of subdomains: 2
[INFO:Rank 0]  My subdomain ids       : [ 0 , 1 ]
[INFO:Rank 0]  Subdomain: 0
[INFO:Rank 0]      num_neurons: 2500
[INFO:Rank 0]      index_1d   : 0
[INFO:Rank 0]      index_3d   : ( 0 , 0 , 0 )
[INFO:Rank 0]      xyz_min    : ( 0 , 0 , 0 )
[INFO:Rank 0]      xyz_max    : ( 354.25 , 354.25 , 354.25 )

[INFO:Rank 0]  Subdomain: 1
[INFO:Rank 0]      num_neurons: 2500
[INFO:Rank 0]      index_1d   : 1
[INFO:Rank 0]      index_3d   : ( 1 , 0 , 0 )
[INFO:Rank 0]      xyz_min    : ( 354.25 , 0 , 0 )
[INFO:Rank 0]      xyz_max    : ( 708.5 , 354.25 , 354.25 )

[INFO:Rank 0]  init_free_object_list: max_num_objects: 1572352  sizeof(OctreeNode): 200
[INFO:Rank 0]  Neurons created
[INFO:Rank 0]  Neurons inserted into subdomains
[INFO:Rank 0]  Subdomains inserted into global tree
[INFO:Rank 0]  Network graph created
[INFO:Rank 0]  Synaptic elements initialized 

** STATE AFTER: 1 of 1 msec ** [Fri Jul 26 17:45:35 2019]
** UPDATE CONNECTIVITY AFTER: 1 of 1 msec ** [Fri Jul 26 17:45:35 2019]

[INFO:Rank 0]  Sum (all processes) number synapses deleted: 0
[INFO:Rank 0]  Sum (all processes) number synapses created: 921786

======== TIMERS GLOBAL OVER ALL RANKS ========
                                                (    min      |     avg      |     max     ) sec.
TIMERS: main()
  main()                                       : 21.0927      | 21.0974      | 21.0993     
  Initialization                               : 0.949811     | 0.954335     | 0.961864    
  Simulation loop                              : 20.135       | 20.1426      | 20.144      
    Update electrical activity                 : 2.7e-08      | 3.54258e-08  | 7.1e-08     
    Update #synaptic elements delta            : 2.5e-08      | 3.41875e-08  | 4.2e-08     
    Connectivity update                        : 20.135       | 20.1425      | 20.144      
      Update #synaptic elements + del synapses : 0            | 0            | 0           
      Update local trees                       : 0.000695242  | 0.000761861  | 0.00172462  
      Exchange branch nodes (w/ Allgather)     : 0.000162707  | 0.00778166   | 0.00930285  
      Insert branch nodes into global tree     : 2.461e-05    | 3.42026e-05  | 6.9187e-05  
      Update global tree                       : 1.1154e-05   | 1.28945e-05  | 2.3831e-05  
      Find target neurons (w/ RMA)             : 1.96584      | 9.99236      | 19.6791     
      Empty remote nodes cache                 : 0.0146948    | 0.0210804    | 0.0270737   
      Create synapses (w/ Alltoall)            : 0.42849      | 10.1201      | 18.1495     

======== RMA MEMORY ALLOCATOR RANK 0 ========
Min num objects available: 1518082

[INFO:Rank 0]  END: Fri Jul 26 17:45:55 2019

Number ranks: 256
Partitioning based on number neurons would be: Rank 0: my_num_neurons: 5000 [start_id,end_id]: [0,4999]

[INFO:Rank 0]  START: Fri Jul 26 17:45:56 2019

** PARAMETERS **

num_neurons                  : 1280000
frac_neurons_exc             : 0.8
simulation_time              : 1
x_0                          : 0.05
tau_x                        : 5
k                            : 0.03
tau_C                        : 5000
beta                         : 0.001
C_target                     : 0.5
refrac_time                  : 4
h                            : 10
eta_A                        : 0
eta_D_ex                     : 0
eta_D_in                     : 0
nu                           : 1e-05
vacant_retract_ratio         : 0
accept_criterion (BH)        : 0.4
sigma (BH)                   : 750
naive_method (BH)            : 0
num_log_files                : 9
log_start_neuron             : 0
mpi_rma_mem_size (Byte)      : 314572800
max_num_pending_vacant_axons : 1000

[INFO:Rank 0]  Simulation box length          : 2834 (height = width = depth)
[INFO:Rank 0]  Subdomain length               : 354.25 (height = width = depth)
[INFO:Rank 0]  Total number subdomains        : 512
[INFO:Rank 0]  Number subdomains per dimension: 8
[INFO:Rank 0]  My number of neurons   : 5000
[INFO:Rank 0]  My number of subdomains: 2
[INFO:Rank 0]  My subdomain ids       : [ 0 , 1 ]
[INFO:Rank 0]  Subdomain: 0
[INFO:Rank 0]      num_neurons: 2500
[INFO:Rank 0]      index_1d   : 0
[INFO:Rank 0]      index_3d   : ( 0 , 0 , 0 )
[INFO:Rank 0]      xyz_min    : ( 0 , 0 , 0 )
[INFO:Rank 0]      xyz_max    : ( 354.25 , 354.25 , 354.25 )

[INFO:Rank 0]  Subdomain: 1
[INFO:Rank 0]      num_neurons: 2500
[INFO:Rank 0]      index_1d   : 1
[INFO:Rank 0]      index_3d   : ( 1 , 0 , 0 )
[INFO:Rank 0]      xyz_min    : ( 354.25 , 0 , 0 )
[INFO:Rank 0]      xyz_max    : ( 708.5 , 354.25 , 354.25 )

[INFO:Rank 0]  init_free_object_list: max_num_objects: 1572352  sizeof(OctreeNode): 200
[INFO:Rank 0]  Neurons created
[INFO:Rank 0]  Neurons inserted into subdomains
[INFO:Rank 0]  Subdomains inserted into global tree
[INFO:Rank 0]  Network graph created
[INFO:Rank 0]  Synaptic elements initialized 

** STATE AFTER: 1 of 1 msec ** [Fri Jul 26 17:45:57 2019]
** UPDATE CONNECTIVITY AFTER: 1 of 1 msec ** [Fri Jul 26 17:45:57 2019]

[INFO:Rank 0]  Sum (all processes) number synapses deleted: 0
[INFO:Rank 0]  Sum (all processes) number synapses created: 921786

======== TIMERS GLOBAL OVER ALL RANKS ========
                                                (    min      |     avg      |     max     ) sec.
TIMERS: main()
  main()                                       : 21.0088      | 21.0102      | 21.0122     
  Initialization                               : 0.950656     | 0.953198     | 0.962074    
  Simulation loop                              : 20.048       | 20.0563      | 20.0575     
    Update electrical activity                 : 2.5e-08      | 3.53867e-08  | 6.6e-08     
    Update #synaptic elements delta            : 2.5e-08      | 3.41719e-08  | 4.8e-08     
    Connectivity update                        : 20.0478      | 20.0562      | 20.0575     
      Update #synaptic elements + del synapses : 0            | 0            | 0           
      Update local trees                       : 0.000696893  | 0.000762654  | 0.00174084  
      Exchange branch nodes (w/ Allgather)     : 0.000128133  | 0.00914768   | 0.0108385   
      Insert branch nodes into global tree     : 2.453e-05    | 4.87644e-05  | 0.000735914 
      Update global tree                       : 1.1108e-05   | 1.50762e-05  | 3.3252e-05  
      Find target neurons (w/ RMA)             : 1.9926       | 10.0034      | 19.5911     
      Empty remote nodes cache                 : 0.0144239    | 0.021212     | 0.0276108   
      Create synapses (w/ Alltoall)            : 0.428291     | 10.0203      | 18.0355     

======== RMA MEMORY ALLOCATOR RANK 0 ========
Min num objects available: 1518082

[INFO:Rank 0]  END: Fri Jul 26 17:46:17 2019

