Number ranks: 64
Partitioning based on number neurons would be: Rank 0: my_num_neurons: 6000 [start_id,end_id]: [0,5999]

[INFO:Rank 0]  START: Fri Jul 26 16:03:08 2019

** PARAMETERS **

num_neurons                  : 384000
frac_neurons_exc             : 0.8
simulation_time              : 1
x_0                          : 0.05
tau_x                        : 5
k                            : 0.03
tau_C                        : 5000
beta                         : 0.001
C_target                     : 0.5
refrac_time                  : 4
h                            : 10
eta_A                        : 0
eta_D_ex                     : 0
eta_D_in                     : 0
nu                           : 1e-05
vacant_retract_ratio         : 0
accept_criterion (BH)        : 0.3
sigma (BH)                   : 750
naive_method (BH)            : 0
num_log_files                : 9
log_start_neuron             : 0
mpi_rma_mem_size (Byte)      : 314572800
max_num_pending_vacant_axons : 1000

[INFO:Rank 0]  Simulation box length          : 1898 (height = width = depth)
[INFO:Rank 0]  Subdomain length               : 474.5 (height = width = depth)
[INFO:Rank 0]  Total number subdomains        : 64
[INFO:Rank 0]  Number subdomains per dimension: 4
[INFO:Rank 0]  My number of neurons   : 6000
[INFO:Rank 0]  My number of subdomains: 1
[INFO:Rank 0]  My subdomain ids       : [ 0 , 0 ]
[INFO:Rank 0]  Subdomain: 0
[INFO:Rank 0]      num_neurons: 6000
[INFO:Rank 0]      index_1d   : 0
[INFO:Rank 0]      index_3d   : ( 0 , 0 , 0 )
[INFO:Rank 0]      xyz_min    : ( 0 , 0 , 0 )
[INFO:Rank 0]      xyz_max    : ( 474.5 , 474.5 , 474.5 )

[INFO:Rank 0]  init_free_object_list: max_num_objects: 1572800  sizeof(OctreeNode): 200
[INFO:Rank 0]  Neurons created
[INFO:Rank 0]  Neurons inserted into subdomains
[INFO:Rank 0]  Subdomains inserted into global tree
[INFO:Rank 0]  Network graph created
[INFO:Rank 0]  Synaptic elements initialized 

** STATE AFTER: 1 of 1 msec ** [Fri Jul 26 16:03:09 2019]
** UPDATE CONNECTIVITY AFTER: 1 of 1 msec ** [Fri Jul 26 16:03:09 2019]

[INFO:Rank 0]  Sum (all processes) number synapses deleted: 0
[INFO:Rank 0]  Sum (all processes) number synapses created: 276307

======== TIMERS GLOBAL OVER ALL RANKS ========
                                                (    min      |     avg      |     max     ) sec.
TIMERS: main()
  main()                                       : 34.5376      | 34.5433      | 34.5465     
  Initialization                               : 0.397105     | 0.402853     | 0.408528    
  Simulation loop                              : 34.1354      | 34.14        | 34.1409     
    Update electrical activity                 : 3.3e-08      | 3.50625e-08  | 4e-08       
    Update #synaptic elements delta            : 3.1e-08      | 3.43594e-08  | 4.2e-08     
    Connectivity update                        : 34.1353      | 34.1399      | 34.1409     
      Update #synaptic elements + del synapses : 0            | 0            | 0           
      Update local trees                       : 0.000840566  | 0.000873784  | 0.00105668  
      Exchange branch nodes (w/ Allgather)     : 2.8254e-05   | 0.00474408   | 0.00571754  
      Insert branch nodes into global tree     : 3.41e-06     | 4.01728e-06  | 1.171e-05   
      Update global tree                       : 1.819e-06    | 2.06842e-06  | 2.741e-06   
      Find target neurons (w/ RMA)             : 4.8533       | 15.7657      | 33.9869     
      Empty remote nodes cache                 : 0.0168244    | 0.0228904    | 0.0305837   
      Create synapses (w/ Alltoall)            : 0.11919      | 18.3455      | 29.2642     

======== RMA MEMORY ALLOCATOR RANK 0 ========
Min num objects available: 1511046

[INFO:Rank 0]  END: Fri Jul 26 16:03:43 2019

Number ranks: 64
Partitioning based on number neurons would be: Rank 0: my_num_neurons: 6000 [start_id,end_id]: [0,5999]

[INFO:Rank 0]  START: Fri Jul 26 16:03:43 2019

** PARAMETERS **

num_neurons                  : 384000
frac_neurons_exc             : 0.8
simulation_time              : 1
x_0                          : 0.05
tau_x                        : 5
k                            : 0.03
tau_C                        : 5000
beta                         : 0.001
C_target                     : 0.5
refrac_time                  : 4
h                            : 10
eta_A                        : 0
eta_D_ex                     : 0
eta_D_in                     : 0
nu                           : 1e-05
vacant_retract_ratio         : 0
accept_criterion (BH)        : 0.3
sigma (BH)                   : 750
naive_method (BH)            : 0
num_log_files                : 9
log_start_neuron             : 0
mpi_rma_mem_size (Byte)      : 314572800
max_num_pending_vacant_axons : 1000

[INFO:Rank 0]  Simulation box length          : 1898 (height = width = depth)
[INFO:Rank 0]  Subdomain length               : 474.5 (height = width = depth)
[INFO:Rank 0]  Total number subdomains        : 64
[INFO:Rank 0]  Number subdomains per dimension: 4
[INFO:Rank 0]  My number of neurons   : 6000
[INFO:Rank 0]  My number of subdomains: 1
[INFO:Rank 0]  My subdomain ids       : [ 0 , 0 ]
[INFO:Rank 0]  Subdomain: 0
[INFO:Rank 0]      num_neurons: 6000
[INFO:Rank 0]      index_1d   : 0
[INFO:Rank 0]      index_3d   : ( 0 , 0 , 0 )
[INFO:Rank 0]      xyz_min    : ( 0 , 0 , 0 )
[INFO:Rank 0]      xyz_max    : ( 474.5 , 474.5 , 474.5 )

[INFO:Rank 0]  init_free_object_list: max_num_objects: 1572800  sizeof(OctreeNode): 200
[INFO:Rank 0]  Neurons created
[INFO:Rank 0]  Neurons inserted into subdomains
[INFO:Rank 0]  Subdomains inserted into global tree
[INFO:Rank 0]  Network graph created
[INFO:Rank 0]  Synaptic elements initialized 

** STATE AFTER: 1 of 1 msec ** [Fri Jul 26 16:03:44 2019]
** UPDATE CONNECTIVITY AFTER: 1 of 1 msec ** [Fri Jul 26 16:03:44 2019]

[INFO:Rank 0]  Sum (all processes) number synapses deleted: 0
[INFO:Rank 0]  Sum (all processes) number synapses created: 276307

======== TIMERS GLOBAL OVER ALL RANKS ========
                                                (    min      |     avg      |     max     ) sec.
TIMERS: main()
  main()                                       : 35.2719      | 35.2746      | 35.2773     
  Initialization                               : 0.398941     | 0.402033     | 0.404893    
  Simulation loop                              : 34.8702      | 34.8722      | 34.8729     
    Update electrical activity                 : 2.9e-08      | 3.57187e-08  | 6.4e-08     
    Update #synaptic elements delta            : 2.7e-08      | 3.40156e-08  | 3.9e-08     
    Connectivity update                        : 34.8701      | 34.8722      | 34.8728     
      Update #synaptic elements + del synapses : 0            | 0            | 0           
      Update local trees                       : 0.000833825  | 0.000866821  | 0.00106419  
      Exchange branch nodes (w/ Allgather)     : 3.927e-05    | 0.00187967   | 0.00261581  
      Insert branch nodes into global tree     : 3.448e-06    | 3.86086e-06  | 4.45e-06    
      Update global tree                       : 1.791e-06    | 2.09859e-06  | 3.049e-06   
      Find target neurons (w/ RMA)             : 5.00452      | 15.7853      | 34.7177     
      Empty remote nodes cache                 : 0.0166883    | 0.0226527    | 0.0285698   
      Create synapses (w/ Alltoall)            : 0.123006     | 19.0613      | 29.8482     

======== RMA MEMORY ALLOCATOR RANK 0 ========
Min num objects available: 1511046

[INFO:Rank 0]  END: Fri Jul 26 16:04:19 2019

