Number ranks: 512
Partitioning based on number neurons would be: Rank 0: my_num_neurons: 5000 [start_id,end_id]: [0,4999]

[INFO:Rank 0]  START: Fri Jul 26 20:04:22 2019

** PARAMETERS **

num_neurons                  : 2560000
frac_neurons_exc             : 0.8
simulation_time              : 1
x_0                          : 0.05
tau_x                        : 5
k                            : 0.03
tau_C                        : 5000
beta                         : 0.001
C_target                     : 0.5
refrac_time                  : 4
h                            : 10
eta_A                        : 0
eta_D_ex                     : 0
eta_D_in                     : 0
nu                           : 1e-05
vacant_retract_ratio         : 0
accept_criterion (BH)        : 0.2
sigma (BH)                   : 750
naive_method (BH)            : 0
num_log_files                : 9
log_start_neuron             : 0
mpi_rma_mem_size (Byte)      : 314572800
max_num_pending_vacant_axons : 1000

[INFO:Rank 0]  Simulation box length          : 3562 (height = width = depth)
[INFO:Rank 0]  Subdomain length               : 445.25 (height = width = depth)
[INFO:Rank 0]  Total number subdomains        : 512
[INFO:Rank 0]  Number subdomains per dimension: 8
[INFO:Rank 0]  My number of neurons   : 5000
[INFO:Rank 0]  My number of subdomains: 1
[INFO:Rank 0]  My subdomain ids       : [ 0 , 0 ]
[INFO:Rank 0]  Subdomain: 0
[INFO:Rank 0]      num_neurons: 5000
[INFO:Rank 0]      index_1d   : 0
[INFO:Rank 0]      index_3d   : ( 0 , 0 , 0 )
[INFO:Rank 0]      xyz_min    : ( 0 , 0 , 0 )
[INFO:Rank 0]      xyz_max    : ( 445.25 , 445.25 , 445.25 )

[INFO:Rank 0]  init_free_object_list: max_num_objects: 1572352  sizeof(OctreeNode): 200
[INFO:Rank 0]  Neurons created
[INFO:Rank 0]  Neurons inserted into subdomains
[INFO:Rank 0]  Subdomains inserted into global tree
[INFO:Rank 0]  Network graph created
[INFO:Rank 0]  Synaptic elements initialized 

** STATE AFTER: 1 of 1 msec ** [Fri Jul 26 20:04:23 2019]
** UPDATE CONNECTIVITY AFTER: 1 of 1 msec ** [Fri Jul 26 20:04:23 2019]

[INFO:Rank 0]  Sum (all processes) number synapses deleted: 0
[INFO:Rank 0]  Sum (all processes) number synapses created: 1.85679e+06

======== TIMERS GLOBAL OVER ALL RANKS ========
                                                (    min      |     avg      |     max     ) sec.
TIMERS: main()
  main()                                       : 178.836      | 178.84       | 178.847     
  Initialization                               : 1.69052      | 1.69533      | 1.70291     
  Simulation loop                              : 177.136      | 177.143      | 177.149     
    Update electrical activity                 : 2.6e-08      | 3.51797e-08  | 6.5e-08     
    Update #synaptic elements delta            : 2.4e-08      | 3.39629e-08  | 3.9e-08     
    Connectivity update                        : 177.136      | 177.143      | 177.149     
      Update #synaptic elements + del synapses : 0            | 0            | 0           
      Update local trees                       : 0.000693494  | 0.000726279  | 0.000904311 
      Exchange branch nodes (w/ Allgather)     : 0.000207361  | 0.00792745   | 0.00918461  
      Insert branch nodes into global tree     : 2.4383e-05   | 3.0285e-05   | 5.3598e-05  
      Update global tree                       : 1.1144e-05   | 1.29594e-05  | 3.1153e-05  
      Find target neurons (w/ RMA)             : 11.967       | 77.689       | 176.471     
      Empty remote nodes cache                 : 0.0157906    | 0.0284217    | 0.0442813   
      Create synapses (w/ Alltoall)            : 0.632        | 99.4162      | 165.148     

======== RMA MEMORY ALLOCATOR RANK 0 ========
Min num objects available: 1513317

[INFO:Rank 0]  END: Fri Jul 26 20:07:21 2019

Number ranks: 512
Partitioning based on number neurons would be: Rank 0: my_num_neurons: 5000 [start_id,end_id]: [0,4999]

[INFO:Rank 0]  START: Fri Jul 26 20:07:22 2019

** PARAMETERS **

num_neurons                  : 2560000
frac_neurons_exc             : 0.8
simulation_time              : 1
x_0                          : 0.05
tau_x                        : 5
k                            : 0.03
tau_C                        : 5000
beta                         : 0.001
C_target                     : 0.5
refrac_time                  : 4
h                            : 10
eta_A                        : 0
eta_D_ex                     : 0
eta_D_in                     : 0
nu                           : 1e-05
vacant_retract_ratio         : 0
accept_criterion (BH)        : 0.2
sigma (BH)                   : 750
naive_method (BH)            : 0
num_log_files                : 9
log_start_neuron             : 0
mpi_rma_mem_size (Byte)      : 314572800
max_num_pending_vacant_axons : 1000

[INFO:Rank 0]  Simulation box length          : 3562 (height = width = depth)
[INFO:Rank 0]  Subdomain length               : 445.25 (height = width = depth)
[INFO:Rank 0]  Total number subdomains        : 512
[INFO:Rank 0]  Number subdomains per dimension: 8
[INFO:Rank 0]  My number of neurons   : 5000
[INFO:Rank 0]  My number of subdomains: 1
[INFO:Rank 0]  My subdomain ids       : [ 0 , 0 ]
[INFO:Rank 0]  Subdomain: 0
[INFO:Rank 0]      num_neurons: 5000
[INFO:Rank 0]      index_1d   : 0
[INFO:Rank 0]      index_3d   : ( 0 , 0 , 0 )
[INFO:Rank 0]      xyz_min    : ( 0 , 0 , 0 )
[INFO:Rank 0]      xyz_max    : ( 445.25 , 445.25 , 445.25 )

[INFO:Rank 0]  init_free_object_list: max_num_objects: 1572352  sizeof(OctreeNode): 200
[INFO:Rank 0]  Neurons created
[INFO:Rank 0]  Neurons inserted into subdomains
[INFO:Rank 0]  Subdomains inserted into global tree
[INFO:Rank 0]  Network graph created
[INFO:Rank 0]  Synaptic elements initialized 

** STATE AFTER: 1 of 1 msec ** [Fri Jul 26 20:07:24 2019]
** UPDATE CONNECTIVITY AFTER: 1 of 1 msec ** [Fri Jul 26 20:07:24 2019]

[INFO:Rank 0]  Sum (all processes) number synapses deleted: 0
[INFO:Rank 0]  Sum (all processes) number synapses created: 1.85679e+06

======== TIMERS GLOBAL OVER ALL RANKS ========
                                                (    min      |     avg      |     max     ) sec.
TIMERS: main()
  main()                                       : 180.485      | 180.488      | 180.494     
  Initialization                               : 1.69823      | 1.70085      | 1.70468     
  Simulation loop                              : 178.782      | 178.786      | 178.791     
    Update electrical activity                 : 2.5e-08      | 3.51563e-08  | 4.9e-08     
    Update #synaptic elements delta            : 2.5e-08      | 5.45723e-08  | 1.048e-05   
    Connectivity update                        : 178.782      | 178.786      | 178.791     
      Update #synaptic elements + del synapses : 0            | 0            | 0           
      Update local trees                       : 0.000694929  | 0.000728222  | 0.000900064 
      Exchange branch nodes (w/ Allgather)     : 0.000363321  | 0.00367803   | 0.00479262  
      Insert branch nodes into global tree     : 2.4421e-05   | 2.89267e-05  | 4.9305e-05  
      Update global tree                       : 1.1158e-05   | 1.23424e-05  | 3.1495e-05  
      Find target neurons (w/ RMA)             : 11.8683      | 77.6414      | 178.111     
      Empty remote nodes cache                 : 0.0157043    | 0.0283057    | 0.0435639   
      Create synapses (w/ Alltoall)            : 0.632754     | 101.111      | 166.896     

======== RMA MEMORY ALLOCATOR RANK 0 ========
Min num objects available: 1513317

[INFO:Rank 0]  END: Fri Jul 26 20:10:23 2019

