Number ranks: 256
Partitioning based on number neurons would be: Rank 0: my_num_neurons: 9000 [start_id,end_id]: [0,8999]

[INFO:Rank 0]  START: Fri Jul 26 18:51:53 2019

** PARAMETERS **

num_neurons                  : 2304000
frac_neurons_exc             : 0.8
simulation_time              : 1
x_0                          : 0.05
tau_x                        : 5
k                            : 0.03
tau_C                        : 5000
beta                         : 0.001
C_target                     : 0.5
refrac_time                  : 4
h                            : 10
eta_A                        : 0
eta_D_ex                     : 0
eta_D_in                     : 0
nu                           : 1e-05
vacant_retract_ratio         : 0
accept_criterion (BH)        : 0.1
sigma (BH)                   : 750
naive_method (BH)            : 0
num_log_files                : 9
log_start_neuron             : 0
mpi_rma_mem_size (Byte)      : 314572800
max_num_pending_vacant_axons : 1000

[INFO:Rank 0]  Simulation box length          : 3458 (height = width = depth)
[INFO:Rank 0]  Subdomain length               : 432.25 (height = width = depth)
[INFO:Rank 0]  Total number subdomains        : 512
[INFO:Rank 0]  Number subdomains per dimension: 8
[INFO:Rank 0]  My number of neurons   : 9000
[INFO:Rank 0]  My number of subdomains: 2
[INFO:Rank 0]  My subdomain ids       : [ 0 , 1 ]
[INFO:Rank 0]  Subdomain: 0
[INFO:Rank 0]      num_neurons: 4500
[INFO:Rank 0]      index_1d   : 0
[INFO:Rank 0]      index_3d   : ( 0 , 0 , 0 )
[INFO:Rank 0]      xyz_min    : ( 0 , 0 , 0 )
[INFO:Rank 0]      xyz_max    : ( 432.25 , 432.25 , 432.25 )

[INFO:Rank 0]  Subdomain: 1
[INFO:Rank 0]      num_neurons: 4500
[INFO:Rank 0]      index_1d   : 1
[INFO:Rank 0]      index_3d   : ( 1 , 0 , 0 )
[INFO:Rank 0]      xyz_min    : ( 432.25 , 0 , 0 )
[INFO:Rank 0]      xyz_max    : ( 864.5 , 432.25 , 432.25 )

[INFO:Rank 0]  init_free_object_list: max_num_objects: 1572352  sizeof(OctreeNode): 200
[INFO:Rank 0]  Neurons created
[INFO:Rank 0]  Neurons inserted into subdomains
[INFO:Rank 0]  Subdomains inserted into global tree
[INFO:Rank 0]  Network graph created
[INFO:Rank 0]  Synaptic elements initialized 

** STATE AFTER: 1 of 1 msec ** [Fri Jul 26 18:51:54 2019]
** UPDATE CONNECTIVITY AFTER: 1 of 1 msec ** [Fri Jul 26 18:51:54 2019]

[INFO:Rank 0]  Sum (all processes) number synapses deleted: 0
[INFO:Rank 0]  Sum (all processes) number synapses created: 1.67356e+06

======== TIMERS GLOBAL OVER ALL RANKS ========
                                                (    min      |     avg      |     max     ) sec.
TIMERS: main()
  main()                                       : 2126.55      | 2126.55      | 2126.56     
  Initialization                               : 0.951803     | 0.955159     | 0.962906    
  Simulation loop                              : 2125.59      | 2125.6       | 2125.61     
    Update electrical activity                 : 2.5e-08      | 3.47773e-08  | 5.6e-08     
    Update #synaptic elements delta            : 2.5e-08      | 3.3793e-08   | 5.3e-08     
    Connectivity update                        : 2125.59      | 2125.6       | 2125.61     
      Update #synaptic elements + del synapses : 0            | 0            | 0           
      Update local trees                       : 0.00124504   | 0.0014032    | 0.00267523  
      Exchange branch nodes (w/ Allgather)     : 0.000178605  | 0.00859828   | 0.0107017   
      Insert branch nodes into global tree     : 2.4743e-05   | 3.09726e-05  | 6.4682e-05  
      Update global tree                       : 1.1182e-05   | 1.17496e-05  | 2.2794e-05  
      Find target neurons (w/ RMA)             : 172.333      | 938.593      | 2125.08     
      Empty remote nodes cache                 : 0.03285      | 0.0735413    | 0.12706     
      Create synapses (w/ Alltoall)            : 0.413511     | 1186.92      | 1953.21     

======== RMA MEMORY ALLOCATOR RANK 0 ========
Min num objects available: 1452363

[INFO:Rank 0]  END: Fri Jul 26 19:27:20 2019

Number ranks: 256
Partitioning based on number neurons would be: Rank 0: my_num_neurons: 9000 [start_id,end_id]: [0,8999]

[INFO:Rank 0]  START: Fri Jul 26 19:27:21 2019

** PARAMETERS **

num_neurons                  : 2304000
frac_neurons_exc             : 0.8
simulation_time              : 1
x_0                          : 0.05
tau_x                        : 5
k                            : 0.03
tau_C                        : 5000
beta                         : 0.001
C_target                     : 0.5
refrac_time                  : 4
h                            : 10
eta_A                        : 0
eta_D_ex                     : 0
eta_D_in                     : 0
nu                           : 1e-05
vacant_retract_ratio         : 0
accept_criterion (BH)        : 0.1
sigma (BH)                   : 750
naive_method (BH)            : 0
num_log_files                : 9
log_start_neuron             : 0
mpi_rma_mem_size (Byte)      : 314572800
max_num_pending_vacant_axons : 1000

[INFO:Rank 0]  Simulation box length          : 3458 (height = width = depth)
[INFO:Rank 0]  Subdomain length               : 432.25 (height = width = depth)
[INFO:Rank 0]  Total number subdomains        : 512
[INFO:Rank 0]  Number subdomains per dimension: 8
[INFO:Rank 0]  My number of neurons   : 9000
[INFO:Rank 0]  My number of subdomains: 2
[INFO:Rank 0]  My subdomain ids       : [ 0 , 1 ]
[INFO:Rank 0]  Subdomain: 0
[INFO:Rank 0]      num_neurons: 4500
[INFO:Rank 0]      index_1d   : 0
[INFO:Rank 0]      index_3d   : ( 0 , 0 , 0 )
[INFO:Rank 0]      xyz_min    : ( 0 , 0 , 0 )
[INFO:Rank 0]      xyz_max    : ( 432.25 , 432.25 , 432.25 )

[INFO:Rank 0]  Subdomain: 1
[INFO:Rank 0]      num_neurons: 4500
[INFO:Rank 0]      index_1d   : 1
[INFO:Rank 0]      index_3d   : ( 1 , 0 , 0 )
[INFO:Rank 0]      xyz_min    : ( 432.25 , 0 , 0 )
[INFO:Rank 0]      xyz_max    : ( 864.5 , 432.25 , 432.25 )

[INFO:Rank 0]  init_free_object_list: max_num_objects: 1572352  sizeof(OctreeNode): 200
[INFO:Rank 0]  Neurons created
[INFO:Rank 0]  Neurons inserted into subdomains
[INFO:Rank 0]  Subdomains inserted into global tree
[INFO:Rank 0]  Network graph created
[INFO:Rank 0]  Synaptic elements initialized 

** STATE AFTER: 1 of 1 msec ** [Fri Jul 26 19:27:22 2019]
** UPDATE CONNECTIVITY AFTER: 1 of 1 msec ** [Fri Jul 26 19:27:22 2019]
