Number ranks: 32
Partitioning based on number neurons would be: Rank 0: my_num_neurons: 9000 [start_id,end_id]: [0,8999]

[INFO:Rank 0]  START: Fri Jul 26 15:39:22 2019

** PARAMETERS **

num_neurons                  : 288000
frac_neurons_exc             : 0.8
simulation_time              : 1
x_0                          : 0.05
tau_x                        : 5
k                            : 0.03
tau_C                        : 5000
beta                         : 0.001
C_target                     : 0.5
refrac_time                  : 4
h                            : 10
eta_A                        : 0
eta_D_ex                     : 0
eta_D_in                     : 0
nu                           : 1e-05
vacant_retract_ratio         : 0
accept_criterion (BH)        : 0.2
sigma (BH)                   : 750
naive_method (BH)            : 0
num_log_files                : 9
log_start_neuron             : 0
mpi_rma_mem_size (Byte)      : 314572800
max_num_pending_vacant_axons : 1000

[INFO:Rank 0]  Simulation box length          : 1742 (height = width = depth)
[INFO:Rank 0]  Subdomain length               : 435.5 (height = width = depth)
[INFO:Rank 0]  Total number subdomains        : 64
[INFO:Rank 0]  Number subdomains per dimension: 4
[INFO:Rank 0]  My number of neurons   : 9000
[INFO:Rank 0]  My number of subdomains: 2
[INFO:Rank 0]  My subdomain ids       : [ 0 , 1 ]
[INFO:Rank 0]  Subdomain: 0
[INFO:Rank 0]      num_neurons: 4500
[INFO:Rank 0]      index_1d   : 0
[INFO:Rank 0]      index_3d   : ( 0 , 0 , 0 )
[INFO:Rank 0]      xyz_min    : ( 0 , 0 , 0 )
[INFO:Rank 0]      xyz_max    : ( 435.5 , 435.5 , 435.5 )

[INFO:Rank 0]  Subdomain: 1
[INFO:Rank 0]      num_neurons: 4500
[INFO:Rank 0]      index_1d   : 1
[INFO:Rank 0]      index_3d   : ( 1 , 0 , 0 )
[INFO:Rank 0]      xyz_min    : ( 435.5 , 0 , 0 )
[INFO:Rank 0]      xyz_max    : ( 871 , 435.5 , 435.5 )

[INFO:Rank 0]  init_free_object_list: max_num_objects: 1572800  sizeof(OctreeNode): 200
[INFO:Rank 0]  Neurons created
[INFO:Rank 0]  Neurons inserted into subdomains
[INFO:Rank 0]  Subdomains inserted into global tree
[INFO:Rank 0]  Network graph created
[INFO:Rank 0]  Synaptic elements initialized 

** STATE AFTER: 1 of 1 msec ** [Fri Jul 26 15:39:22 2019]
** UPDATE CONNECTIVITY AFTER: 1 of 1 msec ** [Fri Jul 26 15:39:22 2019]

[INFO:Rank 0]  Sum (all processes) number synapses deleted: 0
[INFO:Rank 0]  Sum (all processes) number synapses created: 207489

======== TIMERS GLOBAL OVER ALL RANKS ========
                                                (    min      |     avg      |     max     ) sec.
TIMERS: main()
  main()                                       : 125.879      | 125.883      | 125.885     
  Initialization                               : 0.302884     | 0.307057     | 0.310269    
  Simulation loop                              : 125.573      | 125.575      | 125.576     
    Update electrical activity                 : 2.6e-08      | 3.50625e-08  | 4.4e-08     
    Update #synaptic elements delta            : 2.5e-08      | 3.43125e-08  | 3.9e-08     
    Connectivity update                        : 125.573      | 125.575      | 125.576     
      Update #synaptic elements + del synapses : 0            | 0            | 0           
      Update local trees                       : 0.00125555   | 0.00129835   | 0.00144206  
      Exchange branch nodes (w/ Allgather)     : 4.6909e-05   | 0.00186605   | 0.00274752  
      Insert branch nodes into global tree     : 3.673e-06    | 3.90753e-06  | 4.342e-06   
      Update global tree                       : 1.918e-06    | 2.11209e-06  | 2.556e-06   
      Find target neurons (w/ RMA)             : 19.4249      | 60.2329      | 125.467     
      Empty remote nodes cache                 : 0.0234589    | 0.0297253    | 0.0372864   
      Create synapses (w/ Alltoall)            : 0.0666903    | 65.3089      | 106.123     

======== RMA MEMORY ALLOCATOR RANK 0 ========
Min num objects available: 1488747

[INFO:Rank 0]  END: Fri Jul 26 15:41:28 2019

Number ranks: 32
Partitioning based on number neurons would be: Rank 0: my_num_neurons: 9000 [start_id,end_id]: [0,8999]

[INFO:Rank 0]  START: Fri Jul 26 15:41:30 2019

** PARAMETERS **

num_neurons                  : 288000
frac_neurons_exc             : 0.8
simulation_time              : 1
x_0                          : 0.05
tau_x                        : 5
k                            : 0.03
tau_C                        : 5000
beta                         : 0.001
C_target                     : 0.5
refrac_time                  : 4
h                            : 10
eta_A                        : 0
eta_D_ex                     : 0
eta_D_in                     : 0
nu                           : 1e-05
vacant_retract_ratio         : 0
accept_criterion (BH)        : 0.2
sigma (BH)                   : 750
naive_method (BH)            : 0
num_log_files                : 9
log_start_neuron             : 0
mpi_rma_mem_size (Byte)      : 314572800
max_num_pending_vacant_axons : 1000

[INFO:Rank 0]  Simulation box length          : 1742 (height = width = depth)
[INFO:Rank 0]  Subdomain length               : 435.5 (height = width = depth)
[INFO:Rank 0]  Total number subdomains        : 64
[INFO:Rank 0]  Number subdomains per dimension: 4
[INFO:Rank 0]  My number of neurons   : 9000
[INFO:Rank 0]  My number of subdomains: 2
[INFO:Rank 0]  My subdomain ids       : [ 0 , 1 ]
[INFO:Rank 0]  Subdomain: 0
[INFO:Rank 0]      num_neurons: 4500
[INFO:Rank 0]      index_1d   : 0
[INFO:Rank 0]      index_3d   : ( 0 , 0 , 0 )
[INFO:Rank 0]      xyz_min    : ( 0 , 0 , 0 )
[INFO:Rank 0]      xyz_max    : ( 435.5 , 435.5 , 435.5 )

[INFO:Rank 0]  Subdomain: 1
[INFO:Rank 0]      num_neurons: 4500
[INFO:Rank 0]      index_1d   : 1
[INFO:Rank 0]      index_3d   : ( 1 , 0 , 0 )
[INFO:Rank 0]      xyz_min    : ( 435.5 , 0 , 0 )
[INFO:Rank 0]      xyz_max    : ( 871 , 435.5 , 435.5 )

[INFO:Rank 0]  init_free_object_list: max_num_objects: 1572800  sizeof(OctreeNode): 200
[INFO:Rank 0]  Neurons created
[INFO:Rank 0]  Neurons inserted into subdomains
[INFO:Rank 0]  Subdomains inserted into global tree
[INFO:Rank 0]  Network graph created
[INFO:Rank 0]  Synaptic elements initialized 

** STATE AFTER: 1 of 1 msec ** [Fri Jul 26 15:41:30 2019]
** UPDATE CONNECTIVITY AFTER: 1 of 1 msec ** [Fri Jul 26 15:41:30 2019]

[INFO:Rank 0]  Sum (all processes) number synapses deleted: 0
[INFO:Rank 0]  Sum (all processes) number synapses created: 207489

======== TIMERS GLOBAL OVER ALL RANKS ========
                                                (    min      |     avg      |     max     ) sec.
TIMERS: main()
  main()                                       : 124.223      | 124.226      | 124.228     
  Initialization                               : 0.304484     | 0.308005     | 0.310625    
  Simulation loop                              : 123.916      | 123.918      | 123.919     
    Update electrical activity                 : 2.5e-08      | 3.46875e-08  | 4.4e-08     
    Update #synaptic elements delta            : 2.4e-08      | 3.35313e-08  | 3.8e-08     
    Connectivity update                        : 123.916      | 123.918      | 123.919     
      Update #synaptic elements + del synapses : 0            | 0            | 0           
      Update local trees                       : 0.00125119   | 0.00127519   | 0.00131304  
      Exchange branch nodes (w/ Allgather)     : 3.7605e-05   | 0.00159419   | 0.00222202  
      Insert branch nodes into global tree     : 3.577e-06    | 3.92719e-06  | 4.78e-06    
      Update global tree                       : 1.898e-06    | 2.16825e-06  | 2.778e-06   
      Find target neurons (w/ RMA)             : 19.242       | 60.0299      | 123.818     
      Empty remote nodes cache                 : 0.0234465    | 0.0304998    | 0.0369172   
      Create synapses (w/ Alltoall)            : 0.0599723    | 63.8544      | 104.649     

======== RMA MEMORY ALLOCATOR RANK 0 ========
Min num objects available: 1488747

[INFO:Rank 0]  END: Fri Jul 26 15:43:34 2019

