Number ranks: 256
Partitioning based on number neurons would be: Rank 0: my_num_neurons: 9000 [start_id,end_id]: [0,8999]

[INFO:Rank 0]  START: Fri Jul 26 19:08:56 2019

** PARAMETERS **

num_neurons                  : 2304000
frac_neurons_exc             : 0.8
simulation_time              : 1
x_0                          : 0.05
tau_x                        : 5
k                            : 0.03
tau_C                        : 5000
beta                         : 0.001
C_target                     : 0.5
refrac_time                  : 4
h                            : 10
eta_A                        : 0
eta_D_ex                     : 0
eta_D_in                     : 0
nu                           : 1e-05
vacant_retract_ratio         : 0
accept_criterion (BH)        : 0.3
sigma (BH)                   : 750
naive_method (BH)            : 0
num_log_files                : 9
log_start_neuron             : 0
mpi_rma_mem_size (Byte)      : 314572800
max_num_pending_vacant_axons : 1000

[INFO:Rank 0]  Simulation box length          : 3458 (height = width = depth)
[INFO:Rank 0]  Subdomain length               : 432.25 (height = width = depth)
[INFO:Rank 0]  Total number subdomains        : 512
[INFO:Rank 0]  Number subdomains per dimension: 8
[INFO:Rank 0]  My number of neurons   : 9000
[INFO:Rank 0]  My number of subdomains: 2
[INFO:Rank 0]  My subdomain ids       : [ 0 , 1 ]
[INFO:Rank 0]  Subdomain: 0
[INFO:Rank 0]      num_neurons: 4500
[INFO:Rank 0]      index_1d   : 0
[INFO:Rank 0]      index_3d   : ( 0 , 0 , 0 )
[INFO:Rank 0]      xyz_min    : ( 0 , 0 , 0 )
[INFO:Rank 0]      xyz_max    : ( 432.25 , 432.25 , 432.25 )

[INFO:Rank 0]  Subdomain: 1
[INFO:Rank 0]      num_neurons: 4500
[INFO:Rank 0]      index_1d   : 1
[INFO:Rank 0]      index_3d   : ( 1 , 0 , 0 )
[INFO:Rank 0]      xyz_min    : ( 432.25 , 0 , 0 )
[INFO:Rank 0]      xyz_max    : ( 864.5 , 432.25 , 432.25 )

[INFO:Rank 0]  init_free_object_list: max_num_objects: 1572352  sizeof(OctreeNode): 200
[INFO:Rank 0]  Neurons created
[INFO:Rank 0]  Neurons inserted into subdomains
[INFO:Rank 0]  Subdomains inserted into global tree
[INFO:Rank 0]  Network graph created
[INFO:Rank 0]  Synaptic elements initialized 

** STATE AFTER: 1 of 1 msec ** [Fri Jul 26 19:08:57 2019]
** UPDATE CONNECTIVITY AFTER: 1 of 1 msec ** [Fri Jul 26 19:08:57 2019]

[INFO:Rank 0]  Sum (all processes) number synapses deleted: 0
[INFO:Rank 0]  Sum (all processes) number synapses created: 1.67137e+06

======== TIMERS GLOBAL OVER ALL RANKS ========
                                                (    min      |     avg      |     max     ) sec.
TIMERS: main()
  main()                                       : 84.2568      | 84.2594      | 84.2629     
  Initialization                               : 0.955231     | 0.958417     | 0.964173    
  Simulation loop                              : 83.2923      | 83.3001      | 83.3021     
    Update electrical activity                 : 2.6e-08      | 3.51719e-08  | 7.4e-08     
    Update #synaptic elements delta            : 2.4e-08      | 3.39961e-08  | 4.4e-08     
    Connectivity update                        : 83.2923      | 83.3         | 83.302      
      Update #synaptic elements + del synapses : 0            | 0            | 0           
      Update local trees                       : 0.00125092   | 0.00131521   | 0.0021267   
      Exchange branch nodes (w/ Allgather)     : 0.000132575  | 0.00818822   | 0.00952726  
      Insert branch nodes into global tree     : 2.4641e-05   | 2.73485e-05  | 6.6352e-05  
      Update global tree                       : 1.1163e-05   | 1.16505e-05  | 2.228e-05   
      Find target neurons (w/ RMA)             : 7.95452      | 37.918       | 82.8531     
      Empty remote nodes cache                 : 0.0246413    | 0.0379565    | 0.0504015   
      Create synapses (w/ Alltoall)            : 0.388936     | 45.3342      | 75.3096     

======== RMA MEMORY ALLOCATOR RANK 0 ========
Min num objects available: 1488436

[INFO:Rank 0]  END: Fri Jul 26 19:10:21 2019

Number ranks: 256
Partitioning based on number neurons would be: Rank 0: my_num_neurons: 9000 [start_id,end_id]: [0,8999]

[INFO:Rank 0]  START: Fri Jul 26 19:10:25 2019

** PARAMETERS **

num_neurons                  : 2304000
frac_neurons_exc             : 0.8
simulation_time              : 1
x_0                          : 0.05
tau_x                        : 5
k                            : 0.03
tau_C                        : 5000
beta                         : 0.001
C_target                     : 0.5
refrac_time                  : 4
h                            : 10
eta_A                        : 0
eta_D_ex                     : 0
eta_D_in                     : 0
nu                           : 1e-05
vacant_retract_ratio         : 0
accept_criterion (BH)        : 0.3
sigma (BH)                   : 750
naive_method (BH)            : 0
num_log_files                : 9
log_start_neuron             : 0
mpi_rma_mem_size (Byte)      : 314572800
max_num_pending_vacant_axons : 1000

[INFO:Rank 0]  Simulation box length          : 3458 (height = width = depth)
[INFO:Rank 0]  Subdomain length               : 432.25 (height = width = depth)
[INFO:Rank 0]  Total number subdomains        : 512
[INFO:Rank 0]  Number subdomains per dimension: 8
[INFO:Rank 0]  My number of neurons   : 9000
[INFO:Rank 0]  My number of subdomains: 2
[INFO:Rank 0]  My subdomain ids       : [ 0 , 1 ]
[INFO:Rank 0]  Subdomain: 0
[INFO:Rank 0]      num_neurons: 4500
[INFO:Rank 0]      index_1d   : 0
[INFO:Rank 0]      index_3d   : ( 0 , 0 , 0 )
[INFO:Rank 0]      xyz_min    : ( 0 , 0 , 0 )
[INFO:Rank 0]      xyz_max    : ( 432.25 , 432.25 , 432.25 )

[INFO:Rank 0]  Subdomain: 1
[INFO:Rank 0]      num_neurons: 4500
[INFO:Rank 0]      index_1d   : 1
[INFO:Rank 0]      index_3d   : ( 1 , 0 , 0 )
[INFO:Rank 0]      xyz_min    : ( 432.25 , 0 , 0 )
[INFO:Rank 0]      xyz_max    : ( 864.5 , 432.25 , 432.25 )

[INFO:Rank 0]  init_free_object_list: max_num_objects: 1572352  sizeof(OctreeNode): 200
[INFO:Rank 0]  Neurons created
[INFO:Rank 0]  Neurons inserted into subdomains
[INFO:Rank 0]  Subdomains inserted into global tree
[INFO:Rank 0]  Network graph created
[INFO:Rank 0]  Synaptic elements initialized 

** STATE AFTER: 1 of 1 msec ** [Fri Jul 26 19:10:26 2019]
** UPDATE CONNECTIVITY AFTER: 1 of 1 msec ** [Fri Jul 26 19:10:26 2019]

[INFO:Rank 0]  Sum (all processes) number synapses deleted: 0
[INFO:Rank 0]  Sum (all processes) number synapses created: 1.67137e+06

======== TIMERS GLOBAL OVER ALL RANKS ========
                                                (    min      |     avg      |     max     ) sec.
TIMERS: main()
  main()                                       : 84.3202      | 84.3253      | 84.328      
  Initialization                               : 0.957215     | 0.963204     | 0.968893    
  Simulation loop                              : 83.3571      | 83.3615      | 83.3633     
    Update electrical activity                 : 2.5e-08      | 3.5332e-08   | 9.6e-08     
    Update #synaptic elements delta            : 2.4e-08      | 3.41211e-08  | 4.7e-08     
    Connectivity update                        : 83.357       | 83.3613      | 83.3633     
      Update #synaptic elements + del synapses : 0            | 0            | 0           
      Update local trees                       : 0.00124566   | 0.00135791   | 0.00235803  
      Exchange branch nodes (w/ Allgather)     : 0.000140587  | 0.00469341   | 0.00720331  
      Insert branch nodes into global tree     : 2.4725e-05   | 2.85616e-05  | 7.5274e-05  
      Update global tree                       : 1.1154e-05   | 1.17555e-05  | 2.2469e-05  
      Find target neurons (w/ RMA)             : 7.84134      | 37.9369      | 82.915      
      Empty remote nodes cache                 : 0.0248814    | 0.0380148    | 0.0501152   
      Create synapses (w/ Alltoall)            : 0.39068      | 45.3794      | 75.4871     

======== RMA MEMORY ALLOCATOR RANK 0 ========
Min num objects available: 1488436

[INFO:Rank 0]  END: Fri Jul 26 19:11:50 2019

