Number ranks: 128
Partitioning based on number neurons would be: Rank 0: my_num_neurons: 6000 [start_id,end_id]: [0,5999]

[INFO:Rank 0]  START: Fri Jul 26 16:46:53 2019

** PARAMETERS **

num_neurons                  : 768000
frac_neurons_exc             : 0.8
simulation_time              : 1
x_0                          : 0.05
tau_x                        : 5
k                            : 0.03
tau_C                        : 5000
beta                         : 0.001
C_target                     : 0.5
refrac_time                  : 4
h                            : 10
eta_A                        : 0
eta_D_ex                     : 0
eta_D_in                     : 0
nu                           : 1e-05
vacant_retract_ratio         : 0
accept_criterion (BH)        : 0.4
sigma (BH)                   : 750
naive_method (BH)            : 0
num_log_files                : 9
log_start_neuron             : 0
mpi_rma_mem_size (Byte)      : 314572800
max_num_pending_vacant_axons : 1000

[INFO:Rank 0]  Simulation box length          : 2392 (height = width = depth)
[INFO:Rank 0]  Subdomain length               : 299 (height = width = depth)
[INFO:Rank 0]  Total number subdomains        : 512
[INFO:Rank 0]  Number subdomains per dimension: 8
[INFO:Rank 0]  My number of neurons   : 6000
[INFO:Rank 0]  My number of subdomains: 4
[INFO:Rank 0]  My subdomain ids       : [ 0 , 3 ]
[INFO:Rank 0]  Subdomain: 0
[INFO:Rank 0]      num_neurons: 1500
[INFO:Rank 0]      index_1d   : 0
[INFO:Rank 0]      index_3d   : ( 0 , 0 , 0 )
[INFO:Rank 0]      xyz_min    : ( 0 , 0 , 0 )
[INFO:Rank 0]      xyz_max    : ( 299 , 299 , 299 )

[INFO:Rank 0]  Subdomain: 1
[INFO:Rank 0]      num_neurons: 1500
[INFO:Rank 0]      index_1d   : 1
[INFO:Rank 0]      index_3d   : ( 1 , 0 , 0 )
[INFO:Rank 0]      xyz_min    : ( 299 , 0 , 0 )
[INFO:Rank 0]      xyz_max    : ( 598 , 299 , 299 )

[INFO:Rank 0]  Subdomain: 2
[INFO:Rank 0]      num_neurons: 1500
[INFO:Rank 0]      index_1d   : 2
[INFO:Rank 0]      index_3d   : ( 0 , 1 , 0 )
[INFO:Rank 0]      xyz_min    : ( 0 , 299 , 0 )
[INFO:Rank 0]      xyz_max    : ( 299 , 598 , 299 )

[INFO:Rank 0]  Subdomain: 3
[INFO:Rank 0]      num_neurons: 1500
[INFO:Rank 0]      index_1d   : 3
[INFO:Rank 0]      index_3d   : ( 1 , 1 , 0 )
[INFO:Rank 0]      xyz_min    : ( 299 , 299 , 0 )
[INFO:Rank 0]      xyz_max    : ( 598 , 598 , 299 )

[INFO:Rank 0]  init_free_object_list: max_num_objects: 1572352  sizeof(OctreeNode): 200
[INFO:Rank 0]  Neurons created
[INFO:Rank 0]  Neurons inserted into subdomains
[INFO:Rank 0]  Subdomains inserted into global tree
[INFO:Rank 0]  Network graph created
[INFO:Rank 0]  Synaptic elements initialized 

** STATE AFTER: 1 of 1 msec ** [Fri Jul 26 16:46:54 2019]
** UPDATE CONNECTIVITY AFTER: 1 of 1 msec ** [Fri Jul 26 16:46:54 2019]

[INFO:Rank 0]  Sum (all processes) number synapses deleted: 0
[INFO:Rank 0]  Sum (all processes) number synapses created: 552709

======== TIMERS GLOBAL OVER ALL RANKS ========
                                                (    min      |     avg      |     max     ) sec.
TIMERS: main()
  main()                                       : 20.4058      | 20.4082      | 20.4099     
  Initialization                               : 0.585155     | 0.588172     | 0.590838    
  Simulation loop                              : 19.8168      | 19.8193      | 19.8202     
    Update electrical activity                 : 2.7e-08      | 3.53203e-08  | 4.7e-08     
    Update #synaptic elements delta            : 2.7e-08      | 3.43906e-08  | 3.9e-08     
    Connectivity update                        : 19.8167      | 19.8192      | 19.8202     
      Update #synaptic elements + del synapses : 0            | 0            | 0           
      Update local trees                       : 0.000835569  | 0.000861528  | 0.00102566  
      Exchange branch nodes (w/ Allgather)     : 0.000162516  | 0.00225576   | 0.00302325  
      Insert branch nodes into global tree     : 2.489e-05    | 2.67621e-05  | 3.7953e-05  
      Update global tree                       : 1.1142e-05   | 1.17822e-05  | 2.4257e-05  
      Find target neurons (w/ RMA)             : 2.27742      | 9.69527      | 19.5596     
      Empty remote nodes cache                 : 0.016111     | 0.022309     | 0.0290524   
      Create synapses (w/ Alltoall)            : 0.230551     | 10.0983      | 17.5213     

======== RMA MEMORY ALLOCATOR RANK 0 ========
Min num objects available: 1510449

[INFO:Rank 0]  END: Fri Jul 26 16:47:14 2019

Number ranks: 128
Partitioning based on number neurons would be: Rank 0: my_num_neurons: 6000 [start_id,end_id]: [0,5999]

[INFO:Rank 0]  START: Fri Jul 26 16:47:15 2019

** PARAMETERS **

num_neurons                  : 768000
frac_neurons_exc             : 0.8
simulation_time              : 1
x_0                          : 0.05
tau_x                        : 5
k                            : 0.03
tau_C                        : 5000
beta                         : 0.001
C_target                     : 0.5
refrac_time                  : 4
h                            : 10
eta_A                        : 0
eta_D_ex                     : 0
eta_D_in                     : 0
nu                           : 1e-05
vacant_retract_ratio         : 0
accept_criterion (BH)        : 0.4
sigma (BH)                   : 750
naive_method (BH)            : 0
num_log_files                : 9
log_start_neuron             : 0
mpi_rma_mem_size (Byte)      : 314572800
max_num_pending_vacant_axons : 1000

[INFO:Rank 0]  Simulation box length          : 2392 (height = width = depth)
[INFO:Rank 0]  Subdomain length               : 299 (height = width = depth)
[INFO:Rank 0]  Total number subdomains        : 512
[INFO:Rank 0]  Number subdomains per dimension: 8
[INFO:Rank 0]  My number of neurons   : 6000
[INFO:Rank 0]  My number of subdomains: 4
[INFO:Rank 0]  My subdomain ids       : [ 0 , 3 ]
[INFO:Rank 0]  Subdomain: 0
[INFO:Rank 0]      num_neurons: 1500
[INFO:Rank 0]      index_1d   : 0
[INFO:Rank 0]      index_3d   : ( 0 , 0 , 0 )
[INFO:Rank 0]      xyz_min    : ( 0 , 0 , 0 )
[INFO:Rank 0]      xyz_max    : ( 299 , 299 , 299 )

[INFO:Rank 0]  Subdomain: 1
[INFO:Rank 0]      num_neurons: 1500
[INFO:Rank 0]      index_1d   : 1
[INFO:Rank 0]      index_3d   : ( 1 , 0 , 0 )
[INFO:Rank 0]      xyz_min    : ( 299 , 0 , 0 )
[INFO:Rank 0]      xyz_max    : ( 598 , 299 , 299 )

[INFO:Rank 0]  Subdomain: 2
[INFO:Rank 0]      num_neurons: 1500
[INFO:Rank 0]      index_1d   : 2
[INFO:Rank 0]      index_3d   : ( 0 , 1 , 0 )
[INFO:Rank 0]      xyz_min    : ( 0 , 299 , 0 )
[INFO:Rank 0]      xyz_max    : ( 299 , 598 , 299 )

[INFO:Rank 0]  Subdomain: 3
[INFO:Rank 0]      num_neurons: 1500
[INFO:Rank 0]      index_1d   : 3
[INFO:Rank 0]      index_3d   : ( 1 , 1 , 0 )
[INFO:Rank 0]      xyz_min    : ( 299 , 299 , 0 )
[INFO:Rank 0]      xyz_max    : ( 598 , 598 , 299 )

[INFO:Rank 0]  init_free_object_list: max_num_objects: 1572352  sizeof(OctreeNode): 200
[INFO:Rank 0]  Neurons created
[INFO:Rank 0]  Neurons inserted into subdomains
[INFO:Rank 0]  Subdomains inserted into global tree
[INFO:Rank 0]  Network graph created
[INFO:Rank 0]  Synaptic elements initialized 

** STATE AFTER: 1 of 1 msec ** [Fri Jul 26 16:47:15 2019]
** UPDATE CONNECTIVITY AFTER: 1 of 1 msec ** [Fri Jul 26 16:47:15 2019]

[INFO:Rank 0]  Sum (all processes) number synapses deleted: 0
[INFO:Rank 0]  Sum (all processes) number synapses created: 552709

======== TIMERS GLOBAL OVER ALL RANKS ========
                                                (    min      |     avg      |     max     ) sec.
TIMERS: main()
  main()                                       : 20.2885      | 20.2895      | 20.2905     
  Initialization                               : 0.580177     | 0.581783     | 0.590082    
  Simulation loop                              : 19.6997      | 19.7072      | 19.7084     
    Update electrical activity                 : 2.7e-08      | 3.57344e-08  | 5.6e-08     
    Update #synaptic elements delta            : 2.7e-08      | 3.42266e-08  | 4e-08       
    Connectivity update                        : 19.6995      | 19.707       | 19.7084     
      Update #synaptic elements + del synapses : 0            | 0            | 0           
      Update local trees                       : 0.000834089  | 0.000866229  | 0.00104033  
      Exchange branch nodes (w/ Allgather)     : 9.1275e-05   | 0.0078281    | 0.00921247  
      Insert branch nodes into global tree     : 2.4686e-05   | 2.68131e-05  | 4.7988e-05  
      Update global tree                       : 1.1183e-05   | 1.19151e-05  | 2.6402e-05  
      Find target neurons (w/ RMA)             : 2.30393      | 9.72024      | 19.4439     
      Empty remote nodes cache                 : 0.0160995    | 0.0224341    | 0.0277067   
      Create synapses (w/ Alltoall)            : 0.228716     | 9.95535      | 17.3759     

======== RMA MEMORY ALLOCATOR RANK 0 ========
Min num objects available: 1510449

[INFO:Rank 0]  END: Fri Jul 26 16:47:35 2019

