Number ranks: 512
Partitioning based on number neurons would be: Rank 0: my_num_neurons: 6000 [start_id,end_id]: [0,5999]

[INFO:Rank 0]  START: Fri Jul 26 21:18:45 2019

** PARAMETERS **

num_neurons                  : 3072000
frac_neurons_exc             : 0.8
simulation_time              : 1
x_0                          : 0.05
tau_x                        : 5
k                            : 0.03
tau_C                        : 5000
beta                         : 0.001
C_target                     : 0.5
refrac_time                  : 4
h                            : 10
eta_A                        : 0
eta_D_ex                     : 0
eta_D_in                     : 0
nu                           : 1e-05
vacant_retract_ratio         : 0
accept_criterion (BH)        : 0.3
sigma (BH)                   : 750
naive_method (BH)            : 0
num_log_files                : 9
log_start_neuron             : 0
mpi_rma_mem_size (Byte)      : 314572800
max_num_pending_vacant_axons : 1000

[INFO:Rank 0]  Simulation box length          : 3796 (height = width = depth)
[INFO:Rank 0]  Subdomain length               : 474.5 (height = width = depth)
[INFO:Rank 0]  Total number subdomains        : 512
[INFO:Rank 0]  Number subdomains per dimension: 8
[INFO:Rank 0]  My number of neurons   : 6000
[INFO:Rank 0]  My number of subdomains: 1
[INFO:Rank 0]  My subdomain ids       : [ 0 , 0 ]
[INFO:Rank 0]  Subdomain: 0
[INFO:Rank 0]      num_neurons: 6000
[INFO:Rank 0]      index_1d   : 0
[INFO:Rank 0]      index_3d   : ( 0 , 0 , 0 )
[INFO:Rank 0]      xyz_min    : ( 0 , 0 , 0 )
[INFO:Rank 0]      xyz_max    : ( 474.5 , 474.5 , 474.5 )

[INFO:Rank 0]  init_free_object_list: max_num_objects: 1572352  sizeof(OctreeNode): 200
[INFO:Rank 0]  Neurons created
[INFO:Rank 0]  Neurons inserted into subdomains
[INFO:Rank 0]  Subdomains inserted into global tree
[INFO:Rank 0]  Network graph created
[INFO:Rank 0]  Synaptic elements initialized 

** STATE AFTER: 1 of 1 msec ** [Fri Jul 26 21:18:46 2019]
** UPDATE CONNECTIVITY AFTER: 1 of 1 msec ** [Fri Jul 26 21:18:46 2019]

[INFO:Rank 0]  Sum (all processes) number synapses deleted: 0
[INFO:Rank 0]  Sum (all processes) number synapses created: 2.22494e+06

======== TIMERS GLOBAL OVER ALL RANKS ========
                                                (    min      |     avg      |     max     ) sec.
TIMERS: main()
  main()                                       : 64.0219      | 64.0255      | 64.028      
  Initialization                               : 1.70278      | 1.70636      | 1.71226     
  Simulation loop                              : 62.3109      | 62.3182      | 62.3198     
    Update electrical activity                 : 2.6e-08      | 3.50898e-08  | 6e-08       
    Update #synaptic elements delta            : 2.5e-08      | 3.40215e-08  | 4.9e-08     
    Connectivity update                        : 62.3104      | 62.318       | 62.3198     
      Update #synaptic elements + del synapses : 0            | 0            | 0           
      Update local trees                       : 0.000833153  | 0.000868316  | 0.00107776  
      Exchange branch nodes (w/ Allgather)     : 0.000114528  | 0.00817641   | 0.00981724  
      Insert branch nodes into global tree     : 2.4608e-05   | 2.87002e-05  | 4.6305e-05  
      Update global tree                       : 1.1133e-05   | 1.1687e-05   | 2.6151e-05  
      Find target neurons (w/ RMA)             : 5.40943      | 29.0501      | 61.701      
      Empty remote nodes cache                 : 0.0184024    | 0.0294237    | 0.039891    
      Create synapses (w/ Alltoall)            : 0.572874     | 33.2289      | 56.8793     

======== RMA MEMORY ALLOCATOR RANK 0 ========
Min num objects available: 1509783

[INFO:Rank 0]  END: Fri Jul 26 21:19:49 2019

Number ranks: 512
Partitioning based on number neurons would be: Rank 0: my_num_neurons: 6000 [start_id,end_id]: [0,5999]

[INFO:Rank 0]  START: Fri Jul 26 21:19:52 2019

** PARAMETERS **

num_neurons                  : 3072000
frac_neurons_exc             : 0.8
simulation_time              : 1
x_0                          : 0.05
tau_x                        : 5
k                            : 0.03
tau_C                        : 5000
beta                         : 0.001
C_target                     : 0.5
refrac_time                  : 4
h                            : 10
eta_A                        : 0
eta_D_ex                     : 0
eta_D_in                     : 0
nu                           : 1e-05
vacant_retract_ratio         : 0
accept_criterion (BH)        : 0.3
sigma (BH)                   : 750
naive_method (BH)            : 0
num_log_files                : 9
log_start_neuron             : 0
mpi_rma_mem_size (Byte)      : 314572800
max_num_pending_vacant_axons : 1000

[INFO:Rank 0]  Simulation box length          : 3796 (height = width = depth)
[INFO:Rank 0]  Subdomain length               : 474.5 (height = width = depth)
[INFO:Rank 0]  Total number subdomains        : 512
[INFO:Rank 0]  Number subdomains per dimension: 8
[INFO:Rank 0]  My number of neurons   : 6000
[INFO:Rank 0]  My number of subdomains: 1
[INFO:Rank 0]  My subdomain ids       : [ 0 , 0 ]
[INFO:Rank 0]  Subdomain: 0
[INFO:Rank 0]      num_neurons: 6000
[INFO:Rank 0]      index_1d   : 0
[INFO:Rank 0]      index_3d   : ( 0 , 0 , 0 )
[INFO:Rank 0]      xyz_min    : ( 0 , 0 , 0 )
[INFO:Rank 0]      xyz_max    : ( 474.5 , 474.5 , 474.5 )

[INFO:Rank 0]  init_free_object_list: max_num_objects: 1572352  sizeof(OctreeNode): 200
[INFO:Rank 0]  Neurons created
[INFO:Rank 0]  Neurons inserted into subdomains
[INFO:Rank 0]  Subdomains inserted into global tree
[INFO:Rank 0]  Network graph created
[INFO:Rank 0]  Synaptic elements initialized 

** STATE AFTER: 1 of 1 msec ** [Fri Jul 26 21:19:54 2019]
** UPDATE CONNECTIVITY AFTER: 1 of 1 msec ** [Fri Jul 26 21:19:54 2019]

[INFO:Rank 0]  Sum (all processes) number synapses deleted: 0
[INFO:Rank 0]  Sum (all processes) number synapses created: 2.22494e+06

======== TIMERS GLOBAL OVER ALL RANKS ========
                                                (    min      |     avg      |     max     ) sec.
TIMERS: main()
  main()                                       : 64.0459      | 64.0502      | 64.0527     
  Initialization                               : 1.69009      | 1.69532      | 1.70393     
  Simulation loop                              : 62.3458      | 62.3537      | 62.3557     
    Update electrical activity                 : 2.5e-08      | 3.52285e-08  | 5.6e-08     
    Update #synaptic elements delta            : 2.4e-08      | 3.41875e-08  | 4.2e-08     
    Connectivity update                        : 62.3458      | 62.3534      | 62.3556     
      Update #synaptic elements + del synapses : 0            | 0            | 0           
      Update local trees                       : 0.000834626  | 0.000869256  | 0.0010875   
      Exchange branch nodes (w/ Allgather)     : 0.000113197  | 0.00840364   | 0.00983983  
      Insert branch nodes into global tree     : 2.4749e-05   | 2.87458e-05  | 4.5885e-05  
      Update global tree                       : 1.1039e-05   | 1.18915e-05  | 2.6404e-05  
      Find target neurons (w/ RMA)             : 5.30736      | 29.0829      | 61.738      
      Empty remote nodes cache                 : 0.0170422    | 0.0293924    | 0.0471149   
      Create synapses (w/ Alltoall)            : 0.569894     | 33.2313      | 57.0165     

======== RMA MEMORY ALLOCATOR RANK 0 ========
Min num objects available: 1509783

[INFO:Rank 0]  END: Fri Jul 26 21:20:56 2019

