Number ranks: 128
Partitioning based on number neurons would be: Rank 0: my_num_neurons: 9000 [start_id,end_id]: [0,8999]

[INFO:Rank 0]  START: Fri Jul 26 17:07:05 2019

** PARAMETERS **

num_neurons                  : 1152000
frac_neurons_exc             : 0.8
simulation_time              : 1
x_0                          : 0.05
tau_x                        : 5
k                            : 0.03
tau_C                        : 5000
beta                         : 0.001
C_target                     : 0.5
refrac_time                  : 4
h                            : 10
eta_A                        : 0
eta_D_ex                     : 0
eta_D_in                     : 0
nu                           : 1e-05
vacant_retract_ratio         : 0
accept_criterion (BH)        : 0.2
sigma (BH)                   : 750
naive_method (BH)            : 0
num_log_files                : 9
log_start_neuron             : 0
mpi_rma_mem_size (Byte)      : 314572800
max_num_pending_vacant_axons : 1000

[INFO:Rank 0]  Simulation box length          : 2730 (height = width = depth)
[INFO:Rank 0]  Subdomain length               : 341.25 (height = width = depth)
[INFO:Rank 0]  Total number subdomains        : 512
[INFO:Rank 0]  Number subdomains per dimension: 8
[INFO:Rank 0]  My number of neurons   : 9000
[INFO:Rank 0]  My number of subdomains: 4
[INFO:Rank 0]  My subdomain ids       : [ 0 , 3 ]
[INFO:Rank 0]  Subdomain: 0
[INFO:Rank 0]      num_neurons: 2250
[INFO:Rank 0]      index_1d   : 0
[INFO:Rank 0]      index_3d   : ( 0 , 0 , 0 )
[INFO:Rank 0]      xyz_min    : ( 0 , 0 , 0 )
[INFO:Rank 0]      xyz_max    : ( 341.25 , 341.25 , 341.25 )

[INFO:Rank 0]  Subdomain: 1
[INFO:Rank 0]      num_neurons: 2250
[INFO:Rank 0]      index_1d   : 1
[INFO:Rank 0]      index_3d   : ( 1 , 0 , 0 )
[INFO:Rank 0]      xyz_min    : ( 341.25 , 0 , 0 )
[INFO:Rank 0]      xyz_max    : ( 682.5 , 341.25 , 341.25 )

[INFO:Rank 0]  Subdomain: 2
[INFO:Rank 0]      num_neurons: 2250
[INFO:Rank 0]      index_1d   : 2
[INFO:Rank 0]      index_3d   : ( 0 , 1 , 0 )
[INFO:Rank 0]      xyz_min    : ( 0 , 341.25 , 0 )
[INFO:Rank 0]      xyz_max    : ( 341.25 , 682.5 , 341.25 )

[INFO:Rank 0]  Subdomain: 3
[INFO:Rank 0]      num_neurons: 2250
[INFO:Rank 0]      index_1d   : 3
[INFO:Rank 0]      index_3d   : ( 1 , 1 , 0 )
[INFO:Rank 0]      xyz_min    : ( 341.25 , 341.25 , 0 )
[INFO:Rank 0]      xyz_max    : ( 682.5 , 682.5 , 341.25 )

[INFO:Rank 0]  init_free_object_list: max_num_objects: 1572352  sizeof(OctreeNode): 200
[INFO:Rank 0]  Neurons created
[INFO:Rank 0]  Neurons inserted into subdomains
[INFO:Rank 0]  Subdomains inserted into global tree
[INFO:Rank 0]  Network graph created
[INFO:Rank 0]  Synaptic elements initialized 

** STATE AFTER: 1 of 1 msec ** [Fri Jul 26 17:07:06 2019]
** UPDATE CONNECTIVITY AFTER: 1 of 1 msec ** [Fri Jul 26 17:07:06 2019]

[INFO:Rank 0]  Sum (all processes) number synapses deleted: 0
[INFO:Rank 0]  Sum (all processes) number synapses created: 834566

======== TIMERS GLOBAL OVER ALL RANKS ========
                                                (    min      |     avg      |     max     ) sec.
TIMERS: main()
  main()                                       : 253.219      | 253.221      | 253.222     
  Initialization                               : 0.585274     | 0.587636     | 0.59635     
  Simulation loop                              : 252.625      | 252.633      | 252.634     
    Update electrical activity                 : 2.7e-08      | 3.51875e-08  | 5e-08       
    Update #synaptic elements delta            : 2.7e-08      | 3.40313e-08  | 4.7e-08     
    Connectivity update                        : 252.625      | 252.633      | 252.633     
      Update #synaptic elements + del synapses : 0            | 0            | 0           
      Update local trees                       : 0.00125286   | 0.00128936   | 0.00157116  
      Exchange branch nodes (w/ Allgather)     : 0.000120898  | 0.00806651   | 0.00882719  
      Insert branch nodes into global tree     : 2.5011e-05   | 2.6524e-05   | 3.6735e-05  
      Update global tree                       : 1.1174e-05   | 1.18175e-05  | 2.6136e-05  
      Find target neurons (w/ RMA)             : 20.6167      | 106.164      | 252.343     
      Empty remote nodes cache                 : 0.0235509    | 0.039477     | 0.0526018   
      Create synapses (w/ Alltoall)            : 0.227983     | 146.42       | 231.98      

======== RMA MEMORY ALLOCATOR RANK 0 ========
Min num objects available: 1485090

[INFO:Rank 0]  END: Fri Jul 26 17:11:18 2019

Number ranks: 128
Partitioning based on number neurons would be: Rank 0: my_num_neurons: 9000 [start_id,end_id]: [0,8999]

[INFO:Rank 0]  START: Fri Jul 26 17:11:19 2019

** PARAMETERS **

num_neurons                  : 1152000
frac_neurons_exc             : 0.8
simulation_time              : 1
x_0                          : 0.05
tau_x                        : 5
k                            : 0.03
tau_C                        : 5000
beta                         : 0.001
C_target                     : 0.5
refrac_time                  : 4
h                            : 10
eta_A                        : 0
eta_D_ex                     : 0
eta_D_in                     : 0
nu                           : 1e-05
vacant_retract_ratio         : 0
accept_criterion (BH)        : 0.2
sigma (BH)                   : 750
naive_method (BH)            : 0
num_log_files                : 9
log_start_neuron             : 0
mpi_rma_mem_size (Byte)      : 314572800
max_num_pending_vacant_axons : 1000

[INFO:Rank 0]  Simulation box length          : 2730 (height = width = depth)
[INFO:Rank 0]  Subdomain length               : 341.25 (height = width = depth)
[INFO:Rank 0]  Total number subdomains        : 512
[INFO:Rank 0]  Number subdomains per dimension: 8
[INFO:Rank 0]  My number of neurons   : 9000
[INFO:Rank 0]  My number of subdomains: 4
[INFO:Rank 0]  My subdomain ids       : [ 0 , 3 ]
[INFO:Rank 0]  Subdomain: 0
[INFO:Rank 0]      num_neurons: 2250
[INFO:Rank 0]      index_1d   : 0
[INFO:Rank 0]      index_3d   : ( 0 , 0 , 0 )
[INFO:Rank 0]      xyz_min    : ( 0 , 0 , 0 )
[INFO:Rank 0]      xyz_max    : ( 341.25 , 341.25 , 341.25 )

[INFO:Rank 0]  Subdomain: 1
[INFO:Rank 0]      num_neurons: 2250
[INFO:Rank 0]      index_1d   : 1
[INFO:Rank 0]      index_3d   : ( 1 , 0 , 0 )
[INFO:Rank 0]      xyz_min    : ( 341.25 , 0 , 0 )
[INFO:Rank 0]      xyz_max    : ( 682.5 , 341.25 , 341.25 )

[INFO:Rank 0]  Subdomain: 2
[INFO:Rank 0]      num_neurons: 2250
[INFO:Rank 0]      index_1d   : 2
[INFO:Rank 0]      index_3d   : ( 0 , 1 , 0 )
[INFO:Rank 0]      xyz_min    : ( 0 , 341.25 , 0 )
[INFO:Rank 0]      xyz_max    : ( 341.25 , 682.5 , 341.25 )

[INFO:Rank 0]  Subdomain: 3
[INFO:Rank 0]      num_neurons: 2250
[INFO:Rank 0]      index_1d   : 3
[INFO:Rank 0]      index_3d   : ( 1 , 1 , 0 )
[INFO:Rank 0]      xyz_min    : ( 341.25 , 341.25 , 0 )
[INFO:Rank 0]      xyz_max    : ( 682.5 , 682.5 , 341.25 )

[INFO:Rank 0]  init_free_object_list: max_num_objects: 1572352  sizeof(OctreeNode): 200
[INFO:Rank 0]  Neurons created
[INFO:Rank 0]  Neurons inserted into subdomains
[INFO:Rank 0]  Subdomains inserted into global tree
[INFO:Rank 0]  Network graph created
[INFO:Rank 0]  Synaptic elements initialized 

** STATE AFTER: 1 of 1 msec ** [Fri Jul 26 17:11:20 2019]
** UPDATE CONNECTIVITY AFTER: 1 of 1 msec ** [Fri Jul 26 17:11:20 2019]

[INFO:Rank 0]  Sum (all processes) number synapses deleted: 0
[INFO:Rank 0]  Sum (all processes) number synapses created: 834566

======== TIMERS GLOBAL OVER ALL RANKS ========
                                                (    min      |     avg      |     max     ) sec.
TIMERS: main()
  main()                                       : 253.041      | 253.042      | 253.044     
  Initialization                               : 0.581736     | 0.583266     | 0.59118     
  Simulation loop                              : 252.451      | 252.458      | 252.459     
    Update electrical activity                 : 2.7e-08      | 3.51953e-08  | 4.4e-08     
    Update #synaptic elements delta            : 2.7e-08      | 3.42344e-08  | 4e-08       
    Connectivity update                        : 252.45       | 252.458      | 252.459     
      Update #synaptic elements + del synapses : 0            | 0            | 0           
      Update local trees                       : 0.00124955   | 0.00127454   | 0.00139092  
      Exchange branch nodes (w/ Allgather)     : 8.7613e-05   | 0.0079588    | 0.00887524  
      Insert branch nodes into global tree     : 2.4976e-05   | 2.6219e-05   | 2.9347e-05  
      Update global tree                       : 1.1132e-05   | 1.15647e-05  | 1.2271e-05  
      Find target neurons (w/ RMA)             : 20.9285      | 106.174      | 252.171     
      Empty remote nodes cache                 : 0.0238001    | 0.0394596    | 0.0566823   
      Create synapses (w/ Alltoall)            : 0.225116     | 146.235      | 231.493     

======== RMA MEMORY ALLOCATOR RANK 0 ========
Min num objects available: 1485090

[INFO:Rank 0]  END: Fri Jul 26 17:15:32 2019

