Number ranks: 512
Partitioning based on number neurons would be: Rank 0: my_num_neurons: 7000 [start_id,end_id]: [0,6999]

[INFO:Rank 0]  START: Fri Jul 26 22:39:38 2019

** PARAMETERS **

num_neurons                  : 3584000
frac_neurons_exc             : 0.8
simulation_time              : 1
x_0                          : 0.05
tau_x                        : 5
k                            : 0.03
tau_C                        : 5000
beta                         : 0.001
C_target                     : 0.5
refrac_time                  : 4
h                            : 10
eta_A                        : 0
eta_D_ex                     : 0
eta_D_in                     : 0
nu                           : 1e-05
vacant_retract_ratio         : 0
accept_criterion (BH)        : 0.4
sigma (BH)                   : 750
naive_method (BH)            : 0
num_log_files                : 9
log_start_neuron             : 0
mpi_rma_mem_size (Byte)      : 314572800
max_num_pending_vacant_axons : 1000

[INFO:Rank 0]  Simulation box length          : 4004 (height = width = depth)
[INFO:Rank 0]  Subdomain length               : 500.5 (height = width = depth)
[INFO:Rank 0]  Total number subdomains        : 512
[INFO:Rank 0]  Number subdomains per dimension: 8
[INFO:Rank 0]  My number of neurons   : 7000
[INFO:Rank 0]  My number of subdomains: 1
[INFO:Rank 0]  My subdomain ids       : [ 0 , 0 ]
[INFO:Rank 0]  Subdomain: 0
[INFO:Rank 0]      num_neurons: 7000
[INFO:Rank 0]      index_1d   : 0
[INFO:Rank 0]      index_3d   : ( 0 , 0 , 0 )
[INFO:Rank 0]      xyz_min    : ( 0 , 0 , 0 )
[INFO:Rank 0]      xyz_max    : ( 500.5 , 500.5 , 500.5 )

[INFO:Rank 0]  init_free_object_list: max_num_objects: 1572352  sizeof(OctreeNode): 200
[INFO:Rank 0]  Neurons created
[INFO:Rank 0]  Neurons inserted into subdomains
[INFO:Rank 0]  Subdomains inserted into global tree
[INFO:Rank 0]  Network graph created
[INFO:Rank 0]  Synaptic elements initialized 

** STATE AFTER: 1 of 1 msec ** [Fri Jul 26 22:39:40 2019]
** UPDATE CONNECTIVITY AFTER: 1 of 1 msec ** [Fri Jul 26 22:39:40 2019]

[INFO:Rank 0]  Sum (all processes) number synapses deleted: 0
[INFO:Rank 0]  Sum (all processes) number synapses created: 2.59728e+06

======== TIMERS GLOBAL OVER ALL RANKS ========
                                                (    min      |     avg      |     max     ) sec.
TIMERS: main()
  main()                                       : 32.896       | 32.8981      | 32.9004     
  Initialization                               : 1.70802      | 1.71059      | 1.7188      
  Simulation loop                              : 31.1794      | 31.1864      | 31.1879     
    Update electrical activity                 : 2.5e-08      | 3.52324e-08  | 6.6e-08     
    Update #synaptic elements delta            : 2.5e-08      | 3.41387e-08  | 5e-08       
    Connectivity update                        : 31.1794      | 31.1862      | 31.1879     
      Update #synaptic elements + del synapses : 0            | 0            | 0           
      Update local trees                       : 0.000983126  | 0.001027     | 0.00127748  
      Exchange branch nodes (w/ Allgather)     : 0.000139238  | 0.00755927   | 0.00876455  
      Insert branch nodes into global tree     : 2.5005e-05   | 2.65027e-05  | 4.017e-05   
      Update global tree                       : 1.1018e-05   | 1.18504e-05  | 2.9853e-05  
      Find target neurons (w/ RMA)             : 3.05529      | 15.2817      | 30.6035     
      Empty remote nodes cache                 : 0.0196372    | 0.0311037    | 0.0395459   
      Create synapses (w/ Alltoall)            : 0.536362     | 15.8644      | 28.1013     

======== RMA MEMORY ALLOCATOR RANK 0 ========
Min num objects available: 1505050

[INFO:Rank 0]  END: Fri Jul 26 22:40:11 2019

Number ranks: 512
Partitioning based on number neurons would be: Rank 0: my_num_neurons: 7000 [start_id,end_id]: [0,6999]

[INFO:Rank 0]  START: Fri Jul 26 22:40:19 2019

** PARAMETERS **

num_neurons                  : 3584000
frac_neurons_exc             : 0.8
simulation_time              : 1
x_0                          : 0.05
tau_x                        : 5
k                            : 0.03
tau_C                        : 5000
beta                         : 0.001
C_target                     : 0.5
refrac_time                  : 4
h                            : 10
eta_A                        : 0
eta_D_ex                     : 0
eta_D_in                     : 0
nu                           : 1e-05
vacant_retract_ratio         : 0
accept_criterion (BH)        : 0.4
sigma (BH)                   : 750
naive_method (BH)            : 0
num_log_files                : 9
log_start_neuron             : 0
mpi_rma_mem_size (Byte)      : 314572800
max_num_pending_vacant_axons : 1000

[INFO:Rank 0]  Simulation box length          : 4004 (height = width = depth)
[INFO:Rank 0]  Subdomain length               : 500.5 (height = width = depth)
[INFO:Rank 0]  Total number subdomains        : 512
[INFO:Rank 0]  Number subdomains per dimension: 8
[INFO:Rank 0]  My number of neurons   : 7000
[INFO:Rank 0]  My number of subdomains: 1
[INFO:Rank 0]  My subdomain ids       : [ 0 , 0 ]
[INFO:Rank 0]  Subdomain: 0
[INFO:Rank 0]      num_neurons: 7000
[INFO:Rank 0]      index_1d   : 0
[INFO:Rank 0]      index_3d   : ( 0 , 0 , 0 )
[INFO:Rank 0]      xyz_min    : ( 0 , 0 , 0 )
[INFO:Rank 0]      xyz_max    : ( 500.5 , 500.5 , 500.5 )

[INFO:Rank 0]  init_free_object_list: max_num_objects: 1572352  sizeof(OctreeNode): 200
[INFO:Rank 0]  Neurons created
[INFO:Rank 0]  Neurons inserted into subdomains
[INFO:Rank 0]  Subdomains inserted into global tree
[INFO:Rank 0]  Network graph created
[INFO:Rank 0]  Synaptic elements initialized 

** STATE AFTER: 1 of 1 msec ** [Fri Jul 26 22:40:20 2019]
** UPDATE CONNECTIVITY AFTER: 1 of 1 msec ** [Fri Jul 26 22:40:20 2019]

[INFO:Rank 0]  Sum (all processes) number synapses deleted: 0
[INFO:Rank 0]  Sum (all processes) number synapses created: 2.59728e+06

======== TIMERS GLOBAL OVER ALL RANKS ========
                                                (    min      |     avg      |     max     ) sec.
TIMERS: main()
  main()                                       : 33.0785      | 33.082       | 33.0844     
  Initialization                               : 1.69808      | 1.70179      | 1.71109     
  Simulation loop                              : 31.3717      | 31.3791      | 31.3805     
    Update electrical activity                 : 2.5e-08      | 3.51465e-08  | 4.6e-08     
    Update #synaptic elements delta            : 2.5e-08      | 3.42676e-08  | 1.12e-07    
    Connectivity update                        : 31.3716      | 31.3788      | 31.3805     
      Update #synaptic elements + del synapses : 0            | 0            | 0           
      Update local trees                       : 0.000978062  | 0.00102528   | 0.00127447  
      Exchange branch nodes (w/ Allgather)     : 0.000296602  | 0.00773077   | 0.00898811  
      Insert branch nodes into global tree     : 2.5028e-05   | 2.68128e-05  | 4.6454e-05  
      Update global tree                       : 1.1115e-05   | 1.18502e-05  | 1.6186e-05  
      Find target neurons (w/ RMA)             : 3.0786       | 15.2916      | 30.8        
      Empty remote nodes cache                 : 0.0197063    | 0.0311186    | 0.0387956   
      Create synapses (w/ Alltoall)            : 0.532452     | 16.0469      | 28.2694     

======== RMA MEMORY ALLOCATOR RANK 0 ========
Min num objects available: 1505050

[INFO:Rank 0]  END: Fri Jul 26 22:40:52 2019

