Number ranks: 128
Partitioning based on number neurons would be: Rank 0: my_num_neurons: 7000 [start_id,end_id]: [0,6999]

[INFO:Rank 0]  START: Fri Jul 26 16:48:47 2019

** PARAMETERS **

num_neurons                  : 896000
frac_neurons_exc             : 0.8
simulation_time              : 1
x_0                          : 0.05
tau_x                        : 5
k                            : 0.03
tau_C                        : 5000
beta                         : 0.001
C_target                     : 0.5
refrac_time                  : 4
h                            : 10
eta_A                        : 0
eta_D_ex                     : 0
eta_D_in                     : 0
nu                           : 1e-05
vacant_retract_ratio         : 0
accept_criterion (BH)        : 0.1
sigma (BH)                   : 750
naive_method (BH)            : 0
num_log_files                : 9
log_start_neuron             : 0
mpi_rma_mem_size (Byte)      : 314572800
max_num_pending_vacant_axons : 1000

[INFO:Rank 0]  Simulation box length          : 2522 (height = width = depth)
[INFO:Rank 0]  Subdomain length               : 315.25 (height = width = depth)
[INFO:Rank 0]  Total number subdomains        : 512
[INFO:Rank 0]  Number subdomains per dimension: 8
[INFO:Rank 0]  My number of neurons   : 7000
[INFO:Rank 0]  My number of subdomains: 4
[INFO:Rank 0]  My subdomain ids       : [ 0 , 3 ]
[INFO:Rank 0]  Subdomain: 0
[INFO:Rank 0]      num_neurons: 1750
[INFO:Rank 0]      index_1d   : 0
[INFO:Rank 0]      index_3d   : ( 0 , 0 , 0 )
[INFO:Rank 0]      xyz_min    : ( 0 , 0 , 0 )
[INFO:Rank 0]      xyz_max    : ( 315.25 , 315.25 , 315.25 )

[INFO:Rank 0]  Subdomain: 1
[INFO:Rank 0]      num_neurons: 1750
[INFO:Rank 0]      index_1d   : 1
[INFO:Rank 0]      index_3d   : ( 1 , 0 , 0 )
[INFO:Rank 0]      xyz_min    : ( 315.25 , 0 , 0 )
[INFO:Rank 0]      xyz_max    : ( 630.5 , 315.25 , 315.25 )

[INFO:Rank 0]  Subdomain: 2
[INFO:Rank 0]      num_neurons: 1750
[INFO:Rank 0]      index_1d   : 2
[INFO:Rank 0]      index_3d   : ( 0 , 1 , 0 )
[INFO:Rank 0]      xyz_min    : ( 0 , 315.25 , 0 )
[INFO:Rank 0]      xyz_max    : ( 315.25 , 630.5 , 315.25 )

[INFO:Rank 0]  Subdomain: 3
[INFO:Rank 0]      num_neurons: 1750
[INFO:Rank 0]      index_1d   : 3
[INFO:Rank 0]      index_3d   : ( 1 , 1 , 0 )
[INFO:Rank 0]      xyz_min    : ( 315.25 , 315.25 , 0 )
[INFO:Rank 0]      xyz_max    : ( 630.5 , 630.5 , 315.25 )

[INFO:Rank 0]  init_free_object_list: max_num_objects: 1572352  sizeof(OctreeNode): 200
[INFO:Rank 0]  Neurons created
[INFO:Rank 0]  Neurons inserted into subdomains
[INFO:Rank 0]  Subdomains inserted into global tree
[INFO:Rank 0]  Network graph created
[INFO:Rank 0]  Synaptic elements initialized 

** STATE AFTER: 1 of 1 msec ** [Fri Jul 26 16:48:47 2019]
** UPDATE CONNECTIVITY AFTER: 1 of 1 msec ** [Fri Jul 26 16:48:47 2019]

[INFO:Rank 0]  Sum (all processes) number synapses deleted: 0
[INFO:Rank 0]  Sum (all processes) number synapses created: 648760

======== TIMERS GLOBAL OVER ALL RANKS ========
                                                (    min      |     avg      |     max     ) sec.
TIMERS: main()
  main()                                       : 1410.21      | 1410.21      | 1410.23     
  Initialization                               : 0.587118     | 0.588672     | 0.591047    
  Simulation loop                              : 1409.62      | 1409.62      | 1409.64     
    Update electrical activity                 : 2.7e-08      | 3.48359e-08  | 4.6e-08     
    Update #synaptic elements delta            : 2.5e-08      | 3.37734e-08  | 3.9e-08     
    Connectivity update                        : 1409.62      | 1409.62      | 1409.64     
      Update #synaptic elements + del synapses : 0            | 0            | 0           
      Update local trees                       : 0.000969394  | 0.00100356   | 0.00121853  
      Exchange branch nodes (w/ Allgather)     : 0.000148121  | 0.00286276   | 0.00372692  
      Insert branch nodes into global tree     : 2.4681e-05   | 2.64225e-05  | 4.0212e-05  
      Update global tree                       : 1.1168e-05   | 1.20093e-05  | 1.618e-05   
      Find target neurons (w/ RMA)             : 111.006      | 586.942      | 1409.3      
      Empty remote nodes cache                 : 0.0264974    | 0.0523867    | 0.0799289   
      Create synapses (w/ Alltoall)            : 0.2425       | 822.625      | 1298.57     

======== RMA MEMORY ALLOCATOR RANK 0 ========
Min num objects available: 1471640

[INFO:Rank 0]  END: Fri Jul 26 17:12:17 2019

Number ranks: 128
Partitioning based on number neurons would be: Rank 0: my_num_neurons: 7000 [start_id,end_id]: [0,6999]

[INFO:Rank 0]  START: Fri Jul 26 17:12:19 2019

** PARAMETERS **

num_neurons                  : 896000
frac_neurons_exc             : 0.8
simulation_time              : 1
x_0                          : 0.05
tau_x                        : 5
k                            : 0.03
tau_C                        : 5000
beta                         : 0.001
C_target                     : 0.5
refrac_time                  : 4
h                            : 10
eta_A                        : 0
eta_D_ex                     : 0
eta_D_in                     : 0
nu                           : 1e-05
vacant_retract_ratio         : 0
accept_criterion (BH)        : 0.1
sigma (BH)                   : 750
naive_method (BH)            : 0
num_log_files                : 9
log_start_neuron             : 0
mpi_rma_mem_size (Byte)      : 314572800
max_num_pending_vacant_axons : 1000

[INFO:Rank 0]  Simulation box length          : 2522 (height = width = depth)
[INFO:Rank 0]  Subdomain length               : 315.25 (height = width = depth)
[INFO:Rank 0]  Total number subdomains        : 512
[INFO:Rank 0]  Number subdomains per dimension: 8
[INFO:Rank 0]  My number of neurons   : 7000
[INFO:Rank 0]  My number of subdomains: 4
[INFO:Rank 0]  My subdomain ids       : [ 0 , 3 ]
[INFO:Rank 0]  Subdomain: 0
[INFO:Rank 0]      num_neurons: 1750
[INFO:Rank 0]      index_1d   : 0
[INFO:Rank 0]      index_3d   : ( 0 , 0 , 0 )
[INFO:Rank 0]      xyz_min    : ( 0 , 0 , 0 )
[INFO:Rank 0]      xyz_max    : ( 315.25 , 315.25 , 315.25 )

[INFO:Rank 0]  Subdomain: 1
[INFO:Rank 0]      num_neurons: 1750
[INFO:Rank 0]      index_1d   : 1
[INFO:Rank 0]      index_3d   : ( 1 , 0 , 0 )
[INFO:Rank 0]      xyz_min    : ( 315.25 , 0 , 0 )
[INFO:Rank 0]      xyz_max    : ( 630.5 , 315.25 , 315.25 )

[INFO:Rank 0]  Subdomain: 2
[INFO:Rank 0]      num_neurons: 1750
[INFO:Rank 0]      index_1d   : 2
[INFO:Rank 0]      index_3d   : ( 0 , 1 , 0 )
[INFO:Rank 0]      xyz_min    : ( 0 , 315.25 , 0 )
[INFO:Rank 0]      xyz_max    : ( 315.25 , 630.5 , 315.25 )

[INFO:Rank 0]  Subdomain: 3
[INFO:Rank 0]      num_neurons: 1750
[INFO:Rank 0]      index_1d   : 3
[INFO:Rank 0]      index_3d   : ( 1 , 1 , 0 )
[INFO:Rank 0]      xyz_min    : ( 315.25 , 315.25 , 0 )
[INFO:Rank 0]      xyz_max    : ( 630.5 , 630.5 , 315.25 )

[INFO:Rank 0]  init_free_object_list: max_num_objects: 1572352  sizeof(OctreeNode): 200
[INFO:Rank 0]  Neurons created
[INFO:Rank 0]  Neurons inserted into subdomains
[INFO:Rank 0]  Subdomains inserted into global tree
[INFO:Rank 0]  Network graph created
[INFO:Rank 0]  Synaptic elements initialized 

** STATE AFTER: 1 of 1 msec ** [Fri Jul 26 17:12:20 2019]
** UPDATE CONNECTIVITY AFTER: 1 of 1 msec ** [Fri Jul 26 17:12:20 2019]

[INFO:Rank 0]  Sum (all processes) number synapses deleted: 0
[INFO:Rank 0]  Sum (all processes) number synapses created: 648760

======== TIMERS GLOBAL OVER ALL RANKS ========
                                                (    min      |     avg      |     max     ) sec.
TIMERS: main()
  main()                                       : 1400.12      | 1400.14      | 1400.14     
  Initialization                               : 0.574574     | 0.581697     | 0.586803    
  Simulation loop                              : 1399.54      | 1399.55      | 1399.56     
    Update electrical activity                 : 2.6e-08      | 3.51953e-08  | 4.6e-08     
    Update #synaptic elements delta            : 2.6e-08      | 3.41641e-08  | 4e-08       
    Connectivity update                        : 1399.54      | 1399.55      | 1399.56     
      Update #synaptic elements + del synapses : 0            | 0            | 0           
      Update local trees                       : 0.000971231  | 0.00101365   | 0.00119473  
      Exchange branch nodes (w/ Allgather)     : 9.4577e-05   | 0.00317944   | 0.00416439  
      Insert branch nodes into global tree     : 2.4709e-05   | 2.69342e-05  | 4.4108e-05  
      Update global tree                       : 1.1101e-05   | 1.23462e-05  | 2.4534e-05  
      Find target neurons (w/ RMA)             : 109.548      | 585.758      | 1399.22     
      Empty remote nodes cache                 : 0.0286469    | 0.0517761    | 0.0842847   
      Create synapses (w/ Alltoall)            : 0.246696     | 813.74       | 1289.97     

======== RMA MEMORY ALLOCATOR RANK 0 ========
Min num objects available: 1471640

[INFO:Rank 0]  END: Fri Jul 26 17:35:39 2019

