Number ranks: 64
Partitioning based on number neurons would be: Rank 0: my_num_neurons: 6000 [start_id,end_id]: [0,5999]

[INFO:Rank 0]  START: Fri Jul 26 16:05:21 2019

** PARAMETERS **

num_neurons                  : 384000
frac_neurons_exc             : 0.8
simulation_time              : 1
x_0                          : 0.05
tau_x                        : 5
k                            : 0.03
tau_C                        : 5000
beta                         : 0.001
C_target                     : 0.5
refrac_time                  : 4
h                            : 10
eta_A                        : 0
eta_D_ex                     : 0
eta_D_in                     : 0
nu                           : 1e-05
vacant_retract_ratio         : 0
accept_criterion (BH)        : 0.4
sigma (BH)                   : 750
naive_method (BH)            : 0
num_log_files                : 9
log_start_neuron             : 0
mpi_rma_mem_size (Byte)      : 314572800
max_num_pending_vacant_axons : 1000

[INFO:Rank 0]  Simulation box length          : 1898 (height = width = depth)
[INFO:Rank 0]  Subdomain length               : 474.5 (height = width = depth)
[INFO:Rank 0]  Total number subdomains        : 64
[INFO:Rank 0]  Number subdomains per dimension: 4
[INFO:Rank 0]  My number of neurons   : 6000
[INFO:Rank 0]  My number of subdomains: 1
[INFO:Rank 0]  My subdomain ids       : [ 0 , 0 ]
[INFO:Rank 0]  Subdomain: 0
[INFO:Rank 0]      num_neurons: 6000
[INFO:Rank 0]      index_1d   : 0
[INFO:Rank 0]      index_3d   : ( 0 , 0 , 0 )
[INFO:Rank 0]      xyz_min    : ( 0 , 0 , 0 )
[INFO:Rank 0]      xyz_max    : ( 474.5 , 474.5 , 474.5 )

[INFO:Rank 0]  init_free_object_list: max_num_objects: 1572800  sizeof(OctreeNode): 200
[INFO:Rank 0]  Neurons created
[INFO:Rank 0]  Neurons inserted into subdomains
[INFO:Rank 0]  Subdomains inserted into global tree
[INFO:Rank 0]  Network graph created
[INFO:Rank 0]  Synaptic elements initialized 

** STATE AFTER: 1 of 1 msec ** [Fri Jul 26 16:05:22 2019]
** UPDATE CONNECTIVITY AFTER: 1 of 1 msec ** [Fri Jul 26 16:05:22 2019]

[INFO:Rank 0]  Sum (all processes) number synapses deleted: 0
[INFO:Rank 0]  Sum (all processes) number synapses created: 275555

======== TIMERS GLOBAL OVER ALL RANKS ========
                                                (    min      |     avg      |     max     ) sec.
TIMERS: main()
  main()                                       : 15.8594      | 15.863       | 15.8648     
  Initialization                               : 0.395092     | 0.399474     | 0.401547    
  Simulation loop                              : 15.4623      | 15.4632      | 15.464      
    Update electrical activity                 : 2.5e-08      | 3.53594e-08  | 6.7e-08     
    Update #synaptic elements delta            : 2.4e-08      | 3.3875e-08   | 3.7e-08     
    Connectivity update                        : 15.4622      | 15.4631      | 15.4639     
      Update #synaptic elements + del synapses : 0            | 0            | 0           
      Update local trees                       : 0.00083721   | 0.000867606  | 0.00109776  
      Exchange branch nodes (w/ Allgather)     : 5.3408e-05   | 0.000846431  | 0.00168364  
      Insert branch nodes into global tree     : 3.38e-06     | 3.78859e-06  | 4.268e-06   
      Update global tree                       : 1.822e-06    | 2.05005e-06  | 2.691e-06   
      Find target neurons (w/ RMA)             : 2.34761      | 7.43755      | 15.311      
      Empty remote nodes cache                 : 0.0167528    | 0.0214167    | 0.0257762   
      Create synapses (w/ Alltoall)            : 0.124427     | 8.00226      | 13.0953     

======== RMA MEMORY ALLOCATOR RANK 0 ========
Min num objects available: 1511699

[INFO:Rank 0]  END: Fri Jul 26 16:05:37 2019

Number ranks: 64
Partitioning based on number neurons would be: Rank 0: my_num_neurons: 6000 [start_id,end_id]: [0,5999]

[INFO:Rank 0]  START: Fri Jul 26 16:05:38 2019

** PARAMETERS **

num_neurons                  : 384000
frac_neurons_exc             : 0.8
simulation_time              : 1
x_0                          : 0.05
tau_x                        : 5
k                            : 0.03
tau_C                        : 5000
beta                         : 0.001
C_target                     : 0.5
refrac_time                  : 4
h                            : 10
eta_A                        : 0
eta_D_ex                     : 0
eta_D_in                     : 0
nu                           : 1e-05
vacant_retract_ratio         : 0
accept_criterion (BH)        : 0.4
sigma (BH)                   : 750
naive_method (BH)            : 0
num_log_files                : 9
log_start_neuron             : 0
mpi_rma_mem_size (Byte)      : 314572800
max_num_pending_vacant_axons : 1000

[INFO:Rank 0]  Simulation box length          : 1898 (height = width = depth)
[INFO:Rank 0]  Subdomain length               : 474.5 (height = width = depth)
[INFO:Rank 0]  Total number subdomains        : 64
[INFO:Rank 0]  Number subdomains per dimension: 4
[INFO:Rank 0]  My number of neurons   : 6000
[INFO:Rank 0]  My number of subdomains: 1
[INFO:Rank 0]  My subdomain ids       : [ 0 , 0 ]
[INFO:Rank 0]  Subdomain: 0
[INFO:Rank 0]      num_neurons: 6000
[INFO:Rank 0]      index_1d   : 0
[INFO:Rank 0]      index_3d   : ( 0 , 0 , 0 )
[INFO:Rank 0]      xyz_min    : ( 0 , 0 , 0 )
[INFO:Rank 0]      xyz_max    : ( 474.5 , 474.5 , 474.5 )

[INFO:Rank 0]  init_free_object_list: max_num_objects: 1572800  sizeof(OctreeNode): 200
[INFO:Rank 0]  Neurons created
[INFO:Rank 0]  Neurons inserted into subdomains
[INFO:Rank 0]  Subdomains inserted into global tree
[INFO:Rank 0]  Network graph created
[INFO:Rank 0]  Synaptic elements initialized 

** STATE AFTER: 1 of 1 msec ** [Fri Jul 26 16:05:39 2019]
** UPDATE CONNECTIVITY AFTER: 1 of 1 msec ** [Fri Jul 26 16:05:39 2019]

[INFO:Rank 0]  Sum (all processes) number synapses deleted: 0
[INFO:Rank 0]  Sum (all processes) number synapses created: 275555

======== TIMERS GLOBAL OVER ALL RANKS ========
                                                (    min      |     avg      |     max     ) sec.
TIMERS: main()
  main()                                       : 16.2815      | 16.2844      | 16.2869     
  Initialization                               : 0.396203     | 0.399591     | 0.40293     
  Simulation loop                              : 15.8829      | 15.8844      | 15.8857     
    Update electrical activity                 : 3.1e-08      | 3.5625e-08   | 4.6e-08     
    Update #synaptic elements delta            : 3.2e-08      | 3.51719e-08  | 4.4e-08     
    Connectivity update                        : 15.8826      | 15.8844      | 15.8857     
      Update #synaptic elements + del synapses : 0            | 0            | 0           
      Update local trees                       : 0.000843451  | 0.000879301  | 0.00106661  
      Exchange branch nodes (w/ Allgather)     : 3.6377e-05   | 0.00182809   | 0.00316867  
      Insert branch nodes into global tree     : 3.482e-06    | 4.01739e-06  | 7.364e-06   
      Update global tree                       : 1.848e-06    | 2.09559e-06  | 2.787e-06   
      Find target neurons (w/ RMA)             : 2.39341      | 7.4673       | 15.7294     
      Empty remote nodes cache                 : 0.0167643    | 0.0217163    | 0.0267651   
      Create synapses (w/ Alltoall)            : 0.126392     | 8.39247      | 13.4703     

======== RMA MEMORY ALLOCATOR RANK 0 ========
Min num objects available: 1511699

[INFO:Rank 0]  END: Fri Jul 26 16:05:55 2019

