Number ranks: 128
Partitioning based on number neurons would be: Rank 0: my_num_neurons: 7000 [start_id,end_id]: [0,6999]

[INFO:Rank 0]  START: Fri Jul 26 16:49:52 2019

** PARAMETERS **

num_neurons                  : 896000
frac_neurons_exc             : 0.8
simulation_time              : 1
x_0                          : 0.05
tau_x                        : 5
k                            : 0.03
tau_C                        : 5000
beta                         : 0.001
C_target                     : 0.5
refrac_time                  : 4
h                            : 10
eta_A                        : 0
eta_D_ex                     : 0
eta_D_in                     : 0
nu                           : 1e-05
vacant_retract_ratio         : 0
accept_criterion (BH)        : 0.2
sigma (BH)                   : 750
naive_method (BH)            : 0
num_log_files                : 9
log_start_neuron             : 0
mpi_rma_mem_size (Byte)      : 314572800
max_num_pending_vacant_axons : 1000

[INFO:Rank 0]  Simulation box length          : 2522 (height = width = depth)
[INFO:Rank 0]  Subdomain length               : 315.25 (height = width = depth)
[INFO:Rank 0]  Total number subdomains        : 512
[INFO:Rank 0]  Number subdomains per dimension: 8
[INFO:Rank 0]  My number of neurons   : 7000
[INFO:Rank 0]  My number of subdomains: 4
[INFO:Rank 0]  My subdomain ids       : [ 0 , 3 ]
[INFO:Rank 0]  Subdomain: 0
[INFO:Rank 0]      num_neurons: 1750
[INFO:Rank 0]      index_1d   : 0
[INFO:Rank 0]      index_3d   : ( 0 , 0 , 0 )
[INFO:Rank 0]      xyz_min    : ( 0 , 0 , 0 )
[INFO:Rank 0]      xyz_max    : ( 315.25 , 315.25 , 315.25 )

[INFO:Rank 0]  Subdomain: 1
[INFO:Rank 0]      num_neurons: 1750
[INFO:Rank 0]      index_1d   : 1
[INFO:Rank 0]      index_3d   : ( 1 , 0 , 0 )
[INFO:Rank 0]      xyz_min    : ( 315.25 , 0 , 0 )
[INFO:Rank 0]      xyz_max    : ( 630.5 , 315.25 , 315.25 )

[INFO:Rank 0]  Subdomain: 2
[INFO:Rank 0]      num_neurons: 1750
[INFO:Rank 0]      index_1d   : 2
[INFO:Rank 0]      index_3d   : ( 0 , 1 , 0 )
[INFO:Rank 0]      xyz_min    : ( 0 , 315.25 , 0 )
[INFO:Rank 0]      xyz_max    : ( 315.25 , 630.5 , 315.25 )

[INFO:Rank 0]  Subdomain: 3
[INFO:Rank 0]      num_neurons: 1750
[INFO:Rank 0]      index_1d   : 3
[INFO:Rank 0]      index_3d   : ( 1 , 1 , 0 )
[INFO:Rank 0]      xyz_min    : ( 315.25 , 315.25 , 0 )
[INFO:Rank 0]      xyz_max    : ( 630.5 , 630.5 , 315.25 )

[INFO:Rank 0]  init_free_object_list: max_num_objects: 1572352  sizeof(OctreeNode): 200
[INFO:Rank 0]  Neurons created
[INFO:Rank 0]  Neurons inserted into subdomains
[INFO:Rank 0]  Subdomains inserted into global tree
[INFO:Rank 0]  Network graph created
[INFO:Rank 0]  Synaptic elements initialized 

** STATE AFTER: 1 of 1 msec ** [Fri Jul 26 16:49:52 2019]
** UPDATE CONNECTIVITY AFTER: 1 of 1 msec ** [Fri Jul 26 16:49:52 2019]

[INFO:Rank 0]  Sum (all processes) number synapses deleted: 0
[INFO:Rank 0]  Sum (all processes) number synapses created: 648785

======== TIMERS GLOBAL OVER ALL RANKS ========
                                                (    min      |     avg      |     max     ) sec.
TIMERS: main()
  main()                                       : 192.102      | 192.103      | 192.105     
  Initialization                               : 0.570588     | 0.571834     | 0.574325    
  Simulation loop                              : 191.528      | 191.531      | 191.532     
    Update electrical activity                 : 2.5e-08      | 3.475e-08    | 5.5e-08     
    Update #synaptic elements delta            : 2.5e-08      | 3.37109e-08  | 4e-08       
    Connectivity update                        : 191.528      | 191.531      | 191.532     
      Update #synaptic elements + del synapses : 0            | 0            | 0           
      Update local trees                       : 0.0009715    | 0.00100744   | 0.00122379  
      Exchange branch nodes (w/ Allgather)     : 9.3756e-05   | 0.0027442    | 0.00352276  
      Insert branch nodes into global tree     : 2.4734e-05   | 2.70079e-05  | 4.3169e-05  
      Update global tree                       : 1.1113e-05   | 1.21656e-05  | 2.3484e-05  
      Find target neurons (w/ RMA)             : 15.3912      | 80.4698      | 191.253     
      Empty remote nodes cache                 : 0.0194275    | 0.0311195    | 0.0429503   
      Create synapses (w/ Alltoall)            : 0.231126     | 111.026      | 176.113     

======== RMA MEMORY ALLOCATOR RANK 0 ========
Min num objects available: 1497868

[INFO:Rank 0]  END: Fri Jul 26 16:53:04 2019

Number ranks: 128
Partitioning based on number neurons would be: Rank 0: my_num_neurons: 7000 [start_id,end_id]: [0,6999]

[INFO:Rank 0]  START: Fri Jul 26 16:53:05 2019

** PARAMETERS **

num_neurons                  : 896000
frac_neurons_exc             : 0.8
simulation_time              : 1
x_0                          : 0.05
tau_x                        : 5
k                            : 0.03
tau_C                        : 5000
beta                         : 0.001
C_target                     : 0.5
refrac_time                  : 4
h                            : 10
eta_A                        : 0
eta_D_ex                     : 0
eta_D_in                     : 0
nu                           : 1e-05
vacant_retract_ratio         : 0
accept_criterion (BH)        : 0.2
sigma (BH)                   : 750
naive_method (BH)            : 0
num_log_files                : 9
log_start_neuron             : 0
mpi_rma_mem_size (Byte)      : 314572800
max_num_pending_vacant_axons : 1000

[INFO:Rank 0]  Simulation box length          : 2522 (height = width = depth)
[INFO:Rank 0]  Subdomain length               : 315.25 (height = width = depth)
[INFO:Rank 0]  Total number subdomains        : 512
[INFO:Rank 0]  Number subdomains per dimension: 8
[INFO:Rank 0]  My number of neurons   : 7000
[INFO:Rank 0]  My number of subdomains: 4
[INFO:Rank 0]  My subdomain ids       : [ 0 , 3 ]
[INFO:Rank 0]  Subdomain: 0
[INFO:Rank 0]      num_neurons: 1750
[INFO:Rank 0]      index_1d   : 0
[INFO:Rank 0]      index_3d   : ( 0 , 0 , 0 )
[INFO:Rank 0]      xyz_min    : ( 0 , 0 , 0 )
[INFO:Rank 0]      xyz_max    : ( 315.25 , 315.25 , 315.25 )

[INFO:Rank 0]  Subdomain: 1
[INFO:Rank 0]      num_neurons: 1750
[INFO:Rank 0]      index_1d   : 1
[INFO:Rank 0]      index_3d   : ( 1 , 0 , 0 )
[INFO:Rank 0]      xyz_min    : ( 315.25 , 0 , 0 )
[INFO:Rank 0]      xyz_max    : ( 630.5 , 315.25 , 315.25 )

[INFO:Rank 0]  Subdomain: 2
[INFO:Rank 0]      num_neurons: 1750
[INFO:Rank 0]      index_1d   : 2
[INFO:Rank 0]      index_3d   : ( 0 , 1 , 0 )
[INFO:Rank 0]      xyz_min    : ( 0 , 315.25 , 0 )
[INFO:Rank 0]      xyz_max    : ( 315.25 , 630.5 , 315.25 )

[INFO:Rank 0]  Subdomain: 3
[INFO:Rank 0]      num_neurons: 1750
[INFO:Rank 0]      index_1d   : 3
[INFO:Rank 0]      index_3d   : ( 1 , 1 , 0 )
[INFO:Rank 0]      xyz_min    : ( 315.25 , 315.25 , 0 )
[INFO:Rank 0]      xyz_max    : ( 630.5 , 630.5 , 315.25 )

[INFO:Rank 0]  init_free_object_list: max_num_objects: 1572352  sizeof(OctreeNode): 200
[INFO:Rank 0]  Neurons created
[INFO:Rank 0]  Neurons inserted into subdomains
[INFO:Rank 0]  Subdomains inserted into global tree
[INFO:Rank 0]  Network graph created
[INFO:Rank 0]  Synaptic elements initialized 

** STATE AFTER: 1 of 1 msec ** [Fri Jul 26 16:53:05 2019]
** UPDATE CONNECTIVITY AFTER: 1 of 1 msec ** [Fri Jul 26 16:53:05 2019]

[INFO:Rank 0]  Sum (all processes) number synapses deleted: 0
[INFO:Rank 0]  Sum (all processes) number synapses created: 648785

======== TIMERS GLOBAL OVER ALL RANKS ========
                                                (    min      |     avg      |     max     ) sec.
TIMERS: main()
  main()                                       : 192.019      | 192.021      | 192.022     
  Initialization                               : 0.579813     | 0.582148     | 0.584955    
  Simulation loop                              : 191.435      | 191.438      | 191.439     
    Update electrical activity                 : 2.5e-08      | 3.50156e-08  | 4.6e-08     
    Update #synaptic elements delta            : 2.7e-08      | 3.41406e-08  | 3.9e-08     
    Connectivity update                        : 191.435      | 191.438      | 191.438     
      Update #synaptic elements + del synapses : 0            | 0            | 0           
      Update local trees                       : 0.00097422   | 0.00101131   | 0.0012486   
      Exchange branch nodes (w/ Allgather)     : 8.8327e-05   | 0.00256441   | 0.00338662  
      Insert branch nodes into global tree     : 2.4897e-05   | 2.6817e-05   | 4.5322e-05  
      Update global tree                       : 1.1222e-05   | 1.23312e-05  | 3.554e-05   
      Find target neurons (w/ RMA)             : 15.3873      | 80.4257      | 191.163     
      Empty remote nodes cache                 : 0.0193351    | 0.0308879    | 0.0426815   
      Create synapses (w/ Alltoall)            : 0.228953     | 110.977      | 176.024     

======== RMA MEMORY ALLOCATOR RANK 0 ========
Min num objects available: 1497868

[INFO:Rank 0]  END: Fri Jul 26 16:56:17 2019

