Number ranks: 32
Partitioning based on number neurons would be: Rank 0: my_num_neurons: 8000 [start_id,end_id]: [0,7999]

[INFO:Rank 0]  START: Fri Jul 26 15:35:31 2019

** PARAMETERS **

num_neurons                  : 256000
frac_neurons_exc             : 0.8
simulation_time              : 1
x_0                          : 0.05
tau_x                        : 5
k                            : 0.03
tau_C                        : 5000
beta                         : 0.001
C_target                     : 0.5
refrac_time                  : 4
h                            : 10
eta_A                        : 0
eta_D_ex                     : 0
eta_D_in                     : 0
nu                           : 1e-05
vacant_retract_ratio         : 0
accept_criterion (BH)        : 0.2
sigma (BH)                   : 750
naive_method (BH)            : 0
num_log_files                : 9
log_start_neuron             : 0
mpi_rma_mem_size (Byte)      : 314572800
max_num_pending_vacant_axons : 1000

[INFO:Rank 0]  Simulation box length          : 1664 (height = width = depth)
[INFO:Rank 0]  Subdomain length               : 416 (height = width = depth)
[INFO:Rank 0]  Total number subdomains        : 64
[INFO:Rank 0]  Number subdomains per dimension: 4
[INFO:Rank 0]  My number of neurons   : 8000
[INFO:Rank 0]  My number of subdomains: 2
[INFO:Rank 0]  My subdomain ids       : [ 0 , 1 ]
[INFO:Rank 0]  Subdomain: 0
[INFO:Rank 0]      num_neurons: 4000
[INFO:Rank 0]      index_1d   : 0
[INFO:Rank 0]      index_3d   : ( 0 , 0 , 0 )
[INFO:Rank 0]      xyz_min    : ( 0 , 0 , 0 )
[INFO:Rank 0]      xyz_max    : ( 416 , 416 , 416 )

[INFO:Rank 0]  Subdomain: 1
[INFO:Rank 0]      num_neurons: 4000
[INFO:Rank 0]      index_1d   : 1
[INFO:Rank 0]      index_3d   : ( 1 , 0 , 0 )
[INFO:Rank 0]      xyz_min    : ( 416 , 0 , 0 )
[INFO:Rank 0]      xyz_max    : ( 832 , 416 , 416 )

[INFO:Rank 0]  init_free_object_list: max_num_objects: 1572800  sizeof(OctreeNode): 200
[INFO:Rank 0]  Neurons created
[INFO:Rank 0]  Neurons inserted into subdomains
[INFO:Rank 0]  Subdomains inserted into global tree
[INFO:Rank 0]  Network graph created
[INFO:Rank 0]  Synaptic elements initialized 

** STATE AFTER: 1 of 1 msec ** [Fri Jul 26 15:35:31 2019]
** UPDATE CONNECTIVITY AFTER: 1 of 1 msec ** [Fri Jul 26 15:35:31 2019]

[INFO:Rank 0]  Sum (all processes) number synapses deleted: 0
[INFO:Rank 0]  Sum (all processes) number synapses created: 184898

======== TIMERS GLOBAL OVER ALL RANKS ========
                                                (    min      |     avg      |     max     ) sec.
TIMERS: main()
  main()                                       : 110.055      | 110.058      | 110.06      
  Initialization                               : 0.306176     | 0.309053     | 0.310776    
  Simulation loop                              : 109.748      | 109.749      | 109.75      
    Update electrical activity                 : 2.7e-08      | 3.50625e-08  | 3.8e-08     
    Update #synaptic elements delta            : 2.7e-08      | 3.36875e-08  | 3.6e-08     
    Connectivity update                        : 109.748      | 109.749      | 109.749     
      Update #synaptic elements + del synapses : 0            | 0            | 0           
      Update local trees                       : 0.00111849   | 0.0011495    | 0.00118884  
      Exchange branch nodes (w/ Allgather)     : 3.6222e-05   | 0.000727371  | 0.00131676  
      Insert branch nodes into global tree     : 3.444e-06    | 3.79056e-06  | 4.329e-06   
      Update global tree                       : 2.286e-06    | 2.67003e-06  | 3.014e-06   
      Find target neurons (w/ RMA)             : 16.6623      | 52.7853      | 109.654     
      Empty remote nodes cache                 : 0.0210968    | 0.0270162    | 0.0325726   
      Create synapses (w/ Alltoall)            : 0.0596432    | 56.9345      | 93.0605     

======== RMA MEMORY ALLOCATOR RANK 0 ========
Min num objects available: 1495413

[INFO:Rank 0]  END: Fri Jul 26 15:37:21 2019

Number ranks: 32
Partitioning based on number neurons would be: Rank 0: my_num_neurons: 8000 [start_id,end_id]: [0,7999]

[INFO:Rank 0]  START: Fri Jul 26 15:37:21 2019

** PARAMETERS **

num_neurons                  : 256000
frac_neurons_exc             : 0.8
simulation_time              : 1
x_0                          : 0.05
tau_x                        : 5
k                            : 0.03
tau_C                        : 5000
beta                         : 0.001
C_target                     : 0.5
refrac_time                  : 4
h                            : 10
eta_A                        : 0
eta_D_ex                     : 0
eta_D_in                     : 0
nu                           : 1e-05
vacant_retract_ratio         : 0
accept_criterion (BH)        : 0.2
sigma (BH)                   : 750
naive_method (BH)            : 0
num_log_files                : 9
log_start_neuron             : 0
mpi_rma_mem_size (Byte)      : 314572800
max_num_pending_vacant_axons : 1000

[INFO:Rank 0]  Simulation box length          : 1664 (height = width = depth)
[INFO:Rank 0]  Subdomain length               : 416 (height = width = depth)
[INFO:Rank 0]  Total number subdomains        : 64
[INFO:Rank 0]  Number subdomains per dimension: 4
[INFO:Rank 0]  My number of neurons   : 8000
[INFO:Rank 0]  My number of subdomains: 2
[INFO:Rank 0]  My subdomain ids       : [ 0 , 1 ]
[INFO:Rank 0]  Subdomain: 0
[INFO:Rank 0]      num_neurons: 4000
[INFO:Rank 0]      index_1d   : 0
[INFO:Rank 0]      index_3d   : ( 0 , 0 , 0 )
[INFO:Rank 0]      xyz_min    : ( 0 , 0 , 0 )
[INFO:Rank 0]      xyz_max    : ( 416 , 416 , 416 )

[INFO:Rank 0]  Subdomain: 1
[INFO:Rank 0]      num_neurons: 4000
[INFO:Rank 0]      index_1d   : 1
[INFO:Rank 0]      index_3d   : ( 1 , 0 , 0 )
[INFO:Rank 0]      xyz_min    : ( 416 , 0 , 0 )
[INFO:Rank 0]      xyz_max    : ( 832 , 416 , 416 )

[INFO:Rank 0]  init_free_object_list: max_num_objects: 1572800  sizeof(OctreeNode): 200
[INFO:Rank 0]  Neurons created
[INFO:Rank 0]  Neurons inserted into subdomains
[INFO:Rank 0]  Subdomains inserted into global tree
[INFO:Rank 0]  Network graph created
[INFO:Rank 0]  Synaptic elements initialized 

** STATE AFTER: 1 of 1 msec ** [Fri Jul 26 15:37:22 2019]
** UPDATE CONNECTIVITY AFTER: 1 of 1 msec ** [Fri Jul 26 15:37:22 2019]

[INFO:Rank 0]  Sum (all processes) number synapses deleted: 0
[INFO:Rank 0]  Sum (all processes) number synapses created: 184898

======== TIMERS GLOBAL OVER ALL RANKS ========
                                                (    min      |     avg      |     max     ) sec.
TIMERS: main()
  main()                                       : 109.347      | 109.35       | 109.351     
  Initialization                               : 0.305033     | 0.308491     | 0.317018    
  Simulation loop                              : 109.034      | 109.041      | 109.042     
    Update electrical activity                 : 3.3e-08      | 3.55625e-08  | 4.4e-08     
    Update #synaptic elements delta            : 3.1e-08      | 3.39375e-08  | 3.7e-08     
    Connectivity update                        : 109.034      | 109.041      | 109.042     
      Update #synaptic elements + del synapses : 0            | 0            | 0           
      Update local trees                       : 0.00111571   | 0.00115248   | 0.00135981  
      Exchange branch nodes (w/ Allgather)     : 3.7801e-05   | 0.00715147   | 0.00813299  
      Insert branch nodes into global tree     : 3.615e-06    | 3.90675e-06  | 4.771e-06   
      Update global tree                       : 2.406e-06    | 2.66875e-06  | 3.34e-06    
      Find target neurons (w/ RMA)             : 16.8399      | 52.7502      | 108.943     
      Empty remote nodes cache                 : 0.0209017    | 0.0268065    | 0.0329592   
      Create synapses (w/ Alltoall)            : 0.0600544    | 56.2553      | 92.1684     

======== RMA MEMORY ALLOCATOR RANK 0 ========
Min num objects available: 1495413

[INFO:Rank 0]  END: Fri Jul 26 15:39:11 2019

