Number ranks: 256
Partitioning based on number neurons would be: Rank 0: my_num_neurons: 7000 [start_id,end_id]: [0,6999]

[INFO:Rank 0]  START: Fri Jul 26 18:18:30 2019

** PARAMETERS **

num_neurons                  : 1792000
frac_neurons_exc             : 0.8
simulation_time              : 1
x_0                          : 0.05
tau_x                        : 5
k                            : 0.03
tau_C                        : 5000
beta                         : 0.001
C_target                     : 0.5
refrac_time                  : 4
h                            : 10
eta_A                        : 0
eta_D_ex                     : 0
eta_D_in                     : 0
nu                           : 1e-05
vacant_retract_ratio         : 0
accept_criterion (BH)        : 0.5
sigma (BH)                   : 750
naive_method (BH)            : 0
num_log_files                : 9
log_start_neuron             : 0
mpi_rma_mem_size (Byte)      : 314572800
max_num_pending_vacant_axons : 1000

[INFO:Rank 0]  Simulation box length          : 3172 (height = width = depth)
[INFO:Rank 0]  Subdomain length               : 396.5 (height = width = depth)
[INFO:Rank 0]  Total number subdomains        : 512
[INFO:Rank 0]  Number subdomains per dimension: 8
[INFO:Rank 0]  My number of neurons   : 7000
[INFO:Rank 0]  My number of subdomains: 2
[INFO:Rank 0]  My subdomain ids       : [ 0 , 1 ]
[INFO:Rank 0]  Subdomain: 0
[INFO:Rank 0]      num_neurons: 3500
[INFO:Rank 0]      index_1d   : 0
[INFO:Rank 0]      index_3d   : ( 0 , 0 , 0 )
[INFO:Rank 0]      xyz_min    : ( 0 , 0 , 0 )
[INFO:Rank 0]      xyz_max    : ( 396.5 , 396.5 , 396.5 )

[INFO:Rank 0]  Subdomain: 1
[INFO:Rank 0]      num_neurons: 3500
[INFO:Rank 0]      index_1d   : 1
[INFO:Rank 0]      index_3d   : ( 1 , 0 , 0 )
[INFO:Rank 0]      xyz_min    : ( 396.5 , 0 , 0 )
[INFO:Rank 0]      xyz_max    : ( 793 , 396.5 , 396.5 )

[INFO:Rank 0]  init_free_object_list: max_num_objects: 1572352  sizeof(OctreeNode): 200
[INFO:Rank 0]  Neurons created
[INFO:Rank 0]  Neurons inserted into subdomains
[INFO:Rank 0]  Subdomains inserted into global tree
[INFO:Rank 0]  Network graph created
[INFO:Rank 0]  Synaptic elements initialized 

** STATE AFTER: 1 of 1 msec ** [Fri Jul 26 18:18:31 2019]
** UPDATE CONNECTIVITY AFTER: 1 of 1 msec ** [Fri Jul 26 18:18:31 2019]

[INFO:Rank 0]  Sum (all processes) number synapses deleted: 0
[INFO:Rank 0]  Sum (all processes) number synapses created: 1.29297e+06

======== TIMERS GLOBAL OVER ALL RANKS ========
                                                (    min      |     avg      |     max     ) sec.
TIMERS: main()
  main()                                       : 15.4284      | 15.4304      | 15.4318     
  Initialization                               : 0.951713     | 0.95467      | 0.962895    
  Simulation loop                              : 14.4669      | 14.475       | 14.4767     
    Update electrical activity                 : 2.7e-08      | 3.49414e-08  | 5e-08       
    Update #synaptic elements delta            : 2.5e-08      | 3.38398e-08  | 4.8e-08     
    Connectivity update                        : 14.4668      | 14.4749      | 14.4767     
      Update #synaptic elements + del synapses : 0            | 0            | 0           
      Update local trees                       : 0.000969357  | 0.00107628   | 0.00217565  
      Exchange branch nodes (w/ Allgather)     : 0.00014972   | 0.00832817   | 0.0100911   
      Insert branch nodes into global tree     : 2.5558e-05   | 3.24218e-05  | 8.4338e-05  
      Update global tree                       : 1.107e-05    | 1.18754e-05  | 2.2909e-05  
      Find target neurons (w/ RMA)             : 1.65543      | 7.52619      | 14.0396     
      Empty remote nodes cache                 : 0.0180999    | 0.0273794    | 0.0369773   
      Create synapses (w/ Alltoall)            : 0.391017     | 6.91145      | 12.7895     

======== RMA MEMORY ALLOCATOR RANK 0 ========
Min num objects available: 1504835

[INFO:Rank 0]  END: Fri Jul 26 18:18:46 2019

Number ranks: 256
Partitioning based on number neurons would be: Rank 0: my_num_neurons: 7000 [start_id,end_id]: [0,6999]

[INFO:Rank 0]  START: Fri Jul 26 18:18:47 2019

** PARAMETERS **

num_neurons                  : 1792000
frac_neurons_exc             : 0.8
simulation_time              : 1
x_0                          : 0.05
tau_x                        : 5
k                            : 0.03
tau_C                        : 5000
beta                         : 0.001
C_target                     : 0.5
refrac_time                  : 4
h                            : 10
eta_A                        : 0
eta_D_ex                     : 0
eta_D_in                     : 0
nu                           : 1e-05
vacant_retract_ratio         : 0
accept_criterion (BH)        : 0.5
sigma (BH)                   : 750
naive_method (BH)            : 0
num_log_files                : 9
log_start_neuron             : 0
mpi_rma_mem_size (Byte)      : 314572800
max_num_pending_vacant_axons : 1000

[INFO:Rank 0]  Simulation box length          : 3172 (height = width = depth)
[INFO:Rank 0]  Subdomain length               : 396.5 (height = width = depth)
[INFO:Rank 0]  Total number subdomains        : 512
[INFO:Rank 0]  Number subdomains per dimension: 8
[INFO:Rank 0]  My number of neurons   : 7000
[INFO:Rank 0]  My number of subdomains: 2
[INFO:Rank 0]  My subdomain ids       : [ 0 , 1 ]
[INFO:Rank 0]  Subdomain: 0
[INFO:Rank 0]      num_neurons: 3500
[INFO:Rank 0]      index_1d   : 0
[INFO:Rank 0]      index_3d   : ( 0 , 0 , 0 )
[INFO:Rank 0]      xyz_min    : ( 0 , 0 , 0 )
[INFO:Rank 0]      xyz_max    : ( 396.5 , 396.5 , 396.5 )

[INFO:Rank 0]  Subdomain: 1
[INFO:Rank 0]      num_neurons: 3500
[INFO:Rank 0]      index_1d   : 1
[INFO:Rank 0]      index_3d   : ( 1 , 0 , 0 )
[INFO:Rank 0]      xyz_min    : ( 396.5 , 0 , 0 )
[INFO:Rank 0]      xyz_max    : ( 793 , 396.5 , 396.5 )

[INFO:Rank 0]  init_free_object_list: max_num_objects: 1572352  sizeof(OctreeNode): 200
[INFO:Rank 0]  Neurons created
[INFO:Rank 0]  Neurons inserted into subdomains
[INFO:Rank 0]  Subdomains inserted into global tree
[INFO:Rank 0]  Network graph created
[INFO:Rank 0]  Synaptic elements initialized 

** STATE AFTER: 1 of 1 msec ** [Fri Jul 26 18:18:48 2019]
** UPDATE CONNECTIVITY AFTER: 1 of 1 msec ** [Fri Jul 26 18:18:48 2019]

[INFO:Rank 0]  Sum (all processes) number synapses deleted: 0
[INFO:Rank 0]  Sum (all processes) number synapses created: 1.29297e+06

======== TIMERS GLOBAL OVER ALL RANKS ========
                                                (    min      |     avg      |     max     ) sec.
TIMERS: main()
  main()                                       : 15.4354      | 15.4372      | 15.4387     
  Initialization                               : 0.953734     | 0.956466     | 0.963917    
  Simulation loop                              : 14.4717      | 14.4797      | 14.4815     
    Update electrical activity                 : 2.4e-08      | 3.50977e-08  | 5.5e-08     
    Update #synaptic elements delta            : 2.5e-08      | 3.40391e-08  | 4.7e-08     
    Connectivity update                        : 14.4704      | 14.4796      | 14.4815     
      Update #synaptic elements + del synapses : 0            | 0            | 0           
      Update local trees                       : 0.000968444  | 0.00113402   | 0.00216508  
      Exchange branch nodes (w/ Allgather)     : 0.000146237  | 0.00823266   | 0.00973693  
      Insert branch nodes into global tree     : 2.5159e-05   | 3.81555e-05  | 6.4155e-05  
      Update global tree                       : 1.1091e-05   | 1.21817e-05  | 2.633e-05   
      Find target neurons (w/ RMA)             : 1.65337      | 7.53756      | 14.0413     
      Empty remote nodes cache                 : 0.0182499    | 0.0274378    | 0.0346388   
      Create synapses (w/ Alltoall)            : 0.395342     | 6.90421      | 12.7948     

======== RMA MEMORY ALLOCATOR RANK 0 ========
Min num objects available: 1504835

[INFO:Rank 0]  END: Fri Jul 26 18:19:02 2019

