Number ranks: 128
Partitioning based on number neurons would be: Rank 0: my_num_neurons: 5000 [start_id,end_id]: [0,4999]

[INFO:Rank 0]  START: Fri Jul 26 16:36:54 2019

** PARAMETERS **

num_neurons                  : 640000
frac_neurons_exc             : 0.8
simulation_time              : 1
x_0                          : 0.05
tau_x                        : 5
k                            : 0.03
tau_C                        : 5000
beta                         : 0.001
C_target                     : 0.5
refrac_time                  : 4
h                            : 10
eta_A                        : 0
eta_D_ex                     : 0
eta_D_in                     : 0
nu                           : 1e-05
vacant_retract_ratio         : 0
accept_criterion (BH)        : 0.3
sigma (BH)                   : 750
naive_method (BH)            : 0
num_log_files                : 9
log_start_neuron             : 0
mpi_rma_mem_size (Byte)      : 314572800
max_num_pending_vacant_axons : 1000

[INFO:Rank 0]  Simulation box length          : 2262 (height = width = depth)
[INFO:Rank 0]  Subdomain length               : 282.75 (height = width = depth)
[INFO:Rank 0]  Total number subdomains        : 512
[INFO:Rank 0]  Number subdomains per dimension: 8
[INFO:Rank 0]  My number of neurons   : 5000
[INFO:Rank 0]  My number of subdomains: 4
[INFO:Rank 0]  My subdomain ids       : [ 0 , 3 ]
[INFO:Rank 0]  Subdomain: 0
[INFO:Rank 0]      num_neurons: 1250
[INFO:Rank 0]      index_1d   : 0
[INFO:Rank 0]      index_3d   : ( 0 , 0 , 0 )
[INFO:Rank 0]      xyz_min    : ( 0 , 0 , 0 )
[INFO:Rank 0]      xyz_max    : ( 282.75 , 282.75 , 282.75 )

[INFO:Rank 0]  Subdomain: 1
[INFO:Rank 0]      num_neurons: 1250
[INFO:Rank 0]      index_1d   : 1
[INFO:Rank 0]      index_3d   : ( 1 , 0 , 0 )
[INFO:Rank 0]      xyz_min    : ( 282.75 , 0 , 0 )
[INFO:Rank 0]      xyz_max    : ( 565.5 , 282.75 , 282.75 )

[INFO:Rank 0]  Subdomain: 2
[INFO:Rank 0]      num_neurons: 1250
[INFO:Rank 0]      index_1d   : 2
[INFO:Rank 0]      index_3d   : ( 0 , 1 , 0 )
[INFO:Rank 0]      xyz_min    : ( 0 , 282.75 , 0 )
[INFO:Rank 0]      xyz_max    : ( 282.75 , 565.5 , 282.75 )

[INFO:Rank 0]  Subdomain: 3
[INFO:Rank 0]      num_neurons: 1250
[INFO:Rank 0]      index_1d   : 3
[INFO:Rank 0]      index_3d   : ( 1 , 1 , 0 )
[INFO:Rank 0]      xyz_min    : ( 282.75 , 282.75 , 0 )
[INFO:Rank 0]      xyz_max    : ( 565.5 , 565.5 , 282.75 )

[INFO:Rank 0]  init_free_object_list: max_num_objects: 1572352  sizeof(OctreeNode): 200
[INFO:Rank 0]  Neurons created
[INFO:Rank 0]  Neurons inserted into subdomains
[INFO:Rank 0]  Subdomains inserted into global tree
[INFO:Rank 0]  Network graph created
[INFO:Rank 0]  Synaptic elements initialized 

** STATE AFTER: 1 of 1 msec ** [Fri Jul 26 16:36:55 2019]
** UPDATE CONNECTIVITY AFTER: 1 of 1 msec ** [Fri Jul 26 16:36:55 2019]

[INFO:Rank 0]  Sum (all processes) number synapses deleted: 0
[INFO:Rank 0]  Sum (all processes) number synapses created: 460689

======== TIMERS GLOBAL OVER ALL RANKS ========
                                                (    min      |     avg      |     max     ) sec.
TIMERS: main()
  main()                                       : 40.0577      | 40.0593      | 40.0609     
  Initialization                               : 0.639364     | 0.641502     | 0.646069    
  Simulation loop                              : 39.4123      | 39.417       | 39.4186     
    Update electrical activity                 : 2.6e-08      | 3.50625e-08  | 6.1e-08     
    Update #synaptic elements delta            : 2.4e-08      | 3.37031e-08  | 3.8e-08     
    Connectivity update                        : 39.4122      | 39.4169      | 39.4186     
      Update #synaptic elements + del synapses : 0            | 0            | 0           
      Update local trees                       : 0.000694808  | 0.000712893  | 0.000842446 
      Exchange branch nodes (w/ Allgather)     : 0.00010291   | 0.0044416    | 0.00552752  
      Insert branch nodes into global tree     : 2.4615e-05   | 2.64121e-05  | 3.6954e-05  
      Update global tree                       : 1.1141e-05   | 1.20621e-05  | 1.8379e-05  
      Find target neurons (w/ RMA)             : 3.8642       | 17.7874      | 39.1528     
      Empty remote nodes cache                 : 0.0149823    | 0.0204163    | 0.0257313   
      Create synapses (w/ Alltoall)            : 0.236076     | 21.6036      | 35.5314     

======== RMA MEMORY ALLOCATOR RANK 0 ========
Min num objects available: 1516632

[INFO:Rank 0]  END: Fri Jul 26 16:37:34 2019

Number ranks: 128
Partitioning based on number neurons would be: Rank 0: my_num_neurons: 5000 [start_id,end_id]: [0,4999]

[INFO:Rank 0]  START: Fri Jul 26 16:37:35 2019

** PARAMETERS **

num_neurons                  : 640000
frac_neurons_exc             : 0.8
simulation_time              : 1
x_0                          : 0.05
tau_x                        : 5
k                            : 0.03
tau_C                        : 5000
beta                         : 0.001
C_target                     : 0.5
refrac_time                  : 4
h                            : 10
eta_A                        : 0
eta_D_ex                     : 0
eta_D_in                     : 0
nu                           : 1e-05
vacant_retract_ratio         : 0
accept_criterion (BH)        : 0.3
sigma (BH)                   : 750
naive_method (BH)            : 0
num_log_files                : 9
log_start_neuron             : 0
mpi_rma_mem_size (Byte)      : 314572800
max_num_pending_vacant_axons : 1000

[INFO:Rank 0]  Simulation box length          : 2262 (height = width = depth)
[INFO:Rank 0]  Subdomain length               : 282.75 (height = width = depth)
[INFO:Rank 0]  Total number subdomains        : 512
[INFO:Rank 0]  Number subdomains per dimension: 8
[INFO:Rank 0]  My number of neurons   : 5000
[INFO:Rank 0]  My number of subdomains: 4
[INFO:Rank 0]  My subdomain ids       : [ 0 , 3 ]
[INFO:Rank 0]  Subdomain: 0
[INFO:Rank 0]      num_neurons: 1250
[INFO:Rank 0]      index_1d   : 0
[INFO:Rank 0]      index_3d   : ( 0 , 0 , 0 )
[INFO:Rank 0]      xyz_min    : ( 0 , 0 , 0 )
[INFO:Rank 0]      xyz_max    : ( 282.75 , 282.75 , 282.75 )

[INFO:Rank 0]  Subdomain: 1
[INFO:Rank 0]      num_neurons: 1250
[INFO:Rank 0]      index_1d   : 1
[INFO:Rank 0]      index_3d   : ( 1 , 0 , 0 )
[INFO:Rank 0]      xyz_min    : ( 282.75 , 0 , 0 )
[INFO:Rank 0]      xyz_max    : ( 565.5 , 282.75 , 282.75 )

[INFO:Rank 0]  Subdomain: 2
[INFO:Rank 0]      num_neurons: 1250
[INFO:Rank 0]      index_1d   : 2
[INFO:Rank 0]      index_3d   : ( 0 , 1 , 0 )
[INFO:Rank 0]      xyz_min    : ( 0 , 282.75 , 0 )
[INFO:Rank 0]      xyz_max    : ( 282.75 , 565.5 , 282.75 )

[INFO:Rank 0]  Subdomain: 3
[INFO:Rank 0]      num_neurons: 1250
[INFO:Rank 0]      index_1d   : 3
[INFO:Rank 0]      index_3d   : ( 1 , 1 , 0 )
[INFO:Rank 0]      xyz_min    : ( 282.75 , 282.75 , 0 )
[INFO:Rank 0]      xyz_max    : ( 565.5 , 565.5 , 282.75 )

[INFO:Rank 0]  init_free_object_list: max_num_objects: 1572352  sizeof(OctreeNode): 200
[INFO:Rank 0]  Neurons created
[INFO:Rank 0]  Neurons inserted into subdomains
[INFO:Rank 0]  Subdomains inserted into global tree
[INFO:Rank 0]  Network graph created
[INFO:Rank 0]  Synaptic elements initialized 

** STATE AFTER: 1 of 1 msec ** [Fri Jul 26 16:37:36 2019]
** UPDATE CONNECTIVITY AFTER: 1 of 1 msec ** [Fri Jul 26 16:37:36 2019]

[INFO:Rank 0]  Sum (all processes) number synapses deleted: 0
[INFO:Rank 0]  Sum (all processes) number synapses created: 460689

======== TIMERS GLOBAL OVER ALL RANKS ========
                                                (    min      |     avg      |     max     ) sec.
TIMERS: main()
  main()                                       : 39.9758      | 39.9768      | 39.978      
  Initialization                               : 0.585734     | 0.587581     | 0.594732    
  Simulation loop                              : 39.3818      | 39.3889      | 39.3902     
    Update electrical activity                 : 2.6e-08      | 3.50938e-08  | 4.8e-08     
    Update #synaptic elements delta            : 2.4e-08      | 3.40781e-08  | 4.2e-08     
    Connectivity update                        : 39.3817      | 39.3889      | 39.3901     
      Update #synaptic elements + del synapses : 0            | 0            | 0           
      Update local trees                       : 0.000693438  | 0.000713048  | 0.000847953 
      Exchange branch nodes (w/ Allgather)     : 0.000126715  | 0.00740612   | 0.00878569  
      Insert branch nodes into global tree     : 2.455e-05    | 2.66795e-05  | 3.7595e-05  
      Update global tree                       : 1.1154e-05   | 1.22182e-05  | 2.3465e-05  
      Find target neurons (w/ RMA)             : 3.7775       | 17.8276      | 39.1226     
      Empty remote nodes cache                 : 0.0139676    | 0.0203017    | 0.0260642   
      Create synapses (w/ Alltoall)            : 0.234972     | 21.5325      | 35.5871     

======== RMA MEMORY ALLOCATOR RANK 0 ========
Min num objects available: 1516632

[INFO:Rank 0]  END: Fri Jul 26 16:38:15 2019

