Number ranks: 256
Partitioning based on number neurons would be: Rank 0: my_num_neurons: 5000 [start_id,end_id]: [0,4999]

[INFO:Rank 0]  START: Fri Jul 26 17:36:30 2019

** PARAMETERS **

num_neurons                  : 1280000
frac_neurons_exc             : 0.8
simulation_time              : 1
x_0                          : 0.05
tau_x                        : 5
k                            : 0.03
tau_C                        : 5000
beta                         : 0.001
C_target                     : 0.5
refrac_time                  : 4
h                            : 10
eta_A                        : 0
eta_D_ex                     : 0
eta_D_in                     : 0
nu                           : 1e-05
vacant_retract_ratio         : 0
accept_criterion (BH)        : 0.2
sigma (BH)                   : 750
naive_method (BH)            : 0
num_log_files                : 9
log_start_neuron             : 0
mpi_rma_mem_size (Byte)      : 314572800
max_num_pending_vacant_axons : 1000

[INFO:Rank 0]  Simulation box length          : 2834 (height = width = depth)
[INFO:Rank 0]  Subdomain length               : 354.25 (height = width = depth)
[INFO:Rank 0]  Total number subdomains        : 512
[INFO:Rank 0]  Number subdomains per dimension: 8
[INFO:Rank 0]  My number of neurons   : 5000
[INFO:Rank 0]  My number of subdomains: 2
[INFO:Rank 0]  My subdomain ids       : [ 0 , 1 ]
[INFO:Rank 0]  Subdomain: 0
[INFO:Rank 0]      num_neurons: 2500
[INFO:Rank 0]      index_1d   : 0
[INFO:Rank 0]      index_3d   : ( 0 , 0 , 0 )
[INFO:Rank 0]      xyz_min    : ( 0 , 0 , 0 )
[INFO:Rank 0]      xyz_max    : ( 354.25 , 354.25 , 354.25 )

[INFO:Rank 0]  Subdomain: 1
[INFO:Rank 0]      num_neurons: 2500
[INFO:Rank 0]      index_1d   : 1
[INFO:Rank 0]      index_3d   : ( 1 , 0 , 0 )
[INFO:Rank 0]      xyz_min    : ( 354.25 , 0 , 0 )
[INFO:Rank 0]      xyz_max    : ( 708.5 , 354.25 , 354.25 )

[INFO:Rank 0]  init_free_object_list: max_num_objects: 1572352  sizeof(OctreeNode): 200
[INFO:Rank 0]  Neurons created
[INFO:Rank 0]  Neurons inserted into subdomains
[INFO:Rank 0]  Subdomains inserted into global tree
[INFO:Rank 0]  Network graph created
[INFO:Rank 0]  Synaptic elements initialized 

** STATE AFTER: 1 of 1 msec ** [Fri Jul 26 17:36:31 2019]
** UPDATE CONNECTIVITY AFTER: 1 of 1 msec ** [Fri Jul 26 17:36:31 2019]

[INFO:Rank 0]  Sum (all processes) number synapses deleted: 0
[INFO:Rank 0]  Sum (all processes) number synapses created: 926732

======== TIMERS GLOBAL OVER ALL RANKS ========
                                                (    min      |     avg      |     max     ) sec.
TIMERS: main()
  main()                                       : 157.218      | 157.22       | 157.222     
  Initialization                               : 0.954361     | 0.957748     | 0.965302    
  Simulation loop                              : 156.254      | 156.262      | 156.264     
    Update electrical activity                 : 2.5e-08      | 3.49492e-08  | 4.9e-08     
    Update #synaptic elements delta            : 2.4e-08      | 3.40195e-08  | 4.4e-08     
    Connectivity update                        : 156.254      | 156.262      | 156.264     
      Update #synaptic elements + del synapses : 0            | 0            | 0           
      Update local trees                       : 0.000694124  | 0.000726075  | 0.00131355  
      Exchange branch nodes (w/ Allgather)     : 0.000127833  | 0.00781543   | 0.00946534  
      Insert branch nodes into global tree     : 2.5275e-05   | 3.21017e-05  | 5.6058e-05  
      Update global tree                       : 1.1189e-05   | 1.24778e-05  | 2.602e-05   
      Find target neurons (w/ RMA)             : 10.7962      | 66.5406      | 155.782     
      Empty remote nodes cache                 : 0.0153991    | 0.0260371    | 0.04093     
      Create synapses (w/ Alltoall)            : 0.439175     | 89.6863      | 145.441     

======== RMA MEMORY ALLOCATOR RANK 0 ========
Min num objects available: 1512127

[INFO:Rank 0]  END: Fri Jul 26 17:39:07 2019

Number ranks: 256
Partitioning based on number neurons would be: Rank 0: my_num_neurons: 5000 [start_id,end_id]: [0,4999]

[INFO:Rank 0]  START: Fri Jul 26 17:39:09 2019

** PARAMETERS **

num_neurons                  : 1280000
frac_neurons_exc             : 0.8
simulation_time              : 1
x_0                          : 0.05
tau_x                        : 5
k                            : 0.03
tau_C                        : 5000
beta                         : 0.001
C_target                     : 0.5
refrac_time                  : 4
h                            : 10
eta_A                        : 0
eta_D_ex                     : 0
eta_D_in                     : 0
nu                           : 1e-05
vacant_retract_ratio         : 0
accept_criterion (BH)        : 0.2
sigma (BH)                   : 750
naive_method (BH)            : 0
num_log_files                : 9
log_start_neuron             : 0
mpi_rma_mem_size (Byte)      : 314572800
max_num_pending_vacant_axons : 1000

[INFO:Rank 0]  Simulation box length          : 2834 (height = width = depth)
[INFO:Rank 0]  Subdomain length               : 354.25 (height = width = depth)
[INFO:Rank 0]  Total number subdomains        : 512
[INFO:Rank 0]  Number subdomains per dimension: 8
[INFO:Rank 0]  My number of neurons   : 5000
[INFO:Rank 0]  My number of subdomains: 2
[INFO:Rank 0]  My subdomain ids       : [ 0 , 1 ]
[INFO:Rank 0]  Subdomain: 0
[INFO:Rank 0]      num_neurons: 2500
[INFO:Rank 0]      index_1d   : 0
[INFO:Rank 0]      index_3d   : ( 0 , 0 , 0 )
[INFO:Rank 0]      xyz_min    : ( 0 , 0 , 0 )
[INFO:Rank 0]      xyz_max    : ( 354.25 , 354.25 , 354.25 )

[INFO:Rank 0]  Subdomain: 1
[INFO:Rank 0]      num_neurons: 2500
[INFO:Rank 0]      index_1d   : 1
[INFO:Rank 0]      index_3d   : ( 1 , 0 , 0 )
[INFO:Rank 0]      xyz_min    : ( 354.25 , 0 , 0 )
[INFO:Rank 0]      xyz_max    : ( 708.5 , 354.25 , 354.25 )

[INFO:Rank 0]  init_free_object_list: max_num_objects: 1572352  sizeof(OctreeNode): 200
[INFO:Rank 0]  Neurons created
[INFO:Rank 0]  Neurons inserted into subdomains
[INFO:Rank 0]  Subdomains inserted into global tree
[INFO:Rank 0]  Network graph created
[INFO:Rank 0]  Synaptic elements initialized 

** STATE AFTER: 1 of 1 msec ** [Fri Jul 26 17:39:10 2019]
** UPDATE CONNECTIVITY AFTER: 1 of 1 msec ** [Fri Jul 26 17:39:10 2019]

[INFO:Rank 0]  Sum (all processes) number synapses deleted: 0
[INFO:Rank 0]  Sum (all processes) number synapses created: 926732

======== TIMERS GLOBAL OVER ALL RANKS ========
                                                (    min      |     avg      |     max     ) sec.
TIMERS: main()
  main()                                       : 157.32       | 157.324      | 157.326     
  Initialization                               : 0.937914     | 0.943406     | 0.95125     
  Simulation loop                              : 156.372      | 156.38       | 156.381     
    Update electrical activity                 : 2.5e-08      | 3.55547e-08  | 6.4e-08     
    Update #synaptic elements delta            : 2.5e-08      | 3.40078e-08  | 4e-08       
    Connectivity update                        : 156.372      | 156.38       | 156.381     
      Update #synaptic elements + del synapses : 0            | 0            | 0           
      Update local trees                       : 0.000693023  | 0.000725717  | 0.000873801 
      Exchange branch nodes (w/ Allgather)     : 0.000103423  | 0.00733435   | 0.00862731  
      Insert branch nodes into global tree     : 2.4509e-05   | 3.16701e-05  | 0.000656523 
      Update global tree                       : 1.1074e-05   | 1.24659e-05  | 4.1706e-05  
      Find target neurons (w/ RMA)             : 10.8325      | 66.6054      | 155.901     
      Empty remote nodes cache                 : 0.0153171    | 0.0260197    | 0.0407561   
      Create synapses (w/ Alltoall)            : 0.437804     | 89.7389      | 145.522     

======== RMA MEMORY ALLOCATOR RANK 0 ========
Min num objects available: 1512127

[INFO:Rank 0]  END: Fri Jul 26 17:41:46 2019

