Number ranks: 256
Partitioning based on number neurons would be: Rank 0: my_num_neurons: 5000 [start_id,end_id]: [0,4999]

[INFO:Rank 0]  START: Fri Jul 26 17:47:00 2019

** PARAMETERS **

num_neurons                  : 1280000
frac_neurons_exc             : 0.8
simulation_time              : 1
x_0                          : 0.05
tau_x                        : 5
k                            : 0.03
tau_C                        : 5000
beta                         : 0.001
C_target                     : 0.5
refrac_time                  : 4
h                            : 10
eta_A                        : 0
eta_D_ex                     : 0
eta_D_in                     : 0
nu                           : 1e-05
vacant_retract_ratio         : 0
accept_criterion (BH)        : 0.5
sigma (BH)                   : 750
naive_method (BH)            : 0
num_log_files                : 9
log_start_neuron             : 0
mpi_rma_mem_size (Byte)      : 314572800
max_num_pending_vacant_axons : 1000

[INFO:Rank 0]  Simulation box length          : 2834 (height = width = depth)
[INFO:Rank 0]  Subdomain length               : 354.25 (height = width = depth)
[INFO:Rank 0]  Total number subdomains        : 512
[INFO:Rank 0]  Number subdomains per dimension: 8
[INFO:Rank 0]  My number of neurons   : 5000
[INFO:Rank 0]  My number of subdomains: 2
[INFO:Rank 0]  My subdomain ids       : [ 0 , 1 ]
[INFO:Rank 0]  Subdomain: 0
[INFO:Rank 0]      num_neurons: 2500
[INFO:Rank 0]      index_1d   : 0
[INFO:Rank 0]      index_3d   : ( 0 , 0 , 0 )
[INFO:Rank 0]      xyz_min    : ( 0 , 0 , 0 )
[INFO:Rank 0]      xyz_max    : ( 354.25 , 354.25 , 354.25 )

[INFO:Rank 0]  Subdomain: 1
[INFO:Rank 0]      num_neurons: 2500
[INFO:Rank 0]      index_1d   : 1
[INFO:Rank 0]      index_3d   : ( 1 , 0 , 0 )
[INFO:Rank 0]      xyz_min    : ( 354.25 , 0 , 0 )
[INFO:Rank 0]      xyz_max    : ( 708.5 , 354.25 , 354.25 )

[INFO:Rank 0]  init_free_object_list: max_num_objects: 1572352  sizeof(OctreeNode): 200
[INFO:Rank 0]  Neurons created
[INFO:Rank 0]  Neurons inserted into subdomains
[INFO:Rank 0]  Subdomains inserted into global tree
[INFO:Rank 0]  Network graph created
[INFO:Rank 0]  Synaptic elements initialized 

** STATE AFTER: 1 of 1 msec ** [Fri Jul 26 17:47:01 2019]
** UPDATE CONNECTIVITY AFTER: 1 of 1 msec ** [Fri Jul 26 17:47:01 2019]

[INFO:Rank 0]  Sum (all processes) number synapses deleted: 0
[INFO:Rank 0]  Sum (all processes) number synapses created: 918484

======== TIMERS GLOBAL OVER ALL RANKS ========
                                                (    min      |     avg      |     max     ) sec.
TIMERS: main()
  main()                                       : 12.1666      | 12.1676      | 12.169      
  Initialization                               : 0.945889     | 0.947516     | 0.956067    
  Simulation loop                              : 11.211       | 11.2194      | 11.2208     
    Update electrical activity                 : 2.8e-08      | 3.51055e-08  | 4.6e-08     
    Update #synaptic elements delta            : 2.7e-08      | 3.40273e-08  | 4.8e-08     
    Connectivity update                        : 11.2109      | 11.2193      | 11.2207     
      Update #synaptic elements + del synapses : 0            | 0            | 0           
      Update local trees                       : 0.000694743  | 0.000778298  | 0.0017162   
      Exchange branch nodes (w/ Allgather)     : 0.000216508  | 0.00862887   | 0.00995876  
      Insert branch nodes into global tree     : 2.4626e-05   | 4.39968e-05  | 7.2225e-05  
      Update global tree                       : 1.1203e-05   | 1.43548e-05  | 2.5762e-05  
      Find target neurons (w/ RMA)             : 1.1681       | 5.97353      | 10.763      
      Empty remote nodes cache                 : 0.0138762    | 0.0205556    | 0.0253124   
      Create synapses (w/ Alltoall)            : 0.42242      | 5.21513      | 10.0269     

======== RMA MEMORY ALLOCATOR RANK 0 ========
Min num objects available: 1519628

[INFO:Rank 0]  END: Fri Jul 26 17:47:12 2019

Number ranks: 256
Partitioning based on number neurons would be: Rank 0: my_num_neurons: 5000 [start_id,end_id]: [0,4999]

[INFO:Rank 0]  START: Fri Jul 26 17:47:14 2019

** PARAMETERS **

num_neurons                  : 1280000
frac_neurons_exc             : 0.8
simulation_time              : 1
x_0                          : 0.05
tau_x                        : 5
k                            : 0.03
tau_C                        : 5000
beta                         : 0.001
C_target                     : 0.5
refrac_time                  : 4
h                            : 10
eta_A                        : 0
eta_D_ex                     : 0
eta_D_in                     : 0
nu                           : 1e-05
vacant_retract_ratio         : 0
accept_criterion (BH)        : 0.5
sigma (BH)                   : 750
naive_method (BH)            : 0
num_log_files                : 9
log_start_neuron             : 0
mpi_rma_mem_size (Byte)      : 314572800
max_num_pending_vacant_axons : 1000

[INFO:Rank 0]  Simulation box length          : 2834 (height = width = depth)
[INFO:Rank 0]  Subdomain length               : 354.25 (height = width = depth)
[INFO:Rank 0]  Total number subdomains        : 512
[INFO:Rank 0]  Number subdomains per dimension: 8
[INFO:Rank 0]  My number of neurons   : 5000
[INFO:Rank 0]  My number of subdomains: 2
[INFO:Rank 0]  My subdomain ids       : [ 0 , 1 ]
[INFO:Rank 0]  Subdomain: 0
[INFO:Rank 0]      num_neurons: 2500
[INFO:Rank 0]      index_1d   : 0
[INFO:Rank 0]      index_3d   : ( 0 , 0 , 0 )
[INFO:Rank 0]      xyz_min    : ( 0 , 0 , 0 )
[INFO:Rank 0]      xyz_max    : ( 354.25 , 354.25 , 354.25 )

[INFO:Rank 0]  Subdomain: 1
[INFO:Rank 0]      num_neurons: 2500
[INFO:Rank 0]      index_1d   : 1
[INFO:Rank 0]      index_3d   : ( 1 , 0 , 0 )
[INFO:Rank 0]      xyz_min    : ( 354.25 , 0 , 0 )
[INFO:Rank 0]      xyz_max    : ( 708.5 , 354.25 , 354.25 )

[INFO:Rank 0]  init_free_object_list: max_num_objects: 1572352  sizeof(OctreeNode): 200
[INFO:Rank 0]  Neurons created
[INFO:Rank 0]  Neurons inserted into subdomains
[INFO:Rank 0]  Subdomains inserted into global tree
[INFO:Rank 0]  Network graph created
[INFO:Rank 0]  Synaptic elements initialized 

** STATE AFTER: 1 of 1 msec ** [Fri Jul 26 17:47:15 2019]
** UPDATE CONNECTIVITY AFTER: 1 of 1 msec ** [Fri Jul 26 17:47:15 2019]

[INFO:Rank 0]  Sum (all processes) number synapses deleted: 0
[INFO:Rank 0]  Sum (all processes) number synapses created: 918484

======== TIMERS GLOBAL OVER ALL RANKS ========
                                                (    min      |     avg      |     max     ) sec.
TIMERS: main()
  main()                                       : 12.0806      | 12.0832      | 12.0845     
  Initialization                               : 0.953394     | 0.956257     | 0.963434    
  Simulation loop                              : 11.1186      | 11.1259      | 11.1275     
    Update electrical activity                 : 2.6e-08      | 3.54922e-08  | 5.8e-08     
    Update #synaptic elements delta            : 2.5e-08      | 3.41328e-08  | 4.4e-08     
    Connectivity update                        : 11.1186      | 11.1258      | 11.1274     
      Update #synaptic elements + del synapses : 0            | 0            | 0           
      Update local trees                       : 0.000694594  | 0.000770685  | 0.00173473  
      Exchange branch nodes (w/ Allgather)     : 0.000190114  | 0.0078467    | 0.00950656  
      Insert branch nodes into global tree     : 2.4748e-05   | 4.3118e-05   | 7.9832e-05  
      Update global tree                       : 1.1251e-05   | 1.42438e-05  | 2.4719e-05  
      Find target neurons (w/ RMA)             : 1.15925      | 5.97086      | 10.6615     
      Empty remote nodes cache                 : 0.0141177    | 0.0204951    | 0.0278829   
      Create synapses (w/ Alltoall)            : 0.428943     | 5.12492      | 9.9419      

======== RMA MEMORY ALLOCATOR RANK 0 ========
Min num objects available: 1519628

[INFO:Rank 0]  END: Fri Jul 26 17:47:26 2019

