Number ranks: 32
Partitioning based on number neurons would be: Rank 0: my_num_neurons: 9000 [start_id,end_id]: [0,8999]

[INFO:Rank 0]  START: Fri Jul 26 15:40:01 2019

** PARAMETERS **

num_neurons                  : 288000
frac_neurons_exc             : 0.8
simulation_time              : 1
x_0                          : 0.05
tau_x                        : 5
k                            : 0.03
tau_C                        : 5000
beta                         : 0.001
C_target                     : 0.5
refrac_time                  : 4
h                            : 10
eta_A                        : 0
eta_D_ex                     : 0
eta_D_in                     : 0
nu                           : 1e-05
vacant_retract_ratio         : 0
accept_criterion (BH)        : 0.3
sigma (BH)                   : 750
naive_method (BH)            : 0
num_log_files                : 9
log_start_neuron             : 0
mpi_rma_mem_size (Byte)      : 314572800
max_num_pending_vacant_axons : 1000

[INFO:Rank 0]  Simulation box length          : 1742 (height = width = depth)
[INFO:Rank 0]  Subdomain length               : 435.5 (height = width = depth)
[INFO:Rank 0]  Total number subdomains        : 64
[INFO:Rank 0]  Number subdomains per dimension: 4
[INFO:Rank 0]  My number of neurons   : 9000
[INFO:Rank 0]  My number of subdomains: 2
[INFO:Rank 0]  My subdomain ids       : [ 0 , 1 ]
[INFO:Rank 0]  Subdomain: 0
[INFO:Rank 0]      num_neurons: 4500
[INFO:Rank 0]      index_1d   : 0
[INFO:Rank 0]      index_3d   : ( 0 , 0 , 0 )
[INFO:Rank 0]      xyz_min    : ( 0 , 0 , 0 )
[INFO:Rank 0]      xyz_max    : ( 435.5 , 435.5 , 435.5 )

[INFO:Rank 0]  Subdomain: 1
[INFO:Rank 0]      num_neurons: 4500
[INFO:Rank 0]      index_1d   : 1
[INFO:Rank 0]      index_3d   : ( 1 , 0 , 0 )
[INFO:Rank 0]      xyz_min    : ( 435.5 , 0 , 0 )
[INFO:Rank 0]      xyz_max    : ( 871 , 435.5 , 435.5 )

[INFO:Rank 0]  init_free_object_list: max_num_objects: 1572800  sizeof(OctreeNode): 200
[INFO:Rank 0]  Neurons created
[INFO:Rank 0]  Neurons inserted into subdomains
[INFO:Rank 0]  Subdomains inserted into global tree
[INFO:Rank 0]  Network graph created
[INFO:Rank 0]  Synaptic elements initialized 

** STATE AFTER: 1 of 1 msec ** [Fri Jul 26 15:40:01 2019]
** UPDATE CONNECTIVITY AFTER: 1 of 1 msec ** [Fri Jul 26 15:40:01 2019]

[INFO:Rank 0]  Sum (all processes) number synapses deleted: 0
[INFO:Rank 0]  Sum (all processes) number synapses created: 207203

======== TIMERS GLOBAL OVER ALL RANKS ========
                                                (    min      |     avg      |     max     ) sec.
TIMERS: main()
  main()                                       : 40.838       | 40.8396      | 40.841      
  Initialization                               : 0.309765     | 0.311742     | 0.315086    
  Simulation loop                              : 40.5249      | 40.5274      | 40.5283     
    Update electrical activity                 : 2.7e-08      | 3.42188e-08  | 4e-08       
    Update #synaptic elements delta            : 2.6e-08      | 3.35938e-08  | 3.7e-08     
    Connectivity update                        : 40.5248      | 40.5273      | 40.5282     
      Update #synaptic elements + del synapses : 0            | 0            | 0           
      Update local trees                       : 0.00125888   | 0.00129524   | 0.00142914  
      Exchange branch nodes (w/ Allgather)     : 2.6008e-05   | 0.00263532   | 0.00354959  
      Insert branch nodes into global tree     : 3.562e-06    | 3.86956e-06  | 4.428e-06   
      Update global tree                       : 1.92e-06     | 2.15231e-06  | 2.753e-06   
      Find target neurons (w/ RMA)             : 7.27885      | 20.2567      | 40.4301     
      Empty remote nodes cache                 : 0.02198      | 0.0274143    | 0.0318041   
      Create synapses (w/ Alltoall)            : 0.0622023    | 20.2391      | 33.2206     

======== RMA MEMORY ALLOCATOR RANK 0 ========
Min num objects available: 1492798

[INFO:Rank 0]  END: Fri Jul 26 15:40:42 2019

Number ranks: 32
Partitioning based on number neurons would be: Rank 0: my_num_neurons: 9000 [start_id,end_id]: [0,8999]

[INFO:Rank 0]  START: Fri Jul 26 15:40:44 2019

** PARAMETERS **

num_neurons                  : 288000
frac_neurons_exc             : 0.8
simulation_time              : 1
x_0                          : 0.05
tau_x                        : 5
k                            : 0.03
tau_C                        : 5000
beta                         : 0.001
C_target                     : 0.5
refrac_time                  : 4
h                            : 10
eta_A                        : 0
eta_D_ex                     : 0
eta_D_in                     : 0
nu                           : 1e-05
vacant_retract_ratio         : 0
accept_criterion (BH)        : 0.3
sigma (BH)                   : 750
naive_method (BH)            : 0
num_log_files                : 9
log_start_neuron             : 0
mpi_rma_mem_size (Byte)      : 314572800
max_num_pending_vacant_axons : 1000

[INFO:Rank 0]  Simulation box length          : 1742 (height = width = depth)
[INFO:Rank 0]  Subdomain length               : 435.5 (height = width = depth)
[INFO:Rank 0]  Total number subdomains        : 64
[INFO:Rank 0]  Number subdomains per dimension: 4
[INFO:Rank 0]  My number of neurons   : 9000
[INFO:Rank 0]  My number of subdomains: 2
[INFO:Rank 0]  My subdomain ids       : [ 0 , 1 ]
[INFO:Rank 0]  Subdomain: 0
[INFO:Rank 0]      num_neurons: 4500
[INFO:Rank 0]      index_1d   : 0
[INFO:Rank 0]      index_3d   : ( 0 , 0 , 0 )
[INFO:Rank 0]      xyz_min    : ( 0 , 0 , 0 )
[INFO:Rank 0]      xyz_max    : ( 435.5 , 435.5 , 435.5 )

[INFO:Rank 0]  Subdomain: 1
[INFO:Rank 0]      num_neurons: 4500
[INFO:Rank 0]      index_1d   : 1
[INFO:Rank 0]      index_3d   : ( 1 , 0 , 0 )
[INFO:Rank 0]      xyz_min    : ( 435.5 , 0 , 0 )
[INFO:Rank 0]      xyz_max    : ( 871 , 435.5 , 435.5 )

[INFO:Rank 0]  init_free_object_list: max_num_objects: 1572800  sizeof(OctreeNode): 200
[INFO:Rank 0]  Neurons created
[INFO:Rank 0]  Neurons inserted into subdomains
[INFO:Rank 0]  Subdomains inserted into global tree
[INFO:Rank 0]  Network graph created
[INFO:Rank 0]  Synaptic elements initialized 

** STATE AFTER: 1 of 1 msec ** [Fri Jul 26 15:40:45 2019]
** UPDATE CONNECTIVITY AFTER: 1 of 1 msec ** [Fri Jul 26 15:40:45 2019]

[INFO:Rank 0]  Sum (all processes) number synapses deleted: 0
[INFO:Rank 0]  Sum (all processes) number synapses created: 207203

======== TIMERS GLOBAL OVER ALL RANKS ========
                                                (    min      |     avg      |     max     ) sec.
TIMERS: main()
  main()                                       : 41.6583      | 41.661       | 41.6629     
  Initialization                               : 0.296769     | 0.299313     | 0.303024    
  Simulation loop                              : 41.3591      | 41.3613      | 41.3619     
    Update electrical activity                 : 2.7e-08      | 3.49375e-08  | 4.4e-08     
    Update #synaptic elements delta            : 2.7e-08      | 3.3625e-08   | 3.7e-08     
    Connectivity update                        : 41.359       | 41.3612      | 41.3618     
      Update #synaptic elements + del synapses : 0            | 0            | 0           
      Update local trees                       : 0.00125214   | 0.00129894   | 0.00157145  
      Exchange branch nodes (w/ Allgather)     : 3.3371e-05   | 0.00219852   | 0.00291007  
      Insert branch nodes into global tree     : 3.586e-06    | 3.91322e-06  | 4.504e-06   
      Update global tree                       : 1.969e-06    | 2.24303e-06  | 2.717e-06   
      Find target neurons (w/ RMA)             : 7.22536      | 20.3091      | 41.2687     
      Empty remote nodes cache                 : 0.0219134    | 0.0273242    | 0.0322659   
      Create synapses (w/ Alltoall)            : 0.0577635    | 21.0212      | 34.1087     

======== RMA MEMORY ALLOCATOR RANK 0 ========
Min num objects available: 1492798

[INFO:Rank 0]  END: Fri Jul 26 15:41:26 2019

